[0.031s] Invoking command in '/home/robotica-dev/robotica_ws/build/topics_services': CMAKE_PREFIX_PATH=${CMAKE_PREFIX_PATH}:/home/robotica-dev/robotica_ws/install/ros_control:/opt/ros/humble /usr/bin/cmake --build /home/robotica-dev/robotica_ws/build/topics_services -- -j4 -l4
[0.113s] [35m[1mConsolidate compiler generated dependencies of target topics_services__rosidl_generator_c[0m
[0.132s] [  0%] Built target ament_cmake_python_symlink_topics_services
[0.137s] [ 10%] Built target topics_services__rosidl_generator_c
[0.152s] [35m[1mConsolidate compiler generated dependencies of target topics_services__rosidl_typesupport_fastrtps_c[0m
[0.185s] [ 12%] Built target topics_services__cpp
[0.185s] [ 23%] Built target topics_services__rosidl_typesupport_fastrtps_c
[0.187s] [35m[1mConsolidate compiler generated dependencies of target topics_services__rosidl_typesupport_c[0m
[0.198s] [35m[1mConsolidate compiler generated dependencies of target topics_services__rosidl_typesupport_introspection_c[0m
[0.210s] [ 34%] Built target topics_services__rosidl_typesupport_c
[0.218s] [ 44%] Built target topics_services__rosidl_typesupport_introspection_c
[0.219s] [35m[1mConsolidate compiler generated dependencies of target topics_services__rosidl_typesupport_introspection_cpp[0m
[0.235s] [35m[1mConsolidate compiler generated dependencies of target topics_services__rosidl_typesupport_fastrtps_cpp[0m
[0.237s] [35m[1mConsolidate compiler generated dependencies of target topics_services__rosidl_typesupport_cpp[0m
[0.238s] [ 55%] Built target topics_services__rosidl_typesupport_introspection_cpp
[0.260s] [ 65%] Built target topics_services__rosidl_typesupport_fastrtps_cpp
[0.265s] [ 76%] Built target topics_services__rosidl_typesupport_cpp
[0.314s] [ 76%] Built target topics_services
[0.367s] [ 78%] Built target topics_services__py
[0.430s] [35m[1mConsolidate compiler generated dependencies of target topics_services__rosidl_generator_py[0m
[0.430s] [ 87%] Built target topics_services__rosidl_generator_py
[0.443s] [35m[1mConsolidate compiler generated dependencies of target topics_services__rosidl_typesupport_fastrtps_c__pyext[0m
[0.457s] [ 91%] Built target topics_services__rosidl_typesupport_fastrtps_c__pyext
[0.459s] [35m[1mConsolidate compiler generated dependencies of target topics_services__rosidl_typesupport_introspection_c__pyext[0m
[0.479s] [ 95%] Built target topics_services__rosidl_typesupport_introspection_c__pyext
[0.486s] running egg_info
[0.486s] writing topics_services.egg-info/PKG-INFO
[0.486s] writing dependency_links to topics_services.egg-info/dependency_links.txt
[0.487s] writing top-level names to topics_services.egg-info/top_level.txt
[0.489s] reading manifest file 'topics_services.egg-info/SOURCES.txt'
[0.500s] writing manifest file 'topics_services.egg-info/SOURCES.txt'
[0.504s] [35m[1mConsolidate compiler generated dependencies of target topics_services__rosidl_typesupport_c__pyext[0m
[0.529s] [100%] Built target topics_services__rosidl_typesupport_c__pyext
[0.555s] [100%] Built target ament_cmake_python_build_topics_services_egg
[0.572s] Invoked command in '/home/robotica-dev/robotica_ws/build/topics_services' returned '0': CMAKE_PREFIX_PATH=${CMAKE_PREFIX_PATH}:/home/robotica-dev/robotica_ws/install/ros_control:/opt/ros/humble /usr/bin/cmake --build /home/robotica-dev/robotica_ws/build/topics_services -- -j4 -l4
[0.786s] Invoking command in '/home/robotica-dev/robotica_ws/build/topics_services': CMAKE_PREFIX_PATH=${CMAKE_PREFIX_PATH}:/home/robotica-dev/robotica_ws/install/ros_control:/opt/ros/humble /usr/bin/cmake --install /home/robotica-dev/robotica_ws/build/topics_services
[0.803s] -- Install configuration: ""
[0.803s] -- Execute custom install script
[0.804s] -- Up-to-date symlink: /home/robotica-dev/robotica_ws/install/topics_services/share/ament_index/resource_index/rosidl_interfaces/topics_services
[0.804s] -- Up-to-date symlink: /home/robotica-dev/robotica_ws/install/topics_services/include/topics_services/topics_services/msg/detail/random_data__functions.h
[0.805s] -- Up-to-date symlink: /home/robotica-dev/robotica_ws/install/topics_services/include/topics_services/topics_services/msg/detail/random_data__struct.h
[0.805s] -- Up-to-date symlink: /home/robotica-dev/robotica_ws/install/topics_services/include/topics_services/topics_services/msg/detail/random_data__type_support.h
[0.805s] -- Up-to-date symlink: /home/robotica-dev/robotica_ws/install/topics_services/include/topics_services/topics_services/msg/detail/servo_data__functions.h
[0.806s] -- Up-to-date symlink: /home/robotica-dev/robotica_ws/install/topics_services/include/topics_services/topics_services/msg/detail/servo_data__struct.h
[0.806s] -- Up-to-date symlink: /home/robotica-dev/robotica_ws/install/topics_services/include/topics_services/topics_services/msg/detail/servo_data__type_support.h
[0.806s] -- Up-to-date symlink: /home/robotica-dev/robotica_ws/install/topics_services/include/topics_services/topics_services/msg/detail/telemetric__functions.h
[0.806s] -- Up-to-date symlink: /home/robotica-dev/robotica_ws/install/topics_services/include/topics_services/topics_services/msg/detail/telemetric__struct.h
[0.807s] -- Up-to-date symlink: /home/robotica-dev/robotica_ws/install/topics_services/include/topics_services/topics_services/msg/detail/telemetric__type_support.h
[0.807s] -- Up-to-date symlink: /home/robotica-dev/robotica_ws/install/topics_services/include/topics_services/topics_services/msg/random_data.h
[0.807s] -- Up-to-date symlink: /home/robotica-dev/robotica_ws/install/topics_services/include/topics_services/topics_services/msg/rosidl_generator_c__visibility_control.h
[0.807s] -- Up-to-date symlink: /home/robotica-dev/robotica_ws/install/topics_services/include/topics_services/topics_services/msg/servo_data.h
[0.808s] -- Up-to-date symlink: /home/robotica-dev/robotica_ws/install/topics_services/include/topics_services/topics_services/msg/telemetric.h
[0.808s] -- Up-to-date symlink: /home/robotica-dev/robotica_ws/install/topics_services/share/topics_services/environment/library_path.sh
[0.808s] -- Up-to-date symlink: /home/robotica-dev/robotica_ws/install/topics_services/share/topics_services/environment/library_path.dsv
[0.809s] -- Up-to-date symlink: /home/robotica-dev/robotica_ws/install/topics_services/include/topics_services/topics_services/msg/detail/random_data__rosidl_typesupport_fastrtps_c.h
[0.809s] -- Up-to-date symlink: /home/robotica-dev/robotica_ws/install/topics_services/include/topics_services/topics_services/msg/detail/servo_data__rosidl_typesupport_fastrtps_c.h
[0.810s] -- Up-to-date symlink: /home/robotica-dev/robotica_ws/install/topics_services/include/topics_services/topics_services/msg/detail/telemetric__rosidl_typesupport_fastrtps_c.h
[0.810s] -- Up-to-date symlink: /home/robotica-dev/robotica_ws/install/topics_services/include/topics_services/topics_services/msg/rosidl_typesupport_fastrtps_c__visibility_control.h
[0.811s] -- Up-to-date symlink: /home/robotica-dev/robotica_ws/install/topics_services/include/topics_services/topics_services/msg/detail/random_data__builder.hpp
[0.811s] -- Up-to-date symlink: /home/robotica-dev/robotica_ws/install/topics_services/include/topics_services/topics_services/msg/detail/random_data__struct.hpp
[0.811s] -- Up-to-date symlink: /home/robotica-dev/robotica_ws/install/topics_services/include/topics_services/topics_services/msg/detail/random_data__traits.hpp
[0.812s] -- Up-to-date symlink: /home/robotica-dev/robotica_ws/install/topics_services/include/topics_services/topics_services/msg/detail/servo_data__builder.hpp
[0.813s] -- Up-to-date symlink: /home/robotica-dev/robotica_ws/install/topics_services/include/topics_services/topics_services/msg/detail/servo_data__struct.hpp
[0.813s] -- Up-to-date symlink: /home/robotica-dev/robotica_ws/install/topics_services/include/topics_services/topics_services/msg/detail/servo_data__traits.hpp
[0.813s] -- Up-to-date symlink: /home/robotica-dev/robotica_ws/install/topics_services/include/topics_services/topics_services/msg/detail/telemetric__builder.hpp
[0.813s] -- Up-to-date symlink: /home/robotica-dev/robotica_ws/install/topics_services/include/topics_services/topics_services/msg/detail/telemetric__struct.hpp
[0.813s] -- Up-to-date symlink: /home/robotica-dev/robotica_ws/install/topics_services/include/topics_services/topics_services/msg/detail/telemetric__traits.hpp
[0.813s] -- Up-to-date symlink: /home/robotica-dev/robotica_ws/install/topics_services/include/topics_services/topics_services/msg/random_data.hpp
[0.813s] -- Up-to-date symlink: /home/robotica-dev/robotica_ws/install/topics_services/include/topics_services/topics_services/msg/servo_data.hpp
[0.813s] -- Up-to-date symlink: /home/robotica-dev/robotica_ws/install/topics_services/include/topics_services/topics_services/msg/telemetric.hpp
[0.814s] -- Up-to-date symlink: /home/robotica-dev/robotica_ws/install/topics_services/include/topics_services/topics_services/msg/detail/random_data__rosidl_typesupport_fastrtps_cpp.hpp
[0.814s] -- Up-to-date symlink: /home/robotica-dev/robotica_ws/install/topics_services/include/topics_services/topics_services/msg/detail/servo_data__rosidl_typesupport_fastrtps_cpp.hpp
[0.814s] -- Up-to-date symlink: /home/robotica-dev/robotica_ws/install/topics_services/include/topics_services/topics_services/msg/detail/telemetric__rosidl_typesupport_fastrtps_cpp.hpp
[0.815s] -- Up-to-date symlink: /home/robotica-dev/robotica_ws/install/topics_services/include/topics_services/topics_services/msg/rosidl_typesupport_fastrtps_cpp__visibility_control.h
[0.815s] -- Up-to-date symlink: /home/robotica-dev/robotica_ws/install/topics_services/include/topics_services/topics_services/msg/detail/random_data__rosidl_typesupport_introspection_c.h
[0.815s] -- Up-to-date symlink: /home/robotica-dev/robotica_ws/install/topics_services/include/topics_services/topics_services/msg/detail/servo_data__rosidl_typesupport_introspection_c.h
[0.816s] -- Up-to-date symlink: /home/robotica-dev/robotica_ws/install/topics_services/include/topics_services/topics_services/msg/detail/telemetric__rosidl_typesupport_introspection_c.h
[0.816s] -- Up-to-date symlink: /home/robotica-dev/robotica_ws/install/topics_services/include/topics_services/topics_services/msg/rosidl_typesupport_introspection_c__visibility_control.h
[0.816s] -- Up-to-date symlink: /home/robotica-dev/robotica_ws/install/topics_services/include/topics_services/topics_services/msg/detail/random_data__rosidl_typesupport_introspection_cpp.hpp
[0.817s] -- Up-to-date symlink: /home/robotica-dev/robotica_ws/install/topics_services/include/topics_services/topics_services/msg/detail/servo_data__rosidl_typesupport_introspection_cpp.hpp
[0.817s] -- Up-to-date symlink: /home/robotica-dev/robotica_ws/install/topics_services/include/topics_services/topics_services/msg/detail/telemetric__rosidl_typesupport_introspection_cpp.hpp
[0.817s] -- Up-to-date symlink: /home/robotica-dev/robotica_ws/install/topics_services/share/topics_services/environment/pythonpath.sh
[0.818s] -- Up-to-date symlink: /home/robotica-dev/robotica_ws/install/topics_services/share/topics_services/environment/pythonpath.dsv
[0.818s] -- Up-to-date symlink: /home/robotica-dev/robotica_ws/install/topics_services/local/lib/python3.10/dist-packages/topics_services-0.0.0-py3.10.egg-info/PKG-INFO
[0.818s] -- Up-to-date symlink: /home/robotica-dev/robotica_ws/install/topics_services/local/lib/python3.10/dist-packages/topics_services-0.0.0-py3.10.egg-info/SOURCES.txt
[0.819s] -- Up-to-date symlink: /home/robotica-dev/robotica_ws/install/topics_services/local/lib/python3.10/dist-packages/topics_services-0.0.0-py3.10.egg-info/dependency_links.txt
[0.819s] -- Up-to-date symlink: /home/robotica-dev/robotica_ws/install/topics_services/local/lib/python3.10/dist-packages/topics_services-0.0.0-py3.10.egg-info/top_level.txt
[0.820s] -- Up-to-date symlink: /home/robotica-dev/robotica_ws/install/topics_services/local/lib/python3.10/dist-packages/topics_services/__init__.py
[0.820s] -- Up-to-date symlink: /home/robotica-dev/robotica_ws/install/topics_services/local/lib/python3.10/dist-packages/topics_services/_topics_services_s.ep.rosidl_typesupport_c.c
[0.820s] -- Up-to-date symlink: /home/robotica-dev/robotica_ws/install/topics_services/local/lib/python3.10/dist-packages/topics_services/_topics_services_s.ep.rosidl_typesupport_fastrtps_c.c
[0.820s] -- Up-to-date symlink: /home/robotica-dev/robotica_ws/install/topics_services/local/lib/python3.10/dist-packages/topics_services/_topics_services_s.ep.rosidl_typesupport_introspection_c.c
[0.821s] -- Up-to-date symlink: /home/robotica-dev/robotica_ws/install/topics_services/local/lib/python3.10/dist-packages/topics_services/libtopics_services__rosidl_generator_py.so
[0.821s] -- Up-to-date symlink: /home/robotica-dev/robotica_ws/install/topics_services/local/lib/python3.10/dist-packages/topics_services/msg/__init__.py
[0.821s] -- Up-to-date symlink: /home/robotica-dev/robotica_ws/install/topics_services/local/lib/python3.10/dist-packages/topics_services/msg/_random_data.py
[0.821s] -- Up-to-date symlink: /home/robotica-dev/robotica_ws/install/topics_services/local/lib/python3.10/dist-packages/topics_services/msg/_random_data_s.c
[0.822s] -- Up-to-date symlink: /home/robotica-dev/robotica_ws/install/topics_services/local/lib/python3.10/dist-packages/topics_services/msg/_servo_data.py
[0.822s] -- Up-to-date symlink: /home/robotica-dev/robotica_ws/install/topics_services/local/lib/python3.10/dist-packages/topics_services/msg/_servo_data_s.c
[0.822s] -- Up-to-date symlink: /home/robotica-dev/robotica_ws/install/topics_services/local/lib/python3.10/dist-packages/topics_services/msg/_telemetric.py
[0.822s] -- Up-to-date symlink: /home/robotica-dev/robotica_ws/install/topics_services/local/lib/python3.10/dist-packages/topics_services/msg/_telemetric_s.c
[0.823s] -- Up-to-date symlink: /home/robotica-dev/robotica_ws/install/topics_services/local/lib/python3.10/dist-packages/topics_services/topics_services_s__rosidl_typesupport_c.cpython-310-x86_64-linux-gnu.so
[0.823s] -- Up-to-date symlink: /home/robotica-dev/robotica_ws/install/topics_services/local/lib/python3.10/dist-packages/topics_services/topics_services_s__rosidl_typesupport_fastrtps_c.cpython-310-x86_64-linux-gnu.so
[0.823s] -- Up-to-date symlink: /home/robotica-dev/robotica_ws/install/topics_services/local/lib/python3.10/dist-packages/topics_services/topics_services_s__rosidl_typesupport_introspection_c.cpython-310-x86_64-linux-gnu.so
[0.823s] -- Up-to-date symlink: /home/robotica-dev/robotica_ws/install/topics_services/local/lib/python3.10/dist-packages/topics_services/topics_services_s__rosidl_typesupport_fastrtps_c.cpython-310-x86_64-linux-gnu.so
[0.824s] -- Up-to-date symlink: /home/robotica-dev/robotica_ws/install/topics_services/local/lib/python3.10/dist-packages/topics_services/topics_services_s__rosidl_typesupport_introspection_c.cpython-310-x86_64-linux-gnu.so
[0.824s] -- Up-to-date symlink: /home/robotica-dev/robotica_ws/install/topics_services/local/lib/python3.10/dist-packages/topics_services/topics_services_s__rosidl_typesupport_c.cpython-310-x86_64-linux-gnu.so
[0.825s] -- Up-to-date symlink: /home/robotica-dev/robotica_ws/install/topics_services/share/topics_services/msg/ServoData.idl
[0.825s] -- Up-to-date symlink: /home/robotica-dev/robotica_ws/install/topics_services/share/topics_services/msg/Telemetric.idl
[0.826s] -- Up-to-date symlink: /home/robotica-dev/robotica_ws/install/topics_services/share/topics_services/msg/RandomData.idl
[0.826s] -- Up-to-date symlink: /home/robotica-dev/robotica_ws/install/topics_services/share/topics_services/msg/ServoData.msg
[0.827s] -- Up-to-date symlink: /home/robotica-dev/robotica_ws/install/topics_services/share/topics_services/msg/Telemetric.msg
[0.828s] -- Up-to-date symlink: /home/robotica-dev/robotica_ws/install/topics_services/share/topics_services/msg/RandomData.msg
[0.828s] -- Up-to-date symlink: /home/robotica-dev/robotica_ws/install/topics_services/share/ament_index/resource_index/package_run_dependencies/topics_services
[0.828s] -- Up-to-date symlink: /home/robotica-dev/robotica_ws/install/topics_services/share/ament_index/resource_index/parent_prefix_path/topics_services
[0.829s] -- Up-to-date symlink: /home/robotica-dev/robotica_ws/install/topics_services/share/topics_services/environment/ament_prefix_path.sh
[0.829s] -- Up-to-date symlink: /home/robotica-dev/robotica_ws/install/topics_services/share/topics_services/environment/ament_prefix_path.dsv
[0.830s] -- Up-to-date symlink: /home/robotica-dev/robotica_ws/install/topics_services/share/topics_services/environment/path.sh
[0.830s] -- Up-to-date symlink: /home/robotica-dev/robotica_ws/install/topics_services/share/topics_services/environment/path.dsv
[0.834s] -- Up-to-date symlink: /home/robotica-dev/robotica_ws/install/topics_services/share/topics_services/local_setup.bash
[0.835s] -- Up-to-date symlink: /home/robotica-dev/robotica_ws/install/topics_services/share/topics_services/local_setup.sh
[0.835s] -- Up-to-date symlink: /home/robotica-dev/robotica_ws/install/topics_services/share/topics_services/local_setup.zsh
[0.835s] -- Up-to-date symlink: /home/robotica-dev/robotica_ws/install/topics_services/share/topics_services/local_setup.dsv
[0.835s] -- Symlinking: /home/robotica-dev/robotica_ws/install/topics_services/share/topics_services/package.dsv
[0.845s] -- Up-to-date symlink: /home/robotica-dev/robotica_ws/install/topics_services/share/ament_index/resource_index/packages/topics_services
[0.845s] -- Up-to-date symlink: /home/robotica-dev/robotica_ws/install/topics_services/share/topics_services/cmake/rosidl_cmake-extras.cmake
[0.846s] -- Up-to-date symlink: /home/robotica-dev/robotica_ws/install/topics_services/share/topics_services/cmake/ament_cmake_export_include_directories-extras.cmake
[0.846s] -- Up-to-date symlink: /home/robotica-dev/robotica_ws/install/topics_services/share/topics_services/cmake/ament_cmake_export_libraries-extras.cmake
[0.846s] -- Up-to-date symlink: /home/robotica-dev/robotica_ws/install/topics_services/share/topics_services/cmake/ament_cmake_export_targets-extras.cmake
[0.846s] -- Up-to-date symlink: /home/robotica-dev/robotica_ws/install/topics_services/share/topics_services/cmake/rosidl_cmake_export_typesupport_targets-extras.cmake
[0.846s] -- Up-to-date symlink: /home/robotica-dev/robotica_ws/install/topics_services/share/topics_services/cmake/ament_cmake_export_dependencies-extras.cmake
[0.847s] -- Up-to-date symlink: /home/robotica-dev/robotica_ws/install/topics_services/share/topics_services/cmake/rosidl_cmake_export_typesupport_libraries-extras.cmake
[0.847s] -- Up-to-date symlink: /home/robotica-dev/robotica_ws/install/topics_services/share/topics_services/cmake/topics_servicesConfig.cmake
[0.847s] -- Up-to-date symlink: /home/robotica-dev/robotica_ws/install/topics_services/share/topics_services/cmake/topics_servicesConfig-version.cmake
[0.847s] -- Up-to-date symlink: /home/robotica-dev/robotica_ws/install/topics_services/share/topics_services/package.xml
[0.848s] -- Up-to-date: /home/robotica-dev/robotica_ws/install/topics_services/lib/libtopics_services__rosidl_generator_c.so
[0.848s] -- Up-to-date: /home/robotica-dev/robotica_ws/install/topics_services/lib/libtopics_services__rosidl_typesupport_fastrtps_c.so
[0.849s] -- Up-to-date: /home/robotica-dev/robotica_ws/install/topics_services/lib/libtopics_services__rosidl_typesupport_fastrtps_cpp.so
[0.850s] -- Up-to-date: /home/robotica-dev/robotica_ws/install/topics_services/lib/libtopics_services__rosidl_typesupport_introspection_c.so
[0.850s] -- Up-to-date: /home/robotica-dev/robotica_ws/install/topics_services/lib/libtopics_services__rosidl_typesupport_c.so
[0.851s] -- Up-to-date: /home/robotica-dev/robotica_ws/install/topics_services/lib/libtopics_services__rosidl_typesupport_introspection_cpp.so
[0.860s] -- Up-to-date: /home/robotica-dev/robotica_ws/install/topics_services/lib/libtopics_services__rosidl_typesupport_cpp.so
[0.890s] Listing '/home/robotica-dev/robotica_ws/install/topics_services/local/lib/python3.10/dist-packages/topics_services'...
[0.890s] Listing '/home/robotica-dev/robotica_ws/install/topics_services/local/lib/python3.10/dist-packages/topics_services/msg'...
[0.896s] -- Up-to-date: /home/robotica-dev/robotica_ws/install/topics_services/lib/libtopics_services__rosidl_generator_py.so
[0.896s] -- Up-to-date: /home/robotica-dev/robotica_ws/install/topics_services/share/topics_services/cmake/export_topics_services__rosidl_generator_cExport.cmake
[0.896s] -- Up-to-date: /home/robotica-dev/robotica_ws/install/topics_services/share/topics_services/cmake/export_topics_services__rosidl_generator_cExport-noconfig.cmake
[0.896s] -- Up-to-date: /home/robotica-dev/robotica_ws/install/topics_services/share/topics_services/cmake/export_topics_services__rosidl_typesupport_fastrtps_cExport.cmake
[0.896s] -- Up-to-date: /home/robotica-dev/robotica_ws/install/topics_services/share/topics_services/cmake/export_topics_services__rosidl_typesupport_fastrtps_cExport-noconfig.cmake
[0.896s] -- Up-to-date: /home/robotica-dev/robotica_ws/install/topics_services/share/topics_services/cmake/export_topics_services__rosidl_generator_cppExport.cmake
[0.897s] -- Up-to-date: /home/robotica-dev/robotica_ws/install/topics_services/share/topics_services/cmake/export_topics_services__rosidl_typesupport_fastrtps_cppExport.cmake
[0.897s] -- Up-to-date: /home/robotica-dev/robotica_ws/install/topics_services/share/topics_services/cmake/export_topics_services__rosidl_typesupport_fastrtps_cppExport-noconfig.cmake
[0.897s] -- Up-to-date: /home/robotica-dev/robotica_ws/install/topics_services/share/topics_services/cmake/topics_services__rosidl_typesupport_introspection_cExport.cmake
[0.897s] -- Up-to-date: /home/robotica-dev/robotica_ws/install/topics_services/share/topics_services/cmake/topics_services__rosidl_typesupport_introspection_cExport-noconfig.cmake
[0.897s] -- Up-to-date: /home/robotica-dev/robotica_ws/install/topics_services/share/topics_services/cmake/topics_services__rosidl_typesupport_cExport.cmake
[0.897s] -- Up-to-date: /home/robotica-dev/robotica_ws/install/topics_services/share/topics_services/cmake/topics_services__rosidl_typesupport_cExport-noconfig.cmake
[0.897s] -- Up-to-date: /home/robotica-dev/robotica_ws/install/topics_services/share/topics_services/cmake/topics_services__rosidl_typesupport_introspection_cppExport.cmake
[0.897s] -- Up-to-date: /home/robotica-dev/robotica_ws/install/topics_services/share/topics_services/cmake/topics_services__rosidl_typesupport_introspection_cppExport-noconfig.cmake
[0.897s] -- Up-to-date: /home/robotica-dev/robotica_ws/install/topics_services/share/topics_services/cmake/topics_services__rosidl_typesupport_cppExport.cmake
[0.897s] -- Up-to-date: /home/robotica-dev/robotica_ws/install/topics_services/share/topics_services/cmake/topics_services__rosidl_typesupport_cppExport-noconfig.cmake
[0.897s] -- Up-to-date: /home/robotica-dev/robotica_ws/install/topics_services/share/topics_services/cmake/export_topics_services__rosidl_generator_pyExport.cmake
[0.897s] -- Up-to-date: /home/robotica-dev/robotica_ws/install/topics_services/share/topics_services/cmake/export_topics_services__rosidl_generator_pyExport-noconfig.cmake
[0.910s] Invoked command in '/home/robotica-dev/robotica_ws/build/topics_services' returned '0': CMAKE_PREFIX_PATH=${CMAKE_PREFIX_PATH}:/home/robotica-dev/robotica_ws/install/ros_control:/opt/ros/humble /usr/bin/cmake --install /home/robotica-dev/robotica_ws/build/topics_services
