[0.019s] Invoking command in '/home/robotica-dev/robotica_ws/build/serial': CMAKE_PREFIX_PATH=${CMAKE_PREFIX_PATH}:/home/robotica-dev/ros2_ws/install/ros_control:/home/robotica-dev/dev_ws/install/ros_control:/opt/ros/humble /usr/bin/cmake --build /home/robotica-dev/robotica_ws/build/serial -- -j4 -l4
[0.079s] [ 28%] Built target serial
[0.080s] [ 42%] Built target gtest
[0.083s] [ 57%] Built target gtest_main
[0.107s] [ 71%] Built target serial_example
[0.114s] [ 85%] Built target serial-test-timer
[0.120s] [100%] Built target serial-test
[0.133s] Invoked command in '/home/robotica-dev/robotica_ws/build/serial' returned '0': CMAKE_PREFIX_PATH=${CMAKE_PREFIX_PATH}:/home/robotica-dev/ros2_ws/install/ros_control:/home/robotica-dev/dev_ws/install/ros_control:/opt/ros/humble /usr/bin/cmake --build /home/robotica-dev/robotica_ws/build/serial -- -j4 -l4
[0.194s] Invoking command in '/home/robotica-dev/robotica_ws/build/serial': CMAKE_PREFIX_PATH=${CMAKE_PREFIX_PATH}:/home/robotica-dev/ros2_ws/install/ros_control:/home/robotica-dev/dev_ws/install/ros_control:/opt/ros/humble /usr/bin/cmake --install /home/robotica-dev/robotica_ws/build/serial
[0.202s] -- Install configuration: ""
[0.202s] -- Execute custom install script
[0.203s] -- Up-to-date symlink: /home/robotica-dev/robotica_ws/install/serial/lib/libserial.a
[0.203s] -- Up-to-date symlink: /home/robotica-dev/robotica_ws/install/serial/include/serial/serial.h
[0.203s] -- Up-to-date symlink: /home/robotica-dev/robotica_ws/install/serial/include/serial/v8stdint.h
[0.203s] -- Up-to-date symlink: /home/robotica-dev/robotica_ws/install/serial/share/serial/environment/library_path.sh
[0.203s] -- Up-to-date symlink: /home/robotica-dev/robotica_ws/install/serial/share/serial/environment/library_path.dsv
[0.204s] -- Up-to-date symlink: /home/robotica-dev/robotica_ws/install/serial/share/ament_index/resource_index/package_run_dependencies/serial
[0.204s] -- Up-to-date symlink: /home/robotica-dev/robotica_ws/install/serial/share/ament_index/resource_index/parent_prefix_path/serial
[0.204s] -- Up-to-date symlink: /home/robotica-dev/robotica_ws/install/serial/share/serial/environment/ament_prefix_path.sh
[0.204s] -- Up-to-date symlink: /home/robotica-dev/robotica_ws/install/serial/share/serial/environment/ament_prefix_path.dsv
[0.204s] -- Up-to-date symlink: /home/robotica-dev/robotica_ws/install/serial/share/serial/environment/path.sh
[0.204s] -- Up-to-date symlink: /home/robotica-dev/robotica_ws/install/serial/share/serial/environment/path.dsv
[0.205s] -- Up-to-date symlink: /home/robotica-dev/robotica_ws/install/serial/share/serial/local_setup.bash
[0.205s] -- Up-to-date symlink: /home/robotica-dev/robotica_ws/install/serial/share/serial/local_setup.sh
[0.205s] -- Up-to-date symlink: /home/robotica-dev/robotica_ws/install/serial/share/serial/local_setup.zsh
[0.205s] -- Up-to-date symlink: /home/robotica-dev/robotica_ws/install/serial/share/serial/local_setup.dsv
[0.205s] -- Symlinking: /home/robotica-dev/robotica_ws/install/serial/share/serial/package.dsv
[0.216s] -- Up-to-date symlink: /home/robotica-dev/robotica_ws/install/serial/share/ament_index/resource_index/packages/serial
[0.216s] -- Up-to-date symlink: /home/robotica-dev/robotica_ws/install/serial/share/serial/cmake/ament_cmake_export_include_directories-extras.cmake
[0.216s] -- Up-to-date symlink: /home/robotica-dev/robotica_ws/install/serial/share/serial/cmake/ament_cmake_export_libraries-extras.cmake
[0.216s] -- Up-to-date symlink: /home/robotica-dev/robotica_ws/install/serial/share/serial/cmake/serialConfig.cmake
[0.216s] -- Up-to-date symlink: /home/robotica-dev/robotica_ws/install/serial/share/serial/cmake/serialConfig-version.cmake
[0.216s] -- Up-to-date symlink: /home/robotica-dev/robotica_ws/install/serial/share/serial/package.xml
[0.219s] Invoked command in '/home/robotica-dev/robotica_ws/build/serial' returned '0': CMAKE_PREFIX_PATH=${CMAKE_PREFIX_PATH}:/home/robotica-dev/ros2_ws/install/ros_control:/home/robotica-dev/dev_ws/install/ros_control:/opt/ros/humble /usr/bin/cmake --install /home/robotica-dev/robotica_ws/build/serial
