[0.014s] Invoking command in '/home/robotica-dev/robotica_ws/build/serial': CMAKE_PREFIX_PATH=${CMAKE_PREFIX_PATH}:/home/robotica-dev/ros2_ws/install/ros_control:/home/robotica-dev/dev_ws/install/ros_control:/opt/ros/humble /usr/bin/cmake /home/robotica-dev/robotica_ws/src/serial -DAMENT_CMAKE_SYMLINK_INSTALL=1 -DCMAKE_INSTALL_PREFIX=/home/robotica-dev/robotica_ws/install/serial
[0.118s] -- Found ament_cmake: 1.3.4 (/opt/ros/humble/share/ament_cmake/cmake)
[0.261s] -- Override CMake install command with custom implementation using symlinks instead of copying resources
[0.269s] -- Found ament_cmake_gtest: 1.3.4 (/opt/ros/humble/share/ament_cmake_gtest/cmake)
[0.327s] -- Found gtest sources under '/opt/ros/humble/src/gtest_vendor': C++ tests using 'Google Test' will be built
[0.494s] -- Configuring done
[0.526s] -- Generating done
[0.529s] -- Build files have been written to: /home/robotica-dev/robotica_ws/build/serial
[0.533s] Invoked command in '/home/robotica-dev/robotica_ws/build/serial' returned '0': CMAKE_PREFIX_PATH=${CMAKE_PREFIX_PATH}:/home/robotica-dev/ros2_ws/install/ros_control:/home/robotica-dev/dev_ws/install/ros_control:/opt/ros/humble /usr/bin/cmake /home/robotica-dev/robotica_ws/src/serial -DAMENT_CMAKE_SYMLINK_INSTALL=1 -DCMAKE_INSTALL_PREFIX=/home/robotica-dev/robotica_ws/install/serial
[0.535s] Invoking command in '/home/robotica-dev/robotica_ws/build/serial': CMAKE_PREFIX_PATH=${CMAKE_PREFIX_PATH}:/home/robotica-dev/ros2_ws/install/ros_control:/home/robotica-dev/dev_ws/install/ros_control:/opt/ros/humble /usr/bin/cmake --build /home/robotica-dev/robotica_ws/build/serial -- -j4 -l4
[0.578s] [35m[1mConsolidate compiler generated dependencies of target gtest_main[0m
[0.583s] [35m[1mConsolidate compiler generated dependencies of target gtest[0m
[0.595s] [ 14%] Built target gtest_main
[0.600s] [ 28%] Built target gtest
[0.613s] [35m[1mConsolidate compiler generated dependencies of target serial[0m
[0.631s] [ 57%] Built target serial
[0.644s] [35m[1mConsolidate compiler generated dependencies of target serial-test-timer[0m
[0.644s] [35m[1mConsolidate compiler generated dependencies of target serial-test[0m
[0.661s] [ 71%] Built target serial-test-timer
[0.672s] [ 85%] Built target serial-test
[0.710s] [35m[1mConsolidate compiler generated dependencies of target serial_example[0m
[0.725s] [100%] Built target serial_example
[0.737s] Invoked command in '/home/robotica-dev/robotica_ws/build/serial' returned '0': CMAKE_PREFIX_PATH=${CMAKE_PREFIX_PATH}:/home/robotica-dev/ros2_ws/install/ros_control:/home/robotica-dev/dev_ws/install/ros_control:/opt/ros/humble /usr/bin/cmake --build /home/robotica-dev/robotica_ws/build/serial -- -j4 -l4
[0.802s] Invoking command in '/home/robotica-dev/robotica_ws/build/serial': CMAKE_PREFIX_PATH=${CMAKE_PREFIX_PATH}:/home/robotica-dev/ros2_ws/install/ros_control:/home/robotica-dev/dev_ws/install/ros_control:/opt/ros/humble /usr/bin/cmake --install /home/robotica-dev/robotica_ws/build/serial
[0.810s] -- Install configuration: ""
[0.810s] -- Execute custom install script
[0.810s] -- Symlinking: /home/robotica-dev/robotica_ws/install/serial/lib/libserial.a
[0.843s] -- Symlinking: /home/robotica-dev/robotica_ws/install/serial/include/serial/serial.h
[0.853s] -- Symlinking: /home/robotica-dev/robotica_ws/install/serial/include/serial/v8stdint.h
[0.862s] -- Symlinking: /home/robotica-dev/robotica_ws/install/serial/share/serial/environment/library_path.sh
[0.872s] -- Symlinking: /home/robotica-dev/robotica_ws/install/serial/share/serial/environment/library_path.dsv
[0.882s] -- Symlinking: /home/robotica-dev/robotica_ws/install/serial/share/ament_index/resource_index/package_run_dependencies/serial
[0.891s] -- Symlinking: /home/robotica-dev/robotica_ws/install/serial/share/ament_index/resource_index/parent_prefix_path/serial
[0.901s] -- Symlinking: /home/robotica-dev/robotica_ws/install/serial/share/serial/environment/ament_prefix_path.sh
[0.911s] -- Symlinking: /home/robotica-dev/robotica_ws/install/serial/share/serial/environment/ament_prefix_path.dsv
[0.921s] -- Symlinking: /home/robotica-dev/robotica_ws/install/serial/share/serial/environment/path.sh
[0.931s] -- Symlinking: /home/robotica-dev/robotica_ws/install/serial/share/serial/environment/path.dsv
[0.941s] -- Symlinking: /home/robotica-dev/robotica_ws/install/serial/share/serial/local_setup.bash
[0.950s] -- Symlinking: /home/robotica-dev/robotica_ws/install/serial/share/serial/local_setup.sh
[0.960s] -- Symlinking: /home/robotica-dev/robotica_ws/install/serial/share/serial/local_setup.zsh
[0.970s] -- Symlinking: /home/robotica-dev/robotica_ws/install/serial/share/serial/local_setup.dsv
[0.979s] -- Symlinking: /home/robotica-dev/robotica_ws/install/serial/share/serial/package.dsv
[0.989s] -- Symlinking: /home/robotica-dev/robotica_ws/install/serial/share/ament_index/resource_index/packages/serial
[0.998s] -- Symlinking: /home/robotica-dev/robotica_ws/install/serial/share/serial/cmake/ament_cmake_export_include_directories-extras.cmake
[1.008s] -- Symlinking: /home/robotica-dev/robotica_ws/install/serial/share/serial/cmake/ament_cmake_export_libraries-extras.cmake
[1.019s] -- Symlinking: /home/robotica-dev/robotica_ws/install/serial/share/serial/cmake/serialConfig.cmake
[1.028s] -- Symlinking: /home/robotica-dev/robotica_ws/install/serial/share/serial/cmake/serialConfig-version.cmake
[1.038s] -- Symlinking: /home/robotica-dev/robotica_ws/install/serial/share/serial/package.xml
[1.050s] Invoked command in '/home/robotica-dev/robotica_ws/build/serial' returned '0': CMAKE_PREFIX_PATH=${CMAKE_PREFIX_PATH}:/home/robotica-dev/ros2_ws/install/ros_control:/home/robotica-dev/dev_ws/install/ros_control:/opt/ros/humble /usr/bin/cmake --install /home/robotica-dev/robotica_ws/build/serial
