[0.159s] Invoking command in '/home/robotica-dev/robotica_ws/build/diffdrive_arduino': CMAKE_PREFIX_PATH=${CMAKE_PREFIX_PATH}:/home/robotica-dev/ros2_ws/install/ros_control:/home/robotica-dev/dev_ws/install/ros_control:/home/robotica-dev/dev_ws/install/pantilt_bot_description:/home/robotica-dev/dev_ws/install/open_manipulator_x_description:/opt/ros/humble /usr/bin/cmake /home/robotica-dev/robotica_ws/src/diffdrive_arduino -DCMAKE_INSTALL_PREFIX=/home/robotica-dev/robotica_ws/install/diffdrive_arduino
[0.755s] -- Found ament_cmake: 1.3.4 (/opt/ros/humble/share/ament_cmake/cmake)
[1.419s] -- Override CMake install command with custom implementation using symlinks instead of copying resources
[1.762s] [31mCMake Error at CMakeLists.txt:15 (find_package):
[1.762s]   By not providing "Findserial.cmake" in CMAKE_MODULE_PATH this project has
[1.763s]   asked CMake to find a package configuration file provided by "serial", but
[1.763s]   CMake did not find one.
[1.763s] 
[1.763s]   Could not find a package configuration file provided by "serial" with any
[1.763s]   of the following names:
[1.763s] 
[1.763s]     serialConfig.cmake
[1.763s]     serial-config.cmake
[1.764s] 
[1.764s]   Add the installation prefix of "serial" to CMAKE_PREFIX_PATH or set
[1.764s]   "serial_DIR" to a directory containing one of the above files.  If "serial"
[1.764s]   provides a separate development package or SDK, be sure it has been
[1.764s]   installed.
[1.764s] 
[1.764s] [0m
[1.764s] -- Configuring incomplete, errors occurred!
[1.765s] See also "/home/robotica-dev/robotica_ws/build/diffdrive_arduino/CMakeFiles/CMakeOutput.log".
[1.786s] Invoked command in '/home/robotica-dev/robotica_ws/build/diffdrive_arduino' returned '1': CMAKE_PREFIX_PATH=${CMAKE_PREFIX_PATH}:/home/robotica-dev/ros2_ws/install/ros_control:/home/robotica-dev/dev_ws/install/ros_control:/home/robotica-dev/dev_ws/install/pantilt_bot_description:/home/robotica-dev/dev_ws/install/open_manipulator_x_description:/opt/ros/humble /usr/bin/cmake /home/robotica-dev/robotica_ws/src/diffdrive_arduino -DCMAKE_INSTALL_PREFIX=/home/robotica-dev/robotica_ws/install/diffdrive_arduino
