[0.017s] Invoking command in '/home/robotica-dev/robotica_ws/build/robotica_bringup': AMENT_PREFIX_PATH=/home/robotica-dev/robotica_ws/install/ros_control:/home/robotica-dev/robotica_ws/install/topics_services:${AMENT_PREFIX_PATH} CMAKE_PREFIX_PATH=/home/robotica-dev/robotica_ws/install/topics_services:/home/robotica-dev/robotica_ws/install/serial:/home/robotica-dev/robotica_ws/install/diffdrive_arduino:/opt/ros/humble LD_LIBRARY_PATH=/home/robotica-dev/robotica_ws/install/topics_services/lib:${LD_LIBRARY_PATH} PYTHONPATH=/home/robotica-dev/robotica_ws/build/ros_control:/home/robotica-dev/robotica_ws/install/ros_control/lib/python3.10/site-packages:/home/robotica-dev/robotica_ws/install/topics_services/local/lib/python3.10/dist-packages:${PYTHONPATH} /usr/bin/cmake /home/robotica-dev/robotica_ws/src/robotica_bringup -DAMENT_CMAKE_SYMLINK_INSTALL=1 -DCMAKE_INSTALL_PREFIX=/home/robotica-dev/robotica_ws/install/robotica_bringup
[0.076s] -- The C compiler identification is GNU 11.3.0
[0.133s] -- The CXX compiler identification is GNU 11.3.0
[0.140s] -- Detecting C compiler ABI info
[0.210s] -- Detecting C compiler ABI info - done
[0.218s] -- Check for working C compiler: /usr/bin/cc - skipped
[0.218s] -- Detecting C compile features
[0.219s] -- Detecting C compile features - done
[0.222s] -- Detecting CXX compiler ABI info
[0.312s] -- Detecting CXX compiler ABI info - done
[0.320s] -- Check for working CXX compiler: /usr/bin/c++ - skipped
[0.320s] -- Detecting CXX compile features
[0.320s] -- Detecting CXX compile features - done
[0.323s] -- Found ament_cmake: 1.3.4 (/opt/ros/humble/share/ament_cmake/cmake)
[0.498s] -- Found Python3: /usr/bin/python3.10 (found version "3.10.6") found components: Interpreter 
[0.560s] -- Override CMake install command with custom implementation using symlinks instead of copying resources
[0.591s] -- Found ament_lint_auto: 0.12.6 (/opt/ros/humble/share/ament_lint_auto/cmake)
[0.673s] -- Added test 'flake8' to check Python code syntax and style conventions
[0.674s] -- Added test 'lint_cmake' to check CMake code style
[0.674s] -- Added test 'pep257' to check Python code against some of the docstring style conventions in PEP 257
[0.675s] -- Added test 'xmllint' to check XML markup files
[0.677s] -- Configuring done
[0.680s] -- Generating done
[0.681s] -- Build files have been written to: /home/robotica-dev/robotica_ws/build/robotica_bringup
[0.686s] Invoked command in '/home/robotica-dev/robotica_ws/build/robotica_bringup' returned '0': AMENT_PREFIX_PATH=/home/robotica-dev/robotica_ws/install/ros_control:/home/robotica-dev/robotica_ws/install/topics_services:${AMENT_PREFIX_PATH} CMAKE_PREFIX_PATH=/home/robotica-dev/robotica_ws/install/topics_services:/home/robotica-dev/robotica_ws/install/serial:/home/robotica-dev/robotica_ws/install/diffdrive_arduino:/opt/ros/humble LD_LIBRARY_PATH=/home/robotica-dev/robotica_ws/install/topics_services/lib:${LD_LIBRARY_PATH} PYTHONPATH=/home/robotica-dev/robotica_ws/build/ros_control:/home/robotica-dev/robotica_ws/install/ros_control/lib/python3.10/site-packages:/home/robotica-dev/robotica_ws/install/topics_services/local/lib/python3.10/dist-packages:${PYTHONPATH} /usr/bin/cmake /home/robotica-dev/robotica_ws/src/robotica_bringup -DAMENT_CMAKE_SYMLINK_INSTALL=1 -DCMAKE_INSTALL_PREFIX=/home/robotica-dev/robotica_ws/install/robotica_bringup
[0.688s] Invoking command in '/home/robotica-dev/robotica_ws/build/robotica_bringup': AMENT_PREFIX_PATH=/home/robotica-dev/robotica_ws/install/ros_control:/home/robotica-dev/robotica_ws/install/topics_services:${AMENT_PREFIX_PATH} CMAKE_PREFIX_PATH=/home/robotica-dev/robotica_ws/install/topics_services:/home/robotica-dev/robotica_ws/install/serial:/home/robotica-dev/robotica_ws/install/diffdrive_arduino:/opt/ros/humble LD_LIBRARY_PATH=/home/robotica-dev/robotica_ws/install/topics_services/lib:${LD_LIBRARY_PATH} PYTHONPATH=/home/robotica-dev/robotica_ws/build/ros_control:/home/robotica-dev/robotica_ws/install/ros_control/lib/python3.10/site-packages:/home/robotica-dev/robotica_ws/install/topics_services/local/lib/python3.10/dist-packages:${PYTHONPATH} /usr/bin/cmake --build /home/robotica-dev/robotica_ws/build/robotica_bringup -- -j4 -l4
[0.726s] Invoked command in '/home/robotica-dev/robotica_ws/build/robotica_bringup' returned '0': AMENT_PREFIX_PATH=/home/robotica-dev/robotica_ws/install/ros_control:/home/robotica-dev/robotica_ws/install/topics_services:${AMENT_PREFIX_PATH} CMAKE_PREFIX_PATH=/home/robotica-dev/robotica_ws/install/topics_services:/home/robotica-dev/robotica_ws/install/serial:/home/robotica-dev/robotica_ws/install/diffdrive_arduino:/opt/ros/humble LD_LIBRARY_PATH=/home/robotica-dev/robotica_ws/install/topics_services/lib:${LD_LIBRARY_PATH} PYTHONPATH=/home/robotica-dev/robotica_ws/build/ros_control:/home/robotica-dev/robotica_ws/install/ros_control/lib/python3.10/site-packages:/home/robotica-dev/robotica_ws/install/topics_services/local/lib/python3.10/dist-packages:${PYTHONPATH} /usr/bin/cmake --build /home/robotica-dev/robotica_ws/build/robotica_bringup -- -j4 -l4
[0.750s] Invoking command in '/home/robotica-dev/robotica_ws/build/robotica_bringup': AMENT_PREFIX_PATH=/home/robotica-dev/robotica_ws/install/ros_control:/home/robotica-dev/robotica_ws/install/topics_services:${AMENT_PREFIX_PATH} CMAKE_PREFIX_PATH=/home/robotica-dev/robotica_ws/install/topics_services:/home/robotica-dev/robotica_ws/install/serial:/home/robotica-dev/robotica_ws/install/diffdrive_arduino:/opt/ros/humble LD_LIBRARY_PATH=/home/robotica-dev/robotica_ws/install/topics_services/lib:${LD_LIBRARY_PATH} PYTHONPATH=/home/robotica-dev/robotica_ws/build/ros_control:/home/robotica-dev/robotica_ws/install/ros_control/lib/python3.10/site-packages:/home/robotica-dev/robotica_ws/install/topics_services/local/lib/python3.10/dist-packages:${PYTHONPATH} /usr/bin/cmake --install /home/robotica-dev/robotica_ws/build/robotica_bringup
[0.760s] -- Install configuration: ""
[0.760s] -- Execute custom install script
[0.760s] -- Symlinking: /home/robotica-dev/robotica_ws/install/robotica_bringup/share/robotica_bringup/launch/ros_control.launch.py
[0.768s] -- Symlinking: /home/robotica-dev/robotica_ws/install/robotica_bringup/share/ament_index/resource_index/package_run_dependencies/robotica_bringup
[0.778s] -- Symlinking: /home/robotica-dev/robotica_ws/install/robotica_bringup/share/ament_index/resource_index/parent_prefix_path/robotica_bringup
[0.787s] -- Symlinking: /home/robotica-dev/robotica_ws/install/robotica_bringup/share/robotica_bringup/environment/ament_prefix_path.sh
[0.795s] -- Symlinking: /home/robotica-dev/robotica_ws/install/robotica_bringup/share/robotica_bringup/environment/ament_prefix_path.dsv
[0.805s] -- Symlinking: /home/robotica-dev/robotica_ws/install/robotica_bringup/share/robotica_bringup/environment/path.sh
[0.814s] -- Symlinking: /home/robotica-dev/robotica_ws/install/robotica_bringup/share/robotica_bringup/environment/path.dsv
[0.823s] -- Symlinking: /home/robotica-dev/robotica_ws/install/robotica_bringup/share/robotica_bringup/local_setup.bash
[0.832s] -- Symlinking: /home/robotica-dev/robotica_ws/install/robotica_bringup/share/robotica_bringup/local_setup.sh
[0.840s] -- Symlinking: /home/robotica-dev/robotica_ws/install/robotica_bringup/share/robotica_bringup/local_setup.zsh
[0.849s] -- Symlinking: /home/robotica-dev/robotica_ws/install/robotica_bringup/share/robotica_bringup/local_setup.dsv
[0.857s] -- Symlinking: /home/robotica-dev/robotica_ws/install/robotica_bringup/share/robotica_bringup/package.dsv
[0.872s] -- Symlinking: /home/robotica-dev/robotica_ws/install/robotica_bringup/share/ament_index/resource_index/packages/robotica_bringup
[0.880s] -- Symlinking: /home/robotica-dev/robotica_ws/install/robotica_bringup/share/robotica_bringup/cmake/robotica_bringupConfig.cmake
[0.889s] -- Symlinking: /home/robotica-dev/robotica_ws/install/robotica_bringup/share/robotica_bringup/cmake/robotica_bringupConfig-version.cmake
[0.898s] -- Symlinking: /home/robotica-dev/robotica_ws/install/robotica_bringup/share/robotica_bringup/package.xml
[0.913s] Invoked command in '/home/robotica-dev/robotica_ws/build/robotica_bringup' returned '0': AMENT_PREFIX_PATH=/home/robotica-dev/robotica_ws/install/ros_control:/home/robotica-dev/robotica_ws/install/topics_services:${AMENT_PREFIX_PATH} CMAKE_PREFIX_PATH=/home/robotica-dev/robotica_ws/install/topics_services:/home/robotica-dev/robotica_ws/install/serial:/home/robotica-dev/robotica_ws/install/diffdrive_arduino:/opt/ros/humble LD_LIBRARY_PATH=/home/robotica-dev/robotica_ws/install/topics_services/lib:${LD_LIBRARY_PATH} PYTHONPATH=/home/robotica-dev/robotica_ws/build/ros_control:/home/robotica-dev/robotica_ws/install/ros_control/lib/python3.10/site-packages:/home/robotica-dev/robotica_ws/install/topics_services/local/lib/python3.10/dist-packages:${PYTHONPATH} /usr/bin/cmake --install /home/robotica-dev/robotica_ws/build/robotica_bringup
