-- Found ament_cmake: 1.3.4 (/opt/ros/humble/share/ament_cmake/cmake)
-- Found ament_cmake_gtest: 1.3.4 (/opt/ros/humble/share/ament_cmake_gtest/cmake)
-- Found gtest sources under '/opt/ros/humble/src/gtest_vendor': C++ tests using 'Google Test' will be built
-- Configuring done
-- Generating done
-- Build files have been written to: /home/robotica-dev/robotica_ws/build/serial
[35m[1mConsolidate compiler generated dependencies of target gtest_main[0m
[35m[1mConsolidate compiler generated dependencies of target gtest[0m
[35m[1mConsolidate compiler generated dependencies of target serial[0m
[ 14%] Built target gtest_main
[ 21%] [32mBuilding CXX object CMakeFiles/serial.dir/src/impl/unix.cc.o[0m
[ 28%] [32mBuilding CXX object CMakeFiles/serial.dir/src/serial.cc.o[0m
[ 42%] Built target gtest
[ 50%] [32mBuilding CXX object CMakeFiles/serial.dir/src/impl/list_ports/list_ports_linux.cc.o[0m
[ 57%] [32m[1mLinking CXX static library libserial.a[0m
[ 57%] Built target serial
[35m[1mConsolidate compiler generated dependencies of target serial_example[0m
[35m[1mConsolidate compiler generated dependencies of target serial-test-timer[0m
[35m[1mConsolidate compiler generated dependencies of target serial-test[0m
[ 64%] [32mBuilding CXX object CMakeFiles/serial_example.dir/examples/serial_example.cc.o[0m
[ 71%] [32mBuilding CXX object tests/CMakeFiles/serial-test-timer.dir/unit/unix_timer_tests.cc.o[0m
[ 78%] [32mBuilding CXX object tests/CMakeFiles/serial-test.dir/unix_serial_tests.cc.o[0m
[ 85%] [32m[1mLinking CXX executable serial_example[0m
[ 85%] Built target serial_example
In file included from [01m[K/usr/include/boost/bind.hpp:30[m[K,
                 from [01m[K/home/robotica-dev/robotica_ws/src/serial/tests/unix_serial_tests.cc:23[m[K:
[01m[K/usr/include/boost/bind.hpp:36:1:[m[K [01;36m[Knote: [m[K‘[01m[K#pragma message: The practice of declaring the Bind placeholders (_1, _2, ...) in the global namespace is deprecated. Please use <boost/bind/bind.hpp> + using namespace boost::placeholders, or define BOOST_BIND_GLOBAL_PLACEHOLDERS to retain the current behavior.[m[K’
   36 | [01;36m[KBOOST_PRAGMA_MESSAGE[m[K(
      | [01;36m[K^~~~~~~~~~~~~~~~~~~~[m[K
[ 92%] [32m[1mLinking CXX executable serial-test-timer[0m
[100%] [32m[1mLinking CXX executable serial-test[0m
[100%] Built target serial-test-timer
[100%] Built target serial-test
-- Install configuration: ""
-- Installing: /home/robotica-dev/robotica_ws/install/serial/lib/libserial.a
-- Installing: /home/robotica-dev/robotica_ws/install/serial/include/serial/serial.h
-- Installing: /home/robotica-dev/robotica_ws/install/serial/include/serial/v8stdint.h
-- Up-to-date: /home/robotica-dev/robotica_ws/install/serial/share/serial/environment/library_path.sh
-- Installing: /home/robotica-dev/robotica_ws/install/serial/share/serial/environment/library_path.dsv
-- Up-to-date: /home/robotica-dev/robotica_ws/install/serial/share/ament_index/resource_index/package_run_dependencies/serial
-- Up-to-date: /home/robotica-dev/robotica_ws/install/serial/share/ament_index/resource_index/parent_prefix_path/serial
-- Up-to-date: /home/robotica-dev/robotica_ws/install/serial/share/serial/environment/ament_prefix_path.sh
-- Installing: /home/robotica-dev/robotica_ws/install/serial/share/serial/environment/ament_prefix_path.dsv
-- Up-to-date: /home/robotica-dev/robotica_ws/install/serial/share/serial/environment/path.sh
-- Installing: /home/robotica-dev/robotica_ws/install/serial/share/serial/environment/path.dsv
-- Up-to-date: /home/robotica-dev/robotica_ws/install/serial/share/serial/local_setup.bash
-- Up-to-date: /home/robotica-dev/robotica_ws/install/serial/share/serial/local_setup.sh
-- Up-to-date: /home/robotica-dev/robotica_ws/install/serial/share/serial/local_setup.zsh
-- Installing: /home/robotica-dev/robotica_ws/install/serial/share/serial/local_setup.dsv
-- Installing: /home/robotica-dev/robotica_ws/install/serial/share/serial/package.dsv
-- Up-to-date: /home/robotica-dev/robotica_ws/install/serial/share/ament_index/resource_index/packages/serial
-- Up-to-date: /home/robotica-dev/robotica_ws/install/serial/share/serial/cmake/ament_cmake_export_include_directories-extras.cmake
-- Up-to-date: /home/robotica-dev/robotica_ws/install/serial/share/serial/cmake/ament_cmake_export_libraries-extras.cmake
-- Up-to-date: /home/robotica-dev/robotica_ws/install/serial/share/serial/cmake/serialConfig.cmake
-- Up-to-date: /home/robotica-dev/robotica_ws/install/serial/share/serial/cmake/serialConfig-version.cmake
-- Installing: /home/robotica-dev/robotica_ws/install/serial/share/serial/package.xml
