[0.018s] Invoking command in '/home/robotica-dev/robotica_ws/build/serial': CMAKE_PREFIX_PATH=${CMAKE_PREFIX_PATH}:/home/robotica-dev/ros2_ws/install/ros_control:/home/robotica-dev/dev_ws/install/ros_control:/home/robotica-dev/dev_ws/install/pantilt_bot_description:/home/robotica-dev/dev_ws/install/open_manipulator_x_description:/opt/ros/humble /usr/bin/cmake --build /home/robotica-dev/robotica_ws/build/serial -- -j4 -l4
[0.043s] -- Found ament_cmake: 1.3.4 (/opt/ros/humble/share/ament_cmake/cmake)
[0.189s] -- Found ament_cmake_gtest: 1.3.4 (/opt/ros/humble/share/ament_cmake_gtest/cmake)
[0.193s] -- Found gtest sources under '/opt/ros/humble/src/gtest_vendor': C++ tests using 'Google Test' will be built
[0.261s] -- Configuring done
[0.273s] -- Generating done
[0.287s] -- Build files have been written to: /home/robotica-dev/robotica_ws/build/serial
[0.311s] [35m[1mConsolidate compiler generated dependencies of target gtest_main[0m
[0.311s] [35m[1mConsolidate compiler generated dependencies of target gtest[0m
[0.311s] [35m[1mConsolidate compiler generated dependencies of target serial[0m
[0.328s] [ 14%] Built target gtest_main
[0.328s] [ 21%] [32mBuilding CXX object CMakeFiles/serial.dir/src/impl/unix.cc.o[0m
[0.329s] [ 28%] [32mBuilding CXX object CMakeFiles/serial.dir/src/serial.cc.o[0m
[0.333s] [ 42%] Built target gtest
[0.339s] [ 50%] [32mBuilding CXX object CMakeFiles/serial.dir/src/impl/list_ports/list_ports_linux.cc.o[0m
[0.844s] [ 57%] [32m[1mLinking CXX static library libserial.a[0m
[0.881s] [ 57%] Built target serial
[0.892s] [35m[1mConsolidate compiler generated dependencies of target serial_example[0m
[0.893s] [35m[1mConsolidate compiler generated dependencies of target serial-test-timer[0m
[0.893s] [35m[1mConsolidate compiler generated dependencies of target serial-test[0m
[0.907s] [ 64%] [32mBuilding CXX object CMakeFiles/serial_example.dir/examples/serial_example.cc.o[0m
[0.909s] [ 71%] [32mBuilding CXX object tests/CMakeFiles/serial-test-timer.dir/unit/unix_timer_tests.cc.o[0m
[0.910s] [ 78%] [32mBuilding CXX object tests/CMakeFiles/serial-test.dir/unix_serial_tests.cc.o[0m
[1.232s] [ 85%] [32m[1mLinking CXX executable serial_example[0m
[1.346s] [ 85%] Built target serial_example
[1.720s] In file included from [01m[K/usr/include/boost/bind.hpp:30[m[K,
[1.720s]                  from [01m[K/home/robotica-dev/robotica_ws/src/serial/tests/unix_serial_tests.cc:23[m[K:
[1.720s] [01m[K/usr/include/boost/bind.hpp:36:1:[m[K [01;36m[Knote: [m[K‘[01m[K#pragma message: The practice of declaring the Bind placeholders (_1, _2, ...) in the global namespace is deprecated. Please use <boost/bind/bind.hpp> + using namespace boost::placeholders, or define BOOST_BIND_GLOBAL_PLACEHOLDERS to retain the current behavior.[m[K’
[1.720s]    36 | [01;36m[KBOOST_PRAGMA_MESSAGE[m[K(
[1.721s]       | [01;36m[K^~~~~~~~~~~~~~~~~~~~[m[K
[1.807s] [ 92%] [32m[1mLinking CXX executable serial-test-timer[0m
[1.926s] [100%] [32m[1mLinking CXX executable serial-test[0m
[1.960s] [100%] Built target serial-test-timer
[2.070s] [100%] Built target serial-test
[2.083s] Invoked command in '/home/robotica-dev/robotica_ws/build/serial' returned '0': CMAKE_PREFIX_PATH=${CMAKE_PREFIX_PATH}:/home/robotica-dev/ros2_ws/install/ros_control:/home/robotica-dev/dev_ws/install/ros_control:/home/robotica-dev/dev_ws/install/pantilt_bot_description:/home/robotica-dev/dev_ws/install/open_manipulator_x_description:/opt/ros/humble /usr/bin/cmake --build /home/robotica-dev/robotica_ws/build/serial -- -j4 -l4
[2.142s] Invoking command in '/home/robotica-dev/robotica_ws/build/serial': CMAKE_PREFIX_PATH=${CMAKE_PREFIX_PATH}:/home/robotica-dev/ros2_ws/install/ros_control:/home/robotica-dev/dev_ws/install/ros_control:/home/robotica-dev/dev_ws/install/pantilt_bot_description:/home/robotica-dev/dev_ws/install/open_manipulator_x_description:/opt/ros/humble /usr/bin/cmake --install /home/robotica-dev/robotica_ws/build/serial
[2.150s] -- Install configuration: ""
[2.150s] -- Installing: /home/robotica-dev/robotica_ws/install/serial/lib/libserial.a
[2.150s] -- Installing: /home/robotica-dev/robotica_ws/install/serial/include/serial/serial.h
[2.151s] -- Installing: /home/robotica-dev/robotica_ws/install/serial/include/serial/v8stdint.h
[2.151s] -- Up-to-date: /home/robotica-dev/robotica_ws/install/serial/share/serial/environment/library_path.sh
[2.151s] -- Installing: /home/robotica-dev/robotica_ws/install/serial/share/serial/environment/library_path.dsv
[2.151s] -- Up-to-date: /home/robotica-dev/robotica_ws/install/serial/share/ament_index/resource_index/package_run_dependencies/serial
[2.151s] -- Up-to-date: /home/robotica-dev/robotica_ws/install/serial/share/ament_index/resource_index/parent_prefix_path/serial
[2.151s] -- Up-to-date: /home/robotica-dev/robotica_ws/install/serial/share/serial/environment/ament_prefix_path.sh
[2.151s] -- Installing: /home/robotica-dev/robotica_ws/install/serial/share/serial/environment/ament_prefix_path.dsv
[2.151s] -- Up-to-date: /home/robotica-dev/robotica_ws/install/serial/share/serial/environment/path.sh
[2.152s] -- Installing: /home/robotica-dev/robotica_ws/install/serial/share/serial/environment/path.dsv
[2.152s] -- Up-to-date: /home/robotica-dev/robotica_ws/install/serial/share/serial/local_setup.bash
[2.152s] -- Up-to-date: /home/robotica-dev/robotica_ws/install/serial/share/serial/local_setup.sh
[2.152s] -- Up-to-date: /home/robotica-dev/robotica_ws/install/serial/share/serial/local_setup.zsh
[2.152s] -- Installing: /home/robotica-dev/robotica_ws/install/serial/share/serial/local_setup.dsv
[2.152s] -- Installing: /home/robotica-dev/robotica_ws/install/serial/share/serial/package.dsv
[2.152s] -- Up-to-date: /home/robotica-dev/robotica_ws/install/serial/share/ament_index/resource_index/packages/serial
[2.152s] -- Up-to-date: /home/robotica-dev/robotica_ws/install/serial/share/serial/cmake/ament_cmake_export_include_directories-extras.cmake
[2.152s] -- Up-to-date: /home/robotica-dev/robotica_ws/install/serial/share/serial/cmake/ament_cmake_export_libraries-extras.cmake
[2.152s] -- Up-to-date: /home/robotica-dev/robotica_ws/install/serial/share/serial/cmake/serialConfig.cmake
[2.152s] -- Up-to-date: /home/robotica-dev/robotica_ws/install/serial/share/serial/cmake/serialConfig-version.cmake
[2.152s] -- Installing: /home/robotica-dev/robotica_ws/install/serial/share/serial/package.xml
[2.154s] Invoked command in '/home/robotica-dev/robotica_ws/build/serial' returned '0': CMAKE_PREFIX_PATH=${CMAKE_PREFIX_PATH}:/home/robotica-dev/ros2_ws/install/ros_control:/home/robotica-dev/dev_ws/install/ros_control:/home/robotica-dev/dev_ws/install/pantilt_bot_description:/home/robotica-dev/dev_ws/install/open_manipulator_x_description:/opt/ros/humble /usr/bin/cmake --install /home/robotica-dev/robotica_ws/build/serial
