[0.015s] Invoking command in '/home/robotica-dev/robotica_ws/build/diffdrive_arduino': AMENT_PREFIX_PATH=/home/robotica-dev/robotica_ws/install/serial:${AMENT_PREFIX_PATH} CMAKE_PREFIX_PATH=/home/robotica-dev/robotica_ws/install/serial:/home/robotica-dev/ros2_ws/install/udp_driver:/home/robotica-dev/ros2_ws/install/robotica_bringup:/home/robotica-dev/ros2_ws/install/topics_services:/home/robotica-dev/ros2_ws/install/topics:/home/robotica-dev/ros2_ws/install/serial_driver:/home/robotica-dev/ros2_ws/install/ros_head_control:/home/robotica-dev/ros2_ws/install/realsense2_description:/home/robotica-dev/ros2_ws/install/realsense2_camera:/home/robotica-dev/ros2_ws/install/realsense2_camera_msgs:/home/robotica-dev/ros2_ws/install/pantilt_bot_description:/home/robotica-dev/ros2_ws/install/open_manipulator_x_description:/home/robotica-dev/ros2_ws/install/io_context:/home/robotica-dev/ros2_ws/install/foxglove_bridge:/home/robotica-dev/ros2_ws/install/dynamixel_hardware:/home/robotica-dev/ros2_ws/install/asio_cmake_module:/home/robotica-dev/dev_ws/install/robotica_bringup:/home/robotica-dev/dev_ws/install/ros2_control_demo_example_2:/home/robotica-dev/dev_ws/install/my_bot:/home/robotica-dev/dev_ws/install/mpu6050driver:/home/robotica-dev/dev_ws/install/dynamixel_hardware:/home/robotica-dev/ros2_ws/install/ros_control:/home/robotica-dev/dev_ws/install/ros_control:/home/robotica-dev/dev_ws/install/pantilt_bot_description:/home/robotica-dev/dev_ws/install/open_manipulator_x_description:/opt/ros/humble LD_LIBRARY_PATH=/home/robotica-dev/robotica_ws/install/serial/lib:${LD_LIBRARY_PATH} /usr/bin/cmake --build /home/robotica-dev/robotica_ws/build/diffdrive_arduino -- -j4 -l4
[0.061s] [35m[1mConsolidate compiler generated dependencies of target fake_robot[0m
[0.061s] [35m[1mConsolidate compiler generated dependencies of target diffdrive_arduino[0m
[0.083s] [ 14%] [32mBuilding CXX object CMakeFiles/fake_robot.dir/src/fake_robot.cpp.o[0m
[0.085s] [ 28%] [32mBuilding CXX object CMakeFiles/diffdrive_arduino.dir/src/diffdrive_arduino.cpp.o[0m
[0.398s] In file included from [01m[K/home/robotica-dev/robotica_ws/src/diffdrive_arduino/src/fake_robot.cpp:1[m[K:
[0.399s] [01m[K/home/robotica-dev/robotica_ws/src/diffdrive_arduino/include/diffdrive_arduino/fake_robot.h:7:10:[m[K [01;31m[Kfatal error: [m[Khardware_interface/base_interface.hpp: No such file or directory
[0.399s]     7 | #include [01;31m[K"hardware_interface/base_interface.hpp"[m[K
[0.399s]       |          [01;31m[K^~~~~~~~~~~~~~~~~~~~~~~~~~~~~~~~~~~~~~~[m[K
[0.399s] compilation terminated.
[0.399s] In file included from [01m[K/home/robotica-dev/robotica_ws/src/diffdrive_arduino/src/diffdrive_arduino.cpp:1[m[K:
[0.399s] [01m[K/home/robotica-dev/robotica_ws/src/diffdrive_arduino/include/diffdrive_arduino/diffdrive_arduino.h:7:10:[m[K [01;31m[Kfatal error: [m[Khardware_interface/base_interface.hpp: No such file or directory
[0.399s]     7 | #include [01;31m[K"hardware_interface/base_interface.hpp"[m[K
[0.399s]       |          [01;31m[K^~~~~~~~~~~~~~~~~~~~~~~~~~~~~~~~~~~~~~~[m[K
[0.399s] compilation terminated.
[0.402s] gmake[2]: *** [CMakeFiles/fake_robot.dir/build.make:76: CMakeFiles/fake_robot.dir/src/fake_robot.cpp.o] Error 1
[0.403s] gmake[2]: *** [CMakeFiles/diffdrive_arduino.dir/build.make:76: CMakeFiles/diffdrive_arduino.dir/src/diffdrive_arduino.cpp.o] Error 1
[0.403s] gmake[1]: *** [CMakeFiles/Makefile2:165: CMakeFiles/fake_robot.dir/all] Error 2
[0.403s] gmake[1]: *** Waiting for unfinished jobs....
[0.403s] gmake[1]: *** [CMakeFiles/Makefile2:139: CMakeFiles/diffdrive_arduino.dir/all] Error 2
[0.403s] gmake: *** [Makefile:146: all] Error 2
[0.405s] Invoked command in '/home/robotica-dev/robotica_ws/build/diffdrive_arduino' returned '2': AMENT_PREFIX_PATH=/home/robotica-dev/robotica_ws/install/serial:${AMENT_PREFIX_PATH} CMAKE_PREFIX_PATH=/home/robotica-dev/robotica_ws/install/serial:/home/robotica-dev/ros2_ws/install/udp_driver:/home/robotica-dev/ros2_ws/install/robotica_bringup:/home/robotica-dev/ros2_ws/install/topics_services:/home/robotica-dev/ros2_ws/install/topics:/home/robotica-dev/ros2_ws/install/serial_driver:/home/robotica-dev/ros2_ws/install/ros_head_control:/home/robotica-dev/ros2_ws/install/realsense2_description:/home/robotica-dev/ros2_ws/install/realsense2_camera:/home/robotica-dev/ros2_ws/install/realsense2_camera_msgs:/home/robotica-dev/ros2_ws/install/pantilt_bot_description:/home/robotica-dev/ros2_ws/install/open_manipulator_x_description:/home/robotica-dev/ros2_ws/install/io_context:/home/robotica-dev/ros2_ws/install/foxglove_bridge:/home/robotica-dev/ros2_ws/install/dynamixel_hardware:/home/robotica-dev/ros2_ws/install/asio_cmake_module:/home/robotica-dev/dev_ws/install/robotica_bringup:/home/robotica-dev/dev_ws/install/ros2_control_demo_example_2:/home/robotica-dev/dev_ws/install/my_bot:/home/robotica-dev/dev_ws/install/mpu6050driver:/home/robotica-dev/dev_ws/install/dynamixel_hardware:/home/robotica-dev/ros2_ws/install/ros_control:/home/robotica-dev/dev_ws/install/ros_control:/home/robotica-dev/dev_ws/install/pantilt_bot_description:/home/robotica-dev/dev_ws/install/open_manipulator_x_description:/opt/ros/humble LD_LIBRARY_PATH=/home/robotica-dev/robotica_ws/install/serial/lib:${LD_LIBRARY_PATH} /usr/bin/cmake --build /home/robotica-dev/robotica_ws/build/diffdrive_arduino -- -j4 -l4
