[0.025s] Invoking command in '/home/robotica-dev/robotica_ws/build/diffdrive_arduino': CMAKE_PREFIX_PATH=${CMAKE_PREFIX_PATH}:/home/robotica-dev/ros2_ws/install/ros_control:/home/robotica-dev/dev_ws/install/ros_control:/opt/ros/humble /usr/bin/cmake --build /home/robotica-dev/robotica_ws/build/diffdrive_arduino -- -j4 -l4
[0.298s] -- Found ament_cmake: 1.3.4 (/opt/ros/humble/share/ament_cmake/cmake)
[0.922s] -- Override CMake install command with custom implementation using symlinks instead of copying resources
[1.084s] -- Found hardware_interface: 2.26.0 (/opt/ros/humble/share/hardware_interface/cmake)
[1.472s] -- Found rosidl_generator_c: 3.1.4 (/opt/ros/humble/share/rosidl_generator_c/cmake)
[1.496s] -- Found rosidl_adapter: 3.1.4 (/opt/ros/humble/share/rosidl_adapter/cmake)
[1.538s] -- Found rosidl_generator_cpp: 3.1.4 (/opt/ros/humble/share/rosidl_generator_cpp/cmake)
[1.639s] -- Using all available rosidl_typesupport_c: rosidl_typesupport_fastrtps_c;rosidl_typesupport_introspection_c
[1.734s] -- Using all available rosidl_typesupport_cpp: rosidl_typesupport_fastrtps_cpp;rosidl_typesupport_introspection_cpp
[3.138s] -- Found rmw_implementation_cmake: 6.1.1 (/opt/ros/humble/share/rmw_implementation_cmake/cmake)
[3.176s] -- Found rmw_fastrtps_cpp: 6.2.2 (/opt/ros/humble/share/rmw_fastrtps_cpp/cmake)
[3.502s] -- Using RMW implementation 'rmw_fastrtps_cpp' as default
[4.075s] -- Found ament_cmake_gtest: 1.3.4 (/opt/ros/humble/share/ament_cmake_gtest/cmake)
[4.259s] -- Configuring done
[5.219s] -- Generating done
[5.222s] -- Build files have been written to: /home/robotica-dev/robotica_ws/build/diffdrive_arduino
[5.281s] [ 50%] [32mBuilding CXX object CMakeFiles/diffdrive_arduino.dir/hardware/diffbot_system.cpp.o[0m
[14.550s] [100%] [32m[1mLinking CXX shared library libdiffdrive_arduino.so[0m
[15.894s] [100%] Built target diffdrive_arduino
[15.907s] Invoked command in '/home/robotica-dev/robotica_ws/build/diffdrive_arduino' returned '0': CMAKE_PREFIX_PATH=${CMAKE_PREFIX_PATH}:/home/robotica-dev/ros2_ws/install/ros_control:/home/robotica-dev/dev_ws/install/ros_control:/opt/ros/humble /usr/bin/cmake --build /home/robotica-dev/robotica_ws/build/diffdrive_arduino -- -j4 -l4
[15.942s] Invoking command in '/home/robotica-dev/robotica_ws/build/diffdrive_arduino': CMAKE_PREFIX_PATH=${CMAKE_PREFIX_PATH}:/home/robotica-dev/ros2_ws/install/ros_control:/home/robotica-dev/dev_ws/install/ros_control:/opt/ros/humble /usr/bin/cmake --install /home/robotica-dev/robotica_ws/build/diffdrive_arduino
[15.950s] -- Install configuration: ""
[15.950s] -- Execute custom install script
[15.950s] -- Symlinking: /home/robotica-dev/robotica_ws/install/diffdrive_arduino/share/diffdrive_arduino//diffdrive_arduino.xml
[15.960s] -- Symlinking: /home/robotica-dev/robotica_ws/install/diffdrive_arduino/include/diffdrive_arduino/diffdrive_arduino/arduino_comms.hpp
[15.970s] -- Symlinking: /home/robotica-dev/robotica_ws/install/diffdrive_arduino/include/diffdrive_arduino/diffdrive_arduino/diffbot_system.hpp
[15.979s] -- Symlinking: /home/robotica-dev/robotica_ws/install/diffdrive_arduino/include/diffdrive_arduino/diffdrive_arduino/visibility_control.h
[15.988s] -- Symlinking: /home/robotica-dev/robotica_ws/install/diffdrive_arduino/include/diffdrive_arduino/diffdrive_arduino/wheel.hpp
[15.998s] -- Symlinking: /home/robotica-dev/robotica_ws/install/diffdrive_arduino/share/diffdrive_arduino/launch/view_robot.launch.py
[16.009s] -- Symlinking: /home/robotica-dev/robotica_ws/install/diffdrive_arduino/share/diffdrive_arduino/ros2_control/diffbot.ros2_control.xacro
[16.018s] -- Symlinking: /home/robotica-dev/robotica_ws/install/diffdrive_arduino/share/diffdrive_arduino/urdf/diffbot.materials.xacro
[16.027s] -- Symlinking: /home/robotica-dev/robotica_ws/install/diffdrive_arduino/share/diffdrive_arduino/urdf/diffbot.urdf.xacro
[16.037s] -- Symlinking: /home/robotica-dev/robotica_ws/install/diffdrive_arduino/share/diffdrive_arduino/urdf/diffbot_description.urdf.xacro
[16.046s] -- Symlinking: /home/robotica-dev/robotica_ws/install/diffdrive_arduino/share/diffdrive_arduino/rviz/diffbot.rviz
[16.056s] -- Symlinking: /home/robotica-dev/robotica_ws/install/diffdrive_arduino/share/diffdrive_arduino/rviz/diffbot_view.rviz
[16.065s] -- Symlinking: /home/robotica-dev/robotica_ws/install/diffdrive_arduino/share/diffdrive_arduino/launch/diffbot.launch.py
[16.075s] -- Symlinking: /home/robotica-dev/robotica_ws/install/diffdrive_arduino/share/diffdrive_arduino/config/diffbot_controllers.yaml
[16.084s] -- Symlinking: /home/robotica-dev/robotica_ws/install/diffdrive_arduino/share/diffdrive_arduino/environment/library_path.sh
[16.094s] -- Symlinking: /home/robotica-dev/robotica_ws/install/diffdrive_arduino/share/diffdrive_arduino/environment/library_path.dsv
[16.104s] -- Symlinking: /home/robotica-dev/robotica_ws/install/diffdrive_arduino/share/ament_index/resource_index/package_run_dependencies/diffdrive_arduino
[16.113s] -- Symlinking: /home/robotica-dev/robotica_ws/install/diffdrive_arduino/share/ament_index/resource_index/parent_prefix_path/diffdrive_arduino
[16.123s] -- Symlinking: /home/robotica-dev/robotica_ws/install/diffdrive_arduino/share/diffdrive_arduino/environment/ament_prefix_path.sh
[16.132s] -- Symlinking: /home/robotica-dev/robotica_ws/install/diffdrive_arduino/share/diffdrive_arduino/environment/ament_prefix_path.dsv
[16.142s] -- Symlinking: /home/robotica-dev/robotica_ws/install/diffdrive_arduino/share/diffdrive_arduino/environment/path.sh
[16.155s] -- Symlinking: /home/robotica-dev/robotica_ws/install/diffdrive_arduino/share/diffdrive_arduino/environment/path.dsv
[16.165s] -- Symlinking: /home/robotica-dev/robotica_ws/install/diffdrive_arduino/share/diffdrive_arduino/local_setup.bash
[16.174s] -- Symlinking: /home/robotica-dev/robotica_ws/install/diffdrive_arduino/share/diffdrive_arduino/local_setup.sh
[16.184s] -- Symlinking: /home/robotica-dev/robotica_ws/install/diffdrive_arduino/share/diffdrive_arduino/local_setup.zsh
[16.193s] -- Symlinking: /home/robotica-dev/robotica_ws/install/diffdrive_arduino/share/diffdrive_arduino/local_setup.dsv
[16.202s] -- Symlinking: /home/robotica-dev/robotica_ws/install/diffdrive_arduino/share/diffdrive_arduino/package.dsv
[16.213s] -- Symlinking: /home/robotica-dev/robotica_ws/install/diffdrive_arduino/share/ament_index/resource_index/packages/diffdrive_arduino
[16.222s] -- Symlinking: /home/robotica-dev/robotica_ws/install/diffdrive_arduino/share/ament_index/resource_index/hardware_interface__pluginlib__plugin/diffdrive_arduino
[16.232s] -- Symlinking: /home/robotica-dev/robotica_ws/install/diffdrive_arduino/share/diffdrive_arduino/cmake/ament_cmake_export_targets-extras.cmake
[16.241s] -- Symlinking: /home/robotica-dev/robotica_ws/install/diffdrive_arduino/share/diffdrive_arduino/cmake/ament_cmake_export_dependencies-extras.cmake
[16.250s] -- Symlinking: /home/robotica-dev/robotica_ws/install/diffdrive_arduino/share/diffdrive_arduino/cmake/diffdrive_arduinoConfig.cmake
[16.260s] -- Symlinking: /home/robotica-dev/robotica_ws/install/diffdrive_arduino/share/diffdrive_arduino/cmake/diffdrive_arduinoConfig-version.cmake
[16.269s] -- Symlinking: /home/robotica-dev/robotica_ws/install/diffdrive_arduino/share/diffdrive_arduino/package.xml
[16.279s] -- Installing: /home/robotica-dev/robotica_ws/install/diffdrive_arduino/lib/libdiffdrive_arduino.so
[16.280s] -- Set runtime path of "/home/robotica-dev/robotica_ws/install/diffdrive_arduino/lib/libdiffdrive_arduino.so" to ""
[16.280s] -- Installing: /home/robotica-dev/robotica_ws/install/diffdrive_arduino/share/diffdrive_arduino/cmake/export_diffdrive_arduinoExport.cmake
[16.280s] -- Installing: /home/robotica-dev/robotica_ws/install/diffdrive_arduino/share/diffdrive_arduino/cmake/export_diffdrive_arduinoExport-noconfig.cmake
[16.284s] Invoked command in '/home/robotica-dev/robotica_ws/build/diffdrive_arduino' returned '0': CMAKE_PREFIX_PATH=${CMAKE_PREFIX_PATH}:/home/robotica-dev/ros2_ws/install/ros_control:/home/robotica-dev/dev_ws/install/ros_control:/opt/ros/humble /usr/bin/cmake --install /home/robotica-dev/robotica_ws/build/diffdrive_arduino
