[0.085s] Invoking command in '/home/robotica-dev/robotica_ws/build/serial': CMAKE_PREFIX_PATH=${CMAKE_PREFIX_PATH}:/home/robotica-dev/ros2_ws/install/ros_control:/home/robotica-dev/dev_ws/install/ros_control:/opt/ros/humble /usr/bin/cmake --build /home/robotica-dev/robotica_ws/build/serial -- -j4 -l4
[1.452s] [ 14%] Built target gtest_main
[1.452s] [ 28%] Built target gtest
[1.491s] [ 57%] Built target serial
[1.546s] [ 71%] Built target serial-test-timer
[1.555s] [ 85%] Built target serial-test
[1.562s] [100%] Built target serial_example
[1.576s] Invoked command in '/home/robotica-dev/robotica_ws/build/serial' returned '0': CMAKE_PREFIX_PATH=${CMAKE_PREFIX_PATH}:/home/robotica-dev/ros2_ws/install/ros_control:/home/robotica-dev/dev_ws/install/ros_control:/opt/ros/humble /usr/bin/cmake --build /home/robotica-dev/robotica_ws/build/serial -- -j4 -l4
[1.636s] Invoking command in '/home/robotica-dev/robotica_ws/build/serial': CMAKE_PREFIX_PATH=${CMAKE_PREFIX_PATH}:/home/robotica-dev/ros2_ws/install/ros_control:/home/robotica-dev/dev_ws/install/ros_control:/opt/ros/humble /usr/bin/cmake --install /home/robotica-dev/robotica_ws/build/serial
[1.644s] -- Install configuration: ""
[1.644s] -- Up-to-date: /home/robotica-dev/robotica_ws/install/serial/lib/libserial.a
[1.645s] -- Up-to-date: /home/robotica-dev/robotica_ws/install/serial/include/serial/serial.h
[1.645s] -- Up-to-date: /home/robotica-dev/robotica_ws/install/serial/include/serial/v8stdint.h
[1.645s] -- Up-to-date: /home/robotica-dev/robotica_ws/install/serial/share/serial/environment/library_path.sh
[1.646s] -- Up-to-date: /home/robotica-dev/robotica_ws/install/serial/share/serial/environment/library_path.dsv
[1.646s] -- Up-to-date: /home/robotica-dev/robotica_ws/install/serial/share/ament_index/resource_index/package_run_dependencies/serial
[1.646s] -- Up-to-date: /home/robotica-dev/robotica_ws/install/serial/share/ament_index/resource_index/parent_prefix_path/serial
[1.646s] -- Up-to-date: /home/robotica-dev/robotica_ws/install/serial/share/serial/environment/ament_prefix_path.sh
[1.646s] -- Up-to-date: /home/robotica-dev/robotica_ws/install/serial/share/serial/environment/ament_prefix_path.dsv
[1.647s] -- Up-to-date: /home/robotica-dev/robotica_ws/install/serial/share/serial/environment/path.sh
[1.647s] -- Up-to-date: /home/robotica-dev/robotica_ws/install/serial/share/serial/environment/path.dsv
[1.647s] -- Up-to-date: /home/robotica-dev/robotica_ws/install/serial/share/serial/local_setup.bash
[1.647s] -- Up-to-date: /home/robotica-dev/robotica_ws/install/serial/share/serial/local_setup.sh
[1.647s] -- Up-to-date: /home/robotica-dev/robotica_ws/install/serial/share/serial/local_setup.zsh
[1.647s] -- Up-to-date: /home/robotica-dev/robotica_ws/install/serial/share/serial/local_setup.dsv
[1.647s] -- Installing: /home/robotica-dev/robotica_ws/install/serial/share/serial/package.dsv
[1.647s] -- Up-to-date: /home/robotica-dev/robotica_ws/install/serial/share/ament_index/resource_index/packages/serial
[1.647s] -- Up-to-date: /home/robotica-dev/robotica_ws/install/serial/share/serial/cmake/ament_cmake_export_include_directories-extras.cmake
[1.647s] -- Up-to-date: /home/robotica-dev/robotica_ws/install/serial/share/serial/cmake/ament_cmake_export_libraries-extras.cmake
[1.647s] -- Up-to-date: /home/robotica-dev/robotica_ws/install/serial/share/serial/cmake/serialConfig.cmake
[1.647s] -- Up-to-date: /home/robotica-dev/robotica_ws/install/serial/share/serial/cmake/serialConfig-version.cmake
[1.647s] -- Up-to-date: /home/robotica-dev/robotica_ws/install/serial/share/serial/package.xml
[1.650s] Invoked command in '/home/robotica-dev/robotica_ws/build/serial' returned '0': CMAKE_PREFIX_PATH=${CMAKE_PREFIX_PATH}:/home/robotica-dev/ros2_ws/install/ros_control:/home/robotica-dev/dev_ws/install/ros_control:/opt/ros/humble /usr/bin/cmake --install /home/robotica-dev/robotica_ws/build/serial
