[0.030s] Invoking command in '/home/robotica-dev/robotica_ws/build/serial': CMAKE_PREFIX_PATH=${CMAKE_PREFIX_PATH}:/home/robotica-dev/robotica_ws/install/ros_control:/opt/ros/humble /usr/bin/cmake --build /home/robotica-dev/robotica_ws/build/serial -- -j4 -l4
[0.118s] [ 28%] Built target serial
[0.139s] [ 42%] Built target gtest_main
[0.144s] [ 57%] Built target gtest
[0.179s] [ 71%] Built target serial_example
[0.182s] [ 85%] Built target serial-test
[0.190s] [100%] Built target serial-test-timer
[0.205s] Invoked command in '/home/robotica-dev/robotica_ws/build/serial' returned '0': CMAKE_PREFIX_PATH=${CMAKE_PREFIX_PATH}:/home/robotica-dev/robotica_ws/install/ros_control:/opt/ros/humble /usr/bin/cmake --build /home/robotica-dev/robotica_ws/build/serial -- -j4 -l4
[0.261s] Invoking command in '/home/robotica-dev/robotica_ws/build/serial': CMAKE_PREFIX_PATH=${CMAKE_PREFIX_PATH}:/home/robotica-dev/robotica_ws/install/ros_control:/opt/ros/humble /usr/bin/cmake --install /home/robotica-dev/robotica_ws/build/serial
[0.273s] -- Install configuration: ""
[0.273s] -- Execute custom install script
[0.273s] -- Up-to-date symlink: /home/robotica-dev/robotica_ws/install/serial/lib/libserial.a
[0.273s] -- Up-to-date symlink: /home/robotica-dev/robotica_ws/install/serial/include/serial/serial.h
[0.276s] -- Up-to-date symlink: /home/robotica-dev/robotica_ws/install/serial/include/serial/v8stdint.h
[0.276s] -- Up-to-date symlink: /home/robotica-dev/robotica_ws/install/serial/share/serial/environment/library_path.sh
[0.276s] -- Up-to-date symlink: /home/robotica-dev/robotica_ws/install/serial/share/serial/environment/library_path.dsv
[0.276s] -- Up-to-date symlink: /home/robotica-dev/robotica_ws/install/serial/share/ament_index/resource_index/package_run_dependencies/serial
[0.276s] -- Up-to-date symlink: /home/robotica-dev/robotica_ws/install/serial/share/ament_index/resource_index/parent_prefix_path/serial
[0.277s] -- Up-to-date symlink: /home/robotica-dev/robotica_ws/install/serial/share/serial/environment/ament_prefix_path.sh
[0.277s] -- Up-to-date symlink: /home/robotica-dev/robotica_ws/install/serial/share/serial/environment/ament_prefix_path.dsv
[0.277s] -- Up-to-date symlink: /home/robotica-dev/robotica_ws/install/serial/share/serial/environment/path.sh
[0.277s] -- Up-to-date symlink: /home/robotica-dev/robotica_ws/install/serial/share/serial/environment/path.dsv
[0.277s] -- Up-to-date symlink: /home/robotica-dev/robotica_ws/install/serial/share/serial/local_setup.bash
[0.277s] -- Up-to-date symlink: /home/robotica-dev/robotica_ws/install/serial/share/serial/local_setup.sh
[0.277s] -- Up-to-date symlink: /home/robotica-dev/robotica_ws/install/serial/share/serial/local_setup.zsh
[0.277s] -- Up-to-date symlink: /home/robotica-dev/robotica_ws/install/serial/share/serial/local_setup.dsv
[0.277s] -- Symlinking: /home/robotica-dev/robotica_ws/install/serial/share/serial/package.dsv
[0.285s] -- Up-to-date symlink: /home/robotica-dev/robotica_ws/install/serial/share/ament_index/resource_index/packages/serial
[0.285s] -- Up-to-date symlink: /home/robotica-dev/robotica_ws/install/serial/share/serial/cmake/ament_cmake_export_include_directories-extras.cmake
[0.289s] -- Up-to-date symlink: /home/robotica-dev/robotica_ws/install/serial/share/serial/cmake/ament_cmake_export_libraries-extras.cmake
[0.289s] -- Up-to-date symlink: /home/robotica-dev/robotica_ws/install/serial/share/serial/cmake/serialConfig.cmake
[0.289s] -- Up-to-date symlink: /home/robotica-dev/robotica_ws/install/serial/share/serial/cmake/serialConfig-version.cmake
[0.289s] -- Up-to-date symlink: /home/robotica-dev/robotica_ws/install/serial/share/serial/package.xml
[0.302s] Invoked command in '/home/robotica-dev/robotica_ws/build/serial' returned '0': CMAKE_PREFIX_PATH=${CMAKE_PREFIX_PATH}:/home/robotica-dev/robotica_ws/install/ros_control:/opt/ros/humble /usr/bin/cmake --install /home/robotica-dev/robotica_ws/build/serial
