[0.727s] Invoking command in '/home/robotica-dev/robotica_ws/build/ros_control': CMAKE_PREFIX_PATH=/home/robotica-dev/robotica_ws/install/topics_services:/home/robotica-dev/ros2_control_ws/install/serial:/home/robotica-dev/ros2_control_ws/install/ros2_control_demos:/home/robotica-dev/ros2_control_ws/install/ros2_control_demo_example_8:/home/robotica-dev/ros2_control_ws/install/ros2_control_demo_example_6:/home/robotica-dev/ros2_control_ws/install/ros2_control_demo_example_5:/home/robotica-dev/ros2_control_ws/install/ros2_control_demo_example_4:/home/robotica-dev/ros2_control_ws/install/ros2_control_demo_example_3:/home/robotica-dev/ros2_control_ws/install/ros2_control_demo_example_2:/home/robotica-dev/ros2_control_ws/install/ros2_control_demo_example_1:/home/robotica-dev/robotica_ws/install/robotica_bringup:/home/robotica-dev/robotica_ws/install/serial:/home/robotica-dev/robotica_ws/install/robotica_control_servo:/home/robotica-dev/robotica_ws/install/pantilt_bot_description:/home/robotica-dev/robotica_ws/install/open_manipulator_x_description:/home/robotica-dev/robotica_ws/install/mpu6050driver:/home/robotica-dev/robotica_ws/install/dynamixel_hardware:/home/robotica-dev/robotica_ws/install/diffdrive_arduino LD_LIBRARY_PATH=/home/robotica-dev/robotica_ws/install/topics_services/lib:/home/robotica-dev/ros2_control_ws/install/serial/lib:/home/robotica-dev/ros2_control_ws/install/ros2_control_demo_example_8/lib:/home/robotica-dev/ros2_control_ws/install/ros2_control_demo_example_6/lib:/home/robotica-dev/ros2_control_ws/install/ros2_control_demo_example_5/lib:/home/robotica-dev/ros2_control_ws/install/ros2_control_demo_example_4/lib:/home/robotica-dev/ros2_control_ws/install/ros2_control_demo_example_3/lib:/home/robotica-dev/ros2_control_ws/install/ros2_control_demo_example_2/lib:/home/robotica-dev/ros2_control_ws/install/ros2_control_demo_example_1/lib:/home/robotica-dev/robotica_ws/install/serial/lib:/home/robotica-dev/robotica_ws/install/dynamixel_hardware/lib:/home/robotica-dev/robotica_ws/install/diffdrive_arduino/lib:/opt/ros/humble/opt/rviz_ogre_vendor/lib:/opt/ros/humble/lib/x86_64-linux-gnu:/opt/ros/humble/lib PYTHONPATH=/home/robotica-dev/robotica_ws/build/ros_control/prefix_override:/home/robotica-dev/robotica_ws/install/ros_control/lib/python3.10/site-packages:${PYTHONPATH} /usr/bin/python3 setup.py develop --editable --build-directory /home/robotica-dev/robotica_ws/build/ros_control/build --no-deps install_data
[1.016s] running develop
[1.212s] running egg_info
[1.212s] writing ros_control.egg-info/PKG-INFO
[1.212s] writing dependency_links to ros_control.egg-info/dependency_links.txt
[1.212s] writing entry points to ros_control.egg-info/entry_points.txt
[1.212s] writing requirements to ros_control.egg-info/requires.txt
[1.212s] writing top-level names to ros_control.egg-info/top_level.txt
[1.215s] reading manifest file 'ros_control.egg-info/SOURCES.txt'
[1.215s] writing manifest file 'ros_control.egg-info/SOURCES.txt'
[1.217s] running build_ext
[1.217s] Creating /home/robotica-dev/robotica_ws/install/ros_control/lib/python3.10/site-packages/ros-control.egg-link (link to .)
[1.218s] Installing RandomData script to /home/robotica-dev/robotica_ws/install/ros_control/lib/ros_control
[1.218s] Installing RealSense script to /home/robotica-dev/robotica_ws/install/ros_control/lib/ros_control
[1.218s] Installing Telemetric script to /home/robotica-dev/robotica_ws/install/ros_control/lib/ros_control
[1.219s] Installing serial_input script to /home/robotica-dev/robotica_ws/install/ros_control/lib/ros_control
[1.219s] Installing servo_control script to /home/robotica-dev/robotica_ws/install/ros_control/lib/ros_control
[1.219s] 
[1.219s] Installed /home/robotica-dev/robotica_ws/build/ros_control
[1.219s] running install_data
[1.260s] Invoked command in '/home/robotica-dev/robotica_ws/build/ros_control' returned '0': CMAKE_PREFIX_PATH=/home/robotica-dev/robotica_ws/install/topics_services:/home/robotica-dev/ros2_control_ws/install/serial:/home/robotica-dev/ros2_control_ws/install/ros2_control_demos:/home/robotica-dev/ros2_control_ws/install/ros2_control_demo_example_8:/home/robotica-dev/ros2_control_ws/install/ros2_control_demo_example_6:/home/robotica-dev/ros2_control_ws/install/ros2_control_demo_example_5:/home/robotica-dev/ros2_control_ws/install/ros2_control_demo_example_4:/home/robotica-dev/ros2_control_ws/install/ros2_control_demo_example_3:/home/robotica-dev/ros2_control_ws/install/ros2_control_demo_example_2:/home/robotica-dev/ros2_control_ws/install/ros2_control_demo_example_1:/home/robotica-dev/robotica_ws/install/robotica_bringup:/home/robotica-dev/robotica_ws/install/serial:/home/robotica-dev/robotica_ws/install/robotica_control_servo:/home/robotica-dev/robotica_ws/install/pantilt_bot_description:/home/robotica-dev/robotica_ws/install/open_manipulator_x_description:/home/robotica-dev/robotica_ws/install/mpu6050driver:/home/robotica-dev/robotica_ws/install/dynamixel_hardware:/home/robotica-dev/robotica_ws/install/diffdrive_arduino LD_LIBRARY_PATH=/home/robotica-dev/robotica_ws/install/topics_services/lib:/home/robotica-dev/ros2_control_ws/install/serial/lib:/home/robotica-dev/ros2_control_ws/install/ros2_control_demo_example_8/lib:/home/robotica-dev/ros2_control_ws/install/ros2_control_demo_example_6/lib:/home/robotica-dev/ros2_control_ws/install/ros2_control_demo_example_5/lib:/home/robotica-dev/ros2_control_ws/install/ros2_control_demo_example_4/lib:/home/robotica-dev/ros2_control_ws/install/ros2_control_demo_example_3/lib:/home/robotica-dev/ros2_control_ws/install/ros2_control_demo_example_2/lib:/home/robotica-dev/ros2_control_ws/install/ros2_control_demo_example_1/lib:/home/robotica-dev/robotica_ws/install/serial/lib:/home/robotica-dev/robotica_ws/install/dynamixel_hardware/lib:/home/robotica-dev/robotica_ws/install/diffdrive_arduino/lib:/opt/ros/humble/opt/rviz_ogre_vendor/lib:/opt/ros/humble/lib/x86_64-linux-gnu:/opt/ros/humble/lib PYTHONPATH=/home/robotica-dev/robotica_ws/build/ros_control/prefix_override:/home/robotica-dev/robotica_ws/install/ros_control/lib/python3.10/site-packages:${PYTHONPATH} /usr/bin/python3 setup.py develop --editable --build-directory /home/robotica-dev/robotica_ws/build/ros_control/build --no-deps install_data
