[0.067s] Invoking command in '/home/robotica-dev/robotica_ws/build/topics_services': CMAKE_PREFIX_PATH=${CMAKE_PREFIX_PATH}:/opt/ros/humble /usr/bin/cmake /home/robotica-dev/robotica_ws/src/topics_services -DAMENT_CMAKE_SYMLINK_INSTALL=1 -DCMAKE_INSTALL_PREFIX=/home/robotica-dev/robotica_ws/install/topics_services
[3.058s] -- The C compiler identification is GNU 11.3.0
[3.983s] -- The CXX compiler identification is GNU 11.3.0
[4.093s] -- Detecting C compiler ABI info
[4.546s] -- Detecting C compiler ABI info - done
[4.555s] -- Check for working C compiler: /usr/bin/cc - skipped
[4.556s] -- Detecting C compile features
[4.580s] -- Detecting C compile features - done
[4.594s] -- Detecting CXX compiler ABI info
[4.880s] -- Detecting CXX compiler ABI info - done
[4.887s] -- Check for working CXX compiler: /usr/bin/c++ - skipped
[4.888s] -- Detecting CXX compile features
[4.888s] -- Detecting CXX compile features - done
[4.935s] -- Found ament_cmake: 1.3.4 (/opt/ros/humble/share/ament_cmake/cmake)
[5.372s] -- Found Python3: /usr/bin/python3.10 (found version "3.10.6") found components: Interpreter 
[5.491s] -- Override CMake install command with custom implementation using symlinks instead of copying resources
[5.668s] -- Found rclcpp: 16.0.4 (/opt/ros/humble/share/rclcpp/cmake)
[6.089s] -- Found rosidl_generator_c: 3.1.4 (/opt/ros/humble/share/rosidl_generator_c/cmake)
[6.131s] -- Found rosidl_adapter: 3.1.4 (/opt/ros/humble/share/rosidl_adapter/cmake)
[6.196s] -- Found rosidl_generator_cpp: 3.1.4 (/opt/ros/humble/share/rosidl_generator_cpp/cmake)
[6.298s] -- Using all available rosidl_typesupport_c: rosidl_typesupport_fastrtps_c;rosidl_typesupport_introspection_c
[6.465s] -- Using all available rosidl_typesupport_cpp: rosidl_typesupport_fastrtps_cpp;rosidl_typesupport_introspection_cpp
[6.721s] -- Found rmw_implementation_cmake: 6.1.1 (/opt/ros/humble/share/rmw_implementation_cmake/cmake)
[6.744s] -- Found rmw_fastrtps_cpp: 6.2.2 (/opt/ros/humble/share/rmw_fastrtps_cpp/cmake)
[7.335s] -- Found OpenSSL: /usr/lib/x86_64-linux-gnu/libcrypto.so (found version "3.0.2")  
[7.509s] -- Found FastRTPS: /opt/ros/humble/include  
[7.614s] -- Using RMW implementation 'rmw_fastrtps_cpp' as default
[7.702s] -- Looking for pthread.h
[7.993s] -- Looking for pthread.h - found
[7.994s] -- Performing Test CMAKE_HAVE_LIBC_PTHREAD
[8.101s] -- Performing Test CMAKE_HAVE_LIBC_PTHREAD - Success
[8.102s] -- Found Threads: TRUE  
[8.630s] -- Found rosidl_default_generators: 1.2.0 (/opt/ros/humble/share/rosidl_default_generators/cmake)
[9.248s] -- Found ament_cmake_ros: 0.10.0 (/opt/ros/humble/share/ament_cmake_ros/cmake)
[9.858s] -- Using all available rosidl_typesupport_c: rosidl_typesupport_fastrtps_c;rosidl_typesupport_introspection_c
[10.000s] -- Using all available rosidl_typesupport_cpp: rosidl_typesupport_fastrtps_cpp;rosidl_typesupport_introspection_cpp
[10.093s] -- Found PythonInterp: /usr/bin/python3 (found suitable version "3.10.6", minimum required is "3.6") 
[10.121s] -- Found python_cmake_module: 0.10.0 (/opt/ros/humble/share/python_cmake_module/cmake)
[10.225s] -- Found PythonLibs: /usr/lib/x86_64-linux-gnu/libpython3.10.so (found suitable version "3.10.6", minimum required is "3.5") 
[10.225s] -- Using PYTHON_EXECUTABLE: /usr/bin/python3
[10.225s] -- Using PYTHON_INCLUDE_DIRS: /usr/include/python3.10
[10.225s] -- Using PYTHON_LIBRARIES: /usr/lib/x86_64-linux-gnu/libpython3.10.so
[10.247s] -- Found PythonExtra: .so  
[10.382s] -- Found ament_lint_auto: 0.12.6 (/opt/ros/humble/share/ament_lint_auto/cmake)
[10.576s] -- Added test 'lint_cmake' to check CMake code style
[10.590s] -- Added test 'xmllint' to check XML markup files
[10.616s] -- Configuring done
[10.703s] -- Generating done
[10.706s] -- Build files have been written to: /home/robotica-dev/robotica_ws/build/topics_services
[10.719s] Invoked command in '/home/robotica-dev/robotica_ws/build/topics_services' returned '0': CMAKE_PREFIX_PATH=${CMAKE_PREFIX_PATH}:/opt/ros/humble /usr/bin/cmake /home/robotica-dev/robotica_ws/src/topics_services -DAMENT_CMAKE_SYMLINK_INSTALL=1 -DCMAKE_INSTALL_PREFIX=/home/robotica-dev/robotica_ws/install/topics_services
[10.721s] Invoking command in '/home/robotica-dev/robotica_ws/build/topics_services': CMAKE_PREFIX_PATH=${CMAKE_PREFIX_PATH}:/opt/ros/humble /usr/bin/cmake --build /home/robotica-dev/robotica_ws/build/topics_services -- -j4 -l4
[10.765s] [  2%] [34m[1mGenerating C code for ROS interfaces[0m
[10.792s] [  4%] [34m[1mGenerating C++ code for ROS interfaces[0m
[10.810s] [  4%] Built target ament_cmake_python_symlink_topics_services
[11.180s] running egg_info
[11.181s] creating topics_services.egg-info
[11.182s] writing topics_services.egg-info/PKG-INFO
[11.182s] writing dependency_links to topics_services.egg-info/dependency_links.txt
[11.182s] writing top-level names to topics_services.egg-info/top_level.txt
[11.183s] writing manifest file 'topics_services.egg-info/SOURCES.txt'
[11.213s] reading manifest file 'topics_services.egg-info/SOURCES.txt'
[11.213s] writing manifest file 'topics_services.egg-info/SOURCES.txt'
[11.245s] [  4%] Built target ament_cmake_python_build_topics_services_egg
[11.361s] [  6%] [32mBuilding C object CMakeFiles/topics_services__rosidl_generator_c.dir/rosidl_generator_c/topics_services/msg/detail/servo_data__functions.c.o[0m
[11.371s] [  8%] [32mBuilding C object CMakeFiles/topics_services__rosidl_generator_c.dir/rosidl_generator_c/topics_services/msg/detail/telemetric__functions.c.o[0m
[11.382s] [ 10%] [32mBuilding C object CMakeFiles/topics_services__rosidl_generator_c.dir/rosidl_generator_c/topics_services/msg/detail/random_data__functions.c.o[0m
[11.447s] [ 10%] Built target topics_services__cpp
[11.458s] [ 12%] [34m[1mGenerating C++ type support dispatch for ROS interfaces[0m
[11.571s] [ 14%] [34m[1mGenerating C++ type support for eProsima Fast-RTPS[0m
[11.572s] [ 17%] [34m[1mGenerating C++ introspection for ROS interfaces[0m
[11.692s] [ 19%] [32m[1mLinking C shared library libtopics_services__rosidl_generator_c.so[0m
[11.846s] [ 19%] Built target topics_services__rosidl_generator_c
[11.858s] [ 21%] [34m[1mGenerating C type support for eProsima Fast-RTPS[0m
[11.896s] [ 23%] [32mBuilding CXX object CMakeFiles/topics_services__rosidl_typesupport_cpp.dir/rosidl_typesupport_cpp/topics_services/msg/servo_data__type_support.cpp.o[0m
[12.114s] [ 25%] [32mBuilding CXX object CMakeFiles/topics_services__rosidl_typesupport_fastrtps_cpp.dir/rosidl_typesupport_fastrtps_cpp/topics_services/msg/detail/dds_fastrtps/servo_data__type_support.cpp.o[0m
[12.248s] [ 27%] [32mBuilding CXX object CMakeFiles/topics_services__rosidl_typesupport_introspection_cpp.dir/rosidl_typesupport_introspection_cpp/topics_services/msg/detail/servo_data__type_support.cpp.o[0m
[12.344s] [ 29%] [32mBuilding CXX object CMakeFiles/topics_services__rosidl_typesupport_cpp.dir/rosidl_typesupport_cpp/topics_services/msg/telemetric__type_support.cpp.o[0m
[12.679s] [ 31%] [32mBuilding CXX object CMakeFiles/topics_services__rosidl_typesupport_fastrtps_c.dir/rosidl_typesupport_fastrtps_c/topics_services/msg/detail/servo_data__type_support_c.cpp.o[0m
[12.737s] [ 34%] [32mBuilding CXX object CMakeFiles/topics_services__rosidl_typesupport_cpp.dir/rosidl_typesupport_cpp/topics_services/msg/random_data__type_support.cpp.o[0m
[12.802s] [ 36%] [32mBuilding CXX object CMakeFiles/topics_services__rosidl_typesupport_introspection_cpp.dir/rosidl_typesupport_introspection_cpp/topics_services/msg/detail/telemetric__type_support.cpp.o[0m
[12.812s] [ 38%] [32mBuilding CXX object CMakeFiles/topics_services__rosidl_typesupport_fastrtps_cpp.dir/rosidl_typesupport_fastrtps_cpp/topics_services/msg/detail/dds_fastrtps/telemetric__type_support.cpp.o[0m
[13.035s] [ 40%] [32m[1mLinking CXX shared library libtopics_services__rosidl_typesupport_cpp.so[0m
[13.136s] [ 40%] Built target topics_services__rosidl_typesupport_cpp
[13.170s] [ 42%] [32mBuilding CXX object CMakeFiles/topics_services__rosidl_typesupport_fastrtps_c.dir/rosidl_typesupport_fastrtps_c/topics_services/msg/detail/telemetric__type_support_c.cpp.o[0m
[13.404s] [ 44%] [32mBuilding CXX object CMakeFiles/topics_services__rosidl_typesupport_fastrtps_cpp.dir/rosidl_typesupport_fastrtps_cpp/topics_services/msg/detail/dds_fastrtps/random_data__type_support.cpp.o[0m
[13.415s] [ 46%] [34m[1mGenerating C introspection for ROS interfaces[0m
[13.519s] [ 48%] [32mBuilding CXX object CMakeFiles/topics_services__rosidl_typesupport_introspection_cpp.dir/rosidl_typesupport_introspection_cpp/topics_services/msg/detail/random_data__type_support.cpp.o[0m
[13.919s] [ 51%] [32mBuilding CXX object CMakeFiles/topics_services__rosidl_typesupport_fastrtps_c.dir/rosidl_typesupport_fastrtps_c/topics_services/msg/detail/random_data__type_support_c.cpp.o[0m
[13.972s] [ 53%] [32m[1mLinking CXX shared library libtopics_services__rosidl_typesupport_fastrtps_cpp.so[0m
[14.105s] [ 55%] [32mBuilding C object CMakeFiles/topics_services__rosidl_typesupport_introspection_c.dir/rosidl_typesupport_introspection_c/topics_services/msg/detail/servo_data__type_support.c.o[0m
[14.120s] [ 57%] [32m[1mLinking CXX shared library libtopics_services__rosidl_typesupport_introspection_cpp.so[0m
[14.169s] [ 59%] [32mBuilding C object CMakeFiles/topics_services__rosidl_typesupport_introspection_c.dir/rosidl_typesupport_introspection_c/topics_services/msg/detail/telemetric__type_support.c.o[0m
[14.171s] [ 59%] Built target topics_services__rosidl_typesupport_fastrtps_cpp
[14.189s] [ 61%] [34m[1mGenerating C type support dispatch for ROS interfaces[0m
[14.252s] [ 63%] [32mBuilding C object CMakeFiles/topics_services__rosidl_typesupport_introspection_c.dir/rosidl_typesupport_introspection_c/topics_services/msg/detail/random_data__type_support.c.o[0m
[14.263s] [ 63%] Built target topics_services__rosidl_typesupport_introspection_cpp
[14.301s] [ 65%] [32m[1mLinking C shared library libtopics_services__rosidl_typesupport_introspection_c.so[0m
[14.334s] [ 65%] Built target topics_services__rosidl_typesupport_introspection_c
[14.351s] [ 68%] [32m[1mLinking CXX shared library libtopics_services__rosidl_typesupport_fastrtps_c.so[0m
[14.454s] [ 68%] Built target topics_services__rosidl_typesupport_fastrtps_c
[14.625s] [ 70%] [32mBuilding CXX object CMakeFiles/topics_services__rosidl_typesupport_c.dir/rosidl_typesupport_c/topics_services/msg/servo_data__type_support.cpp.o[0m
[14.626s] [ 72%] [32mBuilding CXX object CMakeFiles/topics_services__rosidl_typesupport_c.dir/rosidl_typesupport_c/topics_services/msg/telemetric__type_support.cpp.o[0m
[14.634s] [ 74%] [32mBuilding CXX object CMakeFiles/topics_services__rosidl_typesupport_c.dir/rosidl_typesupport_c/topics_services/msg/random_data__type_support.cpp.o[0m
[14.679s] [ 76%] [32m[1mLinking CXX shared library libtopics_services__rosidl_typesupport_c.so[0m
[14.724s] [ 76%] Built target topics_services__rosidl_typesupport_c
[14.746s] [ 76%] Built target topics_services
[14.767s] [ 78%] [34m[1mGenerating Python code for ROS interfaces[0m
[15.466s] [ 78%] Built target topics_services__py
[15.487s] [ 82%] [32mBuilding C object CMakeFiles/topics_services__rosidl_generator_py.dir/rosidl_generator_py/topics_services/msg/_servo_data_s.c.o[0m
[15.487s] [ 82%] [32mBuilding C object CMakeFiles/topics_services__rosidl_generator_py.dir/rosidl_generator_py/topics_services/msg/_telemetric_s.c.o[0m
[15.489s] [ 85%] [32mBuilding C object CMakeFiles/topics_services__rosidl_generator_py.dir/rosidl_generator_py/topics_services/msg/_random_data_s.c.o[0m
[16.024s] [ 87%] [32m[1mLinking C shared library rosidl_generator_py/topics_services/libtopics_services__rosidl_generator_py.so[0m
[16.065s] [ 87%] Built target topics_services__rosidl_generator_py
[16.086s] [ 89%] [32mBuilding C object CMakeFiles/topics_services__rosidl_typesupport_c__pyext.dir/rosidl_generator_py/topics_services/_topics_services_s.ep.rosidl_typesupport_c.c.o[0m
[16.087s] [ 91%] [32mBuilding C object CMakeFiles/topics_services__rosidl_typesupport_fastrtps_c__pyext.dir/rosidl_generator_py/topics_services/_topics_services_s.ep.rosidl_typesupport_fastrtps_c.c.o[0m
[16.092s] [ 93%] [32mBuilding C object CMakeFiles/topics_services__rosidl_typesupport_introspection_c__pyext.dir/rosidl_generator_py/topics_services/_topics_services_s.ep.rosidl_typesupport_introspection_c.c.o[0m
[16.210s] [ 95%] [32m[1mLinking C shared library rosidl_generator_py/topics_services/topics_services_s__rosidl_typesupport_c.cpython-310-x86_64-linux-gnu.so[0m
[16.220s] [ 97%] [32m[1mLinking C shared library rosidl_generator_py/topics_services/topics_services_s__rosidl_typesupport_introspection_c.cpython-310-x86_64-linux-gnu.so[0m
[16.235s] [100%] [32m[1mLinking C shared library rosidl_generator_py/topics_services/topics_services_s__rosidl_typesupport_fastrtps_c.cpython-310-x86_64-linux-gnu.so[0m
[16.277s] [100%] Built target topics_services__rosidl_typesupport_c__pyext
[16.286s] [100%] Built target topics_services__rosidl_typesupport_fastrtps_c__pyext
[16.291s] [100%] Built target topics_services__rosidl_typesupport_introspection_c__pyext
[16.305s] Invoked command in '/home/robotica-dev/robotica_ws/build/topics_services' returned '0': CMAKE_PREFIX_PATH=${CMAKE_PREFIX_PATH}:/opt/ros/humble /usr/bin/cmake --build /home/robotica-dev/robotica_ws/build/topics_services -- -j4 -l4
[16.431s] Invoking command in '/home/robotica-dev/robotica_ws/build/topics_services': CMAKE_PREFIX_PATH=${CMAKE_PREFIX_PATH}:/opt/ros/humble /usr/bin/cmake --install /home/robotica-dev/robotica_ws/build/topics_services
[16.439s] -- Install configuration: ""
[16.440s] -- Execute custom install script
[16.440s] -- Symlinking: /home/robotica-dev/robotica_ws/install/topics_services/share/ament_index/resource_index/rosidl_interfaces/topics_services
[16.450s] -- Symlinking: /home/robotica-dev/robotica_ws/install/topics_services/include/topics_services/topics_services/msg/detail/random_data__functions.h
[16.459s] -- Symlinking: /home/robotica-dev/robotica_ws/install/topics_services/include/topics_services/topics_services/msg/detail/random_data__struct.h
[16.468s] -- Symlinking: /home/robotica-dev/robotica_ws/install/topics_services/include/topics_services/topics_services/msg/detail/random_data__type_support.h
[16.477s] -- Symlinking: /home/robotica-dev/robotica_ws/install/topics_services/include/topics_services/topics_services/msg/detail/servo_data__functions.h
[16.487s] -- Symlinking: /home/robotica-dev/robotica_ws/install/topics_services/include/topics_services/topics_services/msg/detail/servo_data__struct.h
[16.496s] -- Symlinking: /home/robotica-dev/robotica_ws/install/topics_services/include/topics_services/topics_services/msg/detail/servo_data__type_support.h
[16.505s] -- Symlinking: /home/robotica-dev/robotica_ws/install/topics_services/include/topics_services/topics_services/msg/detail/telemetric__functions.h
[16.518s] -- Symlinking: /home/robotica-dev/robotica_ws/install/topics_services/include/topics_services/topics_services/msg/detail/telemetric__struct.h
[16.524s] -- Symlinking: /home/robotica-dev/robotica_ws/install/topics_services/include/topics_services/topics_services/msg/detail/telemetric__type_support.h
[16.533s] -- Symlinking: /home/robotica-dev/robotica_ws/install/topics_services/include/topics_services/topics_services/msg/random_data.h
[16.542s] -- Symlinking: /home/robotica-dev/robotica_ws/install/topics_services/include/topics_services/topics_services/msg/rosidl_generator_c__visibility_control.h
[16.552s] -- Symlinking: /home/robotica-dev/robotica_ws/install/topics_services/include/topics_services/topics_services/msg/servo_data.h
[16.562s] -- Symlinking: /home/robotica-dev/robotica_ws/install/topics_services/include/topics_services/topics_services/msg/telemetric.h
[16.571s] -- Symlinking: /home/robotica-dev/robotica_ws/install/topics_services/share/topics_services/environment/library_path.sh
[16.580s] -- Symlinking: /home/robotica-dev/robotica_ws/install/topics_services/share/topics_services/environment/library_path.dsv
[16.590s] -- Symlinking: /home/robotica-dev/robotica_ws/install/topics_services/include/topics_services/topics_services/msg/detail/random_data__rosidl_typesupport_fastrtps_c.h
[16.599s] -- Symlinking: /home/robotica-dev/robotica_ws/install/topics_services/include/topics_services/topics_services/msg/detail/servo_data__rosidl_typesupport_fastrtps_c.h
[16.607s] -- Symlinking: /home/robotica-dev/robotica_ws/install/topics_services/include/topics_services/topics_services/msg/detail/telemetric__rosidl_typesupport_fastrtps_c.h
[16.616s] -- Symlinking: /home/robotica-dev/robotica_ws/install/topics_services/include/topics_services/topics_services/msg/rosidl_typesupport_fastrtps_c__visibility_control.h
[16.624s] -- Symlinking: /home/robotica-dev/robotica_ws/install/topics_services/include/topics_services/topics_services/msg/detail/random_data__builder.hpp
[16.633s] -- Symlinking: /home/robotica-dev/robotica_ws/install/topics_services/include/topics_services/topics_services/msg/detail/random_data__struct.hpp
[16.642s] -- Symlinking: /home/robotica-dev/robotica_ws/install/topics_services/include/topics_services/topics_services/msg/detail/random_data__traits.hpp
[16.650s] -- Symlinking: /home/robotica-dev/robotica_ws/install/topics_services/include/topics_services/topics_services/msg/detail/servo_data__builder.hpp
[16.659s] -- Symlinking: /home/robotica-dev/robotica_ws/install/topics_services/include/topics_services/topics_services/msg/detail/servo_data__struct.hpp
[16.668s] -- Symlinking: /home/robotica-dev/robotica_ws/install/topics_services/include/topics_services/topics_services/msg/detail/servo_data__traits.hpp
[16.676s] -- Symlinking: /home/robotica-dev/robotica_ws/install/topics_services/include/topics_services/topics_services/msg/detail/telemetric__builder.hpp
[16.684s] -- Symlinking: /home/robotica-dev/robotica_ws/install/topics_services/include/topics_services/topics_services/msg/detail/telemetric__struct.hpp
[16.692s] -- Symlinking: /home/robotica-dev/robotica_ws/install/topics_services/include/topics_services/topics_services/msg/detail/telemetric__traits.hpp
[16.700s] -- Symlinking: /home/robotica-dev/robotica_ws/install/topics_services/include/topics_services/topics_services/msg/random_data.hpp
[16.709s] -- Symlinking: /home/robotica-dev/robotica_ws/install/topics_services/include/topics_services/topics_services/msg/servo_data.hpp
[16.717s] -- Symlinking: /home/robotica-dev/robotica_ws/install/topics_services/include/topics_services/topics_services/msg/telemetric.hpp
[16.726s] -- Symlinking: /home/robotica-dev/robotica_ws/install/topics_services/include/topics_services/topics_services/msg/detail/random_data__rosidl_typesupport_fastrtps_cpp.hpp
[16.734s] -- Symlinking: /home/robotica-dev/robotica_ws/install/topics_services/include/topics_services/topics_services/msg/detail/servo_data__rosidl_typesupport_fastrtps_cpp.hpp
[16.742s] -- Symlinking: /home/robotica-dev/robotica_ws/install/topics_services/include/topics_services/topics_services/msg/detail/telemetric__rosidl_typesupport_fastrtps_cpp.hpp
[16.750s] -- Symlinking: /home/robotica-dev/robotica_ws/install/topics_services/include/topics_services/topics_services/msg/rosidl_typesupport_fastrtps_cpp__visibility_control.h
[16.759s] -- Symlinking: /home/robotica-dev/robotica_ws/install/topics_services/include/topics_services/topics_services/msg/detail/random_data__rosidl_typesupport_introspection_c.h
[16.767s] -- Symlinking: /home/robotica-dev/robotica_ws/install/topics_services/include/topics_services/topics_services/msg/detail/servo_data__rosidl_typesupport_introspection_c.h
[16.775s] -- Symlinking: /home/robotica-dev/robotica_ws/install/topics_services/include/topics_services/topics_services/msg/detail/telemetric__rosidl_typesupport_introspection_c.h
[16.783s] -- Symlinking: /home/robotica-dev/robotica_ws/install/topics_services/include/topics_services/topics_services/msg/rosidl_typesupport_introspection_c__visibility_control.h
[16.792s] -- Symlinking: /home/robotica-dev/robotica_ws/install/topics_services/include/topics_services/topics_services/msg/detail/random_data__rosidl_typesupport_introspection_cpp.hpp
[16.800s] -- Symlinking: /home/robotica-dev/robotica_ws/install/topics_services/include/topics_services/topics_services/msg/detail/servo_data__rosidl_typesupport_introspection_cpp.hpp
[16.809s] -- Symlinking: /home/robotica-dev/robotica_ws/install/topics_services/include/topics_services/topics_services/msg/detail/telemetric__rosidl_typesupport_introspection_cpp.hpp
[16.817s] -- Symlinking: /home/robotica-dev/robotica_ws/install/topics_services/share/topics_services/environment/pythonpath.sh
[16.826s] -- Symlinking: /home/robotica-dev/robotica_ws/install/topics_services/share/topics_services/environment/pythonpath.dsv
[16.835s] -- Symlinking: /home/robotica-dev/robotica_ws/install/topics_services/local/lib/python3.10/dist-packages/topics_services-0.0.0-py3.10.egg-info/PKG-INFO
[16.844s] -- Symlinking: /home/robotica-dev/robotica_ws/install/topics_services/local/lib/python3.10/dist-packages/topics_services-0.0.0-py3.10.egg-info/SOURCES.txt
[16.852s] -- Symlinking: /home/robotica-dev/robotica_ws/install/topics_services/local/lib/python3.10/dist-packages/topics_services-0.0.0-py3.10.egg-info/dependency_links.txt
[16.861s] -- Symlinking: /home/robotica-dev/robotica_ws/install/topics_services/local/lib/python3.10/dist-packages/topics_services-0.0.0-py3.10.egg-info/top_level.txt
[16.870s] -- Symlinking: /home/robotica-dev/robotica_ws/install/topics_services/local/lib/python3.10/dist-packages/topics_services/__init__.py
[16.879s] -- Symlinking: /home/robotica-dev/robotica_ws/install/topics_services/local/lib/python3.10/dist-packages/topics_services/_topics_services_s.ep.rosidl_typesupport_c.c
[16.889s] -- Symlinking: /home/robotica-dev/robotica_ws/install/topics_services/local/lib/python3.10/dist-packages/topics_services/_topics_services_s.ep.rosidl_typesupport_fastrtps_c.c
[16.899s] -- Symlinking: /home/robotica-dev/robotica_ws/install/topics_services/local/lib/python3.10/dist-packages/topics_services/_topics_services_s.ep.rosidl_typesupport_introspection_c.c
[16.909s] -- Symlinking: /home/robotica-dev/robotica_ws/install/topics_services/local/lib/python3.10/dist-packages/topics_services/libtopics_services__rosidl_generator_py.so
[16.919s] -- Symlinking: /home/robotica-dev/robotica_ws/install/topics_services/local/lib/python3.10/dist-packages/topics_services/msg/__init__.py
[16.928s] -- Symlinking: /home/robotica-dev/robotica_ws/install/topics_services/local/lib/python3.10/dist-packages/topics_services/msg/_random_data.py
[16.936s] -- Symlinking: /home/robotica-dev/robotica_ws/install/topics_services/local/lib/python3.10/dist-packages/topics_services/msg/_random_data_s.c
[16.945s] -- Symlinking: /home/robotica-dev/robotica_ws/install/topics_services/local/lib/python3.10/dist-packages/topics_services/msg/_servo_data.py
[16.955s] -- Symlinking: /home/robotica-dev/robotica_ws/install/topics_services/local/lib/python3.10/dist-packages/topics_services/msg/_servo_data_s.c
[16.963s] -- Symlinking: /home/robotica-dev/robotica_ws/install/topics_services/local/lib/python3.10/dist-packages/topics_services/msg/_telemetric.py
[16.972s] -- Symlinking: /home/robotica-dev/robotica_ws/install/topics_services/local/lib/python3.10/dist-packages/topics_services/msg/_telemetric_s.c
[16.981s] -- Symlinking: /home/robotica-dev/robotica_ws/install/topics_services/local/lib/python3.10/dist-packages/topics_services/topics_services_s__rosidl_typesupport_c.cpython-310-x86_64-linux-gnu.so
[16.990s] -- Symlinking: /home/robotica-dev/robotica_ws/install/topics_services/local/lib/python3.10/dist-packages/topics_services/topics_services_s__rosidl_typesupport_fastrtps_c.cpython-310-x86_64-linux-gnu.so
[16.998s] -- Symlinking: /home/robotica-dev/robotica_ws/install/topics_services/local/lib/python3.10/dist-packages/topics_services/topics_services_s__rosidl_typesupport_introspection_c.cpython-310-x86_64-linux-gnu.so
[17.007s] -- Up-to-date symlink: /home/robotica-dev/robotica_ws/install/topics_services/local/lib/python3.10/dist-packages/topics_services/topics_services_s__rosidl_typesupport_fastrtps_c.cpython-310-x86_64-linux-gnu.so
[17.008s] -- Up-to-date symlink: /home/robotica-dev/robotica_ws/install/topics_services/local/lib/python3.10/dist-packages/topics_services/topics_services_s__rosidl_typesupport_introspection_c.cpython-310-x86_64-linux-gnu.so
[17.008s] -- Up-to-date symlink: /home/robotica-dev/robotica_ws/install/topics_services/local/lib/python3.10/dist-packages/topics_services/topics_services_s__rosidl_typesupport_c.cpython-310-x86_64-linux-gnu.so
[17.008s] -- Symlinking: /home/robotica-dev/robotica_ws/install/topics_services/share/topics_services/msg/ServoData.idl
[17.018s] -- Symlinking: /home/robotica-dev/robotica_ws/install/topics_services/share/topics_services/msg/Telemetric.idl
[17.027s] -- Symlinking: /home/robotica-dev/robotica_ws/install/topics_services/share/topics_services/msg/RandomData.idl
[17.036s] -- Symlinking: /home/robotica-dev/robotica_ws/install/topics_services/share/topics_services/msg/ServoData.msg
[17.045s] -- Symlinking: /home/robotica-dev/robotica_ws/install/topics_services/share/topics_services/msg/Telemetric.msg
[17.053s] -- Symlinking: /home/robotica-dev/robotica_ws/install/topics_services/share/topics_services/msg/RandomData.msg
[17.062s] -- Symlinking: /home/robotica-dev/robotica_ws/install/topics_services/share/ament_index/resource_index/package_run_dependencies/topics_services
[17.071s] -- Symlinking: /home/robotica-dev/robotica_ws/install/topics_services/share/ament_index/resource_index/parent_prefix_path/topics_services
[17.080s] -- Symlinking: /home/robotica-dev/robotica_ws/install/topics_services/share/topics_services/environment/ament_prefix_path.sh
[17.089s] -- Symlinking: /home/robotica-dev/robotica_ws/install/topics_services/share/topics_services/environment/ament_prefix_path.dsv
[17.098s] -- Symlinking: /home/robotica-dev/robotica_ws/install/topics_services/share/topics_services/environment/path.sh
[17.106s] -- Symlinking: /home/robotica-dev/robotica_ws/install/topics_services/share/topics_services/environment/path.dsv
[17.116s] -- Symlinking: /home/robotica-dev/robotica_ws/install/topics_services/share/topics_services/local_setup.bash
[17.124s] -- Symlinking: /home/robotica-dev/robotica_ws/install/topics_services/share/topics_services/local_setup.sh
[17.133s] -- Symlinking: /home/robotica-dev/robotica_ws/install/topics_services/share/topics_services/local_setup.zsh
[17.141s] -- Symlinking: /home/robotica-dev/robotica_ws/install/topics_services/share/topics_services/local_setup.dsv
[17.167s] -- Symlinking: /home/robotica-dev/robotica_ws/install/topics_services/share/topics_services/package.dsv
[17.182s] -- Symlinking: /home/robotica-dev/robotica_ws/install/topics_services/share/ament_index/resource_index/packages/topics_services
[17.192s] -- Symlinking: /home/robotica-dev/robotica_ws/install/topics_services/share/topics_services/cmake/rosidl_cmake-extras.cmake
[17.201s] -- Symlinking: /home/robotica-dev/robotica_ws/install/topics_services/share/topics_services/cmake/ament_cmake_export_include_directories-extras.cmake
[17.210s] -- Symlinking: /home/robotica-dev/robotica_ws/install/topics_services/share/topics_services/cmake/ament_cmake_export_libraries-extras.cmake
[17.218s] -- Symlinking: /home/robotica-dev/robotica_ws/install/topics_services/share/topics_services/cmake/ament_cmake_export_targets-extras.cmake
[17.227s] -- Symlinking: /home/robotica-dev/robotica_ws/install/topics_services/share/topics_services/cmake/rosidl_cmake_export_typesupport_targets-extras.cmake
[17.236s] -- Symlinking: /home/robotica-dev/robotica_ws/install/topics_services/share/topics_services/cmake/ament_cmake_export_dependencies-extras.cmake
[17.244s] -- Symlinking: /home/robotica-dev/robotica_ws/install/topics_services/share/topics_services/cmake/rosidl_cmake_export_typesupport_libraries-extras.cmake
[17.253s] -- Symlinking: /home/robotica-dev/robotica_ws/install/topics_services/share/topics_services/cmake/topics_servicesConfig.cmake
[17.265s] -- Symlinking: /home/robotica-dev/robotica_ws/install/topics_services/share/topics_services/cmake/topics_servicesConfig-version.cmake
[17.272s] -- Symlinking: /home/robotica-dev/robotica_ws/install/topics_services/share/topics_services/package.xml
[17.283s] -- Installing: /home/robotica-dev/robotica_ws/install/topics_services/lib/libtopics_services__rosidl_generator_c.so
[17.283s] -- Set runtime path of "/home/robotica-dev/robotica_ws/install/topics_services/lib/libtopics_services__rosidl_generator_c.so" to ""
[17.283s] -- Installing: /home/robotica-dev/robotica_ws/install/topics_services/lib/libtopics_services__rosidl_typesupport_fastrtps_c.so
[17.284s] -- Set runtime path of "/home/robotica-dev/robotica_ws/install/topics_services/lib/libtopics_services__rosidl_typesupport_fastrtps_c.so" to ""
[17.286s] -- Installing: /home/robotica-dev/robotica_ws/install/topics_services/lib/libtopics_services__rosidl_typesupport_fastrtps_cpp.so
[17.286s] -- Set runtime path of "/home/robotica-dev/robotica_ws/install/topics_services/lib/libtopics_services__rosidl_typesupport_fastrtps_cpp.so" to ""
[17.286s] -- Installing: /home/robotica-dev/robotica_ws/install/topics_services/lib/libtopics_services__rosidl_typesupport_introspection_c.so
[17.286s] -- Set runtime path of "/home/robotica-dev/robotica_ws/install/topics_services/lib/libtopics_services__rosidl_typesupport_introspection_c.so" to ""
[17.286s] -- Installing: /home/robotica-dev/robotica_ws/install/topics_services/lib/libtopics_services__rosidl_typesupport_c.so
[17.287s] -- Set runtime path of "/home/robotica-dev/robotica_ws/install/topics_services/lib/libtopics_services__rosidl_typesupport_c.so" to ""
[17.287s] -- Installing: /home/robotica-dev/robotica_ws/install/topics_services/lib/libtopics_services__rosidl_typesupport_introspection_cpp.so
[17.287s] -- Set runtime path of "/home/robotica-dev/robotica_ws/install/topics_services/lib/libtopics_services__rosidl_typesupport_introspection_cpp.so" to ""
[17.302s] -- Installing: /home/robotica-dev/robotica_ws/install/topics_services/lib/libtopics_services__rosidl_typesupport_cpp.so
[17.303s] -- Set runtime path of "/home/robotica-dev/robotica_ws/install/topics_services/lib/libtopics_services__rosidl_typesupport_cpp.so" to ""
[17.352s] Listing '/home/robotica-dev/robotica_ws/install/topics_services/local/lib/python3.10/dist-packages/topics_services'...
[17.352s] Compiling '/home/robotica-dev/robotica_ws/install/topics_services/local/lib/python3.10/dist-packages/topics_services/__init__.py'...
[17.352s] Listing '/home/robotica-dev/robotica_ws/install/topics_services/local/lib/python3.10/dist-packages/topics_services/msg'...
[17.353s] Compiling '/home/robotica-dev/robotica_ws/install/topics_services/local/lib/python3.10/dist-packages/topics_services/msg/__init__.py'...
[17.353s] Compiling '/home/robotica-dev/robotica_ws/install/topics_services/local/lib/python3.10/dist-packages/topics_services/msg/_random_data.py'...
[17.353s] Compiling '/home/robotica-dev/robotica_ws/install/topics_services/local/lib/python3.10/dist-packages/topics_services/msg/_servo_data.py'...
[17.353s] Compiling '/home/robotica-dev/robotica_ws/install/topics_services/local/lib/python3.10/dist-packages/topics_services/msg/_telemetric.py'...
[17.359s] -- Installing: /home/robotica-dev/robotica_ws/install/topics_services/lib/libtopics_services__rosidl_generator_py.so
[17.360s] -- Set runtime path of "/home/robotica-dev/robotica_ws/install/topics_services/lib/libtopics_services__rosidl_generator_py.so" to ""
[17.360s] -- Installing: /home/robotica-dev/robotica_ws/install/topics_services/share/topics_services/cmake/export_topics_services__rosidl_generator_cExport.cmake
[17.360s] -- Installing: /home/robotica-dev/robotica_ws/install/topics_services/share/topics_services/cmake/export_topics_services__rosidl_generator_cExport-noconfig.cmake
[17.360s] -- Installing: /home/robotica-dev/robotica_ws/install/topics_services/share/topics_services/cmake/export_topics_services__rosidl_typesupport_fastrtps_cExport.cmake
[17.361s] -- Installing: /home/robotica-dev/robotica_ws/install/topics_services/share/topics_services/cmake/export_topics_services__rosidl_typesupport_fastrtps_cExport-noconfig.cmake
[17.361s] -- Installing: /home/robotica-dev/robotica_ws/install/topics_services/share/topics_services/cmake/export_topics_services__rosidl_generator_cppExport.cmake
[17.361s] -- Installing: /home/robotica-dev/robotica_ws/install/topics_services/share/topics_services/cmake/export_topics_services__rosidl_typesupport_fastrtps_cppExport.cmake
[17.361s] -- Installing: /home/robotica-dev/robotica_ws/install/topics_services/share/topics_services/cmake/export_topics_services__rosidl_typesupport_fastrtps_cppExport-noconfig.cmake
[17.361s] -- Installing: /home/robotica-dev/robotica_ws/install/topics_services/share/topics_services/cmake/topics_services__rosidl_typesupport_introspection_cExport.cmake
[17.361s] -- Installing: /home/robotica-dev/robotica_ws/install/topics_services/share/topics_services/cmake/topics_services__rosidl_typesupport_introspection_cExport-noconfig.cmake
[17.361s] -- Installing: /home/robotica-dev/robotica_ws/install/topics_services/share/topics_services/cmake/topics_services__rosidl_typesupport_cExport.cmake
[17.361s] -- Installing: /home/robotica-dev/robotica_ws/install/topics_services/share/topics_services/cmake/topics_services__rosidl_typesupport_cExport-noconfig.cmake
[17.362s] -- Installing: /home/robotica-dev/robotica_ws/install/topics_services/share/topics_services/cmake/topics_services__rosidl_typesupport_introspection_cppExport.cmake
[17.362s] -- Installing: /home/robotica-dev/robotica_ws/install/topics_services/share/topics_services/cmake/topics_services__rosidl_typesupport_introspection_cppExport-noconfig.cmake
[17.362s] -- Installing: /home/robotica-dev/robotica_ws/install/topics_services/share/topics_services/cmake/topics_services__rosidl_typesupport_cppExport.cmake
[17.362s] -- Installing: /home/robotica-dev/robotica_ws/install/topics_services/share/topics_services/cmake/topics_services__rosidl_typesupport_cppExport-noconfig.cmake
[17.363s] -- Installing: /home/robotica-dev/robotica_ws/install/topics_services/share/topics_services/cmake/export_topics_services__rosidl_generator_pyExport.cmake
[17.363s] -- Installing: /home/robotica-dev/robotica_ws/install/topics_services/share/topics_services/cmake/export_topics_services__rosidl_generator_pyExport-noconfig.cmake
[17.398s] Invoked command in '/home/robotica-dev/robotica_ws/build/topics_services' returned '0': CMAKE_PREFIX_PATH=${CMAKE_PREFIX_PATH}:/opt/ros/humble /usr/bin/cmake --install /home/robotica-dev/robotica_ws/build/topics_services
