[0.103s] Invoking command in '/home/robotica-dev/robotica_ws/build/mpu6050driver': CMAKE_PREFIX_PATH=${CMAKE_PREFIX_PATH}:/home/robotica-dev/robotica_ws/install/ros_control:/opt/ros/humble /usr/bin/cmake --build /home/robotica-dev/robotica_ws/build/mpu6050driver -- -j4 -l4
[0.169s] [35m[1mConsolidate compiler generated dependencies of target mpu6050driver[0m
[0.193s] [100%] Built target mpu6050driver
[0.209s] Invoked command in '/home/robotica-dev/robotica_ws/build/mpu6050driver' returned '0': CMAKE_PREFIX_PATH=${CMAKE_PREFIX_PATH}:/home/robotica-dev/robotica_ws/install/ros_control:/opt/ros/humble /usr/bin/cmake --build /home/robotica-dev/robotica_ws/build/mpu6050driver -- -j4 -l4
[0.271s] Invoking command in '/home/robotica-dev/robotica_ws/build/mpu6050driver': CMAKE_PREFIX_PATH=${CMAKE_PREFIX_PATH}:/home/robotica-dev/robotica_ws/install/ros_control:/opt/ros/humble /usr/bin/cmake --install /home/robotica-dev/robotica_ws/build/mpu6050driver
[0.280s] -- Install configuration: ""
[0.281s] -- Execute custom install script
[0.281s] -- Up-to-date symlink: /home/robotica-dev/robotica_ws/install/mpu6050driver/lib/mpu6050driver/mpu6050driver
[0.283s] -- Up-to-date symlink: /home/robotica-dev/robotica_ws/install/mpu6050driver/share/mpu6050driver//launch/mpu6050driver_launch.py
[0.283s] -- Up-to-date symlink: /home/robotica-dev/robotica_ws/install/mpu6050driver/share/mpu6050driver//params/mpu6050.yaml
[0.283s] -- Up-to-date symlink: /home/robotica-dev/robotica_ws/install/mpu6050driver/share/ament_index/resource_index/package_run_dependencies/mpu6050driver
[0.283s] -- Up-to-date symlink: /home/robotica-dev/robotica_ws/install/mpu6050driver/share/ament_index/resource_index/parent_prefix_path/mpu6050driver
[0.283s] -- Up-to-date symlink: /home/robotica-dev/robotica_ws/install/mpu6050driver/share/mpu6050driver/environment/ament_prefix_path.sh
[0.283s] -- Up-to-date symlink: /home/robotica-dev/robotica_ws/install/mpu6050driver/share/mpu6050driver/environment/ament_prefix_path.dsv
[0.283s] -- Up-to-date symlink: /home/robotica-dev/robotica_ws/install/mpu6050driver/share/mpu6050driver/environment/path.sh
[0.283s] -- Up-to-date symlink: /home/robotica-dev/robotica_ws/install/mpu6050driver/share/mpu6050driver/environment/path.dsv
[0.284s] -- Up-to-date symlink: /home/robotica-dev/robotica_ws/install/mpu6050driver/share/mpu6050driver/local_setup.bash
[0.285s] -- Up-to-date symlink: /home/robotica-dev/robotica_ws/install/mpu6050driver/share/mpu6050driver/local_setup.sh
[0.285s] -- Up-to-date symlink: /home/robotica-dev/robotica_ws/install/mpu6050driver/share/mpu6050driver/local_setup.zsh
[0.285s] -- Up-to-date symlink: /home/robotica-dev/robotica_ws/install/mpu6050driver/share/mpu6050driver/local_setup.dsv
[0.285s] -- Symlinking: /home/robotica-dev/robotica_ws/install/mpu6050driver/share/mpu6050driver/package.dsv
[0.294s] -- Up-to-date symlink: /home/robotica-dev/robotica_ws/install/mpu6050driver/share/ament_index/resource_index/packages/mpu6050driver
[0.295s] -- Up-to-date symlink: /home/robotica-dev/robotica_ws/install/mpu6050driver/share/mpu6050driver/cmake/mpu6050driverConfig.cmake
[0.295s] -- Up-to-date symlink: /home/robotica-dev/robotica_ws/install/mpu6050driver/share/mpu6050driver/cmake/mpu6050driverConfig-version.cmake
[0.295s] -- Up-to-date symlink: /home/robotica-dev/robotica_ws/install/mpu6050driver/share/mpu6050driver/package.xml
[0.304s] Invoked command in '/home/robotica-dev/robotica_ws/build/mpu6050driver' returned '0': CMAKE_PREFIX_PATH=${CMAKE_PREFIX_PATH}:/home/robotica-dev/robotica_ws/install/ros_control:/opt/ros/humble /usr/bin/cmake --install /home/robotica-dev/robotica_ws/build/mpu6050driver
