[0.013s] Invoking command in '/home/robotica-dev/robotica_ws/build/diffdrive_arduino': AMENT_PREFIX_PATH=/home/robotica-dev/robotica_ws/install/serial:${AMENT_PREFIX_PATH} CMAKE_PREFIX_PATH=/home/robotica-dev/robotica_ws/install/serial:/home/robotica-dev/ros2_ws/install/udp_driver:/home/robotica-dev/ros2_ws/install/robotica_bringup:/home/robotica-dev/ros2_ws/install/topics_services:/home/robotica-dev/ros2_ws/install/topics:/home/robotica-dev/ros2_ws/install/serial_driver:/home/robotica-dev/ros2_ws/install/ros_head_control:/home/robotica-dev/ros2_ws/install/realsense2_description:/home/robotica-dev/ros2_ws/install/realsense2_camera:/home/robotica-dev/ros2_ws/install/realsense2_camera_msgs:/home/robotica-dev/ros2_ws/install/pantilt_bot_description:/home/robotica-dev/ros2_ws/install/open_manipulator_x_description:/home/robotica-dev/ros2_ws/install/io_context:/home/robotica-dev/ros2_ws/install/foxglove_bridge:/home/robotica-dev/ros2_ws/install/dynamixel_hardware:/home/robotica-dev/ros2_ws/install/asio_cmake_module:/home/robotica-dev/dev_ws/install/robotica_bringup:/home/robotica-dev/dev_ws/install/ros2_control_demo_example_2:/home/robotica-dev/dev_ws/install/my_bot:/home/robotica-dev/dev_ws/install/mpu6050driver:/home/robotica-dev/dev_ws/install/dynamixel_hardware:/home/robotica-dev/ros2_ws/install/ros_control:/home/robotica-dev/dev_ws/install/ros_control:/home/robotica-dev/dev_ws/install/pantilt_bot_description:/home/robotica-dev/dev_ws/install/open_manipulator_x_description:/opt/ros/humble LD_LIBRARY_PATH=/home/robotica-dev/robotica_ws/install/serial/lib:${LD_LIBRARY_PATH} /usr/bin/cmake /home/robotica-dev/robotica_ws/src/diffdrive_arduino -DCMAKE_INSTALL_PREFIX=/home/robotica-dev/robotica_ws/install/diffdrive_arduino
[0.027s] -- Found ament_cmake: 1.3.4 (/opt/ros/humble/share/ament_cmake/cmake)
[0.165s] -- Override CMake install command with custom implementation using symlinks instead of copying resources
[0.172s] -- Found serial: 1.2.1 (/home/robotica-dev/robotica_ws/install/serial/share/serial/cmake)
[0.177s] -- Found hardware_interface: 2.26.0 (/opt/ros/humble/share/hardware_interface/cmake)
[0.268s] -- Found rosidl_generator_c: 3.1.4 (/opt/ros/humble/share/rosidl_generator_c/cmake)
[0.288s] -- Found rosidl_adapter: 3.1.4 (/opt/ros/humble/share/rosidl_adapter/cmake)
[0.303s] -- Found rosidl_generator_cpp: 3.1.4 (/opt/ros/humble/share/rosidl_generator_cpp/cmake)
[0.325s] -- Using all available rosidl_typesupport_c: rosidl_typesupport_fastrtps_c;rosidl_typesupport_introspection_c
[0.354s] -- Using all available rosidl_typesupport_cpp: rosidl_typesupport_fastrtps_cpp;rosidl_typesupport_introspection_cpp
[1.133s] -- Found rmw_implementation_cmake: 6.1.1 (/opt/ros/humble/share/rmw_implementation_cmake/cmake)
[1.139s] -- Found rmw_fastrtps_cpp: 6.2.2 (/opt/ros/humble/share/rmw_fastrtps_cpp/cmake)
[1.521s] -- Found OpenSSL: /usr/lib/x86_64-linux-gnu/libcrypto.so (found version "3.0.2")  
[1.567s] -- Found FastRTPS: /opt/ros/humble/include  
[1.624s] -- Using RMW implementation 'rmw_fastrtps_cpp' as default
[1.642s] -- Looking for pthread.h
[1.719s] -- Looking for pthread.h - found
[1.740s] -- Performing Test CMAKE_HAVE_LIBC_PTHREAD
[1.826s] -- Performing Test CMAKE_HAVE_LIBC_PTHREAD - Success
[1.827s] -- Found Threads: TRUE  
[2.035s] -- Found controller_manager: 2.26.0 (/opt/ros/humble/share/controller_manager/cmake)
[3.611s] -- Configuring done
[3.983s] -- Generating done
[3.985s] -- Build files have been written to: /home/robotica-dev/robotica_ws/build/diffdrive_arduino
[3.994s] Invoked command in '/home/robotica-dev/robotica_ws/build/diffdrive_arduino' returned '0': AMENT_PREFIX_PATH=/home/robotica-dev/robotica_ws/install/serial:${AMENT_PREFIX_PATH} CMAKE_PREFIX_PATH=/home/robotica-dev/robotica_ws/install/serial:/home/robotica-dev/ros2_ws/install/udp_driver:/home/robotica-dev/ros2_ws/install/robotica_bringup:/home/robotica-dev/ros2_ws/install/topics_services:/home/robotica-dev/ros2_ws/install/topics:/home/robotica-dev/ros2_ws/install/serial_driver:/home/robotica-dev/ros2_ws/install/ros_head_control:/home/robotica-dev/ros2_ws/install/realsense2_description:/home/robotica-dev/ros2_ws/install/realsense2_camera:/home/robotica-dev/ros2_ws/install/realsense2_camera_msgs:/home/robotica-dev/ros2_ws/install/pantilt_bot_description:/home/robotica-dev/ros2_ws/install/open_manipulator_x_description:/home/robotica-dev/ros2_ws/install/io_context:/home/robotica-dev/ros2_ws/install/foxglove_bridge:/home/robotica-dev/ros2_ws/install/dynamixel_hardware:/home/robotica-dev/ros2_ws/install/asio_cmake_module:/home/robotica-dev/dev_ws/install/robotica_bringup:/home/robotica-dev/dev_ws/install/ros2_control_demo_example_2:/home/robotica-dev/dev_ws/install/my_bot:/home/robotica-dev/dev_ws/install/mpu6050driver:/home/robotica-dev/dev_ws/install/dynamixel_hardware:/home/robotica-dev/ros2_ws/install/ros_control:/home/robotica-dev/dev_ws/install/ros_control:/home/robotica-dev/dev_ws/install/pantilt_bot_description:/home/robotica-dev/dev_ws/install/open_manipulator_x_description:/opt/ros/humble LD_LIBRARY_PATH=/home/robotica-dev/robotica_ws/install/serial/lib:${LD_LIBRARY_PATH} /usr/bin/cmake /home/robotica-dev/robotica_ws/src/diffdrive_arduino -DCMAKE_INSTALL_PREFIX=/home/robotica-dev/robotica_ws/install/diffdrive_arduino
[3.995s] Invoking command in '/home/robotica-dev/robotica_ws/build/diffdrive_arduino': AMENT_PREFIX_PATH=/home/robotica-dev/robotica_ws/install/serial:${AMENT_PREFIX_PATH} CMAKE_PREFIX_PATH=/home/robotica-dev/robotica_ws/install/serial:/home/robotica-dev/ros2_ws/install/udp_driver:/home/robotica-dev/ros2_ws/install/robotica_bringup:/home/robotica-dev/ros2_ws/install/topics_services:/home/robotica-dev/ros2_ws/install/topics:/home/robotica-dev/ros2_ws/install/serial_driver:/home/robotica-dev/ros2_ws/install/ros_head_control:/home/robotica-dev/ros2_ws/install/realsense2_description:/home/robotica-dev/ros2_ws/install/realsense2_camera:/home/robotica-dev/ros2_ws/install/realsense2_camera_msgs:/home/robotica-dev/ros2_ws/install/pantilt_bot_description:/home/robotica-dev/ros2_ws/install/open_manipulator_x_description:/home/robotica-dev/ros2_ws/install/io_context:/home/robotica-dev/ros2_ws/install/foxglove_bridge:/home/robotica-dev/ros2_ws/install/dynamixel_hardware:/home/robotica-dev/ros2_ws/install/asio_cmake_module:/home/robotica-dev/dev_ws/install/robotica_bringup:/home/robotica-dev/dev_ws/install/ros2_control_demo_example_2:/home/robotica-dev/dev_ws/install/my_bot:/home/robotica-dev/dev_ws/install/mpu6050driver:/home/robotica-dev/dev_ws/install/dynamixel_hardware:/home/robotica-dev/ros2_ws/install/ros_control:/home/robotica-dev/dev_ws/install/ros_control:/home/robotica-dev/dev_ws/install/pantilt_bot_description:/home/robotica-dev/dev_ws/install/open_manipulator_x_description:/opt/ros/humble LD_LIBRARY_PATH=/home/robotica-dev/robotica_ws/install/serial/lib:${LD_LIBRARY_PATH} /usr/bin/cmake --build /home/robotica-dev/robotica_ws/build/diffdrive_arduino -- -j4 -l4
[4.051s] [ 57%] [32mBuilding CXX object CMakeFiles/fake_robot.dir/src/fake_robot.cpp.o[0m
[4.051s] [ 57%] [32mBuilding CXX object CMakeFiles/fake_robot.dir/src/wheel.cpp.o[0m
[4.051s] [ 57%] [32mBuilding CXX object CMakeFiles/diffdrive_arduino.dir/src/wheel.cpp.o[0m
[4.051s] [ 57%] [32mBuilding CXX object CMakeFiles/diffdrive_arduino.dir/src/diffdrive_arduino.cpp.o[0m
[4.394s] In file included from [01m[K/home/robotica-dev/robotica_ws/src/diffdrive_arduino/src/fake_robot.cpp:1[m[K:
[4.394s] [01m[K/home/robotica-dev/robotica_ws/src/diffdrive_arduino/include/diffdrive_arduino/fake_robot.h:7:10:[m[K [01;31m[Kfatal error: [m[Khardware_interface/base_interface.hpp: No such file or directory
[4.394s]     7 | #include [01;31m[K"hardware_interface/base_interface.hpp"[m[K
[4.394s]       |          [01;31m[K^~~~~~~~~~~~~~~~~~~~~~~~~~~~~~~~~~~~~~~[m[K
[4.394s] compilation terminated.
[4.397s] [ 71%] [32mBuilding CXX object CMakeFiles/diffdrive_arduino.dir/src/arduino_comms.cpp.o[0m
[4.398s] gmake[2]: *** [CMakeFiles/fake_robot.dir/build.make:76: CMakeFiles/fake_robot.dir/src/fake_robot.cpp.o] Error 1
[4.398s] gmake[2]: *** Waiting for unfinished jobs....
[4.401s] In file included from [01m[K/home/robotica-dev/robotica_ws/src/diffdrive_arduino/src/diffdrive_arduino.cpp:1[m[K:
[4.402s] [01m[K/home/robotica-dev/robotica_ws/src/diffdrive_arduino/include/diffdrive_arduino/diffdrive_arduino.h:7:10:[m[K [01;31m[Kfatal error: [m[Khardware_interface/base_interface.hpp: No such file or directory
[4.402s]     7 | #include [01;31m[K"hardware_interface/base_interface.hpp"[m[K
[4.402s]       |          [01;31m[K^~~~~~~~~~~~~~~~~~~~~~~~~~~~~~~~~~~~~~~[m[K
[4.402s] compilation terminated.
[4.402s] gmake[2]: *** [CMakeFiles/diffdrive_arduino.dir/build.make:76: CMakeFiles/diffdrive_arduino.dir/src/diffdrive_arduino.cpp.o] Error 1
[4.402s] gmake[2]: *** Waiting for unfinished jobs....
[4.419s] gmake[1]: *** [CMakeFiles/Makefile2:165: CMakeFiles/fake_robot.dir/all] Error 2
[4.419s] gmake[1]: *** Waiting for unfinished jobs....
[7.001s] gmake[1]: *** [CMakeFiles/Makefile2:139: CMakeFiles/diffdrive_arduino.dir/all] Error 2
[7.001s] gmake: *** [Makefile:146: all] Error 2
[7.003s] Invoked command in '/home/robotica-dev/robotica_ws/build/diffdrive_arduino' returned '2': AMENT_PREFIX_PATH=/home/robotica-dev/robotica_ws/install/serial:${AMENT_PREFIX_PATH} CMAKE_PREFIX_PATH=/home/robotica-dev/robotica_ws/install/serial:/home/robotica-dev/ros2_ws/install/udp_driver:/home/robotica-dev/ros2_ws/install/robotica_bringup:/home/robotica-dev/ros2_ws/install/topics_services:/home/robotica-dev/ros2_ws/install/topics:/home/robotica-dev/ros2_ws/install/serial_driver:/home/robotica-dev/ros2_ws/install/ros_head_control:/home/robotica-dev/ros2_ws/install/realsense2_description:/home/robotica-dev/ros2_ws/install/realsense2_camera:/home/robotica-dev/ros2_ws/install/realsense2_camera_msgs:/home/robotica-dev/ros2_ws/install/pantilt_bot_description:/home/robotica-dev/ros2_ws/install/open_manipulator_x_description:/home/robotica-dev/ros2_ws/install/io_context:/home/robotica-dev/ros2_ws/install/foxglove_bridge:/home/robotica-dev/ros2_ws/install/dynamixel_hardware:/home/robotica-dev/ros2_ws/install/asio_cmake_module:/home/robotica-dev/dev_ws/install/robotica_bringup:/home/robotica-dev/dev_ws/install/ros2_control_demo_example_2:/home/robotica-dev/dev_ws/install/my_bot:/home/robotica-dev/dev_ws/install/mpu6050driver:/home/robotica-dev/dev_ws/install/dynamixel_hardware:/home/robotica-dev/ros2_ws/install/ros_control:/home/robotica-dev/dev_ws/install/ros_control:/home/robotica-dev/dev_ws/install/pantilt_bot_description:/home/robotica-dev/dev_ws/install/open_manipulator_x_description:/opt/ros/humble LD_LIBRARY_PATH=/home/robotica-dev/robotica_ws/install/serial/lib:${LD_LIBRARY_PATH} /usr/bin/cmake --build /home/robotica-dev/robotica_ws/build/diffdrive_arduino -- -j4 -l4
