[0.015s] Invoking command in '/home/robotica-dev/robotica_ws/build/ros2_control_demo_example_2': CMAKE_PREFIX_PATH=${CMAKE_PREFIX_PATH}:/home/robotica-dev/ros2_ws/install/ros_control:/home/robotica-dev/dev_ws/install/ros_control:/home/robotica-dev/dev_ws/install/pantilt_bot_description:/home/robotica-dev/dev_ws/install/open_manipulator_x_description:/opt/ros/humble /usr/bin/cmake /home/robotica-dev/robotica_ws/src/example_2 -DCMAKE_INSTALL_PREFIX=/home/robotica-dev/robotica_ws/install/ros2_control_demo_example_2
[0.093s] -- The CXX compiler identification is GNU 11.3.0
[0.107s] -- Detecting CXX compiler ABI info
[0.196s] -- Detecting CXX compiler ABI info - done
[0.204s] -- Check for working CXX compiler: /usr/bin/c++ - skipped
[0.204s] -- Detecting CXX compile features
[0.205s] -- Detecting CXX compile features - done
[0.210s] -- Found ament_cmake: 1.3.4 (/opt/ros/humble/share/ament_cmake/cmake)
[0.447s] -- Found Python3: /usr/bin/python3.10 (found version "3.10.6") found components: Interpreter 
[0.581s] -- Found hardware_interface: 2.26.0 (/opt/ros/humble/share/hardware_interface/cmake)
[0.658s] -- Found rosidl_generator_c: 3.1.4 (/opt/ros/humble/share/rosidl_generator_c/cmake)
[0.669s] -- Found rosidl_adapter: 3.1.4 (/opt/ros/humble/share/rosidl_adapter/cmake)
[0.684s] -- Found rosidl_generator_cpp: 3.1.4 (/opt/ros/humble/share/rosidl_generator_cpp/cmake)
[0.706s] -- Using all available rosidl_typesupport_c: rosidl_typesupport_fastrtps_c;rosidl_typesupport_introspection_c
[0.741s] -- Using all available rosidl_typesupport_cpp: rosidl_typesupport_fastrtps_cpp;rosidl_typesupport_introspection_cpp
[1.497s] -- Found rmw_implementation_cmake: 6.1.1 (/opt/ros/humble/share/rmw_implementation_cmake/cmake)
[1.503s] -- Found rmw_fastrtps_cpp: 6.2.2 (/opt/ros/humble/share/rmw_fastrtps_cpp/cmake)
[1.629s] -- Found OpenSSL: /usr/lib/x86_64-linux-gnu/libcrypto.so (found version "3.0.2")  
[1.661s] -- Found FastRTPS: /opt/ros/humble/include  
[1.717s] -- Using RMW implementation 'rmw_fastrtps_cpp' as default
[1.746s] -- Looking for C++ include pthread.h
[1.835s] -- Looking for C++ include pthread.h - found
[1.835s] -- Performing Test CMAKE_HAVE_LIBC_PTHREAD
[1.926s] -- Performing Test CMAKE_HAVE_LIBC_PTHREAD - Success
[1.927s] -- Found Threads: TRUE  
[2.172s] -- Found ament_cmake_gtest: 1.3.4 (/opt/ros/humble/share/ament_cmake_gtest/cmake)
[2.237s] -- Configuring done
[2.272s] -- Generating done
[2.273s] -- Build files have been written to: /home/robotica-dev/robotica_ws/build/ros2_control_demo_example_2
