[0.051s] Invoking command in '/home/robotica-dev/robotica_ws/build/pantilt_bot_description': AMENT_PREFIX_PATH=/home/robotica-dev/robotica_ws/install/dynamixel_hardware:${AMENT_PREFIX_PATH} CMAKE_PREFIX_PATH=/home/robotica-dev/robotica_ws/install/dynamixel_hardware:/home/robotica-dev/robotica_ws/install/serial:/home/robotica-dev/robotica_ws/install/diffdrive_arduino:/opt/ros/humble LD_LIBRARY_PATH=/home/robotica-dev/robotica_ws/install/dynamixel_hardware/lib:${LD_LIBRARY_PATH} /usr/bin/cmake /home/robotica-dev/robotica_ws/src/dynamixel_hardware_examples/pantilt_bot_description -DAMENT_CMAKE_SYMLINK_INSTALL=1 -DCMAKE_INSTALL_PREFIX=/home/robotica-dev/robotica_ws/install/pantilt_bot_description
[0.151s] -- The C compiler identification is GNU 11.3.0
[0.240s] -- The CXX compiler identification is GNU 11.3.0
[0.240s] -- Detecting C compiler ABI info
[0.365s] -- Detecting C compiler ABI info - done
[0.365s] -- Check for working C compiler: /usr/bin/cc - skipped
[0.372s] -- Detecting C compile features
[0.372s] -- Detecting C compile features - done
[0.372s] -- Detecting CXX compiler ABI info
[0.511s] -- Detecting CXX compiler ABI info - done
[0.520s] -- Check for working CXX compiler: /usr/bin/c++ - skipped
[0.520s] -- Detecting CXX compile features
[0.521s] -- Detecting CXX compile features - done
[0.524s] -- Found ament_cmake: 1.3.4 (/opt/ros/humble/share/ament_cmake/cmake)
[0.761s] -- Found Python3: /usr/bin/python3.10 (found version "3.10.6") found components: Interpreter 
[0.828s] -- Override CMake install command with custom implementation using symlinks instead of copying resources
[0.906s] -- Found robot_state_publisher: 3.0.2 (/opt/ros/humble/share/robot_state_publisher/cmake)
[0.948s] -- Found rosidl_generator_c: 3.1.4 (/opt/ros/humble/share/rosidl_generator_c/cmake)
[0.955s] -- Found rosidl_adapter: 3.1.4 (/opt/ros/humble/share/rosidl_adapter/cmake)
[0.967s] -- Found rosidl_generator_cpp: 3.1.4 (/opt/ros/humble/share/rosidl_generator_cpp/cmake)
[0.983s] -- Using all available rosidl_typesupport_c: rosidl_typesupport_fastrtps_c;rosidl_typesupport_introspection_c
[1.007s] -- Using all available rosidl_typesupport_cpp: rosidl_typesupport_fastrtps_cpp;rosidl_typesupport_introspection_cpp
[1.337s] -- Found eigen3_cmake_module: 0.1.1 (/opt/ros/humble/share/eigen3_cmake_module/cmake)
[1.345s] -- Found Eigen3: TRUE (found version "3.4.0") 
[1.346s] -- Ensuring Eigen3 include directory is part of orocos-kdl CMake target
[1.613s] -- Found rmw_implementation_cmake: 6.1.1 (/opt/ros/humble/share/rmw_implementation_cmake/cmake)
[1.617s] -- Found rmw_fastrtps_cpp: 6.2.2 (/opt/ros/humble/share/rmw_fastrtps_cpp/cmake)
[1.726s] -- Found OpenSSL: /usr/lib/x86_64-linux-gnu/libcrypto.so (found version "3.0.2")  
[1.755s] -- Found FastRTPS: /opt/ros/humble/include  
[1.822s] -- Using RMW implementation 'rmw_fastrtps_cpp' as default
[1.836s] -- Looking for pthread.h
[1.929s] -- Looking for pthread.h - found
[1.929s] -- Performing Test CMAKE_HAVE_LIBC_PTHREAD
[2.036s] -- Performing Test CMAKE_HAVE_LIBC_PTHREAD - Success
[2.037s] -- Found Threads: TRUE  
[3.066s] -- Found xacro: 2.0.8 (/opt/ros/humble/share/xacro/cmake)
[3.103s] -- Found rviz2: 11.2.5 (/opt/ros/humble/share/rviz2/cmake)
[3.151s] -- Found ros2_control: 2.26.0 (/opt/ros/humble/share/ros2_control/cmake)
[3.196s] -- Found ros2_controllers: 2.20.0 (/opt/ros/humble/share/ros2_controllers/cmake)
[3.197s] -- Found dynamixel_hardware: 0.0.0 (/home/robotica-dev/robotica_ws/install/dynamixel_hardware/share/dynamixel_hardware/cmake)
[3.709s] -- Found realsense2_description: 4.51.1 (/opt/ros/humble/share/realsense2_description/cmake)
[3.712s] -- Found ament_lint_auto: 0.12.6 (/opt/ros/humble/share/ament_lint_auto/cmake)
[3.803s] -- Added test 'copyright' to check source files copyright and LICENSE
[3.806s] -- Added test 'flake8' to check Python code syntax and style conventions
[3.807s] -- Added test 'lint_cmake' to check CMake code style
[3.808s] -- Added test 'pep257' to check Python code against some of the docstring style conventions in PEP 257
[3.810s] -- Added test 'xmllint' to check XML markup files
[3.811s] -- Configuring done
[3.819s] -- Generating done
[3.821s] -- Build files have been written to: /home/robotica-dev/robotica_ws/build/pantilt_bot_description
[3.844s] Invoked command in '/home/robotica-dev/robotica_ws/build/pantilt_bot_description' returned '0': AMENT_PREFIX_PATH=/home/robotica-dev/robotica_ws/install/dynamixel_hardware:${AMENT_PREFIX_PATH} CMAKE_PREFIX_PATH=/home/robotica-dev/robotica_ws/install/dynamixel_hardware:/home/robotica-dev/robotica_ws/install/serial:/home/robotica-dev/robotica_ws/install/diffdrive_arduino:/opt/ros/humble LD_LIBRARY_PATH=/home/robotica-dev/robotica_ws/install/dynamixel_hardware/lib:${LD_LIBRARY_PATH} /usr/bin/cmake /home/robotica-dev/robotica_ws/src/dynamixel_hardware_examples/pantilt_bot_description -DAMENT_CMAKE_SYMLINK_INSTALL=1 -DCMAKE_INSTALL_PREFIX=/home/robotica-dev/robotica_ws/install/pantilt_bot_description
[3.844s] Invoking command in '/home/robotica-dev/robotica_ws/build/pantilt_bot_description': AMENT_PREFIX_PATH=/home/robotica-dev/robotica_ws/install/dynamixel_hardware:${AMENT_PREFIX_PATH} CMAKE_PREFIX_PATH=/home/robotica-dev/robotica_ws/install/dynamixel_hardware:/home/robotica-dev/robotica_ws/install/serial:/home/robotica-dev/robotica_ws/install/diffdrive_arduino:/opt/ros/humble LD_LIBRARY_PATH=/home/robotica-dev/robotica_ws/install/dynamixel_hardware/lib:${LD_LIBRARY_PATH} /usr/bin/cmake --build /home/robotica-dev/robotica_ws/build/pantilt_bot_description -- -j4 -l4
[3.889s] Invoked command in '/home/robotica-dev/robotica_ws/build/pantilt_bot_description' returned '0': AMENT_PREFIX_PATH=/home/robotica-dev/robotica_ws/install/dynamixel_hardware:${AMENT_PREFIX_PATH} CMAKE_PREFIX_PATH=/home/robotica-dev/robotica_ws/install/dynamixel_hardware:/home/robotica-dev/robotica_ws/install/serial:/home/robotica-dev/robotica_ws/install/diffdrive_arduino:/opt/ros/humble LD_LIBRARY_PATH=/home/robotica-dev/robotica_ws/install/dynamixel_hardware/lib:${LD_LIBRARY_PATH} /usr/bin/cmake --build /home/robotica-dev/robotica_ws/build/pantilt_bot_description -- -j4 -l4
[3.913s] Invoking command in '/home/robotica-dev/robotica_ws/build/pantilt_bot_description': AMENT_PREFIX_PATH=/home/robotica-dev/robotica_ws/install/dynamixel_hardware:${AMENT_PREFIX_PATH} CMAKE_PREFIX_PATH=/home/robotica-dev/robotica_ws/install/dynamixel_hardware:/home/robotica-dev/robotica_ws/install/serial:/home/robotica-dev/robotica_ws/install/diffdrive_arduino:/opt/ros/humble LD_LIBRARY_PATH=/home/robotica-dev/robotica_ws/install/dynamixel_hardware/lib:${LD_LIBRARY_PATH} /usr/bin/cmake --install /home/robotica-dev/robotica_ws/build/pantilt_bot_description
[3.922s] -- Install configuration: ""
[3.923s] -- Execute custom install script
[3.924s] -- Symlinking: /home/robotica-dev/robotica_ws/install/pantilt_bot_description/share/pantilt_bot_description/meshes/joint1.stl
[3.932s] -- Symlinking: /home/robotica-dev/robotica_ws/install/pantilt_bot_description/share/pantilt_bot_description/meshes/joint1_horn.stl
[3.939s] -- Symlinking: /home/robotica-dev/robotica_ws/install/pantilt_bot_description/share/pantilt_bot_description/meshes/joint2.stl
[3.948s] -- Symlinking: /home/robotica-dev/robotica_ws/install/pantilt_bot_description/share/pantilt_bot_description/meshes/joint2_horn.stl
[3.960s] -- Symlinking: /home/robotica-dev/robotica_ws/install/pantilt_bot_description/share/pantilt_bot_description/urdf/pantilt_bot.material.xacro
[3.966s] -- Symlinking: /home/robotica-dev/robotica_ws/install/pantilt_bot_description/share/pantilt_bot_description/urdf/pantilt_bot.ros2_control.xacro
[3.975s] -- Symlinking: /home/robotica-dev/robotica_ws/install/pantilt_bot_description/share/pantilt_bot_description/urdf/pantilt_bot.ros2_control_gazebo.xacro
[3.983s] -- Symlinking: /home/robotica-dev/robotica_ws/install/pantilt_bot_description/share/pantilt_bot_description/urdf/pantilt_bot.urdf.xacro
[3.992s] -- Symlinking: /home/robotica-dev/robotica_ws/install/pantilt_bot_description/share/pantilt_bot_description/urdf/pantilt_bot.xacro
[4.001s] -- Symlinking: /home/robotica-dev/robotica_ws/install/pantilt_bot_description/share/pantilt_bot_description/urdf/pantilt_bot_gazebo.urdf.xacro
[4.010s] -- Symlinking: /home/robotica-dev/robotica_ws/install/pantilt_bot_description/share/pantilt_bot_description/controllers/controllers.yaml
[4.019s] -- Symlinking: /home/robotica-dev/robotica_ws/install/pantilt_bot_description/share/pantilt_bot_description/launch/display.launch.py
[4.028s] -- Symlinking: /home/robotica-dev/robotica_ws/install/pantilt_bot_description/share/pantilt_bot_description/launch/pantilt_bot.launch.py
[4.037s] -- Symlinking: /home/robotica-dev/robotica_ws/install/pantilt_bot_description/share/pantilt_bot_description/launch/pantilt_bot.rviz
[4.045s] -- Symlinking: /home/robotica-dev/robotica_ws/install/pantilt_bot_description/share/pantilt_bot_description/launch/pantilt_bot_gazebo.launch.py
[4.054s] -- Symlinking: /home/robotica-dev/robotica_ws/install/pantilt_bot_description/share/pantilt_bot_description/environment/pantilt_bot_description.dsv
[4.063s] -- Symlinking: /home/robotica-dev/robotica_ws/install/pantilt_bot_description/share/ament_index/resource_index/package_run_dependencies/pantilt_bot_description
[4.071s] -- Symlinking: /home/robotica-dev/robotica_ws/install/pantilt_bot_description/share/ament_index/resource_index/parent_prefix_path/pantilt_bot_description
[4.080s] -- Symlinking: /home/robotica-dev/robotica_ws/install/pantilt_bot_description/share/pantilt_bot_description/environment/ament_prefix_path.sh
[4.088s] -- Symlinking: /home/robotica-dev/robotica_ws/install/pantilt_bot_description/share/pantilt_bot_description/environment/ament_prefix_path.dsv
[4.123s] -- Symlinking: /home/robotica-dev/robotica_ws/install/pantilt_bot_description/share/pantilt_bot_description/environment/path.sh
[4.146s] -- Symlinking: /home/robotica-dev/robotica_ws/install/pantilt_bot_description/share/pantilt_bot_description/environment/path.dsv
[4.169s] -- Symlinking: /home/robotica-dev/robotica_ws/install/pantilt_bot_description/share/pantilt_bot_description/local_setup.bash
[4.195s] -- Symlinking: /home/robotica-dev/robotica_ws/install/pantilt_bot_description/share/pantilt_bot_description/local_setup.sh
[4.216s] -- Symlinking: /home/robotica-dev/robotica_ws/install/pantilt_bot_description/share/pantilt_bot_description/local_setup.zsh
[4.236s] -- Symlinking: /home/robotica-dev/robotica_ws/install/pantilt_bot_description/share/pantilt_bot_description/local_setup.dsv
[4.250s] -- Symlinking: /home/robotica-dev/robotica_ws/install/pantilt_bot_description/share/pantilt_bot_description/package.dsv
[4.267s] -- Symlinking: /home/robotica-dev/robotica_ws/install/pantilt_bot_description/share/ament_index/resource_index/packages/pantilt_bot_description
[4.279s] -- Symlinking: /home/robotica-dev/robotica_ws/install/pantilt_bot_description/share/pantilt_bot_description/cmake/pantilt_bot_descriptionConfig.cmake
[4.290s] -- Symlinking: /home/robotica-dev/robotica_ws/install/pantilt_bot_description/share/pantilt_bot_description/cmake/pantilt_bot_descriptionConfig-version.cmake
[4.301s] -- Symlinking: /home/robotica-dev/robotica_ws/install/pantilt_bot_description/share/pantilt_bot_description/package.xml
[4.316s] Invoked command in '/home/robotica-dev/robotica_ws/build/pantilt_bot_description' returned '0': AMENT_PREFIX_PATH=/home/robotica-dev/robotica_ws/install/dynamixel_hardware:${AMENT_PREFIX_PATH} CMAKE_PREFIX_PATH=/home/robotica-dev/robotica_ws/install/dynamixel_hardware:/home/robotica-dev/robotica_ws/install/serial:/home/robotica-dev/robotica_ws/install/diffdrive_arduino:/opt/ros/humble LD_LIBRARY_PATH=/home/robotica-dev/robotica_ws/install/dynamixel_hardware/lib:${LD_LIBRARY_PATH} /usr/bin/cmake --install /home/robotica-dev/robotica_ws/build/pantilt_bot_description
