[  2%] Built target topics_services__cpp
[ 12%] Built target topics_services__rosidl_generator_c
[ 23%] Built target topics_services__rosidl_typesupport_cpp
[ 23%] Built target ament_cmake_python_symlink_topics_services
[ 34%] Built target topics_services__rosidl_typesupport_fastrtps_cpp
[ 44%] Built target topics_services__rosidl_typesupport_introspection_cpp
[ 55%] Built target topics_services__rosidl_typesupport_fastrtps_c
[ 65%] Built target topics_services__rosidl_typesupport_introspection_c
[ 76%] Built target topics_services__rosidl_typesupport_c
[ 76%] Built target topics_services
[ 78%] Built target topics_services__py
[ 87%] Built target topics_services__rosidl_generator_py
[ 91%] Built target topics_services__rosidl_typesupport_fastrtps_c__pyext
[ 95%] Built target topics_services__rosidl_typesupport_c__pyext
[100%] Built target topics_services__rosidl_typesupport_introspection_c__pyext
running egg_info
writing topics_services.egg-info/PKG-INFO
writing dependency_links to topics_services.egg-info/dependency_links.txt
writing top-level names to topics_services.egg-info/top_level.txt
reading manifest file 'topics_services.egg-info/SOURCES.txt'
writing manifest file 'topics_services.egg-info/SOURCES.txt'
[100%] Built target ament_cmake_python_build_topics_services_egg
-- Install configuration: ""
-- Execute custom install script
-- Up-to-date symlink: /home/robotica-dev/robotica_ws/install/topics_services/share/ament_index/resource_index/rosidl_interfaces/topics_services
-- Up-to-date symlink: /home/robotica-dev/robotica_ws/install/topics_services/include/topics_services/topics_services/msg/detail/random_data__functions.h
-- Up-to-date symlink: /home/robotica-dev/robotica_ws/install/topics_services/include/topics_services/topics_services/msg/detail/random_data__struct.h
-- Up-to-date symlink: /home/robotica-dev/robotica_ws/install/topics_services/include/topics_services/topics_services/msg/detail/random_data__type_support.h
-- Up-to-date symlink: /home/robotica-dev/robotica_ws/install/topics_services/include/topics_services/topics_services/msg/detail/servo_data__functions.h
-- Up-to-date symlink: /home/robotica-dev/robotica_ws/install/topics_services/include/topics_services/topics_services/msg/detail/servo_data__struct.h
-- Up-to-date symlink: /home/robotica-dev/robotica_ws/install/topics_services/include/topics_services/topics_services/msg/detail/servo_data__type_support.h
-- Up-to-date symlink: /home/robotica-dev/robotica_ws/install/topics_services/include/topics_services/topics_services/msg/detail/telemetric__functions.h
-- Up-to-date symlink: /home/robotica-dev/robotica_ws/install/topics_services/include/topics_services/topics_services/msg/detail/telemetric__struct.h
-- Up-to-date symlink: /home/robotica-dev/robotica_ws/install/topics_services/include/topics_services/topics_services/msg/detail/telemetric__type_support.h
-- Up-to-date symlink: /home/robotica-dev/robotica_ws/install/topics_services/include/topics_services/topics_services/msg/random_data.h
-- Up-to-date symlink: /home/robotica-dev/robotica_ws/install/topics_services/include/topics_services/topics_services/msg/rosidl_generator_c__visibility_control.h
-- Up-to-date symlink: /home/robotica-dev/robotica_ws/install/topics_services/include/topics_services/topics_services/msg/servo_data.h
-- Up-to-date symlink: /home/robotica-dev/robotica_ws/install/topics_services/include/topics_services/topics_services/msg/telemetric.h
-- Up-to-date symlink: /home/robotica-dev/robotica_ws/install/topics_services/share/topics_services/environment/library_path.sh
-- Up-to-date symlink: /home/robotica-dev/robotica_ws/install/topics_services/share/topics_services/environment/library_path.dsv
-- Up-to-date symlink: /home/robotica-dev/robotica_ws/install/topics_services/include/topics_services/topics_services/msg/detail/random_data__rosidl_typesupport_fastrtps_c.h
-- Up-to-date symlink: /home/robotica-dev/robotica_ws/install/topics_services/include/topics_services/topics_services/msg/detail/servo_data__rosidl_typesupport_fastrtps_c.h
-- Up-to-date symlink: /home/robotica-dev/robotica_ws/install/topics_services/include/topics_services/topics_services/msg/detail/telemetric__rosidl_typesupport_fastrtps_c.h
-- Up-to-date symlink: /home/robotica-dev/robotica_ws/install/topics_services/include/topics_services/topics_services/msg/rosidl_typesupport_fastrtps_c__visibility_control.h
-- Up-to-date symlink: /home/robotica-dev/robotica_ws/install/topics_services/include/topics_services/topics_services/msg/detail/random_data__builder.hpp
-- Up-to-date symlink: /home/robotica-dev/robotica_ws/install/topics_services/include/topics_services/topics_services/msg/detail/random_data__struct.hpp
-- Up-to-date symlink: /home/robotica-dev/robotica_ws/install/topics_services/include/topics_services/topics_services/msg/detail/random_data__traits.hpp
-- Up-to-date symlink: /home/robotica-dev/robotica_ws/install/topics_services/include/topics_services/topics_services/msg/detail/servo_data__builder.hpp
-- Up-to-date symlink: /home/robotica-dev/robotica_ws/install/topics_services/include/topics_services/topics_services/msg/detail/servo_data__struct.hpp
-- Up-to-date symlink: /home/robotica-dev/robotica_ws/install/topics_services/include/topics_services/topics_services/msg/detail/servo_data__traits.hpp
-- Up-to-date symlink: /home/robotica-dev/robotica_ws/install/topics_services/include/topics_services/topics_services/msg/detail/telemetric__builder.hpp
-- Up-to-date symlink: /home/robotica-dev/robotica_ws/install/topics_services/include/topics_services/topics_services/msg/detail/telemetric__struct.hpp
-- Up-to-date symlink: /home/robotica-dev/robotica_ws/install/topics_services/include/topics_services/topics_services/msg/detail/telemetric__traits.hpp
-- Up-to-date symlink: /home/robotica-dev/robotica_ws/install/topics_services/include/topics_services/topics_services/msg/random_data.hpp
-- Up-to-date symlink: /home/robotica-dev/robotica_ws/install/topics_services/include/topics_services/topics_services/msg/servo_data.hpp
-- Up-to-date symlink: /home/robotica-dev/robotica_ws/install/topics_services/include/topics_services/topics_services/msg/telemetric.hpp
-- Up-to-date symlink: /home/robotica-dev/robotica_ws/install/topics_services/include/topics_services/topics_services/msg/detail/random_data__rosidl_typesupport_fastrtps_cpp.hpp
-- Up-to-date symlink: /home/robotica-dev/robotica_ws/install/topics_services/include/topics_services/topics_services/msg/detail/servo_data__rosidl_typesupport_fastrtps_cpp.hpp
-- Up-to-date symlink: /home/robotica-dev/robotica_ws/install/topics_services/include/topics_services/topics_services/msg/detail/telemetric__rosidl_typesupport_fastrtps_cpp.hpp
-- Up-to-date symlink: /home/robotica-dev/robotica_ws/install/topics_services/include/topics_services/topics_services/msg/rosidl_typesupport_fastrtps_cpp__visibility_control.h
-- Up-to-date symlink: /home/robotica-dev/robotica_ws/install/topics_services/include/topics_services/topics_services/msg/detail/random_data__rosidl_typesupport_introspection_c.h
-- Up-to-date symlink: /home/robotica-dev/robotica_ws/install/topics_services/include/topics_services/topics_services/msg/detail/servo_data__rosidl_typesupport_introspection_c.h
-- Up-to-date symlink: /home/robotica-dev/robotica_ws/install/topics_services/include/topics_services/topics_services/msg/detail/telemetric__rosidl_typesupport_introspection_c.h
-- Up-to-date symlink: /home/robotica-dev/robotica_ws/install/topics_services/include/topics_services/topics_services/msg/rosidl_typesupport_introspection_c__visibility_control.h
-- Up-to-date symlink: /home/robotica-dev/robotica_ws/install/topics_services/include/topics_services/topics_services/msg/detail/random_data__rosidl_typesupport_introspection_cpp.hpp
-- Up-to-date symlink: /home/robotica-dev/robotica_ws/install/topics_services/include/topics_services/topics_services/msg/detail/servo_data__rosidl_typesupport_introspection_cpp.hpp
-- Up-to-date symlink: /home/robotica-dev/robotica_ws/install/topics_services/include/topics_services/topics_services/msg/detail/telemetric__rosidl_typesupport_introspection_cpp.hpp
-- Up-to-date symlink: /home/robotica-dev/robotica_ws/install/topics_services/share/topics_services/environment/pythonpath.sh
-- Up-to-date symlink: /home/robotica-dev/robotica_ws/install/topics_services/share/topics_services/environment/pythonpath.dsv
-- Up-to-date symlink: /home/robotica-dev/robotica_ws/install/topics_services/local/lib/python3.10/dist-packages/topics_services-0.0.0-py3.10.egg-info/PKG-INFO
-- Up-to-date symlink: /home/robotica-dev/robotica_ws/install/topics_services/local/lib/python3.10/dist-packages/topics_services-0.0.0-py3.10.egg-info/SOURCES.txt
-- Up-to-date symlink: /home/robotica-dev/robotica_ws/install/topics_services/local/lib/python3.10/dist-packages/topics_services-0.0.0-py3.10.egg-info/dependency_links.txt
-- Up-to-date symlink: /home/robotica-dev/robotica_ws/install/topics_services/local/lib/python3.10/dist-packages/topics_services-0.0.0-py3.10.egg-info/top_level.txt
-- Up-to-date symlink: /home/robotica-dev/robotica_ws/install/topics_services/local/lib/python3.10/dist-packages/topics_services/__init__.py
-- Up-to-date symlink: /home/robotica-dev/robotica_ws/install/topics_services/local/lib/python3.10/dist-packages/topics_services/_topics_services_s.ep.rosidl_typesupport_c.c
-- Up-to-date symlink: /home/robotica-dev/robotica_ws/install/topics_services/local/lib/python3.10/dist-packages/topics_services/_topics_services_s.ep.rosidl_typesupport_fastrtps_c.c
-- Up-to-date symlink: /home/robotica-dev/robotica_ws/install/topics_services/local/lib/python3.10/dist-packages/topics_services/_topics_services_s.ep.rosidl_typesupport_introspection_c.c
-- Up-to-date symlink: /home/robotica-dev/robotica_ws/install/topics_services/local/lib/python3.10/dist-packages/topics_services/libtopics_services__rosidl_generator_py.so
-- Up-to-date symlink: /home/robotica-dev/robotica_ws/install/topics_services/local/lib/python3.10/dist-packages/topics_services/msg/__init__.py
-- Up-to-date symlink: /home/robotica-dev/robotica_ws/install/topics_services/local/lib/python3.10/dist-packages/topics_services/msg/_random_data.py
-- Up-to-date symlink: /home/robotica-dev/robotica_ws/install/topics_services/local/lib/python3.10/dist-packages/topics_services/msg/_random_data_s.c
-- Up-to-date symlink: /home/robotica-dev/robotica_ws/install/topics_services/local/lib/python3.10/dist-packages/topics_services/msg/_servo_data.py
-- Up-to-date symlink: /home/robotica-dev/robotica_ws/install/topics_services/local/lib/python3.10/dist-packages/topics_services/msg/_servo_data_s.c
-- Up-to-date symlink: /home/robotica-dev/robotica_ws/install/topics_services/local/lib/python3.10/dist-packages/topics_services/msg/_telemetric.py
-- Up-to-date symlink: /home/robotica-dev/robotica_ws/install/topics_services/local/lib/python3.10/dist-packages/topics_services/msg/_telemetric_s.c
-- Up-to-date symlink: /home/robotica-dev/robotica_ws/install/topics_services/local/lib/python3.10/dist-packages/topics_services/topics_services_s__rosidl_typesupport_c.cpython-310-x86_64-linux-gnu.so
-- Up-to-date symlink: /home/robotica-dev/robotica_ws/install/topics_services/local/lib/python3.10/dist-packages/topics_services/topics_services_s__rosidl_typesupport_fastrtps_c.cpython-310-x86_64-linux-gnu.so
-- Up-to-date symlink: /home/robotica-dev/robotica_ws/install/topics_services/local/lib/python3.10/dist-packages/topics_services/topics_services_s__rosidl_typesupport_introspection_c.cpython-310-x86_64-linux-gnu.so
-- Up-to-date symlink: /home/robotica-dev/robotica_ws/install/topics_services/local/lib/python3.10/dist-packages/topics_services/topics_services_s__rosidl_typesupport_fastrtps_c.cpython-310-x86_64-linux-gnu.so
-- Up-to-date symlink: /home/robotica-dev/robotica_ws/install/topics_services/local/lib/python3.10/dist-packages/topics_services/topics_services_s__rosidl_typesupport_introspection_c.cpython-310-x86_64-linux-gnu.so
-- Up-to-date symlink: /home/robotica-dev/robotica_ws/install/topics_services/local/lib/python3.10/dist-packages/topics_services/topics_services_s__rosidl_typesupport_c.cpython-310-x86_64-linux-gnu.so
-- Up-to-date symlink: /home/robotica-dev/robotica_ws/install/topics_services/share/topics_services/msg/ServoData.idl
-- Up-to-date symlink: /home/robotica-dev/robotica_ws/install/topics_services/share/topics_services/msg/Telemetric.idl
-- Up-to-date symlink: /home/robotica-dev/robotica_ws/install/topics_services/share/topics_services/msg/RandomData.idl
-- Up-to-date symlink: /home/robotica-dev/robotica_ws/install/topics_services/share/topics_services/msg/ServoData.msg
-- Up-to-date symlink: /home/robotica-dev/robotica_ws/install/topics_services/share/topics_services/msg/Telemetric.msg
-- Up-to-date symlink: /home/robotica-dev/robotica_ws/install/topics_services/share/topics_services/msg/RandomData.msg
-- Up-to-date symlink: /home/robotica-dev/robotica_ws/install/topics_services/share/ament_index/resource_index/package_run_dependencies/topics_services
-- Up-to-date symlink: /home/robotica-dev/robotica_ws/install/topics_services/share/ament_index/resource_index/parent_prefix_path/topics_services
-- Up-to-date symlink: /home/robotica-dev/robotica_ws/install/topics_services/share/topics_services/environment/ament_prefix_path.sh
-- Up-to-date symlink: /home/robotica-dev/robotica_ws/install/topics_services/share/topics_services/environment/ament_prefix_path.dsv
-- Up-to-date symlink: /home/robotica-dev/robotica_ws/install/topics_services/share/topics_services/environment/path.sh
-- Up-to-date symlink: /home/robotica-dev/robotica_ws/install/topics_services/share/topics_services/environment/path.dsv
-- Up-to-date symlink: /home/robotica-dev/robotica_ws/install/topics_services/share/topics_services/local_setup.bash
-- Up-to-date symlink: /home/robotica-dev/robotica_ws/install/topics_services/share/topics_services/local_setup.sh
-- Up-to-date symlink: /home/robotica-dev/robotica_ws/install/topics_services/share/topics_services/local_setup.zsh
-- Up-to-date symlink: /home/robotica-dev/robotica_ws/install/topics_services/share/topics_services/local_setup.dsv
-- Symlinking: /home/robotica-dev/robotica_ws/install/topics_services/share/topics_services/package.dsv
-- Up-to-date symlink: /home/robotica-dev/robotica_ws/install/topics_services/share/ament_index/resource_index/packages/topics_services
-- Up-to-date symlink: /home/robotica-dev/robotica_ws/install/topics_services/share/topics_services/cmake/rosidl_cmake-extras.cmake
-- Up-to-date symlink: /home/robotica-dev/robotica_ws/install/topics_services/share/topics_services/cmake/ament_cmake_export_include_directories-extras.cmake
-- Up-to-date symlink: /home/robotica-dev/robotica_ws/install/topics_services/share/topics_services/cmake/ament_cmake_export_libraries-extras.cmake
-- Up-to-date symlink: /home/robotica-dev/robotica_ws/install/topics_services/share/topics_services/cmake/ament_cmake_export_targets-extras.cmake
-- Up-to-date symlink: /home/robotica-dev/robotica_ws/install/topics_services/share/topics_services/cmake/rosidl_cmake_export_typesupport_targets-extras.cmake
-- Up-to-date symlink: /home/robotica-dev/robotica_ws/install/topics_services/share/topics_services/cmake/ament_cmake_export_dependencies-extras.cmake
-- Up-to-date symlink: /home/robotica-dev/robotica_ws/install/topics_services/share/topics_services/cmake/rosidl_cmake_export_typesupport_libraries-extras.cmake
-- Up-to-date symlink: /home/robotica-dev/robotica_ws/install/topics_services/share/topics_services/cmake/topics_servicesConfig.cmake
-- Up-to-date symlink: /home/robotica-dev/robotica_ws/install/topics_services/share/topics_services/cmake/topics_servicesConfig-version.cmake
-- Up-to-date symlink: /home/robotica-dev/robotica_ws/install/topics_services/share/topics_services/package.xml
-- Up-to-date: /home/robotica-dev/robotica_ws/install/topics_services/lib/libtopics_services__rosidl_generator_c.so
-- Up-to-date: /home/robotica-dev/robotica_ws/install/topics_services/lib/libtopics_services__rosidl_typesupport_fastrtps_c.so
-- Up-to-date: /home/robotica-dev/robotica_ws/install/topics_services/lib/libtopics_services__rosidl_typesupport_fastrtps_cpp.so
-- Up-to-date: /home/robotica-dev/robotica_ws/install/topics_services/lib/libtopics_services__rosidl_typesupport_introspection_c.so
-- Up-to-date: /home/robotica-dev/robotica_ws/install/topics_services/lib/libtopics_services__rosidl_typesupport_c.so
-- Up-to-date: /home/robotica-dev/robotica_ws/install/topics_services/lib/libtopics_services__rosidl_typesupport_introspection_cpp.so
-- Up-to-date: /home/robotica-dev/robotica_ws/install/topics_services/lib/libtopics_services__rosidl_typesupport_cpp.so
Listing '/home/robotica-dev/robotica_ws/install/topics_services/local/lib/python3.10/dist-packages/topics_services'...
Listing '/home/robotica-dev/robotica_ws/install/topics_services/local/lib/python3.10/dist-packages/topics_services/msg'...
-- Up-to-date: /home/robotica-dev/robotica_ws/install/topics_services/lib/libtopics_services__rosidl_generator_py.so
-- Up-to-date: /home/robotica-dev/robotica_ws/install/topics_services/share/topics_services/cmake/export_topics_services__rosidl_generator_cExport.cmake
-- Up-to-date: /home/robotica-dev/robotica_ws/install/topics_services/share/topics_services/cmake/export_topics_services__rosidl_generator_cExport-noconfig.cmake
-- Up-to-date: /home/robotica-dev/robotica_ws/install/topics_services/share/topics_services/cmake/export_topics_services__rosidl_typesupport_fastrtps_cExport.cmake
-- Up-to-date: /home/robotica-dev/robotica_ws/install/topics_services/share/topics_services/cmake/export_topics_services__rosidl_typesupport_fastrtps_cExport-noconfig.cmake
-- Up-to-date: /home/robotica-dev/robotica_ws/install/topics_services/share/topics_services/cmake/export_topics_services__rosidl_generator_cppExport.cmake
-- Up-to-date: /home/robotica-dev/robotica_ws/install/topics_services/share/topics_services/cmake/export_topics_services__rosidl_typesupport_fastrtps_cppExport.cmake
-- Up-to-date: /home/robotica-dev/robotica_ws/install/topics_services/share/topics_services/cmake/export_topics_services__rosidl_typesupport_fastrtps_cppExport-noconfig.cmake
-- Up-to-date: /home/robotica-dev/robotica_ws/install/topics_services/share/topics_services/cmake/topics_services__rosidl_typesupport_introspection_cExport.cmake
-- Up-to-date: /home/robotica-dev/robotica_ws/install/topics_services/share/topics_services/cmake/topics_services__rosidl_typesupport_introspection_cExport-noconfig.cmake
-- Up-to-date: /home/robotica-dev/robotica_ws/install/topics_services/share/topics_services/cmake/topics_services__rosidl_typesupport_cExport.cmake
-- Up-to-date: /home/robotica-dev/robotica_ws/install/topics_services/share/topics_services/cmake/topics_services__rosidl_typesupport_cExport-noconfig.cmake
-- Up-to-date: /home/robotica-dev/robotica_ws/install/topics_services/share/topics_services/cmake/topics_services__rosidl_typesupport_introspection_cppExport.cmake
-- Up-to-date: /home/robotica-dev/robotica_ws/install/topics_services/share/topics_services/cmake/topics_services__rosidl_typesupport_introspection_cppExport-noconfig.cmake
-- Up-to-date: /home/robotica-dev/robotica_ws/install/topics_services/share/topics_services/cmake/topics_services__rosidl_typesupport_cppExport.cmake
-- Up-to-date: /home/robotica-dev/robotica_ws/install/topics_services/share/topics_services/cmake/topics_services__rosidl_typesupport_cppExport-noconfig.cmake
-- Up-to-date: /home/robotica-dev/robotica_ws/install/topics_services/share/topics_services/cmake/export_topics_services__rosidl_generator_pyExport.cmake
-- Up-to-date: /home/robotica-dev/robotica_ws/install/topics_services/share/topics_services/cmake/export_topics_services__rosidl_generator_pyExport-noconfig.cmake
