[0.033s] Invoking command in '/home/robotica-dev/robotica_ws/build/topics_services': CMAKE_PREFIX_PATH=${CMAKE_PREFIX_PATH}:/home/robotica-dev/robotica_ws/install/ros_control:/opt/ros/humble /usr/bin/cmake --build /home/robotica-dev/robotica_ws/build/topics_services -- -j4 -l4
[0.124s] [  2%] Built target topics_services__cpp
[0.140s] [ 12%] Built target topics_services__rosidl_generator_c
[0.173s] [ 23%] Built target topics_services__rosidl_typesupport_cpp
[0.175s] [ 23%] Built target ament_cmake_python_symlink_topics_services
[0.192s] [ 34%] Built target topics_services__rosidl_typesupport_fastrtps_cpp
[0.199s] [ 44%] Built target topics_services__rosidl_typesupport_introspection_cpp
[0.225s] [ 55%] Built target topics_services__rosidl_typesupport_fastrtps_c
[0.227s] [ 65%] Built target topics_services__rosidl_typesupport_introspection_c
[0.246s] [ 76%] Built target topics_services__rosidl_typesupport_c
[0.274s] [ 76%] Built target topics_services
[0.308s] [ 78%] Built target topics_services__py
[0.336s] [ 87%] Built target topics_services__rosidl_generator_py
[0.381s] [ 91%] Built target topics_services__rosidl_typesupport_fastrtps_c__pyext
[0.396s] [ 95%] Built target topics_services__rosidl_typesupport_c__pyext
[0.396s] [100%] Built target topics_services__rosidl_typesupport_introspection_c__pyext
[0.531s] running egg_info
[0.532s] writing topics_services.egg-info/PKG-INFO
[0.532s] writing dependency_links to topics_services.egg-info/dependency_links.txt
[0.532s] writing top-level names to topics_services.egg-info/top_level.txt
[0.535s] reading manifest file 'topics_services.egg-info/SOURCES.txt'
[0.536s] writing manifest file 'topics_services.egg-info/SOURCES.txt'
[0.567s] [100%] Built target ament_cmake_python_build_topics_services_egg
[0.589s] Invoked command in '/home/robotica-dev/robotica_ws/build/topics_services' returned '0': CMAKE_PREFIX_PATH=${CMAKE_PREFIX_PATH}:/home/robotica-dev/robotica_ws/install/ros_control:/opt/ros/humble /usr/bin/cmake --build /home/robotica-dev/robotica_ws/build/topics_services -- -j4 -l4
[0.800s] Invoking command in '/home/robotica-dev/robotica_ws/build/topics_services': CMAKE_PREFIX_PATH=${CMAKE_PREFIX_PATH}:/home/robotica-dev/robotica_ws/install/ros_control:/opt/ros/humble /usr/bin/cmake --install /home/robotica-dev/robotica_ws/build/topics_services
[0.817s] -- Install configuration: ""
[0.817s] -- Execute custom install script
[0.817s] -- Up-to-date symlink: /home/robotica-dev/robotica_ws/install/topics_services/share/ament_index/resource_index/rosidl_interfaces/topics_services
[0.817s] -- Up-to-date symlink: /home/robotica-dev/robotica_ws/install/topics_services/include/topics_services/topics_services/msg/detail/random_data__functions.h
[0.817s] -- Up-to-date symlink: /home/robotica-dev/robotica_ws/install/topics_services/include/topics_services/topics_services/msg/detail/random_data__struct.h
[0.817s] -- Up-to-date symlink: /home/robotica-dev/robotica_ws/install/topics_services/include/topics_services/topics_services/msg/detail/random_data__type_support.h
[0.817s] -- Up-to-date symlink: /home/robotica-dev/robotica_ws/install/topics_services/include/topics_services/topics_services/msg/detail/servo_data__functions.h
[0.817s] -- Up-to-date symlink: /home/robotica-dev/robotica_ws/install/topics_services/include/topics_services/topics_services/msg/detail/servo_data__struct.h
[0.817s] -- Up-to-date symlink: /home/robotica-dev/robotica_ws/install/topics_services/include/topics_services/topics_services/msg/detail/servo_data__type_support.h
[0.817s] -- Up-to-date symlink: /home/robotica-dev/robotica_ws/install/topics_services/include/topics_services/topics_services/msg/detail/telemetric__functions.h
[0.817s] -- Up-to-date symlink: /home/robotica-dev/robotica_ws/install/topics_services/include/topics_services/topics_services/msg/detail/telemetric__struct.h
[0.817s] -- Up-to-date symlink: /home/robotica-dev/robotica_ws/install/topics_services/include/topics_services/topics_services/msg/detail/telemetric__type_support.h
[0.817s] -- Up-to-date symlink: /home/robotica-dev/robotica_ws/install/topics_services/include/topics_services/topics_services/msg/random_data.h
[0.818s] -- Up-to-date symlink: /home/robotica-dev/robotica_ws/install/topics_services/include/topics_services/topics_services/msg/rosidl_generator_c__visibility_control.h
[0.818s] -- Up-to-date symlink: /home/robotica-dev/robotica_ws/install/topics_services/include/topics_services/topics_services/msg/servo_data.h
[0.818s] -- Up-to-date symlink: /home/robotica-dev/robotica_ws/install/topics_services/include/topics_services/topics_services/msg/telemetric.h
[0.818s] -- Up-to-date symlink: /home/robotica-dev/robotica_ws/install/topics_services/share/topics_services/environment/library_path.sh
[0.818s] -- Up-to-date symlink: /home/robotica-dev/robotica_ws/install/topics_services/share/topics_services/environment/library_path.dsv
[0.818s] -- Up-to-date symlink: /home/robotica-dev/robotica_ws/install/topics_services/include/topics_services/topics_services/msg/detail/random_data__rosidl_typesupport_fastrtps_c.h
[0.818s] -- Up-to-date symlink: /home/robotica-dev/robotica_ws/install/topics_services/include/topics_services/topics_services/msg/detail/servo_data__rosidl_typesupport_fastrtps_c.h
[0.819s] -- Up-to-date symlink: /home/robotica-dev/robotica_ws/install/topics_services/include/topics_services/topics_services/msg/detail/telemetric__rosidl_typesupport_fastrtps_c.h
[0.819s] -- Up-to-date symlink: /home/robotica-dev/robotica_ws/install/topics_services/include/topics_services/topics_services/msg/rosidl_typesupport_fastrtps_c__visibility_control.h
[0.819s] -- Up-to-date symlink: /home/robotica-dev/robotica_ws/install/topics_services/include/topics_services/topics_services/msg/detail/random_data__builder.hpp
[0.819s] -- Up-to-date symlink: /home/robotica-dev/robotica_ws/install/topics_services/include/topics_services/topics_services/msg/detail/random_data__struct.hpp
[0.819s] -- Up-to-date symlink: /home/robotica-dev/robotica_ws/install/topics_services/include/topics_services/topics_services/msg/detail/random_data__traits.hpp
[0.820s] -- Up-to-date symlink: /home/robotica-dev/robotica_ws/install/topics_services/include/topics_services/topics_services/msg/detail/servo_data__builder.hpp
[0.820s] -- Up-to-date symlink: /home/robotica-dev/robotica_ws/install/topics_services/include/topics_services/topics_services/msg/detail/servo_data__struct.hpp
[0.820s] -- Up-to-date symlink: /home/robotica-dev/robotica_ws/install/topics_services/include/topics_services/topics_services/msg/detail/servo_data__traits.hpp
[0.820s] -- Up-to-date symlink: /home/robotica-dev/robotica_ws/install/topics_services/include/topics_services/topics_services/msg/detail/telemetric__builder.hpp
[0.820s] -- Up-to-date symlink: /home/robotica-dev/robotica_ws/install/topics_services/include/topics_services/topics_services/msg/detail/telemetric__struct.hpp
[0.820s] -- Up-to-date symlink: /home/robotica-dev/robotica_ws/install/topics_services/include/topics_services/topics_services/msg/detail/telemetric__traits.hpp
[0.820s] -- Up-to-date symlink: /home/robotica-dev/robotica_ws/install/topics_services/include/topics_services/topics_services/msg/random_data.hpp
[0.821s] -- Up-to-date symlink: /home/robotica-dev/robotica_ws/install/topics_services/include/topics_services/topics_services/msg/servo_data.hpp
[0.821s] -- Up-to-date symlink: /home/robotica-dev/robotica_ws/install/topics_services/include/topics_services/topics_services/msg/telemetric.hpp
[0.821s] -- Up-to-date symlink: /home/robotica-dev/robotica_ws/install/topics_services/include/topics_services/topics_services/msg/detail/random_data__rosidl_typesupport_fastrtps_cpp.hpp
[0.822s] -- Up-to-date symlink: /home/robotica-dev/robotica_ws/install/topics_services/include/topics_services/topics_services/msg/detail/servo_data__rosidl_typesupport_fastrtps_cpp.hpp
[0.822s] -- Up-to-date symlink: /home/robotica-dev/robotica_ws/install/topics_services/include/topics_services/topics_services/msg/detail/telemetric__rosidl_typesupport_fastrtps_cpp.hpp
[0.822s] -- Up-to-date symlink: /home/robotica-dev/robotica_ws/install/topics_services/include/topics_services/topics_services/msg/rosidl_typesupport_fastrtps_cpp__visibility_control.h
[0.822s] -- Up-to-date symlink: /home/robotica-dev/robotica_ws/install/topics_services/include/topics_services/topics_services/msg/detail/random_data__rosidl_typesupport_introspection_c.h
[0.823s] -- Up-to-date symlink: /home/robotica-dev/robotica_ws/install/topics_services/include/topics_services/topics_services/msg/detail/servo_data__rosidl_typesupport_introspection_c.h
[0.823s] -- Up-to-date symlink: /home/robotica-dev/robotica_ws/install/topics_services/include/topics_services/topics_services/msg/detail/telemetric__rosidl_typesupport_introspection_c.h
[0.823s] -- Up-to-date symlink: /home/robotica-dev/robotica_ws/install/topics_services/include/topics_services/topics_services/msg/rosidl_typesupport_introspection_c__visibility_control.h
[0.823s] -- Up-to-date symlink: /home/robotica-dev/robotica_ws/install/topics_services/include/topics_services/topics_services/msg/detail/random_data__rosidl_typesupport_introspection_cpp.hpp
[0.823s] -- Up-to-date symlink: /home/robotica-dev/robotica_ws/install/topics_services/include/topics_services/topics_services/msg/detail/servo_data__rosidl_typesupport_introspection_cpp.hpp
[0.824s] -- Up-to-date symlink: /home/robotica-dev/robotica_ws/install/topics_services/include/topics_services/topics_services/msg/detail/telemetric__rosidl_typesupport_introspection_cpp.hpp
[0.824s] -- Up-to-date symlink: /home/robotica-dev/robotica_ws/install/topics_services/share/topics_services/environment/pythonpath.sh
[0.824s] -- Up-to-date symlink: /home/robotica-dev/robotica_ws/install/topics_services/share/topics_services/environment/pythonpath.dsv
[0.824s] -- Up-to-date symlink: /home/robotica-dev/robotica_ws/install/topics_services/local/lib/python3.10/dist-packages/topics_services-0.0.0-py3.10.egg-info/PKG-INFO
[0.825s] -- Up-to-date symlink: /home/robotica-dev/robotica_ws/install/topics_services/local/lib/python3.10/dist-packages/topics_services-0.0.0-py3.10.egg-info/SOURCES.txt
[0.825s] -- Up-to-date symlink: /home/robotica-dev/robotica_ws/install/topics_services/local/lib/python3.10/dist-packages/topics_services-0.0.0-py3.10.egg-info/dependency_links.txt
[0.825s] -- Up-to-date symlink: /home/robotica-dev/robotica_ws/install/topics_services/local/lib/python3.10/dist-packages/topics_services-0.0.0-py3.10.egg-info/top_level.txt
[0.826s] -- Up-to-date symlink: /home/robotica-dev/robotica_ws/install/topics_services/local/lib/python3.10/dist-packages/topics_services/__init__.py
[0.826s] -- Up-to-date symlink: /home/robotica-dev/robotica_ws/install/topics_services/local/lib/python3.10/dist-packages/topics_services/_topics_services_s.ep.rosidl_typesupport_c.c
[0.826s] -- Up-to-date symlink: /home/robotica-dev/robotica_ws/install/topics_services/local/lib/python3.10/dist-packages/topics_services/_topics_services_s.ep.rosidl_typesupport_fastrtps_c.c
[0.826s] -- Up-to-date symlink: /home/robotica-dev/robotica_ws/install/topics_services/local/lib/python3.10/dist-packages/topics_services/_topics_services_s.ep.rosidl_typesupport_introspection_c.c
[0.826s] -- Up-to-date symlink: /home/robotica-dev/robotica_ws/install/topics_services/local/lib/python3.10/dist-packages/topics_services/libtopics_services__rosidl_generator_py.so
[0.827s] -- Up-to-date symlink: /home/robotica-dev/robotica_ws/install/topics_services/local/lib/python3.10/dist-packages/topics_services/msg/__init__.py
[0.827s] -- Up-to-date symlink: /home/robotica-dev/robotica_ws/install/topics_services/local/lib/python3.10/dist-packages/topics_services/msg/_random_data.py
[0.827s] -- Up-to-date symlink: /home/robotica-dev/robotica_ws/install/topics_services/local/lib/python3.10/dist-packages/topics_services/msg/_random_data_s.c
[0.827s] -- Up-to-date symlink: /home/robotica-dev/robotica_ws/install/topics_services/local/lib/python3.10/dist-packages/topics_services/msg/_servo_data.py
[0.827s] -- Up-to-date symlink: /home/robotica-dev/robotica_ws/install/topics_services/local/lib/python3.10/dist-packages/topics_services/msg/_servo_data_s.c
[0.827s] -- Up-to-date symlink: /home/robotica-dev/robotica_ws/install/topics_services/local/lib/python3.10/dist-packages/topics_services/msg/_telemetric.py
[0.828s] -- Up-to-date symlink: /home/robotica-dev/robotica_ws/install/topics_services/local/lib/python3.10/dist-packages/topics_services/msg/_telemetric_s.c
[0.829s] -- Up-to-date symlink: /home/robotica-dev/robotica_ws/install/topics_services/local/lib/python3.10/dist-packages/topics_services/topics_services_s__rosidl_typesupport_c.cpython-310-x86_64-linux-gnu.so
[0.831s] -- Up-to-date symlink: /home/robotica-dev/robotica_ws/install/topics_services/local/lib/python3.10/dist-packages/topics_services/topics_services_s__rosidl_typesupport_fastrtps_c.cpython-310-x86_64-linux-gnu.so
[0.833s] -- Up-to-date symlink: /home/robotica-dev/robotica_ws/install/topics_services/local/lib/python3.10/dist-packages/topics_services/topics_services_s__rosidl_typesupport_introspection_c.cpython-310-x86_64-linux-gnu.so
[0.843s] -- Up-to-date symlink: /home/robotica-dev/robotica_ws/install/topics_services/local/lib/python3.10/dist-packages/topics_services/topics_services_s__rosidl_typesupport_fastrtps_c.cpython-310-x86_64-linux-gnu.so
[0.845s] -- Up-to-date symlink: /home/robotica-dev/robotica_ws/install/topics_services/local/lib/python3.10/dist-packages/topics_services/topics_services_s__rosidl_typesupport_introspection_c.cpython-310-x86_64-linux-gnu.so
[0.845s] -- Up-to-date symlink: /home/robotica-dev/robotica_ws/install/topics_services/local/lib/python3.10/dist-packages/topics_services/topics_services_s__rosidl_typesupport_c.cpython-310-x86_64-linux-gnu.so
[0.847s] -- Up-to-date symlink: /home/robotica-dev/robotica_ws/install/topics_services/share/topics_services/msg/ServoData.idl
[0.847s] -- Up-to-date symlink: /home/robotica-dev/robotica_ws/install/topics_services/share/topics_services/msg/Telemetric.idl
[0.847s] -- Up-to-date symlink: /home/robotica-dev/robotica_ws/install/topics_services/share/topics_services/msg/RandomData.idl
[0.847s] -- Up-to-date symlink: /home/robotica-dev/robotica_ws/install/topics_services/share/topics_services/msg/ServoData.msg
[0.847s] -- Up-to-date symlink: /home/robotica-dev/robotica_ws/install/topics_services/share/topics_services/msg/Telemetric.msg
[0.847s] -- Up-to-date symlink: /home/robotica-dev/robotica_ws/install/topics_services/share/topics_services/msg/RandomData.msg
[0.847s] -- Up-to-date symlink: /home/robotica-dev/robotica_ws/install/topics_services/share/ament_index/resource_index/package_run_dependencies/topics_services
[0.847s] -- Up-to-date symlink: /home/robotica-dev/robotica_ws/install/topics_services/share/ament_index/resource_index/parent_prefix_path/topics_services
[0.847s] -- Up-to-date symlink: /home/robotica-dev/robotica_ws/install/topics_services/share/topics_services/environment/ament_prefix_path.sh
[0.847s] -- Up-to-date symlink: /home/robotica-dev/robotica_ws/install/topics_services/share/topics_services/environment/ament_prefix_path.dsv
[0.847s] -- Up-to-date symlink: /home/robotica-dev/robotica_ws/install/topics_services/share/topics_services/environment/path.sh
[0.847s] -- Up-to-date symlink: /home/robotica-dev/robotica_ws/install/topics_services/share/topics_services/environment/path.dsv
[0.847s] -- Up-to-date symlink: /home/robotica-dev/robotica_ws/install/topics_services/share/topics_services/local_setup.bash
[0.848s] -- Up-to-date symlink: /home/robotica-dev/robotica_ws/install/topics_services/share/topics_services/local_setup.sh
[0.848s] -- Up-to-date symlink: /home/robotica-dev/robotica_ws/install/topics_services/share/topics_services/local_setup.zsh
[0.848s] -- Up-to-date symlink: /home/robotica-dev/robotica_ws/install/topics_services/share/topics_services/local_setup.dsv
[0.848s] -- Symlinking: /home/robotica-dev/robotica_ws/install/topics_services/share/topics_services/package.dsv
[0.865s] -- Up-to-date symlink: /home/robotica-dev/robotica_ws/install/topics_services/share/ament_index/resource_index/packages/topics_services
[0.865s] -- Up-to-date symlink: /home/robotica-dev/robotica_ws/install/topics_services/share/topics_services/cmake/rosidl_cmake-extras.cmake
[0.865s] -- Up-to-date symlink: /home/robotica-dev/robotica_ws/install/topics_services/share/topics_services/cmake/ament_cmake_export_include_directories-extras.cmake
[0.865s] -- Up-to-date symlink: /home/robotica-dev/robotica_ws/install/topics_services/share/topics_services/cmake/ament_cmake_export_libraries-extras.cmake
[0.865s] -- Up-to-date symlink: /home/robotica-dev/robotica_ws/install/topics_services/share/topics_services/cmake/ament_cmake_export_targets-extras.cmake
[0.865s] -- Up-to-date symlink: /home/robotica-dev/robotica_ws/install/topics_services/share/topics_services/cmake/rosidl_cmake_export_typesupport_targets-extras.cmake
[0.865s] -- Up-to-date symlink: /home/robotica-dev/robotica_ws/install/topics_services/share/topics_services/cmake/ament_cmake_export_dependencies-extras.cmake
[0.865s] -- Up-to-date symlink: /home/robotica-dev/robotica_ws/install/topics_services/share/topics_services/cmake/rosidl_cmake_export_typesupport_libraries-extras.cmake
[0.865s] -- Up-to-date symlink: /home/robotica-dev/robotica_ws/install/topics_services/share/topics_services/cmake/topics_servicesConfig.cmake
[0.865s] -- Up-to-date symlink: /home/robotica-dev/robotica_ws/install/topics_services/share/topics_services/cmake/topics_servicesConfig-version.cmake
[0.865s] -- Up-to-date symlink: /home/robotica-dev/robotica_ws/install/topics_services/share/topics_services/package.xml
[0.865s] -- Up-to-date: /home/robotica-dev/robotica_ws/install/topics_services/lib/libtopics_services__rosidl_generator_c.so
[0.865s] -- Up-to-date: /home/robotica-dev/robotica_ws/install/topics_services/lib/libtopics_services__rosidl_typesupport_fastrtps_c.so
[0.865s] -- Up-to-date: /home/robotica-dev/robotica_ws/install/topics_services/lib/libtopics_services__rosidl_typesupport_fastrtps_cpp.so
[0.865s] -- Up-to-date: /home/robotica-dev/robotica_ws/install/topics_services/lib/libtopics_services__rosidl_typesupport_introspection_c.so
[0.866s] -- Up-to-date: /home/robotica-dev/robotica_ws/install/topics_services/lib/libtopics_services__rosidl_typesupport_c.so
[0.866s] -- Up-to-date: /home/robotica-dev/robotica_ws/install/topics_services/lib/libtopics_services__rosidl_typesupport_introspection_cpp.so
[0.866s] -- Up-to-date: /home/robotica-dev/robotica_ws/install/topics_services/lib/libtopics_services__rosidl_typesupport_cpp.so
[0.901s] Listing '/home/robotica-dev/robotica_ws/install/topics_services/local/lib/python3.10/dist-packages/topics_services'...
[0.901s] Listing '/home/robotica-dev/robotica_ws/install/topics_services/local/lib/python3.10/dist-packages/topics_services/msg'...
[0.907s] -- Up-to-date: /home/robotica-dev/robotica_ws/install/topics_services/lib/libtopics_services__rosidl_generator_py.so
[0.908s] -- Up-to-date: /home/robotica-dev/robotica_ws/install/topics_services/share/topics_services/cmake/export_topics_services__rosidl_generator_cExport.cmake
[0.908s] -- Up-to-date: /home/robotica-dev/robotica_ws/install/topics_services/share/topics_services/cmake/export_topics_services__rosidl_generator_cExport-noconfig.cmake
[0.908s] -- Up-to-date: /home/robotica-dev/robotica_ws/install/topics_services/share/topics_services/cmake/export_topics_services__rosidl_typesupport_fastrtps_cExport.cmake
[0.908s] -- Up-to-date: /home/robotica-dev/robotica_ws/install/topics_services/share/topics_services/cmake/export_topics_services__rosidl_typesupport_fastrtps_cExport-noconfig.cmake
[0.908s] -- Up-to-date: /home/robotica-dev/robotica_ws/install/topics_services/share/topics_services/cmake/export_topics_services__rosidl_generator_cppExport.cmake
[0.909s] -- Up-to-date: /home/robotica-dev/robotica_ws/install/topics_services/share/topics_services/cmake/export_topics_services__rosidl_typesupport_fastrtps_cppExport.cmake
[0.909s] -- Up-to-date: /home/robotica-dev/robotica_ws/install/topics_services/share/topics_services/cmake/export_topics_services__rosidl_typesupport_fastrtps_cppExport-noconfig.cmake
[0.909s] -- Up-to-date: /home/robotica-dev/robotica_ws/install/topics_services/share/topics_services/cmake/topics_services__rosidl_typesupport_introspection_cExport.cmake
[0.909s] -- Up-to-date: /home/robotica-dev/robotica_ws/install/topics_services/share/topics_services/cmake/topics_services__rosidl_typesupport_introspection_cExport-noconfig.cmake
[0.910s] -- Up-to-date: /home/robotica-dev/robotica_ws/install/topics_services/share/topics_services/cmake/topics_services__rosidl_typesupport_cExport.cmake
[0.920s] -- Up-to-date: /home/robotica-dev/robotica_ws/install/topics_services/share/topics_services/cmake/topics_services__rosidl_typesupport_cExport-noconfig.cmake
[0.920s] -- Up-to-date: /home/robotica-dev/robotica_ws/install/topics_services/share/topics_services/cmake/topics_services__rosidl_typesupport_introspection_cppExport.cmake
[0.920s] -- Up-to-date: /home/robotica-dev/robotica_ws/install/topics_services/share/topics_services/cmake/topics_services__rosidl_typesupport_introspection_cppExport-noconfig.cmake
[0.920s] -- Up-to-date: /home/robotica-dev/robotica_ws/install/topics_services/share/topics_services/cmake/topics_services__rosidl_typesupport_cppExport.cmake
[0.920s] -- Up-to-date: /home/robotica-dev/robotica_ws/install/topics_services/share/topics_services/cmake/topics_services__rosidl_typesupport_cppExport-noconfig.cmake
[0.920s] -- Up-to-date: /home/robotica-dev/robotica_ws/install/topics_services/share/topics_services/cmake/export_topics_services__rosidl_generator_pyExport.cmake
[0.920s] -- Up-to-date: /home/robotica-dev/robotica_ws/install/topics_services/share/topics_services/cmake/export_topics_services__rosidl_generator_pyExport-noconfig.cmake
[0.921s] Invoked command in '/home/robotica-dev/robotica_ws/build/topics_services' returned '0': CMAKE_PREFIX_PATH=${CMAKE_PREFIX_PATH}:/home/robotica-dev/robotica_ws/install/ros_control:/opt/ros/humble /usr/bin/cmake --install /home/robotica-dev/robotica_ws/build/topics_services
