[0.024s] Invoking command in '/home/robotica-dev/robotica_ws/build/diffdrive_arduino': CMAKE_PREFIX_PATH=${CMAKE_PREFIX_PATH}:/home/robotica-dev/ros2_ws/install/ros_control:/home/robotica-dev/dev_ws/install/ros_control:/opt/ros/humble /usr/bin/cmake /home/robotica-dev/robotica_ws/src/diffdrive_arduino -DCMAKE_INSTALL_PREFIX=/home/robotica-dev/robotica_ws/install/diffdrive_arduino
[0.039s] -- Found ament_cmake: 1.3.4 (/opt/ros/humble/share/ament_cmake/cmake)
[0.193s] -- Override CMake install command with custom implementation using symlinks instead of copying resources
[0.193s] -- Found hardware_interface: 2.26.0 (/opt/ros/humble/share/hardware_interface/cmake)
[0.223s] -- Found rosidl_generator_c: 3.1.4 (/opt/ros/humble/share/rosidl_generator_c/cmake)
[0.225s] -- Found rosidl_adapter: 3.1.4 (/opt/ros/humble/share/rosidl_adapter/cmake)
[0.232s] -- Found rosidl_generator_cpp: 3.1.4 (/opt/ros/humble/share/rosidl_generator_cpp/cmake)
[0.244s] -- Using all available rosidl_typesupport_c: rosidl_typesupport_fastrtps_c;rosidl_typesupport_introspection_c
[0.261s] -- Using all available rosidl_typesupport_cpp: rosidl_typesupport_fastrtps_cpp;rosidl_typesupport_introspection_cpp
[0.947s] -- Found rmw_implementation_cmake: 6.1.1 (/opt/ros/humble/share/rmw_implementation_cmake/cmake)
[0.949s] -- Found rmw_fastrtps_cpp: 6.2.2 (/opt/ros/humble/share/rmw_fastrtps_cpp/cmake)
[1.085s] -- Using RMW implementation 'rmw_fastrtps_cpp' as default
[1.317s] -- Found ament_cmake_gtest: 1.3.4 (/opt/ros/humble/share/ament_cmake_gtest/cmake)
[1.384s] -- Configuring done
[1.420s] -- Generating done
[1.422s] -- Build files have been written to: /home/robotica-dev/robotica_ws/build/diffdrive_arduino
[1.430s] Invoked command in '/home/robotica-dev/robotica_ws/build/diffdrive_arduino' returned '0': CMAKE_PREFIX_PATH=${CMAKE_PREFIX_PATH}:/home/robotica-dev/ros2_ws/install/ros_control:/home/robotica-dev/dev_ws/install/ros_control:/opt/ros/humble /usr/bin/cmake /home/robotica-dev/robotica_ws/src/diffdrive_arduino -DCMAKE_INSTALL_PREFIX=/home/robotica-dev/robotica_ws/install/diffdrive_arduino
[1.432s] Invoking command in '/home/robotica-dev/robotica_ws/build/diffdrive_arduino': CMAKE_PREFIX_PATH=${CMAKE_PREFIX_PATH}:/home/robotica-dev/ros2_ws/install/ros_control:/home/robotica-dev/dev_ws/install/ros_control:/opt/ros/humble /usr/bin/cmake --build /home/robotica-dev/robotica_ws/build/diffdrive_arduino -- -j4 -l4
[1.477s] [35m[1mConsolidate compiler generated dependencies of target diffdrive_arduino[0m
[1.497s] [100%] Built target diffdrive_arduino
[1.509s] Invoked command in '/home/robotica-dev/robotica_ws/build/diffdrive_arduino' returned '0': CMAKE_PREFIX_PATH=${CMAKE_PREFIX_PATH}:/home/robotica-dev/ros2_ws/install/ros_control:/home/robotica-dev/dev_ws/install/ros_control:/opt/ros/humble /usr/bin/cmake --build /home/robotica-dev/robotica_ws/build/diffdrive_arduino -- -j4 -l4
[1.545s] Invoking command in '/home/robotica-dev/robotica_ws/build/diffdrive_arduino': CMAKE_PREFIX_PATH=${CMAKE_PREFIX_PATH}:/home/robotica-dev/ros2_ws/install/ros_control:/home/robotica-dev/dev_ws/install/ros_control:/opt/ros/humble /usr/bin/cmake --install /home/robotica-dev/robotica_ws/build/diffdrive_arduino
[1.553s] -- Install configuration: ""
[1.554s] -- Execute custom install script
[1.554s] -- Up-to-date symlink: /home/robotica-dev/robotica_ws/install/diffdrive_arduino/share/diffdrive_arduino//diffdrive_arduino.xml
[1.554s] -- Up-to-date symlink: /home/robotica-dev/robotica_ws/install/diffdrive_arduino/include/diffdrive_arduino/diffdrive_arduino/arduino_comms.hpp
[1.555s] -- Up-to-date symlink: /home/robotica-dev/robotica_ws/install/diffdrive_arduino/include/diffdrive_arduino/diffdrive_arduino/diffbot_system.hpp
[1.555s] -- Up-to-date symlink: /home/robotica-dev/robotica_ws/install/diffdrive_arduino/include/diffdrive_arduino/diffdrive_arduino/visibility_control.h
[1.555s] -- Up-to-date symlink: /home/robotica-dev/robotica_ws/install/diffdrive_arduino/include/diffdrive_arduino/diffdrive_arduino/wheel.hpp
[1.555s] -- Up-to-date symlink: /home/robotica-dev/robotica_ws/install/diffdrive_arduino/share/diffdrive_arduino/launch/view_robot.launch.py
[1.555s] -- Up-to-date symlink: /home/robotica-dev/robotica_ws/install/diffdrive_arduino/share/diffdrive_arduino/ros2_control/diffbot.ros2_control.xacro
[1.556s] -- Up-to-date symlink: /home/robotica-dev/robotica_ws/install/diffdrive_arduino/share/diffdrive_arduino/urdf/diffbot.materials.xacro
[1.556s] -- Up-to-date symlink: /home/robotica-dev/robotica_ws/install/diffdrive_arduino/share/diffdrive_arduino/urdf/diffbot.urdf.xacro
[1.556s] -- Up-to-date symlink: /home/robotica-dev/robotica_ws/install/diffdrive_arduino/share/diffdrive_arduino/urdf/diffbot_description.urdf.xacro
[1.556s] -- Up-to-date symlink: /home/robotica-dev/robotica_ws/install/diffdrive_arduino/share/diffdrive_arduino/rviz/diffbot.rviz
[1.556s] -- Up-to-date symlink: /home/robotica-dev/robotica_ws/install/diffdrive_arduino/share/diffdrive_arduino/rviz/diffbot_view.rviz
[1.556s] -- Up-to-date symlink: /home/robotica-dev/robotica_ws/install/diffdrive_arduino/share/diffdrive_arduino/launch/diffbot.launch.py
[1.557s] -- Up-to-date symlink: /home/robotica-dev/robotica_ws/install/diffdrive_arduino/share/diffdrive_arduino/config/diffbot_controllers.yaml
[1.557s] -- Up-to-date symlink: /home/robotica-dev/robotica_ws/install/diffdrive_arduino/share/diffdrive_arduino/environment/library_path.sh
[1.557s] -- Up-to-date symlink: /home/robotica-dev/robotica_ws/install/diffdrive_arduino/share/diffdrive_arduino/environment/library_path.dsv
[1.557s] -- Up-to-date symlink: /home/robotica-dev/robotica_ws/install/diffdrive_arduino/share/ament_index/resource_index/package_run_dependencies/diffdrive_arduino
[1.557s] -- Up-to-date symlink: /home/robotica-dev/robotica_ws/install/diffdrive_arduino/share/ament_index/resource_index/parent_prefix_path/diffdrive_arduino
[1.558s] -- Up-to-date symlink: /home/robotica-dev/robotica_ws/install/diffdrive_arduino/share/diffdrive_arduino/environment/ament_prefix_path.sh
[1.558s] -- Up-to-date symlink: /home/robotica-dev/robotica_ws/install/diffdrive_arduino/share/diffdrive_arduino/environment/ament_prefix_path.dsv
[1.558s] -- Up-to-date symlink: /home/robotica-dev/robotica_ws/install/diffdrive_arduino/share/diffdrive_arduino/environment/path.sh
[1.558s] -- Up-to-date symlink: /home/robotica-dev/robotica_ws/install/diffdrive_arduino/share/diffdrive_arduino/environment/path.dsv
[1.558s] -- Up-to-date symlink: /home/robotica-dev/robotica_ws/install/diffdrive_arduino/share/diffdrive_arduino/local_setup.bash
[1.558s] -- Up-to-date symlink: /home/robotica-dev/robotica_ws/install/diffdrive_arduino/share/diffdrive_arduino/local_setup.sh
[1.559s] -- Up-to-date symlink: /home/robotica-dev/robotica_ws/install/diffdrive_arduino/share/diffdrive_arduino/local_setup.zsh
[1.559s] -- Up-to-date symlink: /home/robotica-dev/robotica_ws/install/diffdrive_arduino/share/diffdrive_arduino/local_setup.dsv
[1.559s] -- Symlinking: /home/robotica-dev/robotica_ws/install/diffdrive_arduino/share/diffdrive_arduino/package.dsv
[1.569s] -- Up-to-date symlink: /home/robotica-dev/robotica_ws/install/diffdrive_arduino/share/ament_index/resource_index/packages/diffdrive_arduino
[1.569s] -- Up-to-date symlink: /home/robotica-dev/robotica_ws/install/diffdrive_arduino/share/ament_index/resource_index/hardware_interface__pluginlib__plugin/diffdrive_arduino
[1.569s] -- Up-to-date symlink: /home/robotica-dev/robotica_ws/install/diffdrive_arduino/share/diffdrive_arduino/cmake/ament_cmake_export_targets-extras.cmake
[1.569s] -- Up-to-date symlink: /home/robotica-dev/robotica_ws/install/diffdrive_arduino/share/diffdrive_arduino/cmake/ament_cmake_export_dependencies-extras.cmake
[1.570s] -- Up-to-date symlink: /home/robotica-dev/robotica_ws/install/diffdrive_arduino/share/diffdrive_arduino/cmake/diffdrive_arduinoConfig.cmake
[1.570s] -- Up-to-date symlink: /home/robotica-dev/robotica_ws/install/diffdrive_arduino/share/diffdrive_arduino/cmake/diffdrive_arduinoConfig-version.cmake
[1.570s] -- Up-to-date symlink: /home/robotica-dev/robotica_ws/install/diffdrive_arduino/share/diffdrive_arduino/package.xml
[1.570s] -- Up-to-date: /home/robotica-dev/robotica_ws/install/diffdrive_arduino/lib/libdiffdrive_arduino.so
[1.571s] -- Up-to-date: /home/robotica-dev/robotica_ws/install/diffdrive_arduino/share/diffdrive_arduino/cmake/export_diffdrive_arduinoExport.cmake
[1.571s] -- Up-to-date: /home/robotica-dev/robotica_ws/install/diffdrive_arduino/share/diffdrive_arduino/cmake/export_diffdrive_arduinoExport-noconfig.cmake
[1.574s] Invoked command in '/home/robotica-dev/robotica_ws/build/diffdrive_arduino' returned '0': CMAKE_PREFIX_PATH=${CMAKE_PREFIX_PATH}:/home/robotica-dev/ros2_ws/install/ros_control:/home/robotica-dev/dev_ws/install/ros_control:/opt/ros/humble /usr/bin/cmake --install /home/robotica-dev/robotica_ws/build/diffdrive_arduino
