[0.338s] DEBUG:colcon:Command line arguments: ['/usr/bin/colcon', 'build']
[0.338s] DEBUG:colcon:Parsed command line arguments: Namespace(log_base=None, log_level=None, verb_name='build', build_base='build', install_base='install', merge_install=False, symlink_install=False, test_result_base=None, continue_on_error=False, executor='parallel', parallel_workers=4, event_handlers=None, ignore_user_meta=False, metas=['./colcon.meta'], base_paths=['.'], packages_ignore=None, packages_ignore_regex=None, paths=None, packages_up_to=None, packages_up_to_regex=None, packages_above=None, packages_above_and_dependencies=None, packages_above_depth=None, packages_select_by_dep=None, packages_skip_by_dep=None, packages_skip_up_to=None, packages_select_build_failed=False, packages_skip_build_finished=False, packages_select_test_failures=False, packages_skip_test_passed=False, packages_select=None, packages_skip=None, packages_select_regex=None, packages_skip_regex=None, packages_start=None, packages_end=None, allow_overriding=[], cmake_args=None, cmake_target=None, cmake_target_skip_unavailable=False, cmake_clean_cache=False, cmake_clean_first=False, cmake_force_configure=False, ament_cmake_args=None, catkin_cmake_args=None, catkin_skip_building_tests=False, verb_parser=<colcon_defaults.argument_parser.defaults.DefaultArgumentsDecorator object at 0x7fe19b4e9d50>, verb_extension=<colcon_core.verb.build.BuildVerb object at 0x7fe19b4e97e0>, main=<bound method BuildVerb.main of <colcon_core.verb.build.BuildVerb object at 0x7fe19b4e97e0>>)
[0.360s] Level 1:colcon.colcon_core.package_discovery:discover_packages(colcon_meta) check parameters
[0.360s] Level 1:colcon.colcon_core.package_discovery:discover_packages(recursive) check parameters
[0.360s] Level 1:colcon.colcon_core.package_discovery:discover_packages(ignore) check parameters
[0.360s] Level 1:colcon.colcon_core.package_discovery:discover_packages(path) check parameters
[0.360s] Level 1:colcon.colcon_core.package_discovery:discover_packages(colcon_meta) discover
[0.360s] Level 1:colcon.colcon_core.package_discovery:discover_packages(recursive) discover
[0.360s] INFO:colcon.colcon_core.package_discovery:Crawling recursively for packages in '/home/robotica-dev/robotica_ws'
[0.360s] Level 1:colcon.colcon_core.package_identification:_identify(.) by extensions ['ignore', 'ignore_ament_install']
[0.360s] Level 1:colcon.colcon_core.package_identification:_identify(.) by extension 'ignore'
[0.360s] Level 1:colcon.colcon_core.package_identification:_identify(.) by extension 'ignore_ament_install'
[0.360s] Level 1:colcon.colcon_core.package_identification:_identify(.) by extensions ['colcon_pkg']
[0.360s] Level 1:colcon.colcon_core.package_identification:_identify(.) by extension 'colcon_pkg'
[0.360s] Level 1:colcon.colcon_core.package_identification:_identify(.) by extensions ['colcon_meta']
[0.360s] Level 1:colcon.colcon_core.package_identification:_identify(.) by extension 'colcon_meta'
[0.360s] Level 1:colcon.colcon_core.package_identification:_identify(.) by extensions ['ros']
[0.360s] Level 1:colcon.colcon_core.package_identification:_identify(.) by extension 'ros'
[0.371s] Level 1:colcon.colcon_core.package_identification:_identify(.) by extensions ['cmake', 'python']
[0.371s] Level 1:colcon.colcon_core.package_identification:_identify(.) by extension 'cmake'
[0.371s] Level 1:colcon.colcon_core.package_identification:_identify(.) by extension 'python'
[0.371s] Level 1:colcon.colcon_core.package_identification:_identify(.) by extensions ['python_setup_py']
[0.371s] Level 1:colcon.colcon_core.package_identification:_identify(.) by extension 'python_setup_py'
[0.371s] Level 1:colcon.colcon_core.package_identification:_identify(build) by extensions ['ignore', 'ignore_ament_install']
[0.371s] Level 1:colcon.colcon_core.package_identification:_identify(build) by extension 'ignore'
[0.371s] Level 1:colcon.colcon_core.package_identification:_identify(build) ignored
[0.371s] Level 1:colcon.colcon_core.package_identification:_identify(install) by extensions ['ignore', 'ignore_ament_install']
[0.371s] Level 1:colcon.colcon_core.package_identification:_identify(install) by extension 'ignore'
[0.371s] Level 1:colcon.colcon_core.package_identification:_identify(install) ignored
[0.372s] Level 1:colcon.colcon_core.package_identification:_identify(log) by extensions ['ignore', 'ignore_ament_install']
[0.372s] Level 1:colcon.colcon_core.package_identification:_identify(log) by extension 'ignore'
[0.372s] Level 1:colcon.colcon_core.package_identification:_identify(log) ignored
[0.372s] Level 1:colcon.colcon_core.package_identification:_identify(src) by extensions ['ignore', 'ignore_ament_install']
[0.372s] Level 1:colcon.colcon_core.package_identification:_identify(src) by extension 'ignore'
[0.372s] Level 1:colcon.colcon_core.package_identification:_identify(src) by extension 'ignore_ament_install'
[0.372s] Level 1:colcon.colcon_core.package_identification:_identify(src) by extensions ['colcon_pkg']
[0.372s] Level 1:colcon.colcon_core.package_identification:_identify(src) by extension 'colcon_pkg'
[0.372s] Level 1:colcon.colcon_core.package_identification:_identify(src) by extensions ['colcon_meta']
[0.372s] Level 1:colcon.colcon_core.package_identification:_identify(src) by extension 'colcon_meta'
[0.372s] Level 1:colcon.colcon_core.package_identification:_identify(src) by extensions ['ros']
[0.372s] Level 1:colcon.colcon_core.package_identification:_identify(src) by extension 'ros'
[0.372s] Level 1:colcon.colcon_core.package_identification:_identify(src) by extensions ['cmake', 'python']
[0.372s] Level 1:colcon.colcon_core.package_identification:_identify(src) by extension 'cmake'
[0.372s] Level 1:colcon.colcon_core.package_identification:_identify(src) by extension 'python'
[0.372s] Level 1:colcon.colcon_core.package_identification:_identify(src) by extensions ['python_setup_py']
[0.372s] Level 1:colcon.colcon_core.package_identification:_identify(src) by extension 'python_setup_py'
[0.372s] Level 1:colcon.colcon_core.package_identification:_identify(src/diffdrive_arduino) by extensions ['ignore', 'ignore_ament_install']
[0.372s] Level 1:colcon.colcon_core.package_identification:_identify(src/diffdrive_arduino) by extension 'ignore'
[0.373s] Level 1:colcon.colcon_core.package_identification:_identify(src/diffdrive_arduino) by extension 'ignore_ament_install'
[0.373s] Level 1:colcon.colcon_core.package_identification:_identify(src/diffdrive_arduino) by extensions ['colcon_pkg']
[0.373s] Level 1:colcon.colcon_core.package_identification:_identify(src/diffdrive_arduino) by extension 'colcon_pkg'
[0.373s] Level 1:colcon.colcon_core.package_identification:_identify(src/diffdrive_arduino) by extensions ['colcon_meta']
[0.373s] Level 1:colcon.colcon_core.package_identification:_identify(src/diffdrive_arduino) by extension 'colcon_meta'
[0.373s] Level 1:colcon.colcon_core.package_identification:_identify(src/diffdrive_arduino) by extensions ['ros']
[0.373s] Level 1:colcon.colcon_core.package_identification:_identify(src/diffdrive_arduino) by extension 'ros'
[0.375s] DEBUG:colcon.colcon_core.package_identification:Package 'src/diffdrive_arduino' with type 'ros.ament_cmake' and name 'diffdrive_arduino'
[0.375s] Level 1:colcon.colcon_core.package_identification:_identify(src/serial) by extensions ['ignore', 'ignore_ament_install']
[0.375s] Level 1:colcon.colcon_core.package_identification:_identify(src/serial) by extension 'ignore'
[0.375s] Level 1:colcon.colcon_core.package_identification:_identify(src/serial) by extension 'ignore_ament_install'
[0.375s] Level 1:colcon.colcon_core.package_identification:_identify(src/serial) by extensions ['colcon_pkg']
[0.375s] Level 1:colcon.colcon_core.package_identification:_identify(src/serial) by extension 'colcon_pkg'
[0.375s] Level 1:colcon.colcon_core.package_identification:_identify(src/serial) by extensions ['colcon_meta']
[0.375s] Level 1:colcon.colcon_core.package_identification:_identify(src/serial) by extension 'colcon_meta'
[0.376s] Level 1:colcon.colcon_core.package_identification:_identify(src/serial) by extensions ['ros']
[0.376s] Level 1:colcon.colcon_core.package_identification:_identify(src/serial) by extension 'ros'
[0.376s] DEBUG:colcon.colcon_core.package_identification:Package 'src/serial' with type 'ros.ament_cmake' and name 'serial'
[0.376s] Level 1:colcon.colcon_core.package_discovery:discover_packages(recursive) using defaults
[0.376s] Level 1:colcon.colcon_core.package_discovery:discover_packages(ignore) discover
[0.376s] Level 1:colcon.colcon_core.package_discovery:discover_packages(ignore) using defaults
[0.376s] Level 1:colcon.colcon_core.package_discovery:discover_packages(path) discover
[0.376s] Level 1:colcon.colcon_core.package_discovery:discover_packages(path) using defaults
[0.398s] Level 1:colcon.colcon_core.package_discovery:discover_packages(prefix_path) check parameters
[0.398s] Level 1:colcon.colcon_core.package_discovery:discover_packages(prefix_path) discover
[0.401s] DEBUG:colcon.colcon_installed_package_information.package_discovery:Found 1 installed packages in /home/robotica-dev/robotica_ws/install
[0.402s] DEBUG:colcon.colcon_installed_package_information.package_discovery:Found 9 installed packages in /home/robotica-dev/dev_ws/install
[0.403s] DEBUG:colcon.colcon_installed_package_information.package_discovery:Found 16 installed packages in /home/robotica-dev/ros2_ws/install
[0.405s] DEBUG:colcon.colcon_installed_package_information.package_discovery:Found 337 installed packages in /opt/ros/humble
[0.408s] Level 1:colcon.colcon_core.package_discovery:discover_packages(prefix_path) using defaults
[0.472s] Level 5:colcon.colcon_core.verb:set package 'serial' build argument 'cmake_args' from command line to 'None'
[0.472s] Level 5:colcon.colcon_core.verb:set package 'serial' build argument 'cmake_target' from command line to 'None'
[0.472s] Level 5:colcon.colcon_core.verb:set package 'serial' build argument 'cmake_target_skip_unavailable' from command line to 'False'
[0.472s] Level 5:colcon.colcon_core.verb:set package 'serial' build argument 'cmake_clean_cache' from command line to 'False'
[0.472s] Level 5:colcon.colcon_core.verb:set package 'serial' build argument 'cmake_clean_first' from command line to 'False'
[0.472s] Level 5:colcon.colcon_core.verb:set package 'serial' build argument 'cmake_force_configure' from command line to 'False'
[0.472s] Level 5:colcon.colcon_core.verb:set package 'serial' build argument 'ament_cmake_args' from command line to 'None'
[0.472s] Level 5:colcon.colcon_core.verb:set package 'serial' build argument 'catkin_cmake_args' from command line to 'None'
[0.472s] Level 5:colcon.colcon_core.verb:set package 'serial' build argument 'catkin_skip_building_tests' from command line to 'False'
[0.472s] DEBUG:colcon.colcon_core.verb:Building package 'serial' with the following arguments: {'ament_cmake_args': None, 'build_base': '/home/robotica-dev/robotica_ws/build/serial', 'catkin_cmake_args': None, 'catkin_skip_building_tests': False, 'cmake_args': None, 'cmake_clean_cache': False, 'cmake_clean_first': False, 'cmake_force_configure': False, 'cmake_target': None, 'cmake_target_skip_unavailable': False, 'install_base': '/home/robotica-dev/robotica_ws/install/serial', 'merge_install': False, 'path': '/home/robotica-dev/robotica_ws/src/serial', 'symlink_install': False, 'test_result_base': None}
[0.473s] Level 5:colcon.colcon_core.verb:set package 'diffdrive_arduino' build argument 'cmake_args' from command line to 'None'
[0.473s] Level 5:colcon.colcon_core.verb:set package 'diffdrive_arduino' build argument 'cmake_target' from command line to 'None'
[0.473s] Level 5:colcon.colcon_core.verb:set package 'diffdrive_arduino' build argument 'cmake_target_skip_unavailable' from command line to 'False'
[0.473s] Level 5:colcon.colcon_core.verb:set package 'diffdrive_arduino' build argument 'cmake_clean_cache' from command line to 'False'
[0.473s] Level 5:colcon.colcon_core.verb:set package 'diffdrive_arduino' build argument 'cmake_clean_first' from command line to 'False'
[0.473s] Level 5:colcon.colcon_core.verb:set package 'diffdrive_arduino' build argument 'cmake_force_configure' from command line to 'False'
[0.473s] Level 5:colcon.colcon_core.verb:set package 'diffdrive_arduino' build argument 'ament_cmake_args' from command line to 'None'
[0.473s] Level 5:colcon.colcon_core.verb:set package 'diffdrive_arduino' build argument 'catkin_cmake_args' from command line to 'None'
[0.473s] Level 5:colcon.colcon_core.verb:set package 'diffdrive_arduino' build argument 'catkin_skip_building_tests' from command line to 'False'
[0.473s] DEBUG:colcon.colcon_core.verb:Building package 'diffdrive_arduino' with the following arguments: {'ament_cmake_args': None, 'build_base': '/home/robotica-dev/robotica_ws/build/diffdrive_arduino', 'catkin_cmake_args': None, 'catkin_skip_building_tests': False, 'cmake_args': None, 'cmake_clean_cache': False, 'cmake_clean_first': False, 'cmake_force_configure': False, 'cmake_target': None, 'cmake_target_skip_unavailable': False, 'install_base': '/home/robotica-dev/robotica_ws/install/diffdrive_arduino', 'merge_install': False, 'path': '/home/robotica-dev/robotica_ws/src/diffdrive_arduino', 'symlink_install': False, 'test_result_base': None}
[0.473s] INFO:colcon.colcon_core.executor:Executing jobs using 'parallel' executor
[0.477s] DEBUG:colcon.colcon_parallel_executor.executor.parallel:run_until_complete
[0.477s] INFO:colcon.colcon_ros.task.ament_cmake.build:Building ROS package in '/home/robotica-dev/robotica_ws/src/serial' with build type 'ament_cmake'
[0.477s] INFO:colcon.colcon_cmake.task.cmake.build:Building CMake package in '/home/robotica-dev/robotica_ws/src/serial'
[0.481s] INFO:colcon.colcon_core.plugin_system:Skipping extension 'colcon_core.shell.bat': Not used on non-Windows systems
[0.481s] INFO:colcon.colcon_core.shell:Skip shell extension 'powershell' for command environment: Not usable outside of PowerShell
[0.481s] DEBUG:colcon.colcon_core.shell:Skip shell extension 'dsv' for command environment
[0.493s] DEBUG:colcon.colcon_core.event_handler.log_command:Invoking command in '/home/robotica-dev/robotica_ws/build/serial': CMAKE_PREFIX_PATH=${CMAKE_PREFIX_PATH}:/home/robotica-dev/ros2_ws/install/ros_control:/home/robotica-dev/dev_ws/install/ros_control:/home/robotica-dev/dev_ws/install/pantilt_bot_description:/home/robotica-dev/dev_ws/install/open_manipulator_x_description:/opt/ros/humble /usr/bin/cmake /home/robotica-dev/robotica_ws/src/serial -DCMAKE_INSTALL_PREFIX=/home/robotica-dev/robotica_ws/install/serial
[3.351s] DEBUG:colcon.colcon_core.event_handler.log_command:Invoked command in '/home/robotica-dev/robotica_ws/build/serial' returned '0': CMAKE_PREFIX_PATH=${CMAKE_PREFIX_PATH}:/home/robotica-dev/ros2_ws/install/ros_control:/home/robotica-dev/dev_ws/install/ros_control:/home/robotica-dev/dev_ws/install/pantilt_bot_description:/home/robotica-dev/dev_ws/install/open_manipulator_x_description:/opt/ros/humble /usr/bin/cmake /home/robotica-dev/robotica_ws/src/serial -DCMAKE_INSTALL_PREFIX=/home/robotica-dev/robotica_ws/install/serial
[3.353s] DEBUG:colcon.colcon_core.event_handler.log_command:Invoking command in '/home/robotica-dev/robotica_ws/build/serial': CMAKE_PREFIX_PATH=${CMAKE_PREFIX_PATH}:/home/robotica-dev/ros2_ws/install/ros_control:/home/robotica-dev/dev_ws/install/ros_control:/home/robotica-dev/dev_ws/install/pantilt_bot_description:/home/robotica-dev/dev_ws/install/open_manipulator_x_description:/opt/ros/humble /usr/bin/cmake --build /home/robotica-dev/robotica_ws/build/serial -- -j4 -l4
[8.032s] DEBUG:colcon.colcon_core.event_handler.log_command:Invoked command in '/home/robotica-dev/robotica_ws/build/serial' returned '0': CMAKE_PREFIX_PATH=${CMAKE_PREFIX_PATH}:/home/robotica-dev/ros2_ws/install/ros_control:/home/robotica-dev/dev_ws/install/ros_control:/home/robotica-dev/dev_ws/install/pantilt_bot_description:/home/robotica-dev/dev_ws/install/open_manipulator_x_description:/opt/ros/humble /usr/bin/cmake --build /home/robotica-dev/robotica_ws/build/serial -- -j4 -l4
[8.092s] DEBUG:colcon.colcon_core.event_handler.log_command:Invoking command in '/home/robotica-dev/robotica_ws/build/serial': CMAKE_PREFIX_PATH=${CMAKE_PREFIX_PATH}:/home/robotica-dev/ros2_ws/install/ros_control:/home/robotica-dev/dev_ws/install/ros_control:/home/robotica-dev/dev_ws/install/pantilt_bot_description:/home/robotica-dev/dev_ws/install/open_manipulator_x_description:/opt/ros/humble /usr/bin/cmake --install /home/robotica-dev/robotica_ws/build/serial
[8.104s] Level 1:colcon.colcon_core.environment:create_environment_scripts_only(serial)
[8.105s] DEBUG:colcon.colcon_core.event_handler.log_command:Invoked command in '/home/robotica-dev/robotica_ws/build/serial' returned '0': CMAKE_PREFIX_PATH=${CMAKE_PREFIX_PATH}:/home/robotica-dev/ros2_ws/install/ros_control:/home/robotica-dev/dev_ws/install/ros_control:/home/robotica-dev/dev_ws/install/pantilt_bot_description:/home/robotica-dev/dev_ws/install/open_manipulator_x_description:/opt/ros/humble /usr/bin/cmake --install /home/robotica-dev/robotica_ws/build/serial
[8.109s] Level 1:colcon.colcon_core.environment:checking '/home/robotica-dev/robotica_ws/install/serial' for CMake module files
[8.110s] Level 1:colcon.colcon_core.environment:checking '/home/robotica-dev/robotica_ws/install/serial' for CMake config files
[8.110s] Level 1:colcon.colcon_core.shell:create_environment_hook('serial', 'cmake_prefix_path')
[8.111s] INFO:colcon.colcon_core.shell:Creating environment hook '/home/robotica-dev/robotica_ws/install/serial/share/serial/hook/cmake_prefix_path.ps1'
[8.112s] INFO:colcon.colcon_core.shell:Creating environment descriptor '/home/robotica-dev/robotica_ws/install/serial/share/serial/hook/cmake_prefix_path.dsv'
[8.112s] INFO:colcon.colcon_core.shell:Creating environment hook '/home/robotica-dev/robotica_ws/install/serial/share/serial/hook/cmake_prefix_path.sh'
[8.113s] Level 1:colcon.colcon_core.environment:checking '/home/robotica-dev/robotica_ws/install/serial/lib'
[8.113s] Level 1:colcon.colcon_core.environment:checking '/home/robotica-dev/robotica_ws/install/serial/bin'
[8.113s] Level 1:colcon.colcon_core.environment:checking '/home/robotica-dev/robotica_ws/install/serial/lib/pkgconfig/serial.pc'
[8.113s] Level 1:colcon.colcon_core.environment:checking '/home/robotica-dev/robotica_ws/install/serial/lib/python3.10/site-packages'
[8.113s] Level 1:colcon.colcon_core.environment:checking '/home/robotica-dev/robotica_ws/install/serial/bin'
[8.114s] INFO:colcon.colcon_core.shell:Creating package script '/home/robotica-dev/robotica_ws/install/serial/share/serial/package.ps1'
[8.115s] INFO:colcon.colcon_core.shell:Creating package descriptor '/home/robotica-dev/robotica_ws/install/serial/share/serial/package.dsv'
[8.115s] INFO:colcon.colcon_core.shell:Creating package script '/home/robotica-dev/robotica_ws/install/serial/share/serial/package.sh'
[8.116s] INFO:colcon.colcon_core.shell:Creating package script '/home/robotica-dev/robotica_ws/install/serial/share/serial/package.bash'
[8.117s] INFO:colcon.colcon_core.shell:Creating package script '/home/robotica-dev/robotica_ws/install/serial/share/serial/package.zsh'
[8.117s] Level 1:colcon.colcon_core.environment:create_file_with_runtime_dependencies(/home/robotica-dev/robotica_ws/install/serial/share/colcon-core/packages/serial)
[8.168s] Level 1:colcon.colcon_core.environment:create_environment_scripts_only(serial)
[8.169s] Level 1:colcon.colcon_core.environment:checking '/home/robotica-dev/robotica_ws/install/serial' for CMake module files
[8.170s] Level 1:colcon.colcon_core.environment:checking '/home/robotica-dev/robotica_ws/install/serial' for CMake config files
[8.170s] Level 1:colcon.colcon_core.shell:create_environment_hook('serial', 'cmake_prefix_path')
[8.171s] INFO:colcon.colcon_core.shell:Creating environment hook '/home/robotica-dev/robotica_ws/install/serial/share/serial/hook/cmake_prefix_path.ps1'
[8.171s] INFO:colcon.colcon_core.shell:Creating environment descriptor '/home/robotica-dev/robotica_ws/install/serial/share/serial/hook/cmake_prefix_path.dsv'
[8.172s] INFO:colcon.colcon_core.shell:Creating environment hook '/home/robotica-dev/robotica_ws/install/serial/share/serial/hook/cmake_prefix_path.sh'
[8.172s] Level 1:colcon.colcon_core.environment:checking '/home/robotica-dev/robotica_ws/install/serial/lib'
[8.172s] Level 1:colcon.colcon_core.environment:checking '/home/robotica-dev/robotica_ws/install/serial/bin'
[8.172s] Level 1:colcon.colcon_core.environment:checking '/home/robotica-dev/robotica_ws/install/serial/lib/pkgconfig/serial.pc'
[8.172s] Level 1:colcon.colcon_core.environment:checking '/home/robotica-dev/robotica_ws/install/serial/lib/python3.10/site-packages'
[8.173s] Level 1:colcon.colcon_core.environment:checking '/home/robotica-dev/robotica_ws/install/serial/bin'
[8.174s] INFO:colcon.colcon_core.shell:Creating package script '/home/robotica-dev/robotica_ws/install/serial/share/serial/package.ps1'
[8.174s] INFO:colcon.colcon_core.shell:Creating package descriptor '/home/robotica-dev/robotica_ws/install/serial/share/serial/package.dsv'
[8.175s] INFO:colcon.colcon_core.shell:Creating package script '/home/robotica-dev/robotica_ws/install/serial/share/serial/package.sh'
[8.175s] INFO:colcon.colcon_core.shell:Creating package script '/home/robotica-dev/robotica_ws/install/serial/share/serial/package.bash'
[8.175s] INFO:colcon.colcon_core.shell:Creating package script '/home/robotica-dev/robotica_ws/install/serial/share/serial/package.zsh'
[8.176s] Level 1:colcon.colcon_core.environment:create_file_with_runtime_dependencies(/home/robotica-dev/robotica_ws/install/serial/share/colcon-core/packages/serial)
[8.176s] INFO:colcon.colcon_ros.task.ament_cmake.build:Building ROS package in '/home/robotica-dev/robotica_ws/src/diffdrive_arduino' with build type 'ament_cmake'
[8.176s] INFO:colcon.colcon_cmake.task.cmake.build:Building CMake package in '/home/robotica-dev/robotica_ws/src/diffdrive_arduino'
[8.177s] INFO:colcon.colcon_core.shell:Skip shell extension 'powershell' for command environment: Not usable outside of PowerShell
[8.177s] DEBUG:colcon.colcon_core.shell:Skip shell extension 'dsv' for command environment
[8.191s] DEBUG:colcon.colcon_core.event_handler.log_command:Invoking command in '/home/robotica-dev/robotica_ws/build/diffdrive_arduino': AMENT_PREFIX_PATH=/home/robotica-dev/robotica_ws/install/serial:${AMENT_PREFIX_PATH} CMAKE_PREFIX_PATH=/home/robotica-dev/robotica_ws/install/serial:/home/robotica-dev/ros2_ws/install/udp_driver:/home/robotica-dev/ros2_ws/install/robotica_bringup:/home/robotica-dev/ros2_ws/install/topics_services:/home/robotica-dev/ros2_ws/install/topics:/home/robotica-dev/ros2_ws/install/serial_driver:/home/robotica-dev/ros2_ws/install/ros_head_control:/home/robotica-dev/ros2_ws/install/realsense2_description:/home/robotica-dev/ros2_ws/install/realsense2_camera:/home/robotica-dev/ros2_ws/install/realsense2_camera_msgs:/home/robotica-dev/ros2_ws/install/pantilt_bot_description:/home/robotica-dev/ros2_ws/install/open_manipulator_x_description:/home/robotica-dev/ros2_ws/install/io_context:/home/robotica-dev/ros2_ws/install/foxglove_bridge:/home/robotica-dev/ros2_ws/install/dynamixel_hardware:/home/robotica-dev/ros2_ws/install/asio_cmake_module:/home/robotica-dev/dev_ws/install/robotica_bringup:/home/robotica-dev/dev_ws/install/ros2_control_demo_example_2:/home/robotica-dev/dev_ws/install/my_bot:/home/robotica-dev/dev_ws/install/mpu6050driver:/home/robotica-dev/dev_ws/install/dynamixel_hardware:/home/robotica-dev/ros2_ws/install/ros_control:/home/robotica-dev/dev_ws/install/ros_control:/home/robotica-dev/dev_ws/install/pantilt_bot_description:/home/robotica-dev/dev_ws/install/open_manipulator_x_description:/opt/ros/humble LD_LIBRARY_PATH=/home/robotica-dev/robotica_ws/install/serial/lib:${LD_LIBRARY_PATH} /usr/bin/cmake /home/robotica-dev/robotica_ws/src/diffdrive_arduino -DCMAKE_INSTALL_PREFIX=/home/robotica-dev/robotica_ws/install/diffdrive_arduino
[12.173s] DEBUG:colcon.colcon_core.event_handler.log_command:Invoked command in '/home/robotica-dev/robotica_ws/build/diffdrive_arduino' returned '0': AMENT_PREFIX_PATH=/home/robotica-dev/robotica_ws/install/serial:${AMENT_PREFIX_PATH} CMAKE_PREFIX_PATH=/home/robotica-dev/robotica_ws/install/serial:/home/robotica-dev/ros2_ws/install/udp_driver:/home/robotica-dev/ros2_ws/install/robotica_bringup:/home/robotica-dev/ros2_ws/install/topics_services:/home/robotica-dev/ros2_ws/install/topics:/home/robotica-dev/ros2_ws/install/serial_driver:/home/robotica-dev/ros2_ws/install/ros_head_control:/home/robotica-dev/ros2_ws/install/realsense2_description:/home/robotica-dev/ros2_ws/install/realsense2_camera:/home/robotica-dev/ros2_ws/install/realsense2_camera_msgs:/home/robotica-dev/ros2_ws/install/pantilt_bot_description:/home/robotica-dev/ros2_ws/install/open_manipulator_x_description:/home/robotica-dev/ros2_ws/install/io_context:/home/robotica-dev/ros2_ws/install/foxglove_bridge:/home/robotica-dev/ros2_ws/install/dynamixel_hardware:/home/robotica-dev/ros2_ws/install/asio_cmake_module:/home/robotica-dev/dev_ws/install/robotica_bringup:/home/robotica-dev/dev_ws/install/ros2_control_demo_example_2:/home/robotica-dev/dev_ws/install/my_bot:/home/robotica-dev/dev_ws/install/mpu6050driver:/home/robotica-dev/dev_ws/install/dynamixel_hardware:/home/robotica-dev/ros2_ws/install/ros_control:/home/robotica-dev/dev_ws/install/ros_control:/home/robotica-dev/dev_ws/install/pantilt_bot_description:/home/robotica-dev/dev_ws/install/open_manipulator_x_description:/opt/ros/humble LD_LIBRARY_PATH=/home/robotica-dev/robotica_ws/install/serial/lib:${LD_LIBRARY_PATH} /usr/bin/cmake /home/robotica-dev/robotica_ws/src/diffdrive_arduino -DCMAKE_INSTALL_PREFIX=/home/robotica-dev/robotica_ws/install/diffdrive_arduino
[12.173s] DEBUG:colcon.colcon_core.event_handler.log_command:Invoking command in '/home/robotica-dev/robotica_ws/build/diffdrive_arduino': AMENT_PREFIX_PATH=/home/robotica-dev/robotica_ws/install/serial:${AMENT_PREFIX_PATH} CMAKE_PREFIX_PATH=/home/robotica-dev/robotica_ws/install/serial:/home/robotica-dev/ros2_ws/install/udp_driver:/home/robotica-dev/ros2_ws/install/robotica_bringup:/home/robotica-dev/ros2_ws/install/topics_services:/home/robotica-dev/ros2_ws/install/topics:/home/robotica-dev/ros2_ws/install/serial_driver:/home/robotica-dev/ros2_ws/install/ros_head_control:/home/robotica-dev/ros2_ws/install/realsense2_description:/home/robotica-dev/ros2_ws/install/realsense2_camera:/home/robotica-dev/ros2_ws/install/realsense2_camera_msgs:/home/robotica-dev/ros2_ws/install/pantilt_bot_description:/home/robotica-dev/ros2_ws/install/open_manipulator_x_description:/home/robotica-dev/ros2_ws/install/io_context:/home/robotica-dev/ros2_ws/install/foxglove_bridge:/home/robotica-dev/ros2_ws/install/dynamixel_hardware:/home/robotica-dev/ros2_ws/install/asio_cmake_module:/home/robotica-dev/dev_ws/install/robotica_bringup:/home/robotica-dev/dev_ws/install/ros2_control_demo_example_2:/home/robotica-dev/dev_ws/install/my_bot:/home/robotica-dev/dev_ws/install/mpu6050driver:/home/robotica-dev/dev_ws/install/dynamixel_hardware:/home/robotica-dev/ros2_ws/install/ros_control:/home/robotica-dev/dev_ws/install/ros_control:/home/robotica-dev/dev_ws/install/pantilt_bot_description:/home/robotica-dev/dev_ws/install/open_manipulator_x_description:/opt/ros/humble LD_LIBRARY_PATH=/home/robotica-dev/robotica_ws/install/serial/lib:${LD_LIBRARY_PATH} /usr/bin/cmake --build /home/robotica-dev/robotica_ws/build/diffdrive_arduino -- -j4 -l4
[15.182s] DEBUG:colcon.colcon_core.event_handler.log_command:Invoked command in '/home/robotica-dev/robotica_ws/build/diffdrive_arduino' returned '2': AMENT_PREFIX_PATH=/home/robotica-dev/robotica_ws/install/serial:${AMENT_PREFIX_PATH} CMAKE_PREFIX_PATH=/home/robotica-dev/robotica_ws/install/serial:/home/robotica-dev/ros2_ws/install/udp_driver:/home/robotica-dev/ros2_ws/install/robotica_bringup:/home/robotica-dev/ros2_ws/install/topics_services:/home/robotica-dev/ros2_ws/install/topics:/home/robotica-dev/ros2_ws/install/serial_driver:/home/robotica-dev/ros2_ws/install/ros_head_control:/home/robotica-dev/ros2_ws/install/realsense2_description:/home/robotica-dev/ros2_ws/install/realsense2_camera:/home/robotica-dev/ros2_ws/install/realsense2_camera_msgs:/home/robotica-dev/ros2_ws/install/pantilt_bot_description:/home/robotica-dev/ros2_ws/install/open_manipulator_x_description:/home/robotica-dev/ros2_ws/install/io_context:/home/robotica-dev/ros2_ws/install/foxglove_bridge:/home/robotica-dev/ros2_ws/install/dynamixel_hardware:/home/robotica-dev/ros2_ws/install/asio_cmake_module:/home/robotica-dev/dev_ws/install/robotica_bringup:/home/robotica-dev/dev_ws/install/ros2_control_demo_example_2:/home/robotica-dev/dev_ws/install/my_bot:/home/robotica-dev/dev_ws/install/mpu6050driver:/home/robotica-dev/dev_ws/install/dynamixel_hardware:/home/robotica-dev/ros2_ws/install/ros_control:/home/robotica-dev/dev_ws/install/ros_control:/home/robotica-dev/dev_ws/install/pantilt_bot_description:/home/robotica-dev/dev_ws/install/open_manipulator_x_description:/opt/ros/humble LD_LIBRARY_PATH=/home/robotica-dev/robotica_ws/install/serial/lib:${LD_LIBRARY_PATH} /usr/bin/cmake --build /home/robotica-dev/robotica_ws/build/diffdrive_arduino -- -j4 -l4
[15.226s] Level 1:colcon.colcon_core.environment:create_environment_scripts_only(diffdrive_arduino)
[15.228s] Level 1:colcon.colcon_core.environment:checking '/home/robotica-dev/robotica_ws/install/diffdrive_arduino' for CMake module files
[15.228s] Level 1:colcon.colcon_core.environment:checking '/home/robotica-dev/robotica_ws/install/diffdrive_arduino' for CMake config files
[15.228s] Level 1:colcon.colcon_core.environment:checking '/home/robotica-dev/robotica_ws/install/diffdrive_arduino/bin'
[15.228s] Level 1:colcon.colcon_core.environment:checking '/home/robotica-dev/robotica_ws/install/diffdrive_arduino/lib/pkgconfig/diffdrive_arduino.pc'
[15.229s] Level 1:colcon.colcon_core.environment:checking '/home/robotica-dev/robotica_ws/install/diffdrive_arduino/lib/python3.10/site-packages'
[15.229s] Level 1:colcon.colcon_core.environment:checking '/home/robotica-dev/robotica_ws/install/diffdrive_arduino/bin'
[15.230s] INFO:colcon.colcon_core.shell:Creating package script '/home/robotica-dev/robotica_ws/install/diffdrive_arduino/share/diffdrive_arduino/package.ps1'
[15.230s] INFO:colcon.colcon_core.shell:Creating package descriptor '/home/robotica-dev/robotica_ws/install/diffdrive_arduino/share/diffdrive_arduino/package.dsv'
[15.231s] INFO:colcon.colcon_core.shell:Creating package script '/home/robotica-dev/robotica_ws/install/diffdrive_arduino/share/diffdrive_arduino/package.sh'
[15.231s] INFO:colcon.colcon_core.shell:Creating package script '/home/robotica-dev/robotica_ws/install/diffdrive_arduino/share/diffdrive_arduino/package.bash'
[15.231s] INFO:colcon.colcon_core.shell:Creating package script '/home/robotica-dev/robotica_ws/install/diffdrive_arduino/share/diffdrive_arduino/package.zsh'
[15.232s] Level 1:colcon.colcon_core.environment:create_file_with_runtime_dependencies(/home/robotica-dev/robotica_ws/install/diffdrive_arduino/share/colcon-core/packages/diffdrive_arduino)
[15.242s] DEBUG:colcon.colcon_parallel_executor.executor.parallel:closing loop
[15.242s] DEBUG:colcon.colcon_parallel_executor.executor.parallel:loop closed
[15.242s] DEBUG:colcon.colcon_parallel_executor.executor.parallel:run_until_complete finished with '2'
[15.242s] DEBUG:colcon.colcon_core.event_reactor:joining thread
[15.248s] INFO:colcon.colcon_core.plugin_system:Skipping extension 'colcon_notification.desktop_notification.terminal_notifier': Not used on non-Darwin systems
[15.248s] INFO:colcon.colcon_core.plugin_system:Skipping extension 'colcon_notification.desktop_notification.win32': Not used on non-Windows systems
[15.248s] INFO:colcon.colcon_notification.desktop_notification:Sending desktop notification using 'notify2'
[15.429s] DEBUG:colcon.colcon_core.event_reactor:joined thread
[15.430s] INFO:colcon.colcon_core.shell:Creating prefix script '/home/robotica-dev/robotica_ws/install/local_setup.ps1'
[15.431s] INFO:colcon.colcon_core.shell:Creating prefix util module '/home/robotica-dev/robotica_ws/install/_local_setup_util_ps1.py'
[15.432s] INFO:colcon.colcon_core.shell:Creating prefix chain script '/home/robotica-dev/robotica_ws/install/setup.ps1'
[15.435s] INFO:colcon.colcon_core.shell:Creating prefix script '/home/robotica-dev/robotica_ws/install/local_setup.sh'
[15.435s] INFO:colcon.colcon_core.shell:Creating prefix util module '/home/robotica-dev/robotica_ws/install/_local_setup_util_sh.py'
[15.436s] INFO:colcon.colcon_core.shell:Creating prefix chain script '/home/robotica-dev/robotica_ws/install/setup.sh'
[15.438s] INFO:colcon.colcon_core.shell:Creating prefix script '/home/robotica-dev/robotica_ws/install/local_setup.bash'
[15.438s] INFO:colcon.colcon_core.shell:Creating prefix chain script '/home/robotica-dev/robotica_ws/install/setup.bash'
[15.440s] INFO:colcon.colcon_core.shell:Creating prefix script '/home/robotica-dev/robotica_ws/install/local_setup.zsh'
[15.441s] INFO:colcon.colcon_core.shell:Creating prefix chain script '/home/robotica-dev/robotica_ws/install/setup.zsh'
