[0.039s] Invoking command in '/home/robotica-dev/robotica_ws/build/dynamixel_hardware': CMAKE_PREFIX_PATH=${CMAKE_PREFIX_PATH}:/home/robotica-dev/robotica_ws/install/ros_control:/opt/ros/humble /usr/bin/cmake --build /home/robotica-dev/robotica_ws/build/dynamixel_hardware -- -j4 -l4
[0.095s] [35m[1mConsolidate compiler generated dependencies of target dynamixel_hardware[0m
[0.137s] [100%] Built target dynamixel_hardware
[0.169s] Invoked command in '/home/robotica-dev/robotica_ws/build/dynamixel_hardware' returned '0': CMAKE_PREFIX_PATH=${CMAKE_PREFIX_PATH}:/home/robotica-dev/robotica_ws/install/ros_control:/opt/ros/humble /usr/bin/cmake --build /home/robotica-dev/robotica_ws/build/dynamixel_hardware -- -j4 -l4
[0.269s] Invoking command in '/home/robotica-dev/robotica_ws/build/dynamixel_hardware': CMAKE_PREFIX_PATH=${CMAKE_PREFIX_PATH}:/home/robotica-dev/robotica_ws/install/ros_control:/opt/ros/humble /usr/bin/cmake --install /home/robotica-dev/robotica_ws/build/dynamixel_hardware
[0.282s] -- Install configuration: ""
[0.282s] -- Execute custom install script
[0.282s] -- Up-to-date symlink: /home/robotica-dev/robotica_ws/install/dynamixel_hardware/share/dynamixel_hardware//dynamixel_hardware.xml
[0.282s] -- Up-to-date symlink: /home/robotica-dev/robotica_ws/install/dynamixel_hardware/lib/libdynamixel_hardware.so
[0.282s] -- Up-to-date symlink: /home/robotica-dev/robotica_ws/install/dynamixel_hardware/include/dynamixel_hardware/dynamixel_hardware.hpp
[0.282s] -- Up-to-date symlink: /home/robotica-dev/robotica_ws/install/dynamixel_hardware/include/dynamixel_hardware/visiblity_control.h
[0.282s] -- Up-to-date symlink: /home/robotica-dev/robotica_ws/install/dynamixel_hardware/share/dynamixel_hardware/environment/library_path.sh
[0.282s] -- Up-to-date symlink: /home/robotica-dev/robotica_ws/install/dynamixel_hardware/share/dynamixel_hardware/environment/library_path.dsv
[0.282s] -- Up-to-date symlink: /home/robotica-dev/robotica_ws/install/dynamixel_hardware/share/ament_index/resource_index/package_run_dependencies/dynamixel_hardware
[0.282s] -- Up-to-date symlink: /home/robotica-dev/robotica_ws/install/dynamixel_hardware/share/ament_index/resource_index/parent_prefix_path/dynamixel_hardware
[0.282s] -- Up-to-date symlink: /home/robotica-dev/robotica_ws/install/dynamixel_hardware/share/dynamixel_hardware/environment/ament_prefix_path.sh
[0.282s] -- Up-to-date symlink: /home/robotica-dev/robotica_ws/install/dynamixel_hardware/share/dynamixel_hardware/environment/ament_prefix_path.dsv
[0.282s] -- Up-to-date symlink: /home/robotica-dev/robotica_ws/install/dynamixel_hardware/share/dynamixel_hardware/environment/path.sh
[0.283s] -- Up-to-date symlink: /home/robotica-dev/robotica_ws/install/dynamixel_hardware/share/dynamixel_hardware/environment/path.dsv
[0.283s] -- Up-to-date symlink: /home/robotica-dev/robotica_ws/install/dynamixel_hardware/share/dynamixel_hardware/local_setup.bash
[0.283s] -- Up-to-date symlink: /home/robotica-dev/robotica_ws/install/dynamixel_hardware/share/dynamixel_hardware/local_setup.sh
[0.283s] -- Up-to-date symlink: /home/robotica-dev/robotica_ws/install/dynamixel_hardware/share/dynamixel_hardware/local_setup.zsh
[0.283s] -- Up-to-date symlink: /home/robotica-dev/robotica_ws/install/dynamixel_hardware/share/dynamixel_hardware/local_setup.dsv
[0.283s] -- Symlinking: /home/robotica-dev/robotica_ws/install/dynamixel_hardware/share/dynamixel_hardware/package.dsv
[0.293s] -- Up-to-date symlink: /home/robotica-dev/robotica_ws/install/dynamixel_hardware/share/ament_index/resource_index/packages/dynamixel_hardware
[0.295s] -- Up-to-date symlink: /home/robotica-dev/robotica_ws/install/dynamixel_hardware/share/ament_index/resource_index/hardware_interface__pluginlib__plugin/dynamixel_hardware
[0.295s] -- Up-to-date symlink: /home/robotica-dev/robotica_ws/install/dynamixel_hardware/share/dynamixel_hardware/cmake/ament_cmake_export_include_directories-extras.cmake
[0.296s] -- Up-to-date symlink: /home/robotica-dev/robotica_ws/install/dynamixel_hardware/share/dynamixel_hardware/cmake/ament_cmake_export_libraries-extras.cmake
[0.296s] -- Up-to-date symlink: /home/robotica-dev/robotica_ws/install/dynamixel_hardware/share/dynamixel_hardware/cmake/ament_cmake_export_dependencies-extras.cmake
[0.296s] -- Up-to-date symlink: /home/robotica-dev/robotica_ws/install/dynamixel_hardware/share/dynamixel_hardware/cmake/dynamixel_hardwareConfig.cmake
[0.296s] -- Up-to-date symlink: /home/robotica-dev/robotica_ws/install/dynamixel_hardware/share/dynamixel_hardware/cmake/dynamixel_hardwareConfig-version.cmake
[0.296s] -- Up-to-date symlink: /home/robotica-dev/robotica_ws/install/dynamixel_hardware/share/dynamixel_hardware/package.xml
[0.298s] Invoked command in '/home/robotica-dev/robotica_ws/build/dynamixel_hardware' returned '0': CMAKE_PREFIX_PATH=${CMAKE_PREFIX_PATH}:/home/robotica-dev/robotica_ws/install/ros_control:/opt/ros/humble /usr/bin/cmake --install /home/robotica-dev/robotica_ws/build/dynamixel_hardware
