[0.021s] Invoking command in '/home/robotica-dev/robotica_ws/build/serial': CMAKE_PREFIX_PATH=${CMAKE_PREFIX_PATH}:/home/robotica-dev/ros2_ws/install/ros_control:/home/robotica-dev/dev_ws/install/ros_control:/opt/ros/humble /usr/bin/cmake /home/robotica-dev/robotica_ws/src/serial -DAMENT_CMAKE_SYMLINK_INSTALL=1 -DCMAKE_INSTALL_PREFIX=/home/robotica-dev/robotica_ws/install/serial
[0.029s] -- Found ament_cmake: 1.3.4 (/opt/ros/humble/share/ament_cmake/cmake)
[0.176s] -- Override CMake install command with custom implementation using symlinks instead of copying resources
[0.185s] -- Found ament_cmake_gtest: 1.3.4 (/opt/ros/humble/share/ament_cmake_gtest/cmake)
[0.189s] -- Found gtest sources under '/opt/ros/humble/src/gtest_vendor': C++ tests using 'Google Test' will be built
[0.260s] -- Configuring done
[0.272s] -- Generating done
[0.304s] -- Build files have been written to: /home/robotica-dev/robotica_ws/build/serial
[0.307s] Invoked command in '/home/robotica-dev/robotica_ws/build/serial' returned '0': CMAKE_PREFIX_PATH=${CMAKE_PREFIX_PATH}:/home/robotica-dev/ros2_ws/install/ros_control:/home/robotica-dev/dev_ws/install/ros_control:/opt/ros/humble /usr/bin/cmake /home/robotica-dev/robotica_ws/src/serial -DAMENT_CMAKE_SYMLINK_INSTALL=1 -DCMAKE_INSTALL_PREFIX=/home/robotica-dev/robotica_ws/install/serial
[0.309s] Invoking command in '/home/robotica-dev/robotica_ws/build/serial': CMAKE_PREFIX_PATH=${CMAKE_PREFIX_PATH}:/home/robotica-dev/ros2_ws/install/ros_control:/home/robotica-dev/dev_ws/install/ros_control:/opt/ros/humble /usr/bin/cmake --build /home/robotica-dev/robotica_ws/build/serial -- -j4 -l4
[0.353s] [35m[1mConsolidate compiler generated dependencies of target gtest_main[0m
[0.353s] [35m[1mConsolidate compiler generated dependencies of target gtest[0m
[0.353s] [35m[1mConsolidate compiler generated dependencies of target serial[0m
[0.369s] [ 50%] Built target gtest
[0.370s] [ 57%] Built target gtest_main
[0.370s] [ 57%] Built target serial
[0.382s] [35m[1mConsolidate compiler generated dependencies of target serial_example[0m
[0.383s] [35m[1mConsolidate compiler generated dependencies of target serial-test-timer[0m
[0.383s] [35m[1mConsolidate compiler generated dependencies of target serial-test[0m
[0.400s] [ 71%] Built target serial-test-timer
[0.402s] [ 85%] Built target serial_example
[0.402s] [100%] Built target serial-test
[0.415s] Invoked command in '/home/robotica-dev/robotica_ws/build/serial' returned '0': CMAKE_PREFIX_PATH=${CMAKE_PREFIX_PATH}:/home/robotica-dev/ros2_ws/install/ros_control:/home/robotica-dev/dev_ws/install/ros_control:/opt/ros/humble /usr/bin/cmake --build /home/robotica-dev/robotica_ws/build/serial -- -j4 -l4
[0.479s] Invoking command in '/home/robotica-dev/robotica_ws/build/serial': CMAKE_PREFIX_PATH=${CMAKE_PREFIX_PATH}:/home/robotica-dev/ros2_ws/install/ros_control:/home/robotica-dev/dev_ws/install/ros_control:/opt/ros/humble /usr/bin/cmake --install /home/robotica-dev/robotica_ws/build/serial
[0.487s] -- Install configuration: ""
[0.488s] -- Execute custom install script
[0.488s] -- Up-to-date symlink: /home/robotica-dev/robotica_ws/install/serial/lib/libserial.a
[0.488s] -- Up-to-date symlink: /home/robotica-dev/robotica_ws/install/serial/include/serial/serial.h
[0.489s] -- Up-to-date symlink: /home/robotica-dev/robotica_ws/install/serial/include/serial/v8stdint.h
[0.489s] -- Up-to-date symlink: /home/robotica-dev/robotica_ws/install/serial/share/serial/environment/library_path.sh
[0.489s] -- Up-to-date symlink: /home/robotica-dev/robotica_ws/install/serial/share/serial/environment/library_path.dsv
[0.489s] -- Up-to-date symlink: /home/robotica-dev/robotica_ws/install/serial/share/ament_index/resource_index/package_run_dependencies/serial
[0.489s] -- Up-to-date symlink: /home/robotica-dev/robotica_ws/install/serial/share/ament_index/resource_index/parent_prefix_path/serial
[0.489s] -- Up-to-date symlink: /home/robotica-dev/robotica_ws/install/serial/share/serial/environment/ament_prefix_path.sh
[0.490s] -- Up-to-date symlink: /home/robotica-dev/robotica_ws/install/serial/share/serial/environment/ament_prefix_path.dsv
[0.490s] -- Up-to-date symlink: /home/robotica-dev/robotica_ws/install/serial/share/serial/environment/path.sh
[0.490s] -- Up-to-date symlink: /home/robotica-dev/robotica_ws/install/serial/share/serial/environment/path.dsv
[0.490s] -- Up-to-date symlink: /home/robotica-dev/robotica_ws/install/serial/share/serial/local_setup.bash
[0.490s] -- Up-to-date symlink: /home/robotica-dev/robotica_ws/install/serial/share/serial/local_setup.sh
[0.491s] -- Up-to-date symlink: /home/robotica-dev/robotica_ws/install/serial/share/serial/local_setup.zsh
[0.491s] -- Up-to-date symlink: /home/robotica-dev/robotica_ws/install/serial/share/serial/local_setup.dsv
[0.491s] -- Symlinking: /home/robotica-dev/robotica_ws/install/serial/share/serial/package.dsv
[0.501s] -- Up-to-date symlink: /home/robotica-dev/robotica_ws/install/serial/share/ament_index/resource_index/packages/serial
[0.501s] -- Up-to-date symlink: /home/robotica-dev/robotica_ws/install/serial/share/serial/cmake/ament_cmake_export_include_directories-extras.cmake
[0.501s] -- Up-to-date symlink: /home/robotica-dev/robotica_ws/install/serial/share/serial/cmake/ament_cmake_export_libraries-extras.cmake
[0.501s] -- Up-to-date symlink: /home/robotica-dev/robotica_ws/install/serial/share/serial/cmake/serialConfig.cmake
[0.501s] -- Up-to-date symlink: /home/robotica-dev/robotica_ws/install/serial/share/serial/cmake/serialConfig-version.cmake
[0.502s] -- Up-to-date symlink: /home/robotica-dev/robotica_ws/install/serial/share/serial/package.xml
[0.504s] Invoked command in '/home/robotica-dev/robotica_ws/build/serial' returned '0': CMAKE_PREFIX_PATH=${CMAKE_PREFIX_PATH}:/home/robotica-dev/ros2_ws/install/ros_control:/home/robotica-dev/dev_ws/install/ros_control:/opt/ros/humble /usr/bin/cmake --install /home/robotica-dev/robotica_ws/build/serial
