[0.018s] Invoking command in '/home/robotica-dev/robotica_ws/build/diffdrive_arduino': CMAKE_PREFIX_PATH=${CMAKE_PREFIX_PATH}:/home/robotica-dev/ros2_ws/install/ros_control:/home/robotica-dev/dev_ws/install/ros_control:/opt/ros/humble /usr/bin/cmake /home/robotica-dev/robotica_ws/src/diffdrive_arduino -DAMENT_CMAKE_SYMLINK_INSTALL=1 -DCMAKE_INSTALL_PREFIX=/home/robotica-dev/robotica_ws/install/diffdrive_arduino
[0.122s] -- Found ament_cmake: 1.3.4 (/opt/ros/humble/share/ament_cmake/cmake)
[0.407s] -- Override CMake install command with custom implementation using symlinks instead of copying resources
[0.796s] [31mCMake Error at CMakeLists.txt:15 (find_package):
[0.796s]   By not providing "Findserial.cmake" in CMAKE_MODULE_PATH this project has
[0.797s]   asked CMake to find a package configuration file provided by "serial", but
[0.797s]   CMake did not find one.
[0.797s] 
[0.797s]   Could not find a package configuration file provided by "serial" with any
[0.797s]   of the following names:
[0.797s] 
[0.798s]     serialConfig.cmake
[0.798s]     serial-config.cmake
[0.798s] 
[0.798s]   Add the installation prefix of "serial" to CMAKE_PREFIX_PATH or set
[0.798s]   "serial_DIR" to a directory containing one of the above files.  If "serial"
[0.798s]   provides a separate development package or SDK, be sure it has been
[0.798s]   installed.
[0.799s] 
[0.799s] [0m
[0.799s] -- Configuring incomplete, errors occurred!
[0.799s] See also "/home/robotica-dev/robotica_ws/build/diffdrive_arduino/CMakeFiles/CMakeOutput.log".
[1.017s] Invoked command in '/home/robotica-dev/robotica_ws/build/diffdrive_arduino' returned '1': CMAKE_PREFIX_PATH=${CMAKE_PREFIX_PATH}:/home/robotica-dev/ros2_ws/install/ros_control:/home/robotica-dev/dev_ws/install/ros_control:/opt/ros/humble /usr/bin/cmake /home/robotica-dev/robotica_ws/src/diffdrive_arduino -DAMENT_CMAKE_SYMLINK_INSTALL=1 -DCMAKE_INSTALL_PREFIX=/home/robotica-dev/robotica_ws/install/diffdrive_arduino
