[0.339s] DEBUG:colcon:Command line arguments: ['/usr/bin/colcon', 'build']
[0.339s] DEBUG:colcon:Parsed command line arguments: Namespace(log_base=None, log_level=None, verb_name='build', build_base='build', install_base='install', merge_install=False, symlink_install=False, test_result_base=None, continue_on_error=False, executor='parallel', parallel_workers=4, event_handlers=None, ignore_user_meta=False, metas=['./colcon.meta'], base_paths=['.'], packages_ignore=None, packages_ignore_regex=None, paths=None, packages_up_to=None, packages_up_to_regex=None, packages_above=None, packages_above_and_dependencies=None, packages_above_depth=None, packages_select_by_dep=None, packages_skip_by_dep=None, packages_skip_up_to=None, packages_select_build_failed=False, packages_skip_build_finished=False, packages_select_test_failures=False, packages_skip_test_passed=False, packages_select=None, packages_skip=None, packages_select_regex=None, packages_skip_regex=None, packages_start=None, packages_end=None, allow_overriding=[], cmake_args=None, cmake_target=None, cmake_target_skip_unavailable=False, cmake_clean_cache=False, cmake_clean_first=False, cmake_force_configure=False, ament_cmake_args=None, catkin_cmake_args=None, catkin_skip_building_tests=False, verb_parser=<colcon_defaults.argument_parser.defaults.DefaultArgumentsDecorator object at 0x7f40a5501de0>, verb_extension=<colcon_core.verb.build.BuildVerb object at 0x7f40a5501870>, main=<bound method BuildVerb.main of <colcon_core.verb.build.BuildVerb object at 0x7f40a5501870>>)
[0.360s] Level 1:colcon.colcon_core.package_discovery:discover_packages(colcon_meta) check parameters
[0.360s] Level 1:colcon.colcon_core.package_discovery:discover_packages(recursive) check parameters
[0.361s] Level 1:colcon.colcon_core.package_discovery:discover_packages(ignore) check parameters
[0.361s] Level 1:colcon.colcon_core.package_discovery:discover_packages(path) check parameters
[0.361s] Level 1:colcon.colcon_core.package_discovery:discover_packages(colcon_meta) discover
[0.361s] Level 1:colcon.colcon_core.package_discovery:discover_packages(recursive) discover
[0.361s] INFO:colcon.colcon_core.package_discovery:Crawling recursively for packages in '/home/robotica-dev/robotica_ws'
[0.361s] Level 1:colcon.colcon_core.package_identification:_identify(.) by extensions ['ignore', 'ignore_ament_install']
[0.361s] Level 1:colcon.colcon_core.package_identification:_identify(.) by extension 'ignore'
[0.361s] Level 1:colcon.colcon_core.package_identification:_identify(.) by extension 'ignore_ament_install'
[0.361s] Level 1:colcon.colcon_core.package_identification:_identify(.) by extensions ['colcon_pkg']
[0.361s] Level 1:colcon.colcon_core.package_identification:_identify(.) by extension 'colcon_pkg'
[0.361s] Level 1:colcon.colcon_core.package_identification:_identify(.) by extensions ['colcon_meta']
[0.361s] Level 1:colcon.colcon_core.package_identification:_identify(.) by extension 'colcon_meta'
[0.361s] Level 1:colcon.colcon_core.package_identification:_identify(.) by extensions ['ros']
[0.361s] Level 1:colcon.colcon_core.package_identification:_identify(.) by extension 'ros'
[0.372s] Level 1:colcon.colcon_core.package_identification:_identify(.) by extensions ['cmake', 'python']
[0.372s] Level 1:colcon.colcon_core.package_identification:_identify(.) by extension 'cmake'
[0.372s] Level 1:colcon.colcon_core.package_identification:_identify(.) by extension 'python'
[0.372s] Level 1:colcon.colcon_core.package_identification:_identify(.) by extensions ['python_setup_py']
[0.372s] Level 1:colcon.colcon_core.package_identification:_identify(.) by extension 'python_setup_py'
[0.372s] Level 1:colcon.colcon_core.package_identification:_identify(build) by extensions ['ignore', 'ignore_ament_install']
[0.372s] Level 1:colcon.colcon_core.package_identification:_identify(build) by extension 'ignore'
[0.372s] Level 1:colcon.colcon_core.package_identification:_identify(build) ignored
[0.372s] Level 1:colcon.colcon_core.package_identification:_identify(install) by extensions ['ignore', 'ignore_ament_install']
[0.372s] Level 1:colcon.colcon_core.package_identification:_identify(install) by extension 'ignore'
[0.372s] Level 1:colcon.colcon_core.package_identification:_identify(install) ignored
[0.372s] Level 1:colcon.colcon_core.package_identification:_identify(log) by extensions ['ignore', 'ignore_ament_install']
[0.372s] Level 1:colcon.colcon_core.package_identification:_identify(log) by extension 'ignore'
[0.372s] Level 1:colcon.colcon_core.package_identification:_identify(log) ignored
[0.373s] Level 1:colcon.colcon_core.package_identification:_identify(src) by extensions ['ignore', 'ignore_ament_install']
[0.373s] Level 1:colcon.colcon_core.package_identification:_identify(src) by extension 'ignore'
[0.373s] Level 1:colcon.colcon_core.package_identification:_identify(src) by extension 'ignore_ament_install'
[0.373s] Level 1:colcon.colcon_core.package_identification:_identify(src) by extensions ['colcon_pkg']
[0.373s] Level 1:colcon.colcon_core.package_identification:_identify(src) by extension 'colcon_pkg'
[0.373s] Level 1:colcon.colcon_core.package_identification:_identify(src) by extensions ['colcon_meta']
[0.373s] Level 1:colcon.colcon_core.package_identification:_identify(src) by extension 'colcon_meta'
[0.373s] Level 1:colcon.colcon_core.package_identification:_identify(src) by extensions ['ros']
[0.373s] Level 1:colcon.colcon_core.package_identification:_identify(src) by extension 'ros'
[0.373s] Level 1:colcon.colcon_core.package_identification:_identify(src) by extensions ['cmake', 'python']
[0.373s] Level 1:colcon.colcon_core.package_identification:_identify(src) by extension 'cmake'
[0.373s] Level 1:colcon.colcon_core.package_identification:_identify(src) by extension 'python'
[0.373s] Level 1:colcon.colcon_core.package_identification:_identify(src) by extensions ['python_setup_py']
[0.373s] Level 1:colcon.colcon_core.package_identification:_identify(src) by extension 'python_setup_py'
[0.373s] Level 1:colcon.colcon_core.package_identification:_identify(src/diffdrive_arduino) by extensions ['ignore', 'ignore_ament_install']
[0.373s] Level 1:colcon.colcon_core.package_identification:_identify(src/diffdrive_arduino) by extension 'ignore'
[0.373s] Level 1:colcon.colcon_core.package_identification:_identify(src/diffdrive_arduino) by extension 'ignore_ament_install'
[0.373s] Level 1:colcon.colcon_core.package_identification:_identify(src/diffdrive_arduino) by extensions ['colcon_pkg']
[0.373s] Level 1:colcon.colcon_core.package_identification:_identify(src/diffdrive_arduino) by extension 'colcon_pkg'
[0.373s] Level 1:colcon.colcon_core.package_identification:_identify(src/diffdrive_arduino) by extensions ['colcon_meta']
[0.373s] Level 1:colcon.colcon_core.package_identification:_identify(src/diffdrive_arduino) by extension 'colcon_meta'
[0.374s] Level 1:colcon.colcon_core.package_identification:_identify(src/diffdrive_arduino) by extensions ['ros']
[0.374s] Level 1:colcon.colcon_core.package_identification:_identify(src/diffdrive_arduino) by extension 'ros'
[0.376s] DEBUG:colcon.colcon_core.package_identification:Package 'src/diffdrive_arduino' with type 'ros.ament_cmake' and name 'diffdrive_arduino'
[0.376s] Level 1:colcon.colcon_core.package_identification:_identify(src/serial) by extensions ['ignore', 'ignore_ament_install']
[0.376s] Level 1:colcon.colcon_core.package_identification:_identify(src/serial) by extension 'ignore'
[0.376s] Level 1:colcon.colcon_core.package_identification:_identify(src/serial) by extension 'ignore_ament_install'
[0.376s] Level 1:colcon.colcon_core.package_identification:_identify(src/serial) by extensions ['colcon_pkg']
[0.376s] Level 1:colcon.colcon_core.package_identification:_identify(src/serial) by extension 'colcon_pkg'
[0.376s] Level 1:colcon.colcon_core.package_identification:_identify(src/serial) by extensions ['colcon_meta']
[0.376s] Level 1:colcon.colcon_core.package_identification:_identify(src/serial) by extension 'colcon_meta'
[0.376s] Level 1:colcon.colcon_core.package_identification:_identify(src/serial) by extensions ['ros']
[0.376s] Level 1:colcon.colcon_core.package_identification:_identify(src/serial) by extension 'ros'
[0.377s] DEBUG:colcon.colcon_core.package_identification:Package 'src/serial' with type 'ros.ament_cmake' and name 'serial'
[0.377s] Level 1:colcon.colcon_core.package_discovery:discover_packages(recursive) using defaults
[0.377s] Level 1:colcon.colcon_core.package_discovery:discover_packages(ignore) discover
[0.377s] Level 1:colcon.colcon_core.package_discovery:discover_packages(ignore) using defaults
[0.377s] Level 1:colcon.colcon_core.package_discovery:discover_packages(path) discover
[0.377s] Level 1:colcon.colcon_core.package_discovery:discover_packages(path) using defaults
[0.398s] Level 1:colcon.colcon_core.package_discovery:discover_packages(prefix_path) check parameters
[0.398s] Level 1:colcon.colcon_core.package_discovery:discover_packages(prefix_path) discover
[0.401s] DEBUG:colcon.colcon_installed_package_information.package_discovery:Found 2 installed packages in /home/robotica-dev/robotica_ws/install
[0.402s] DEBUG:colcon.colcon_installed_package_information.package_discovery:Found 9 installed packages in /home/robotica-dev/dev_ws/install
[0.403s] DEBUG:colcon.colcon_installed_package_information.package_discovery:Found 16 installed packages in /home/robotica-dev/ros2_ws/install
[0.405s] DEBUG:colcon.colcon_installed_package_information.package_discovery:Found 337 installed packages in /opt/ros/humble
[0.408s] Level 1:colcon.colcon_core.package_discovery:discover_packages(prefix_path) using defaults
[0.472s] Level 5:colcon.colcon_core.verb:set package 'serial' build argument 'cmake_args' from command line to 'None'
[0.472s] Level 5:colcon.colcon_core.verb:set package 'serial' build argument 'cmake_target' from command line to 'None'
[0.472s] Level 5:colcon.colcon_core.verb:set package 'serial' build argument 'cmake_target_skip_unavailable' from command line to 'False'
[0.472s] Level 5:colcon.colcon_core.verb:set package 'serial' build argument 'cmake_clean_cache' from command line to 'False'
[0.472s] Level 5:colcon.colcon_core.verb:set package 'serial' build argument 'cmake_clean_first' from command line to 'False'
[0.472s] Level 5:colcon.colcon_core.verb:set package 'serial' build argument 'cmake_force_configure' from command line to 'False'
[0.472s] Level 5:colcon.colcon_core.verb:set package 'serial' build argument 'ament_cmake_args' from command line to 'None'
[0.472s] Level 5:colcon.colcon_core.verb:set package 'serial' build argument 'catkin_cmake_args' from command line to 'None'
[0.472s] Level 5:colcon.colcon_core.verb:set package 'serial' build argument 'catkin_skip_building_tests' from command line to 'False'
[0.472s] DEBUG:colcon.colcon_core.verb:Building package 'serial' with the following arguments: {'ament_cmake_args': None, 'build_base': '/home/robotica-dev/robotica_ws/build/serial', 'catkin_cmake_args': None, 'catkin_skip_building_tests': False, 'cmake_args': None, 'cmake_clean_cache': False, 'cmake_clean_first': False, 'cmake_force_configure': False, 'cmake_target': None, 'cmake_target_skip_unavailable': False, 'install_base': '/home/robotica-dev/robotica_ws/install/serial', 'merge_install': False, 'path': '/home/robotica-dev/robotica_ws/src/serial', 'symlink_install': False, 'test_result_base': None}
[0.473s] Level 5:colcon.colcon_core.verb:set package 'diffdrive_arduino' build argument 'cmake_args' from command line to 'None'
[0.473s] Level 5:colcon.colcon_core.verb:set package 'diffdrive_arduino' build argument 'cmake_target' from command line to 'None'
[0.473s] Level 5:colcon.colcon_core.verb:set package 'diffdrive_arduino' build argument 'cmake_target_skip_unavailable' from command line to 'False'
[0.473s] Level 5:colcon.colcon_core.verb:set package 'diffdrive_arduino' build argument 'cmake_clean_cache' from command line to 'False'
[0.473s] Level 5:colcon.colcon_core.verb:set package 'diffdrive_arduino' build argument 'cmake_clean_first' from command line to 'False'
[0.473s] Level 5:colcon.colcon_core.verb:set package 'diffdrive_arduino' build argument 'cmake_force_configure' from command line to 'False'
[0.473s] Level 5:colcon.colcon_core.verb:set package 'diffdrive_arduino' build argument 'ament_cmake_args' from command line to 'None'
[0.473s] Level 5:colcon.colcon_core.verb:set package 'diffdrive_arduino' build argument 'catkin_cmake_args' from command line to 'None'
[0.473s] Level 5:colcon.colcon_core.verb:set package 'diffdrive_arduino' build argument 'catkin_skip_building_tests' from command line to 'False'
[0.474s] DEBUG:colcon.colcon_core.verb:Building package 'diffdrive_arduino' with the following arguments: {'ament_cmake_args': None, 'build_base': '/home/robotica-dev/robotica_ws/build/diffdrive_arduino', 'catkin_cmake_args': None, 'catkin_skip_building_tests': False, 'cmake_args': None, 'cmake_clean_cache': False, 'cmake_clean_first': False, 'cmake_force_configure': False, 'cmake_target': None, 'cmake_target_skip_unavailable': False, 'install_base': '/home/robotica-dev/robotica_ws/install/diffdrive_arduino', 'merge_install': False, 'path': '/home/robotica-dev/robotica_ws/src/diffdrive_arduino', 'symlink_install': False, 'test_result_base': None}
[0.474s] INFO:colcon.colcon_core.executor:Executing jobs using 'parallel' executor
[0.477s] DEBUG:colcon.colcon_parallel_executor.executor.parallel:run_until_complete
[0.477s] INFO:colcon.colcon_ros.task.ament_cmake.build:Building ROS package in '/home/robotica-dev/robotica_ws/src/serial' with build type 'ament_cmake'
[0.477s] INFO:colcon.colcon_cmake.task.cmake.build:Building CMake package in '/home/robotica-dev/robotica_ws/src/serial'
[0.481s] INFO:colcon.colcon_core.plugin_system:Skipping extension 'colcon_core.shell.bat': Not used on non-Windows systems
[0.482s] INFO:colcon.colcon_core.shell:Skip shell extension 'powershell' for command environment: Not usable outside of PowerShell
[0.482s] DEBUG:colcon.colcon_core.shell:Skip shell extension 'dsv' for command environment
[0.503s] DEBUG:colcon.colcon_core.event_handler.log_command:Invoking command in '/home/robotica-dev/robotica_ws/build/serial': CMAKE_PREFIX_PATH=${CMAKE_PREFIX_PATH}:/home/robotica-dev/ros2_ws/install/ros_control:/home/robotica-dev/dev_ws/install/ros_control:/opt/ros/humble /usr/bin/cmake --build /home/robotica-dev/robotica_ws/build/serial -- -j4 -l4
[0.741s] DEBUG:colcon.colcon_core.event_handler.log_command:Invoked command in '/home/robotica-dev/robotica_ws/build/serial' returned '0': CMAKE_PREFIX_PATH=${CMAKE_PREFIX_PATH}:/home/robotica-dev/ros2_ws/install/ros_control:/home/robotica-dev/dev_ws/install/ros_control:/opt/ros/humble /usr/bin/cmake --build /home/robotica-dev/robotica_ws/build/serial -- -j4 -l4
[0.802s] DEBUG:colcon.colcon_core.event_handler.log_command:Invoking command in '/home/robotica-dev/robotica_ws/build/serial': CMAKE_PREFIX_PATH=${CMAKE_PREFIX_PATH}:/home/robotica-dev/ros2_ws/install/ros_control:/home/robotica-dev/dev_ws/install/ros_control:/opt/ros/humble /usr/bin/cmake --install /home/robotica-dev/robotica_ws/build/serial
[0.813s] Level 1:colcon.colcon_core.environment:create_environment_scripts_only(serial)
[0.813s] DEBUG:colcon.colcon_core.event_handler.log_command:Invoked command in '/home/robotica-dev/robotica_ws/build/serial' returned '0': CMAKE_PREFIX_PATH=${CMAKE_PREFIX_PATH}:/home/robotica-dev/ros2_ws/install/ros_control:/home/robotica-dev/dev_ws/install/ros_control:/opt/ros/humble /usr/bin/cmake --install /home/robotica-dev/robotica_ws/build/serial
[0.817s] Level 1:colcon.colcon_core.environment:checking '/home/robotica-dev/robotica_ws/install/serial' for CMake module files
[0.818s] Level 1:colcon.colcon_core.environment:checking '/home/robotica-dev/robotica_ws/install/serial' for CMake config files
[0.818s] Level 1:colcon.colcon_core.shell:create_environment_hook('serial', 'cmake_prefix_path')
[0.819s] INFO:colcon.colcon_core.shell:Creating environment hook '/home/robotica-dev/robotica_ws/install/serial/share/serial/hook/cmake_prefix_path.ps1'
[0.820s] INFO:colcon.colcon_core.shell:Creating environment descriptor '/home/robotica-dev/robotica_ws/install/serial/share/serial/hook/cmake_prefix_path.dsv'
[0.820s] INFO:colcon.colcon_core.shell:Creating environment hook '/home/robotica-dev/robotica_ws/install/serial/share/serial/hook/cmake_prefix_path.sh'
[0.821s] Level 1:colcon.colcon_core.environment:checking '/home/robotica-dev/robotica_ws/install/serial/lib'
[0.821s] Level 1:colcon.colcon_core.environment:checking '/home/robotica-dev/robotica_ws/install/serial/bin'
[0.821s] Level 1:colcon.colcon_core.environment:checking '/home/robotica-dev/robotica_ws/install/serial/lib/pkgconfig/serial.pc'
[0.821s] Level 1:colcon.colcon_core.environment:checking '/home/robotica-dev/robotica_ws/install/serial/lib/python3.10/site-packages'
[0.821s] Level 1:colcon.colcon_core.environment:checking '/home/robotica-dev/robotica_ws/install/serial/bin'
[0.823s] INFO:colcon.colcon_core.shell:Creating package script '/home/robotica-dev/robotica_ws/install/serial/share/serial/package.ps1'
[0.823s] INFO:colcon.colcon_core.shell:Creating package descriptor '/home/robotica-dev/robotica_ws/install/serial/share/serial/package.dsv'
[0.824s] INFO:colcon.colcon_core.shell:Creating package script '/home/robotica-dev/robotica_ws/install/serial/share/serial/package.sh'
[0.824s] INFO:colcon.colcon_core.shell:Creating package script '/home/robotica-dev/robotica_ws/install/serial/share/serial/package.bash'
[0.825s] INFO:colcon.colcon_core.shell:Creating package script '/home/robotica-dev/robotica_ws/install/serial/share/serial/package.zsh'
[0.825s] Level 1:colcon.colcon_core.environment:create_file_with_runtime_dependencies(/home/robotica-dev/robotica_ws/install/serial/share/colcon-core/packages/serial)
[0.877s] Level 1:colcon.colcon_core.environment:create_environment_scripts_only(serial)
[0.878s] Level 1:colcon.colcon_core.environment:checking '/home/robotica-dev/robotica_ws/install/serial' for CMake module files
[0.879s] Level 1:colcon.colcon_core.environment:checking '/home/robotica-dev/robotica_ws/install/serial' for CMake config files
[0.879s] Level 1:colcon.colcon_core.shell:create_environment_hook('serial', 'cmake_prefix_path')
[0.880s] INFO:colcon.colcon_core.shell:Creating environment hook '/home/robotica-dev/robotica_ws/install/serial/share/serial/hook/cmake_prefix_path.ps1'
[0.881s] INFO:colcon.colcon_core.shell:Creating environment descriptor '/home/robotica-dev/robotica_ws/install/serial/share/serial/hook/cmake_prefix_path.dsv'
[0.881s] INFO:colcon.colcon_core.shell:Creating environment hook '/home/robotica-dev/robotica_ws/install/serial/share/serial/hook/cmake_prefix_path.sh'
[0.881s] Level 1:colcon.colcon_core.environment:checking '/home/robotica-dev/robotica_ws/install/serial/lib'
[0.881s] Level 1:colcon.colcon_core.environment:checking '/home/robotica-dev/robotica_ws/install/serial/bin'
[0.881s] Level 1:colcon.colcon_core.environment:checking '/home/robotica-dev/robotica_ws/install/serial/lib/pkgconfig/serial.pc'
[0.882s] Level 1:colcon.colcon_core.environment:checking '/home/robotica-dev/robotica_ws/install/serial/lib/python3.10/site-packages'
[0.882s] Level 1:colcon.colcon_core.environment:checking '/home/robotica-dev/robotica_ws/install/serial/bin'
[0.883s] INFO:colcon.colcon_core.shell:Creating package script '/home/robotica-dev/robotica_ws/install/serial/share/serial/package.ps1'
[0.883s] INFO:colcon.colcon_core.shell:Creating package descriptor '/home/robotica-dev/robotica_ws/install/serial/share/serial/package.dsv'
[0.884s] INFO:colcon.colcon_core.shell:Creating package script '/home/robotica-dev/robotica_ws/install/serial/share/serial/package.sh'
[0.884s] INFO:colcon.colcon_core.shell:Creating package script '/home/robotica-dev/robotica_ws/install/serial/share/serial/package.bash'
[0.885s] INFO:colcon.colcon_core.shell:Creating package script '/home/robotica-dev/robotica_ws/install/serial/share/serial/package.zsh'
[0.885s] Level 1:colcon.colcon_core.environment:create_file_with_runtime_dependencies(/home/robotica-dev/robotica_ws/install/serial/share/colcon-core/packages/serial)
[0.885s] INFO:colcon.colcon_ros.task.ament_cmake.build:Building ROS package in '/home/robotica-dev/robotica_ws/src/diffdrive_arduino' with build type 'ament_cmake'
[0.886s] INFO:colcon.colcon_cmake.task.cmake.build:Building CMake package in '/home/robotica-dev/robotica_ws/src/diffdrive_arduino'
[0.887s] INFO:colcon.colcon_core.shell:Skip shell extension 'powershell' for command environment: Not usable outside of PowerShell
[0.887s] DEBUG:colcon.colcon_core.shell:Skip shell extension 'dsv' for command environment
[0.905s] DEBUG:colcon.colcon_core.event_handler.log_command:Invoking command in '/home/robotica-dev/robotica_ws/build/diffdrive_arduino': CMAKE_PREFIX_PATH=${CMAKE_PREFIX_PATH}:/home/robotica-dev/ros2_ws/install/ros_control:/home/robotica-dev/dev_ws/install/ros_control:/opt/ros/humble /usr/bin/cmake --build /home/robotica-dev/robotica_ws/build/diffdrive_arduino -- -j4 -l4
[1.368s] DEBUG:colcon.colcon_core.event_handler.log_command:Invoked command in '/home/robotica-dev/robotica_ws/build/diffdrive_arduino' returned '2': CMAKE_PREFIX_PATH=${CMAKE_PREFIX_PATH}:/home/robotica-dev/ros2_ws/install/ros_control:/home/robotica-dev/dev_ws/install/ros_control:/opt/ros/humble /usr/bin/cmake --build /home/robotica-dev/robotica_ws/build/diffdrive_arduino -- -j4 -l4
[1.415s] Level 1:colcon.colcon_core.environment:create_environment_scripts_only(diffdrive_arduino)
[1.417s] Level 1:colcon.colcon_core.environment:checking '/home/robotica-dev/robotica_ws/install/diffdrive_arduino' for CMake module files
[1.417s] Level 1:colcon.colcon_core.environment:checking '/home/robotica-dev/robotica_ws/install/diffdrive_arduino' for CMake config files
[1.417s] Level 1:colcon.colcon_core.environment:checking '/home/robotica-dev/robotica_ws/install/diffdrive_arduino/bin'
[1.417s] Level 1:colcon.colcon_core.environment:checking '/home/robotica-dev/robotica_ws/install/diffdrive_arduino/lib/pkgconfig/diffdrive_arduino.pc'
[1.418s] Level 1:colcon.colcon_core.environment:checking '/home/robotica-dev/robotica_ws/install/diffdrive_arduino/lib/python3.10/site-packages'
[1.418s] Level 1:colcon.colcon_core.environment:checking '/home/robotica-dev/robotica_ws/install/diffdrive_arduino/bin'
[1.419s] INFO:colcon.colcon_core.shell:Creating package script '/home/robotica-dev/robotica_ws/install/diffdrive_arduino/share/diffdrive_arduino/package.ps1'
[1.419s] INFO:colcon.colcon_core.shell:Creating package descriptor '/home/robotica-dev/robotica_ws/install/diffdrive_arduino/share/diffdrive_arduino/package.dsv'
[1.420s] INFO:colcon.colcon_core.shell:Creating package script '/home/robotica-dev/robotica_ws/install/diffdrive_arduino/share/diffdrive_arduino/package.sh'
[1.420s] INFO:colcon.colcon_core.shell:Creating package script '/home/robotica-dev/robotica_ws/install/diffdrive_arduino/share/diffdrive_arduino/package.bash'
[1.421s] INFO:colcon.colcon_core.shell:Creating package script '/home/robotica-dev/robotica_ws/install/diffdrive_arduino/share/diffdrive_arduino/package.zsh'
[1.421s] Level 1:colcon.colcon_core.environment:create_file_with_runtime_dependencies(/home/robotica-dev/robotica_ws/install/diffdrive_arduino/share/colcon-core/packages/diffdrive_arduino)
[1.431s] DEBUG:colcon.colcon_parallel_executor.executor.parallel:closing loop
[1.431s] DEBUG:colcon.colcon_parallel_executor.executor.parallel:loop closed
[1.432s] DEBUG:colcon.colcon_parallel_executor.executor.parallel:run_until_complete finished with '2'
[1.432s] DEBUG:colcon.colcon_core.event_reactor:joining thread
[1.437s] INFO:colcon.colcon_core.plugin_system:Skipping extension 'colcon_notification.desktop_notification.terminal_notifier': Not used on non-Darwin systems
[1.437s] INFO:colcon.colcon_core.plugin_system:Skipping extension 'colcon_notification.desktop_notification.win32': Not used on non-Windows systems
[1.438s] INFO:colcon.colcon_notification.desktop_notification:Sending desktop notification using 'notify2'
[1.450s] DEBUG:colcon.colcon_core.event_reactor:joined thread
[1.452s] INFO:colcon.colcon_core.shell:Creating prefix script '/home/robotica-dev/robotica_ws/install/local_setup.ps1'
[1.453s] INFO:colcon.colcon_core.shell:Creating prefix util module '/home/robotica-dev/robotica_ws/install/_local_setup_util_ps1.py'
[1.454s] INFO:colcon.colcon_core.shell:Creating prefix chain script '/home/robotica-dev/robotica_ws/install/setup.ps1'
[1.456s] INFO:colcon.colcon_core.shell:Creating prefix script '/home/robotica-dev/robotica_ws/install/local_setup.sh'
[1.457s] INFO:colcon.colcon_core.shell:Creating prefix util module '/home/robotica-dev/robotica_ws/install/_local_setup_util_sh.py'
[1.457s] INFO:colcon.colcon_core.shell:Creating prefix chain script '/home/robotica-dev/robotica_ws/install/setup.sh'
[1.460s] INFO:colcon.colcon_core.shell:Creating prefix script '/home/robotica-dev/robotica_ws/install/local_setup.bash'
[1.460s] INFO:colcon.colcon_core.shell:Creating prefix chain script '/home/robotica-dev/robotica_ws/install/setup.bash'
[1.463s] INFO:colcon.colcon_core.shell:Creating prefix script '/home/robotica-dev/robotica_ws/install/local_setup.zsh'
[1.463s] INFO:colcon.colcon_core.shell:Creating prefix chain script '/home/robotica-dev/robotica_ws/install/setup.zsh'
