-- The C compiler identification is GNU 11.3.0
-- The CXX compiler identification is GNU 11.3.0
-- Detecting C compiler ABI info
-- Detecting C compiler ABI info - done
-- Check for working C compiler: /usr/bin/cc - skipped
-- Detecting C compile features
-- Detecting C compile features - done
-- Detecting CXX compiler ABI info
-- Detecting CXX compiler ABI info - done
-- Check for working CXX compiler: /usr/bin/c++ - skipped
-- Detecting CXX compile features
-- Detecting CXX compile features - done
-- Found ament_cmake: 1.3.4 (/opt/ros/humble/share/ament_cmake/cmake)
-- Found Python3: /usr/bin/python3.10 (found version "3.10.6") found components: Interpreter 
-- Override CMake install command with custom implementation using symlinks instead of copying resources
-- Found rclcpp: 16.0.4 (/opt/ros/humble/share/rclcpp/cmake)
-- Found rosidl_generator_c: 3.1.4 (/opt/ros/humble/share/rosidl_generator_c/cmake)
-- Found rosidl_adapter: 3.1.4 (/opt/ros/humble/share/rosidl_adapter/cmake)
-- Found rosidl_generator_cpp: 3.1.4 (/opt/ros/humble/share/rosidl_generator_cpp/cmake)
-- Using all available rosidl_typesupport_c: rosidl_typesupport_fastrtps_c;rosidl_typesupport_introspection_c
-- Using all available rosidl_typesupport_cpp: rosidl_typesupport_fastrtps_cpp;rosidl_typesupport_introspection_cpp
-- Found rmw_implementation_cmake: 6.1.1 (/opt/ros/humble/share/rmw_implementation_cmake/cmake)
-- Found rmw_fastrtps_cpp: 6.2.2 (/opt/ros/humble/share/rmw_fastrtps_cpp/cmake)
-- Found OpenSSL: /usr/lib/x86_64-linux-gnu/libcrypto.so (found version "3.0.2")  
-- Found FastRTPS: /opt/ros/humble/include  
-- Using RMW implementation 'rmw_fastrtps_cpp' as default
-- Looking for pthread.h
-- Looking for pthread.h - found
-- Performing Test CMAKE_HAVE_LIBC_PTHREAD
-- Performing Test CMAKE_HAVE_LIBC_PTHREAD - Success
-- Found Threads: TRUE  
-- Found sensor_msgs: 4.2.3 (/opt/ros/humble/share/sensor_msgs/cmake)
-- Configuring done
-- Generating done
-- Build files have been written to: /home/robotica-dev/robotica_ws/build/mpu6050driver
[ 66%] [32mBuilding CXX object CMakeFiles/mpu6050driver.dir/src/mpu6050driver.cpp.o[0m
[ 66%] [32mBuilding CXX object CMakeFiles/mpu6050driver.dir/src/mpu6050sensor.cpp.o[0m
[100%] [32m[1mLinking CXX executable mpu6050driver[0m
[100%] Built target mpu6050driver
-- Install configuration: ""
-- Execute custom install script
-- Symlinking: /home/robotica-dev/robotica_ws/install/mpu6050driver/lib/mpu6050driver/mpu6050driver
-- Symlinking: /home/robotica-dev/robotica_ws/install/mpu6050driver/share/mpu6050driver//launch/mpu6050driver_launch.py
-- Symlinking: /home/robotica-dev/robotica_ws/install/mpu6050driver/share/mpu6050driver//params/mpu6050.yaml
-- Symlinking: /home/robotica-dev/robotica_ws/install/mpu6050driver/share/ament_index/resource_index/package_run_dependencies/mpu6050driver
-- Symlinking: /home/robotica-dev/robotica_ws/install/mpu6050driver/share/ament_index/resource_index/parent_prefix_path/mpu6050driver
-- Symlinking: /home/robotica-dev/robotica_ws/install/mpu6050driver/share/mpu6050driver/environment/ament_prefix_path.sh
-- Symlinking: /home/robotica-dev/robotica_ws/install/mpu6050driver/share/mpu6050driver/environment/ament_prefix_path.dsv
-- Symlinking: /home/robotica-dev/robotica_ws/install/mpu6050driver/share/mpu6050driver/environment/path.sh
-- Symlinking: /home/robotica-dev/robotica_ws/install/mpu6050driver/share/mpu6050driver/environment/path.dsv
-- Symlinking: /home/robotica-dev/robotica_ws/install/mpu6050driver/share/mpu6050driver/local_setup.bash
-- Symlinking: /home/robotica-dev/robotica_ws/install/mpu6050driver/share/mpu6050driver/local_setup.sh
-- Symlinking: /home/robotica-dev/robotica_ws/install/mpu6050driver/share/mpu6050driver/local_setup.zsh
-- Symlinking: /home/robotica-dev/robotica_ws/install/mpu6050driver/share/mpu6050driver/local_setup.dsv
-- Symlinking: /home/robotica-dev/robotica_ws/install/mpu6050driver/share/mpu6050driver/package.dsv
-- Symlinking: /home/robotica-dev/robotica_ws/install/mpu6050driver/share/ament_index/resource_index/packages/mpu6050driver
-- Symlinking: /home/robotica-dev/robotica_ws/install/mpu6050driver/share/mpu6050driver/cmake/mpu6050driverConfig.cmake
-- Symlinking: /home/robotica-dev/robotica_ws/install/mpu6050driver/share/mpu6050driver/cmake/mpu6050driverConfig-version.cmake
-- Symlinking: /home/robotica-dev/robotica_ws/install/mpu6050driver/share/mpu6050driver/package.xml
