[0.103s] Invoking command in '/home/robotica-dev/robotica_ws/build/mpu6050driver': CMAKE_PREFIX_PATH=${CMAKE_PREFIX_PATH}:/opt/ros/humble /usr/bin/cmake /home/robotica-dev/robotica_ws/src/ros2_mpu6050_driver -DAMENT_CMAKE_SYMLINK_INSTALL=1 -DCMAKE_INSTALL_PREFIX=/home/robotica-dev/robotica_ws/install/mpu6050driver
[3.024s] -- The C compiler identification is GNU 11.3.0
[3.950s] -- The CXX compiler identification is GNU 11.3.0
[4.060s] -- Detecting C compiler ABI info
[4.513s] -- Detecting C compiler ABI info - done
[4.523s] -- Check for working C compiler: /usr/bin/cc - skipped
[4.523s] -- Detecting C compile features
[4.546s] -- Detecting C compile features - done
[4.561s] -- Detecting CXX compiler ABI info
[4.848s] -- Detecting CXX compiler ABI info - done
[4.855s] -- Check for working CXX compiler: /usr/bin/c++ - skipped
[4.855s] -- Detecting CXX compile features
[4.856s] -- Detecting CXX compile features - done
[4.902s] -- Found ament_cmake: 1.3.4 (/opt/ros/humble/share/ament_cmake/cmake)
[5.339s] -- Found Python3: /usr/bin/python3.10 (found version "3.10.6") found components: Interpreter 
[5.457s] -- Override CMake install command with custom implementation using symlinks instead of copying resources
[5.635s] -- Found rclcpp: 16.0.4 (/opt/ros/humble/share/rclcpp/cmake)
[6.055s] -- Found rosidl_generator_c: 3.1.4 (/opt/ros/humble/share/rosidl_generator_c/cmake)
[6.098s] -- Found rosidl_adapter: 3.1.4 (/opt/ros/humble/share/rosidl_adapter/cmake)
[6.162s] -- Found rosidl_generator_cpp: 3.1.4 (/opt/ros/humble/share/rosidl_generator_cpp/cmake)
[6.265s] -- Using all available rosidl_typesupport_c: rosidl_typesupport_fastrtps_c;rosidl_typesupport_introspection_c
[6.432s] -- Using all available rosidl_typesupport_cpp: rosidl_typesupport_fastrtps_cpp;rosidl_typesupport_introspection_cpp
[6.688s] -- Found rmw_implementation_cmake: 6.1.1 (/opt/ros/humble/share/rmw_implementation_cmake/cmake)
[6.710s] -- Found rmw_fastrtps_cpp: 6.2.2 (/opt/ros/humble/share/rmw_fastrtps_cpp/cmake)
[7.302s] -- Found OpenSSL: /usr/lib/x86_64-linux-gnu/libcrypto.so (found version "3.0.2")  
[7.479s] -- Found FastRTPS: /opt/ros/humble/include  
[7.580s] -- Using RMW implementation 'rmw_fastrtps_cpp' as default
[7.669s] -- Looking for pthread.h
[7.958s] -- Looking for pthread.h - found
[7.959s] -- Performing Test CMAKE_HAVE_LIBC_PTHREAD
[8.064s] -- Performing Test CMAKE_HAVE_LIBC_PTHREAD - Success
[8.065s] -- Found Threads: TRUE  
[8.569s] -- Found sensor_msgs: 4.2.3 (/opt/ros/humble/share/sensor_msgs/cmake)
[9.016s] -- Configuring done
[9.091s] -- Generating done
[9.091s] -- Build files have been written to: /home/robotica-dev/robotica_ws/build/mpu6050driver
[9.096s] Invoked command in '/home/robotica-dev/robotica_ws/build/mpu6050driver' returned '0': CMAKE_PREFIX_PATH=${CMAKE_PREFIX_PATH}:/opt/ros/humble /usr/bin/cmake /home/robotica-dev/robotica_ws/src/ros2_mpu6050_driver -DAMENT_CMAKE_SYMLINK_INSTALL=1 -DCMAKE_INSTALL_PREFIX=/home/robotica-dev/robotica_ws/install/mpu6050driver
[9.097s] Invoking command in '/home/robotica-dev/robotica_ws/build/mpu6050driver': CMAKE_PREFIX_PATH=${CMAKE_PREFIX_PATH}:/opt/ros/humble /usr/bin/cmake --build /home/robotica-dev/robotica_ws/build/mpu6050driver -- -j4 -l4
[9.146s] [ 66%] [32mBuilding CXX object CMakeFiles/mpu6050driver.dir/src/mpu6050driver.cpp.o[0m
[9.146s] [ 66%] [32mBuilding CXX object CMakeFiles/mpu6050driver.dir/src/mpu6050sensor.cpp.o[0m
[15.188s] [100%] [32m[1mLinking CXX executable mpu6050driver[0m
[16.249s] [100%] Built target mpu6050driver
[16.261s] Invoked command in '/home/robotica-dev/robotica_ws/build/mpu6050driver' returned '0': CMAKE_PREFIX_PATH=${CMAKE_PREFIX_PATH}:/opt/ros/humble /usr/bin/cmake --build /home/robotica-dev/robotica_ws/build/mpu6050driver -- -j4 -l4
[16.295s] Invoking command in '/home/robotica-dev/robotica_ws/build/mpu6050driver': CMAKE_PREFIX_PATH=${CMAKE_PREFIX_PATH}:/opt/ros/humble /usr/bin/cmake --install /home/robotica-dev/robotica_ws/build/mpu6050driver
[16.303s] -- Install configuration: ""
[16.304s] -- Execute custom install script
[16.304s] -- Symlinking: /home/robotica-dev/robotica_ws/install/mpu6050driver/lib/mpu6050driver/mpu6050driver
[16.314s] -- Symlinking: /home/robotica-dev/robotica_ws/install/mpu6050driver/share/mpu6050driver//launch/mpu6050driver_launch.py
[16.324s] -- Symlinking: /home/robotica-dev/robotica_ws/install/mpu6050driver/share/mpu6050driver//params/mpu6050.yaml
[16.334s] -- Symlinking: /home/robotica-dev/robotica_ws/install/mpu6050driver/share/ament_index/resource_index/package_run_dependencies/mpu6050driver
[16.344s] -- Symlinking: /home/robotica-dev/robotica_ws/install/mpu6050driver/share/ament_index/resource_index/parent_prefix_path/mpu6050driver
[16.354s] -- Symlinking: /home/robotica-dev/robotica_ws/install/mpu6050driver/share/mpu6050driver/environment/ament_prefix_path.sh
[16.364s] -- Symlinking: /home/robotica-dev/robotica_ws/install/mpu6050driver/share/mpu6050driver/environment/ament_prefix_path.dsv
[16.373s] -- Symlinking: /home/robotica-dev/robotica_ws/install/mpu6050driver/share/mpu6050driver/environment/path.sh
[16.383s] -- Symlinking: /home/robotica-dev/robotica_ws/install/mpu6050driver/share/mpu6050driver/environment/path.dsv
[16.391s] -- Symlinking: /home/robotica-dev/robotica_ws/install/mpu6050driver/share/mpu6050driver/local_setup.bash
[16.402s] -- Symlinking: /home/robotica-dev/robotica_ws/install/mpu6050driver/share/mpu6050driver/local_setup.sh
[16.411s] -- Symlinking: /home/robotica-dev/robotica_ws/install/mpu6050driver/share/mpu6050driver/local_setup.zsh
[16.420s] -- Symlinking: /home/robotica-dev/robotica_ws/install/mpu6050driver/share/mpu6050driver/local_setup.dsv
[16.430s] -- Symlinking: /home/robotica-dev/robotica_ws/install/mpu6050driver/share/mpu6050driver/package.dsv
[16.439s] -- Symlinking: /home/robotica-dev/robotica_ws/install/mpu6050driver/share/ament_index/resource_index/packages/mpu6050driver
[16.449s] -- Symlinking: /home/robotica-dev/robotica_ws/install/mpu6050driver/share/mpu6050driver/cmake/mpu6050driverConfig.cmake
[16.458s] -- Symlinking: /home/robotica-dev/robotica_ws/install/mpu6050driver/share/mpu6050driver/cmake/mpu6050driverConfig-version.cmake
[16.468s] -- Symlinking: /home/robotica-dev/robotica_ws/install/mpu6050driver/share/mpu6050driver/package.xml
[16.484s] Invoked command in '/home/robotica-dev/robotica_ws/build/mpu6050driver' returned '0': CMAKE_PREFIX_PATH=${CMAKE_PREFIX_PATH}:/opt/ros/humble /usr/bin/cmake --install /home/robotica-dev/robotica_ws/build/mpu6050driver
