[0.022s] Invoking command in '/home/robotica-dev/robotica_ws/build/serial': CMAKE_PREFIX_PATH=${CMAKE_PREFIX_PATH}:/home/robotica-dev/ros2_ws/install/ros_control:/home/robotica-dev/dev_ws/install/ros_control:/home/robotica-dev/dev_ws/install/pantilt_bot_description:/home/robotica-dev/dev_ws/install/open_manipulator_x_description:/opt/ros/humble /usr/bin/cmake --build /home/robotica-dev/robotica_ws/build/serial -- -j4 -l4
[0.082s] [ 14%] Built target gtest_main
[0.082s] [ 42%] Built target serial
[0.091s] [ 57%] Built target gtest
[0.109s] [ 71%] Built target serial_example
[0.120s] [100%] Built target serial-test
[0.120s] [100%] Built target serial-test-timer
[0.131s] Invoked command in '/home/robotica-dev/robotica_ws/build/serial' returned '0': CMAKE_PREFIX_PATH=${CMAKE_PREFIX_PATH}:/home/robotica-dev/ros2_ws/install/ros_control:/home/robotica-dev/dev_ws/install/ros_control:/home/robotica-dev/dev_ws/install/pantilt_bot_description:/home/robotica-dev/dev_ws/install/open_manipulator_x_description:/opt/ros/humble /usr/bin/cmake --build /home/robotica-dev/robotica_ws/build/serial -- -j4 -l4
[0.196s] Invoking command in '/home/robotica-dev/robotica_ws/build/serial': CMAKE_PREFIX_PATH=${CMAKE_PREFIX_PATH}:/home/robotica-dev/ros2_ws/install/ros_control:/home/robotica-dev/dev_ws/install/ros_control:/home/robotica-dev/dev_ws/install/pantilt_bot_description:/home/robotica-dev/dev_ws/install/open_manipulator_x_description:/opt/ros/humble /usr/bin/cmake --install /home/robotica-dev/robotica_ws/build/serial
[0.204s] -- Install configuration: ""
[0.205s] -- Up-to-date: /home/robotica-dev/robotica_ws/install/serial/lib/libserial.a
[0.205s] -- Up-to-date: /home/robotica-dev/robotica_ws/install/serial/include/serial/serial.h
[0.205s] -- Up-to-date: /home/robotica-dev/robotica_ws/install/serial/include/serial/v8stdint.h
[0.205s] -- Up-to-date: /home/robotica-dev/robotica_ws/install/serial/share/serial/environment/library_path.sh
[0.205s] -- Up-to-date: /home/robotica-dev/robotica_ws/install/serial/share/serial/environment/library_path.dsv
[0.205s] -- Up-to-date: /home/robotica-dev/robotica_ws/install/serial/share/ament_index/resource_index/package_run_dependencies/serial
[0.205s] -- Up-to-date: /home/robotica-dev/robotica_ws/install/serial/share/ament_index/resource_index/parent_prefix_path/serial
[0.206s] -- Up-to-date: /home/robotica-dev/robotica_ws/install/serial/share/serial/environment/ament_prefix_path.sh
[0.206s] -- Up-to-date: /home/robotica-dev/robotica_ws/install/serial/share/serial/environment/ament_prefix_path.dsv
[0.206s] -- Up-to-date: /home/robotica-dev/robotica_ws/install/serial/share/serial/environment/path.sh
[0.206s] -- Up-to-date: /home/robotica-dev/robotica_ws/install/serial/share/serial/environment/path.dsv
[0.206s] -- Up-to-date: /home/robotica-dev/robotica_ws/install/serial/share/serial/local_setup.bash
[0.206s] -- Up-to-date: /home/robotica-dev/robotica_ws/install/serial/share/serial/local_setup.sh
[0.206s] -- Up-to-date: /home/robotica-dev/robotica_ws/install/serial/share/serial/local_setup.zsh
[0.206s] -- Up-to-date: /home/robotica-dev/robotica_ws/install/serial/share/serial/local_setup.dsv
[0.206s] -- Installing: /home/robotica-dev/robotica_ws/install/serial/share/serial/package.dsv
[0.206s] -- Up-to-date: /home/robotica-dev/robotica_ws/install/serial/share/ament_index/resource_index/packages/serial
[0.206s] -- Up-to-date: /home/robotica-dev/robotica_ws/install/serial/share/serial/cmake/ament_cmake_export_include_directories-extras.cmake
[0.206s] -- Up-to-date: /home/robotica-dev/robotica_ws/install/serial/share/serial/cmake/ament_cmake_export_libraries-extras.cmake
[0.206s] -- Up-to-date: /home/robotica-dev/robotica_ws/install/serial/share/serial/cmake/serialConfig.cmake
[0.206s] -- Up-to-date: /home/robotica-dev/robotica_ws/install/serial/share/serial/cmake/serialConfig-version.cmake
[0.207s] -- Up-to-date: /home/robotica-dev/robotica_ws/install/serial/share/serial/package.xml
[0.208s] Invoked command in '/home/robotica-dev/robotica_ws/build/serial' returned '0': CMAKE_PREFIX_PATH=${CMAKE_PREFIX_PATH}:/home/robotica-dev/ros2_ws/install/ros_control:/home/robotica-dev/dev_ws/install/ros_control:/home/robotica-dev/dev_ws/install/pantilt_bot_description:/home/robotica-dev/dev_ws/install/open_manipulator_x_description:/opt/ros/humble /usr/bin/cmake --install /home/robotica-dev/robotica_ws/build/serial
