[0.121s] Invoking command in '/home/robotica-dev/robotica_ws/build/dynamixel_hardware': CMAKE_PREFIX_PATH=${CMAKE_PREFIX_PATH}:/opt/ros/humble /usr/bin/cmake /home/robotica-dev/robotica_ws/src/dynamixel_hardware/dynamixel_hardware -DAMENT_CMAKE_SYMLINK_INSTALL=1 -DCMAKE_INSTALL_PREFIX=/home/robotica-dev/robotica_ws/install/dynamixel_hardware
[3.135s] -- The C compiler identification is GNU 11.3.0
[4.060s] -- The CXX compiler identification is GNU 11.3.0
[4.172s] -- Detecting C compiler ABI info
[4.624s] -- Detecting C compiler ABI info - done
[4.634s] -- Check for working C compiler: /usr/bin/cc - skipped
[4.634s] -- Detecting C compile features
[4.658s] -- Detecting C compile features - done
[4.672s] -- Detecting CXX compiler ABI info
[4.958s] -- Detecting CXX compiler ABI info - done
[4.964s] -- Check for working CXX compiler: /usr/bin/c++ - skipped
[4.965s] -- Detecting CXX compile features
[4.966s] -- Detecting CXX compile features - done
[5.013s] -- Found ament_cmake: 1.3.4 (/opt/ros/humble/share/ament_cmake/cmake)
[5.450s] -- Found Python3: /usr/bin/python3.10 (found version "3.10.6") found components: Interpreter 
[5.569s] -- Override CMake install command with custom implementation using symlinks instead of copying resources
[5.746s] -- Found rclcpp: 16.0.4 (/opt/ros/humble/share/rclcpp/cmake)
[6.166s] -- Found rosidl_generator_c: 3.1.4 (/opt/ros/humble/share/rosidl_generator_c/cmake)
[6.209s] -- Found rosidl_adapter: 3.1.4 (/opt/ros/humble/share/rosidl_adapter/cmake)
[6.274s] -- Found rosidl_generator_cpp: 3.1.4 (/opt/ros/humble/share/rosidl_generator_cpp/cmake)
[6.376s] -- Using all available rosidl_typesupport_c: rosidl_typesupport_fastrtps_c;rosidl_typesupport_introspection_c
[6.543s] -- Using all available rosidl_typesupport_cpp: rosidl_typesupport_fastrtps_cpp;rosidl_typesupport_introspection_cpp
[6.799s] -- Found rmw_implementation_cmake: 6.1.1 (/opt/ros/humble/share/rmw_implementation_cmake/cmake)
[6.821s] -- Found rmw_fastrtps_cpp: 6.2.2 (/opt/ros/humble/share/rmw_fastrtps_cpp/cmake)
[7.413s] -- Found OpenSSL: /usr/lib/x86_64-linux-gnu/libcrypto.so (found version "3.0.2")  
[7.590s] -- Found FastRTPS: /opt/ros/humble/include  
[7.692s] -- Using RMW implementation 'rmw_fastrtps_cpp' as default
[7.780s] -- Looking for pthread.h
[8.069s] -- Looking for pthread.h - found
[8.070s] -- Performing Test CMAKE_HAVE_LIBC_PTHREAD
[8.172s] -- Performing Test CMAKE_HAVE_LIBC_PTHREAD - Success
[8.173s] -- Found Threads: TRUE  
[8.667s] -- Found rclcpp_lifecycle: 16.0.4 (/opt/ros/humble/share/rclcpp_lifecycle/cmake)
[8.905s] -- Found hardware_interface: 2.26.0 (/opt/ros/humble/share/hardware_interface/cmake)
[9.895s] -- Found dynamixel_workbench_toolbox: 2.2.3 (/opt/ros/humble/share/dynamixel_workbench_toolbox/cmake)
[10.092s] -- Found ament_lint_auto: 0.12.6 (/opt/ros/humble/share/ament_lint_auto/cmake)
[10.626s] -- Added test 'copyright' to check source files copyright and LICENSE
[10.627s] -- Added test 'cppcheck' to perform static code analysis on C / C++ code
[10.628s] -- Configured cppcheck include dirs: /home/robotica-dev/robotica_ws/src/dynamixel_hardware/dynamixel_hardware/include
[10.628s] -- Configured cppcheck exclude dirs and/or files: 
[10.661s] -- Added test 'cpplint' to check C / C++ code against the Google style
[10.662s] -- Configured cpplint exclude dirs and/or files: 
[10.662s] -- Added test 'lint_cmake' to check CMake code style
[10.667s] -- Added test 'uncrustify' to check C / C++ code style
[10.667s] -- Configured uncrustify additional arguments: 
[10.690s] -- Added test 'xmllint' to check XML markup files
[10.694s] -- Configuring done
[11.735s] -- Generating done
[11.737s] -- Build files have been written to: /home/robotica-dev/robotica_ws/build/dynamixel_hardware
[11.769s] Invoked command in '/home/robotica-dev/robotica_ws/build/dynamixel_hardware' returned '0': CMAKE_PREFIX_PATH=${CMAKE_PREFIX_PATH}:/opt/ros/humble /usr/bin/cmake /home/robotica-dev/robotica_ws/src/dynamixel_hardware/dynamixel_hardware -DAMENT_CMAKE_SYMLINK_INSTALL=1 -DCMAKE_INSTALL_PREFIX=/home/robotica-dev/robotica_ws/install/dynamixel_hardware
[11.770s] Invoking command in '/home/robotica-dev/robotica_ws/build/dynamixel_hardware': CMAKE_PREFIX_PATH=${CMAKE_PREFIX_PATH}:/opt/ros/humble /usr/bin/cmake --build /home/robotica-dev/robotica_ws/build/dynamixel_hardware -- -j4 -l4
[11.952s] [ 50%] [32mBuilding CXX object CMakeFiles/dynamixel_hardware.dir/src/dynamixel_hardware.cpp.o[0m
[16.752s] [100%] [32m[1mLinking CXX shared library libdynamixel_hardware.so[0m
[17.060s] [100%] Built target dynamixel_hardware
[17.071s] Invoked command in '/home/robotica-dev/robotica_ws/build/dynamixel_hardware' returned '0': CMAKE_PREFIX_PATH=${CMAKE_PREFIX_PATH}:/opt/ros/humble /usr/bin/cmake --build /home/robotica-dev/robotica_ws/build/dynamixel_hardware -- -j4 -l4
[17.101s] Invoking command in '/home/robotica-dev/robotica_ws/build/dynamixel_hardware': CMAKE_PREFIX_PATH=${CMAKE_PREFIX_PATH}:/opt/ros/humble /usr/bin/cmake --install /home/robotica-dev/robotica_ws/build/dynamixel_hardware
[17.108s] -- Install configuration: ""
[17.109s] -- Execute custom install script
[17.109s] -- Symlinking: /home/robotica-dev/robotica_ws/install/dynamixel_hardware/share/dynamixel_hardware//dynamixel_hardware.xml
[17.117s] -- Symlinking: /home/robotica-dev/robotica_ws/install/dynamixel_hardware/lib/libdynamixel_hardware.so
[17.126s] -- Symlinking: /home/robotica-dev/robotica_ws/install/dynamixel_hardware/include/dynamixel_hardware/dynamixel_hardware.hpp
[17.134s] -- Symlinking: /home/robotica-dev/robotica_ws/install/dynamixel_hardware/include/dynamixel_hardware/visiblity_control.h
[17.143s] -- Symlinking: /home/robotica-dev/robotica_ws/install/dynamixel_hardware/share/dynamixel_hardware/environment/library_path.sh
[17.152s] -- Symlinking: /home/robotica-dev/robotica_ws/install/dynamixel_hardware/share/dynamixel_hardware/environment/library_path.dsv
[17.160s] -- Symlinking: /home/robotica-dev/robotica_ws/install/dynamixel_hardware/share/ament_index/resource_index/package_run_dependencies/dynamixel_hardware
[17.169s] -- Symlinking: /home/robotica-dev/robotica_ws/install/dynamixel_hardware/share/ament_index/resource_index/parent_prefix_path/dynamixel_hardware
[17.177s] -- Symlinking: /home/robotica-dev/robotica_ws/install/dynamixel_hardware/share/dynamixel_hardware/environment/ament_prefix_path.sh
[17.185s] -- Symlinking: /home/robotica-dev/robotica_ws/install/dynamixel_hardware/share/dynamixel_hardware/environment/ament_prefix_path.dsv
[17.194s] -- Symlinking: /home/robotica-dev/robotica_ws/install/dynamixel_hardware/share/dynamixel_hardware/environment/path.sh
[17.202s] -- Symlinking: /home/robotica-dev/robotica_ws/install/dynamixel_hardware/share/dynamixel_hardware/environment/path.dsv
[17.211s] -- Symlinking: /home/robotica-dev/robotica_ws/install/dynamixel_hardware/share/dynamixel_hardware/local_setup.bash
[17.219s] -- Symlinking: /home/robotica-dev/robotica_ws/install/dynamixel_hardware/share/dynamixel_hardware/local_setup.sh
[17.245s] -- Symlinking: /home/robotica-dev/robotica_ws/install/dynamixel_hardware/share/dynamixel_hardware/local_setup.zsh
[17.260s] -- Symlinking: /home/robotica-dev/robotica_ws/install/dynamixel_hardware/share/dynamixel_hardware/local_setup.dsv
[17.270s] -- Symlinking: /home/robotica-dev/robotica_ws/install/dynamixel_hardware/share/dynamixel_hardware/package.dsv
[17.279s] -- Symlinking: /home/robotica-dev/robotica_ws/install/dynamixel_hardware/share/ament_index/resource_index/packages/dynamixel_hardware
[17.287s] -- Symlinking: /home/robotica-dev/robotica_ws/install/dynamixel_hardware/share/ament_index/resource_index/hardware_interface__pluginlib__plugin/dynamixel_hardware
[17.296s] -- Symlinking: /home/robotica-dev/robotica_ws/install/dynamixel_hardware/share/dynamixel_hardware/cmake/ament_cmake_export_include_directories-extras.cmake
[17.305s] -- Symlinking: /home/robotica-dev/robotica_ws/install/dynamixel_hardware/share/dynamixel_hardware/cmake/ament_cmake_export_libraries-extras.cmake
[17.314s] -- Symlinking: /home/robotica-dev/robotica_ws/install/dynamixel_hardware/share/dynamixel_hardware/cmake/ament_cmake_export_dependencies-extras.cmake
[17.322s] -- Symlinking: /home/robotica-dev/robotica_ws/install/dynamixel_hardware/share/dynamixel_hardware/cmake/dynamixel_hardwareConfig.cmake
[17.330s] -- Symlinking: /home/robotica-dev/robotica_ws/install/dynamixel_hardware/share/dynamixel_hardware/cmake/dynamixel_hardwareConfig-version.cmake
[17.343s] -- Symlinking: /home/robotica-dev/robotica_ws/install/dynamixel_hardware/share/dynamixel_hardware/package.xml
[17.359s] Invoked command in '/home/robotica-dev/robotica_ws/build/dynamixel_hardware' returned '0': CMAKE_PREFIX_PATH=${CMAKE_PREFIX_PATH}:/opt/ros/humble /usr/bin/cmake --install /home/robotica-dev/robotica_ws/build/dynamixel_hardware
