[0.016s] Invoking command in '/home/robotica-dev/robotica_ws/build/serial': CMAKE_PREFIX_PATH=${CMAKE_PREFIX_PATH}:/home/robotica-dev/ros2_ws/install/ros_control:/home/robotica-dev/dev_ws/install/ros_control:/home/robotica-dev/dev_ws/install/pantilt_bot_description:/home/robotica-dev/dev_ws/install/open_manipulator_x_description:/opt/ros/humble /usr/bin/cmake --build /home/robotica-dev/robotica_ws/build/serial -- -j4 -l4
[0.059s] [35m[1mConsolidate compiler generated dependencies of target gtest_main[0m
[0.059s] [35m[1mConsolidate compiler generated dependencies of target gtest[0m
[0.059s] [35m[1mConsolidate compiler generated dependencies of target serial[0m
[0.075s] [ 14%] Built target gtest_main
[0.076s] [ 28%] Built target gtest
[0.076s] [ 57%] Built target serial
[0.088s] [35m[1mConsolidate compiler generated dependencies of target serial_example[0m
[0.089s] [35m[1mConsolidate compiler generated dependencies of target serial-test-timer[0m
[0.089s] [35m[1mConsolidate compiler generated dependencies of target serial-test[0m
[0.104s] [ 71%] Built target serial_example
[0.105s] [ 85%] Built target serial-test-timer
[0.106s] [100%] Built target serial-test
[0.119s] Invoked command in '/home/robotica-dev/robotica_ws/build/serial' returned '0': CMAKE_PREFIX_PATH=${CMAKE_PREFIX_PATH}:/home/robotica-dev/ros2_ws/install/ros_control:/home/robotica-dev/dev_ws/install/ros_control:/home/robotica-dev/dev_ws/install/pantilt_bot_description:/home/robotica-dev/dev_ws/install/open_manipulator_x_description:/opt/ros/humble /usr/bin/cmake --build /home/robotica-dev/robotica_ws/build/serial -- -j4 -l4
[0.179s] Invoking command in '/home/robotica-dev/robotica_ws/build/serial': CMAKE_PREFIX_PATH=${CMAKE_PREFIX_PATH}:/home/robotica-dev/ros2_ws/install/ros_control:/home/robotica-dev/dev_ws/install/ros_control:/home/robotica-dev/dev_ws/install/pantilt_bot_description:/home/robotica-dev/dev_ws/install/open_manipulator_x_description:/opt/ros/humble /usr/bin/cmake --install /home/robotica-dev/robotica_ws/build/serial
[0.187s] -- Install configuration: ""
[0.187s] -- Up-to-date: /home/robotica-dev/robotica_ws/install/serial/lib/libserial.a
[0.188s] -- Up-to-date: /home/robotica-dev/robotica_ws/install/serial/include/serial/serial.h
[0.188s] -- Up-to-date: /home/robotica-dev/robotica_ws/install/serial/include/serial/v8stdint.h
[0.188s] -- Up-to-date: /home/robotica-dev/robotica_ws/install/serial/share/serial/environment/library_path.sh
[0.188s] -- Up-to-date: /home/robotica-dev/robotica_ws/install/serial/share/serial/environment/library_path.dsv
[0.188s] -- Up-to-date: /home/robotica-dev/robotica_ws/install/serial/share/ament_index/resource_index/package_run_dependencies/serial
[0.188s] -- Up-to-date: /home/robotica-dev/robotica_ws/install/serial/share/ament_index/resource_index/parent_prefix_path/serial
[0.188s] -- Up-to-date: /home/robotica-dev/robotica_ws/install/serial/share/serial/environment/ament_prefix_path.sh
[0.188s] -- Up-to-date: /home/robotica-dev/robotica_ws/install/serial/share/serial/environment/ament_prefix_path.dsv
[0.188s] -- Up-to-date: /home/robotica-dev/robotica_ws/install/serial/share/serial/environment/path.sh
[0.189s] -- Up-to-date: /home/robotica-dev/robotica_ws/install/serial/share/serial/environment/path.dsv
[0.189s] -- Up-to-date: /home/robotica-dev/robotica_ws/install/serial/share/serial/local_setup.bash
[0.189s] -- Up-to-date: /home/robotica-dev/robotica_ws/install/serial/share/serial/local_setup.sh
[0.189s] -- Up-to-date: /home/robotica-dev/robotica_ws/install/serial/share/serial/local_setup.zsh
[0.189s] -- Up-to-date: /home/robotica-dev/robotica_ws/install/serial/share/serial/local_setup.dsv
[0.189s] -- Installing: /home/robotica-dev/robotica_ws/install/serial/share/serial/package.dsv
[0.189s] -- Up-to-date: /home/robotica-dev/robotica_ws/install/serial/share/ament_index/resource_index/packages/serial
[0.189s] -- Up-to-date: /home/robotica-dev/robotica_ws/install/serial/share/serial/cmake/ament_cmake_export_include_directories-extras.cmake
[0.189s] -- Up-to-date: /home/robotica-dev/robotica_ws/install/serial/share/serial/cmake/ament_cmake_export_libraries-extras.cmake
[0.189s] -- Up-to-date: /home/robotica-dev/robotica_ws/install/serial/share/serial/cmake/serialConfig.cmake
[0.189s] -- Up-to-date: /home/robotica-dev/robotica_ws/install/serial/share/serial/cmake/serialConfig-version.cmake
[0.189s] -- Up-to-date: /home/robotica-dev/robotica_ws/install/serial/share/serial/package.xml
[0.191s] Invoked command in '/home/robotica-dev/robotica_ws/build/serial' returned '0': CMAKE_PREFIX_PATH=${CMAKE_PREFIX_PATH}:/home/robotica-dev/ros2_ws/install/ros_control:/home/robotica-dev/dev_ws/install/ros_control:/home/robotica-dev/dev_ws/install/pantilt_bot_description:/home/robotica-dev/dev_ws/install/open_manipulator_x_description:/opt/ros/humble /usr/bin/cmake --install /home/robotica-dev/robotica_ws/build/serial
