-- The C compiler identification is GNU 11.3.0
-- The CXX compiler identification is GNU 11.3.0
-- Detecting C compiler ABI info
-- Detecting C compiler ABI info - done
-- Check for working C compiler: /usr/bin/cc - skipped
-- Detecting C compile features
-- Detecting C compile features - done
-- Detecting CXX compiler ABI info
-- Detecting CXX compiler ABI info - done
-- Check for working CXX compiler: /usr/bin/c++ - skipped
-- Detecting CXX compile features
-- Detecting CXX compile features - done
-- Found ament_cmake: 1.3.4 (/opt/ros/humble/share/ament_cmake/cmake)
-- Found Python3: /usr/bin/python3.10 (found version "3.10.6") found components: Interpreter 
-- Override CMake install command with custom implementation using symlinks instead of copying resources
-- Found robot_state_publisher: 3.0.2 (/opt/ros/humble/share/robot_state_publisher/cmake)
-- Found rosidl_generator_c: 3.1.4 (/opt/ros/humble/share/rosidl_generator_c/cmake)
-- Found rosidl_adapter: 3.1.4 (/opt/ros/humble/share/rosidl_adapter/cmake)
-- Found rosidl_generator_cpp: 3.1.4 (/opt/ros/humble/share/rosidl_generator_cpp/cmake)
-- Using all available rosidl_typesupport_c: rosidl_typesupport_fastrtps_c;rosidl_typesupport_introspection_c
-- Using all available rosidl_typesupport_cpp: rosidl_typesupport_fastrtps_cpp;rosidl_typesupport_introspection_cpp
-- Found eigen3_cmake_module: 0.1.1 (/opt/ros/humble/share/eigen3_cmake_module/cmake)
-- Found Eigen3: TRUE (found version "3.4.0") 
-- Ensuring Eigen3 include directory is part of orocos-kdl CMake target
-- Found rmw_implementation_cmake: 6.1.1 (/opt/ros/humble/share/rmw_implementation_cmake/cmake)
-- Found rmw_fastrtps_cpp: 6.2.2 (/opt/ros/humble/share/rmw_fastrtps_cpp/cmake)
-- Found OpenSSL: /usr/lib/x86_64-linux-gnu/libcrypto.so (found version "3.0.2")  
-- Found FastRTPS: /opt/ros/humble/include  
-- Using RMW implementation 'rmw_fastrtps_cpp' as default
-- Looking for pthread.h
-- Looking for pthread.h - found
-- Performing Test CMAKE_HAVE_LIBC_PTHREAD
-- Performing Test CMAKE_HAVE_LIBC_PTHREAD - Success
-- Found Threads: TRUE  
-- Found xacro: 2.0.8 (/opt/ros/humble/share/xacro/cmake)
-- Found rviz2: 11.2.5 (/opt/ros/humble/share/rviz2/cmake)
-- Found ros2_control: 2.26.0 (/opt/ros/humble/share/ros2_control/cmake)
-- Found ros2_controllers: 2.20.0 (/opt/ros/humble/share/ros2_controllers/cmake)
-- Found dynamixel_hardware: 0.0.0 (/home/robotica-dev/robotica_ws/install/dynamixel_hardware/share/dynamixel_hardware/cmake)
-- Found ament_lint_auto: 0.12.6 (/opt/ros/humble/share/ament_lint_auto/cmake)
-- Added test 'copyright' to check source files copyright and LICENSE
-- Added test 'flake8' to check Python code syntax and style conventions
-- Added test 'lint_cmake' to check CMake code style
-- Added test 'pep257' to check Python code against some of the docstring style conventions in PEP 257
-- Added test 'xmllint' to check XML markup files
-- Configuring done
-- Generating done
-- Build files have been written to: /home/robotica-dev/robotica_ws/build/open_manipulator_x_description
-- Install configuration: ""
-- Execute custom install script
-- Symlinking: /home/robotica-dev/robotica_ws/install/open_manipulator_x_description/share/open_manipulator_x_description/meshes/chain_link1.stl
-- Symlinking: /home/robotica-dev/robotica_ws/install/open_manipulator_x_description/share/open_manipulator_x_description/meshes/chain_link2.stl
-- Symlinking: /home/robotica-dev/robotica_ws/install/open_manipulator_x_description/share/open_manipulator_x_description/meshes/chain_link3.stl
-- Symlinking: /home/robotica-dev/robotica_ws/install/open_manipulator_x_description/share/open_manipulator_x_description/meshes/chain_link4.stl
-- Symlinking: /home/robotica-dev/robotica_ws/install/open_manipulator_x_description/share/open_manipulator_x_description/meshes/chain_link5.stl
-- Symlinking: /home/robotica-dev/robotica_ws/install/open_manipulator_x_description/share/open_manipulator_x_description/meshes/chain_link_grip_l.stl
-- Symlinking: /home/robotica-dev/robotica_ws/install/open_manipulator_x_description/share/open_manipulator_x_description/meshes/chain_link_grip_r.stl
-- Symlinking: /home/robotica-dev/robotica_ws/install/open_manipulator_x_description/share/open_manipulator_x_description/urdf/open_manipulator_x.material.xacro
-- Symlinking: /home/robotica-dev/robotica_ws/install/open_manipulator_x_description/share/open_manipulator_x_description/urdf/open_manipulator_x.ros2_control.xacro
-- Symlinking: /home/robotica-dev/robotica_ws/install/open_manipulator_x_description/share/open_manipulator_x_description/urdf/open_manipulator_x.ros2_control_gazebo.xacro
-- Symlinking: /home/robotica-dev/robotica_ws/install/open_manipulator_x_description/share/open_manipulator_x_description/urdf/open_manipulator_x.urdf.xacro
-- Symlinking: /home/robotica-dev/robotica_ws/install/open_manipulator_x_description/share/open_manipulator_x_description/urdf/open_manipulator_x.xacro
-- Symlinking: /home/robotica-dev/robotica_ws/install/open_manipulator_x_description/share/open_manipulator_x_description/urdf/open_manipulator_x_gazebo.urdf.xacro
-- Symlinking: /home/robotica-dev/robotica_ws/install/open_manipulator_x_description/share/open_manipulator_x_description/controllers/controllers.yaml
-- Symlinking: /home/robotica-dev/robotica_ws/install/open_manipulator_x_description/share/open_manipulator_x_description/launch/display.launch.py
-- Symlinking: /home/robotica-dev/robotica_ws/install/open_manipulator_x_description/share/open_manipulator_x_description/launch/open_manipulator_x.launch.py
-- Symlinking: /home/robotica-dev/robotica_ws/install/open_manipulator_x_description/share/open_manipulator_x_description/launch/open_manipulator_x.rviz
-- Symlinking: /home/robotica-dev/robotica_ws/install/open_manipulator_x_description/share/open_manipulator_x_description/launch/open_manipulator_x_gazebo.launch.py
-- Symlinking: /home/robotica-dev/robotica_ws/install/open_manipulator_x_description/share/open_manipulator_x_description/environment/open_manipulator_x_description.dsv
-- Symlinking: /home/robotica-dev/robotica_ws/install/open_manipulator_x_description/share/ament_index/resource_index/package_run_dependencies/open_manipulator_x_description
-- Symlinking: /home/robotica-dev/robotica_ws/install/open_manipulator_x_description/share/ament_index/resource_index/parent_prefix_path/open_manipulator_x_description
-- Symlinking: /home/robotica-dev/robotica_ws/install/open_manipulator_x_description/share/open_manipulator_x_description/environment/ament_prefix_path.sh
-- Symlinking: /home/robotica-dev/robotica_ws/install/open_manipulator_x_description/share/open_manipulator_x_description/environment/ament_prefix_path.dsv
-- Symlinking: /home/robotica-dev/robotica_ws/install/open_manipulator_x_description/share/open_manipulator_x_description/environment/path.sh
-- Symlinking: /home/robotica-dev/robotica_ws/install/open_manipulator_x_description/share/open_manipulator_x_description/environment/path.dsv
-- Symlinking: /home/robotica-dev/robotica_ws/install/open_manipulator_x_description/share/open_manipulator_x_description/local_setup.bash
-- Symlinking: /home/robotica-dev/robotica_ws/install/open_manipulator_x_description/share/open_manipulator_x_description/local_setup.sh
-- Symlinking: /home/robotica-dev/robotica_ws/install/open_manipulator_x_description/share/open_manipulator_x_description/local_setup.zsh
-- Symlinking: /home/robotica-dev/robotica_ws/install/open_manipulator_x_description/share/open_manipulator_x_description/local_setup.dsv
-- Symlinking: /home/robotica-dev/robotica_ws/install/open_manipulator_x_description/share/open_manipulator_x_description/package.dsv
-- Symlinking: /home/robotica-dev/robotica_ws/install/open_manipulator_x_description/share/ament_index/resource_index/packages/open_manipulator_x_description
-- Symlinking: /home/robotica-dev/robotica_ws/install/open_manipulator_x_description/share/open_manipulator_x_description/cmake/open_manipulator_x_descriptionConfig.cmake
-- Symlinking: /home/robotica-dev/robotica_ws/install/open_manipulator_x_description/share/open_manipulator_x_description/cmake/open_manipulator_x_descriptionConfig-version.cmake
-- Symlinking: /home/robotica-dev/robotica_ws/install/open_manipulator_x_description/share/open_manipulator_x_description/package.xml
