[0.058s] Invoking command in '/home/robotica-dev/robotica_ws/build/open_manipulator_x_description': AMENT_PREFIX_PATH=/home/robotica-dev/robotica_ws/install/dynamixel_hardware:${AMENT_PREFIX_PATH} CMAKE_PREFIX_PATH=/home/robotica-dev/robotica_ws/install/dynamixel_hardware:/home/robotica-dev/robotica_ws/install/serial:/home/robotica-dev/robotica_ws/install/diffdrive_arduino:/opt/ros/humble LD_LIBRARY_PATH=/home/robotica-dev/robotica_ws/install/dynamixel_hardware/lib:${LD_LIBRARY_PATH} /usr/bin/cmake /home/robotica-dev/robotica_ws/src/dynamixel_hardware_examples/open_manipulator_x_description -DAMENT_CMAKE_SYMLINK_INSTALL=1 -DCMAKE_INSTALL_PREFIX=/home/robotica-dev/robotica_ws/install/open_manipulator_x_description
[0.126s] -- The C compiler identification is GNU 11.3.0
[0.198s] -- The CXX compiler identification is GNU 11.3.0
[0.207s] -- Detecting C compiler ABI info
[0.346s] -- Detecting C compiler ABI info - done
[0.375s] -- Check for working C compiler: /usr/bin/cc - skipped
[0.375s] -- Detecting C compile features
[0.376s] -- Detecting C compile features - done
[0.376s] -- Detecting CXX compiler ABI info
[0.503s] -- Detecting CXX compiler ABI info - done
[0.511s] -- Check for working CXX compiler: /usr/bin/c++ - skipped
[0.523s] -- Detecting CXX compile features
[0.523s] -- Detecting CXX compile features - done
[0.526s] -- Found ament_cmake: 1.3.4 (/opt/ros/humble/share/ament_cmake/cmake)
[0.812s] -- Found Python3: /usr/bin/python3.10 (found version "3.10.6") found components: Interpreter 
[0.880s] -- Override CMake install command with custom implementation using symlinks instead of copying resources
[0.917s] -- Found robot_state_publisher: 3.0.2 (/opt/ros/humble/share/robot_state_publisher/cmake)
[0.959s] -- Found rosidl_generator_c: 3.1.4 (/opt/ros/humble/share/rosidl_generator_c/cmake)
[0.965s] -- Found rosidl_adapter: 3.1.4 (/opt/ros/humble/share/rosidl_adapter/cmake)
[0.975s] -- Found rosidl_generator_cpp: 3.1.4 (/opt/ros/humble/share/rosidl_generator_cpp/cmake)
[0.991s] -- Using all available rosidl_typesupport_c: rosidl_typesupport_fastrtps_c;rosidl_typesupport_introspection_c
[1.013s] -- Using all available rosidl_typesupport_cpp: rosidl_typesupport_fastrtps_cpp;rosidl_typesupport_introspection_cpp
[1.348s] -- Found eigen3_cmake_module: 0.1.1 (/opt/ros/humble/share/eigen3_cmake_module/cmake)
[1.355s] -- Found Eigen3: TRUE (found version "3.4.0") 
[1.356s] -- Ensuring Eigen3 include directory is part of orocos-kdl CMake target
[1.624s] -- Found rmw_implementation_cmake: 6.1.1 (/opt/ros/humble/share/rmw_implementation_cmake/cmake)
[1.628s] -- Found rmw_fastrtps_cpp: 6.2.2 (/opt/ros/humble/share/rmw_fastrtps_cpp/cmake)
[1.735s] -- Found OpenSSL: /usr/lib/x86_64-linux-gnu/libcrypto.so (found version "3.0.2")  
[1.765s] -- Found FastRTPS: /opt/ros/humble/include  
[1.827s] -- Using RMW implementation 'rmw_fastrtps_cpp' as default
[1.838s] -- Looking for pthread.h
[1.926s] -- Looking for pthread.h - found
[1.926s] -- Performing Test CMAKE_HAVE_LIBC_PTHREAD
[2.002s] -- Performing Test CMAKE_HAVE_LIBC_PTHREAD - Success
[2.004s] -- Found Threads: TRUE  
[3.077s] -- Found xacro: 2.0.8 (/opt/ros/humble/share/xacro/cmake)
[3.114s] -- Found rviz2: 11.2.5 (/opt/ros/humble/share/rviz2/cmake)
[3.161s] -- Found ros2_control: 2.26.0 (/opt/ros/humble/share/ros2_control/cmake)
[3.200s] -- Found ros2_controllers: 2.20.0 (/opt/ros/humble/share/ros2_controllers/cmake)
[3.207s] -- Found dynamixel_hardware: 0.0.0 (/home/robotica-dev/robotica_ws/install/dynamixel_hardware/share/dynamixel_hardware/cmake)
[3.728s] -- Found ament_lint_auto: 0.12.6 (/opt/ros/humble/share/ament_lint_auto/cmake)
[3.826s] -- Added test 'copyright' to check source files copyright and LICENSE
[3.830s] -- Added test 'flake8' to check Python code syntax and style conventions
[3.831s] -- Added test 'lint_cmake' to check CMake code style
[3.832s] -- Added test 'pep257' to check Python code against some of the docstring style conventions in PEP 257
[3.836s] -- Added test 'xmllint' to check XML markup files
[3.838s] -- Configuring done
[3.844s] -- Generating done
[3.847s] -- Build files have been written to: /home/robotica-dev/robotica_ws/build/open_manipulator_x_description
[3.863s] Invoked command in '/home/robotica-dev/robotica_ws/build/open_manipulator_x_description' returned '0': AMENT_PREFIX_PATH=/home/robotica-dev/robotica_ws/install/dynamixel_hardware:${AMENT_PREFIX_PATH} CMAKE_PREFIX_PATH=/home/robotica-dev/robotica_ws/install/dynamixel_hardware:/home/robotica-dev/robotica_ws/install/serial:/home/robotica-dev/robotica_ws/install/diffdrive_arduino:/opt/ros/humble LD_LIBRARY_PATH=/home/robotica-dev/robotica_ws/install/dynamixel_hardware/lib:${LD_LIBRARY_PATH} /usr/bin/cmake /home/robotica-dev/robotica_ws/src/dynamixel_hardware_examples/open_manipulator_x_description -DAMENT_CMAKE_SYMLINK_INSTALL=1 -DCMAKE_INSTALL_PREFIX=/home/robotica-dev/robotica_ws/install/open_manipulator_x_description
[3.864s] Invoking command in '/home/robotica-dev/robotica_ws/build/open_manipulator_x_description': AMENT_PREFIX_PATH=/home/robotica-dev/robotica_ws/install/dynamixel_hardware:${AMENT_PREFIX_PATH} CMAKE_PREFIX_PATH=/home/robotica-dev/robotica_ws/install/dynamixel_hardware:/home/robotica-dev/robotica_ws/install/serial:/home/robotica-dev/robotica_ws/install/diffdrive_arduino:/opt/ros/humble LD_LIBRARY_PATH=/home/robotica-dev/robotica_ws/install/dynamixel_hardware/lib:${LD_LIBRARY_PATH} /usr/bin/cmake --build /home/robotica-dev/robotica_ws/build/open_manipulator_x_description -- -j4 -l4
[3.909s] Invoked command in '/home/robotica-dev/robotica_ws/build/open_manipulator_x_description' returned '0': AMENT_PREFIX_PATH=/home/robotica-dev/robotica_ws/install/dynamixel_hardware:${AMENT_PREFIX_PATH} CMAKE_PREFIX_PATH=/home/robotica-dev/robotica_ws/install/dynamixel_hardware:/home/robotica-dev/robotica_ws/install/serial:/home/robotica-dev/robotica_ws/install/diffdrive_arduino:/opt/ros/humble LD_LIBRARY_PATH=/home/robotica-dev/robotica_ws/install/dynamixel_hardware/lib:${LD_LIBRARY_PATH} /usr/bin/cmake --build /home/robotica-dev/robotica_ws/build/open_manipulator_x_description -- -j4 -l4
[3.934s] Invoking command in '/home/robotica-dev/robotica_ws/build/open_manipulator_x_description': AMENT_PREFIX_PATH=/home/robotica-dev/robotica_ws/install/dynamixel_hardware:${AMENT_PREFIX_PATH} CMAKE_PREFIX_PATH=/home/robotica-dev/robotica_ws/install/dynamixel_hardware:/home/robotica-dev/robotica_ws/install/serial:/home/robotica-dev/robotica_ws/install/diffdrive_arduino:/opt/ros/humble LD_LIBRARY_PATH=/home/robotica-dev/robotica_ws/install/dynamixel_hardware/lib:${LD_LIBRARY_PATH} /usr/bin/cmake --install /home/robotica-dev/robotica_ws/build/open_manipulator_x_description
[3.943s] -- Install configuration: ""
[3.944s] -- Execute custom install script
[3.944s] -- Symlinking: /home/robotica-dev/robotica_ws/install/open_manipulator_x_description/share/open_manipulator_x_description/meshes/chain_link1.stl
[3.953s] -- Symlinking: /home/robotica-dev/robotica_ws/install/open_manipulator_x_description/share/open_manipulator_x_description/meshes/chain_link2.stl
[3.961s] -- Symlinking: /home/robotica-dev/robotica_ws/install/open_manipulator_x_description/share/open_manipulator_x_description/meshes/chain_link3.stl
[3.971s] -- Symlinking: /home/robotica-dev/robotica_ws/install/open_manipulator_x_description/share/open_manipulator_x_description/meshes/chain_link4.stl
[3.979s] -- Symlinking: /home/robotica-dev/robotica_ws/install/open_manipulator_x_description/share/open_manipulator_x_description/meshes/chain_link5.stl
[3.988s] -- Symlinking: /home/robotica-dev/robotica_ws/install/open_manipulator_x_description/share/open_manipulator_x_description/meshes/chain_link_grip_l.stl
[3.996s] -- Symlinking: /home/robotica-dev/robotica_ws/install/open_manipulator_x_description/share/open_manipulator_x_description/meshes/chain_link_grip_r.stl
[4.004s] -- Symlinking: /home/robotica-dev/robotica_ws/install/open_manipulator_x_description/share/open_manipulator_x_description/urdf/open_manipulator_x.material.xacro
[4.013s] -- Symlinking: /home/robotica-dev/robotica_ws/install/open_manipulator_x_description/share/open_manipulator_x_description/urdf/open_manipulator_x.ros2_control.xacro
[4.021s] -- Symlinking: /home/robotica-dev/robotica_ws/install/open_manipulator_x_description/share/open_manipulator_x_description/urdf/open_manipulator_x.ros2_control_gazebo.xacro
[4.030s] -- Symlinking: /home/robotica-dev/robotica_ws/install/open_manipulator_x_description/share/open_manipulator_x_description/urdf/open_manipulator_x.urdf.xacro
[4.039s] -- Symlinking: /home/robotica-dev/robotica_ws/install/open_manipulator_x_description/share/open_manipulator_x_description/urdf/open_manipulator_x.xacro
[4.048s] -- Symlinking: /home/robotica-dev/robotica_ws/install/open_manipulator_x_description/share/open_manipulator_x_description/urdf/open_manipulator_x_gazebo.urdf.xacro
[4.056s] -- Symlinking: /home/robotica-dev/robotica_ws/install/open_manipulator_x_description/share/open_manipulator_x_description/controllers/controllers.yaml
[4.065s] -- Symlinking: /home/robotica-dev/robotica_ws/install/open_manipulator_x_description/share/open_manipulator_x_description/launch/display.launch.py
[4.073s] -- Symlinking: /home/robotica-dev/robotica_ws/install/open_manipulator_x_description/share/open_manipulator_x_description/launch/open_manipulator_x.launch.py
[4.082s] -- Symlinking: /home/robotica-dev/robotica_ws/install/open_manipulator_x_description/share/open_manipulator_x_description/launch/open_manipulator_x.rviz
[4.090s] -- Symlinking: /home/robotica-dev/robotica_ws/install/open_manipulator_x_description/share/open_manipulator_x_description/launch/open_manipulator_x_gazebo.launch.py
[4.099s] -- Symlinking: /home/robotica-dev/robotica_ws/install/open_manipulator_x_description/share/open_manipulator_x_description/environment/open_manipulator_x_description.dsv
[4.134s] -- Symlinking: /home/robotica-dev/robotica_ws/install/open_manipulator_x_description/share/ament_index/resource_index/package_run_dependencies/open_manipulator_x_description
[4.157s] -- Symlinking: /home/robotica-dev/robotica_ws/install/open_manipulator_x_description/share/ament_index/resource_index/parent_prefix_path/open_manipulator_x_description
[4.180s] -- Symlinking: /home/robotica-dev/robotica_ws/install/open_manipulator_x_description/share/open_manipulator_x_description/environment/ament_prefix_path.sh
[4.206s] -- Symlinking: /home/robotica-dev/robotica_ws/install/open_manipulator_x_description/share/open_manipulator_x_description/environment/ament_prefix_path.dsv
[4.226s] -- Symlinking: /home/robotica-dev/robotica_ws/install/open_manipulator_x_description/share/open_manipulator_x_description/environment/path.sh
[4.246s] -- Symlinking: /home/robotica-dev/robotica_ws/install/open_manipulator_x_description/share/open_manipulator_x_description/environment/path.dsv
[4.261s] -- Symlinking: /home/robotica-dev/robotica_ws/install/open_manipulator_x_description/share/open_manipulator_x_description/local_setup.bash
[4.277s] -- Symlinking: /home/robotica-dev/robotica_ws/install/open_manipulator_x_description/share/open_manipulator_x_description/local_setup.sh
[4.290s] -- Symlinking: /home/robotica-dev/robotica_ws/install/open_manipulator_x_description/share/open_manipulator_x_description/local_setup.zsh
[4.301s] -- Symlinking: /home/robotica-dev/robotica_ws/install/open_manipulator_x_description/share/open_manipulator_x_description/local_setup.dsv
[4.312s] -- Symlinking: /home/robotica-dev/robotica_ws/install/open_manipulator_x_description/share/open_manipulator_x_description/package.dsv
[4.322s] -- Symlinking: /home/robotica-dev/robotica_ws/install/open_manipulator_x_description/share/ament_index/resource_index/packages/open_manipulator_x_description
[4.333s] -- Symlinking: /home/robotica-dev/robotica_ws/install/open_manipulator_x_description/share/open_manipulator_x_description/cmake/open_manipulator_x_descriptionConfig.cmake
[4.343s] -- Symlinking: /home/robotica-dev/robotica_ws/install/open_manipulator_x_description/share/open_manipulator_x_description/cmake/open_manipulator_x_descriptionConfig-version.cmake
[4.354s] -- Symlinking: /home/robotica-dev/robotica_ws/install/open_manipulator_x_description/share/open_manipulator_x_description/package.xml
[4.383s] Invoked command in '/home/robotica-dev/robotica_ws/build/open_manipulator_x_description' returned '0': AMENT_PREFIX_PATH=/home/robotica-dev/robotica_ws/install/dynamixel_hardware:${AMENT_PREFIX_PATH} CMAKE_PREFIX_PATH=/home/robotica-dev/robotica_ws/install/dynamixel_hardware:/home/robotica-dev/robotica_ws/install/serial:/home/robotica-dev/robotica_ws/install/diffdrive_arduino:/opt/ros/humble LD_LIBRARY_PATH=/home/robotica-dev/robotica_ws/install/dynamixel_hardware/lib:${LD_LIBRARY_PATH} /usr/bin/cmake --install /home/robotica-dev/robotica_ws/build/open_manipulator_x_description
