[0.030s] Invoking command in '/home/robotica-dev/robotica_ws/build/serial': CMAKE_PREFIX_PATH=${CMAKE_PREFIX_PATH}:/opt/ros/humble /usr/bin/cmake --build /home/robotica-dev/robotica_ws/build/serial -- -j4 -l4
[0.410s] [ 14%] Built target gtest_main
[0.413s] [ 28%] Built target gtest
[0.418s] [ 57%] Built target serial
[0.443s] [ 71%] Built target serial-test
[0.532s] [ 85%] Built target serial_example
[0.547s] [100%] Built target serial-test-timer
[0.561s] Invoked command in '/home/robotica-dev/robotica_ws/build/serial' returned '0': CMAKE_PREFIX_PATH=${CMAKE_PREFIX_PATH}:/opt/ros/humble /usr/bin/cmake --build /home/robotica-dev/robotica_ws/build/serial -- -j4 -l4
[0.601s] Invoking command in '/home/robotica-dev/robotica_ws/build/serial': CMAKE_PREFIX_PATH=${CMAKE_PREFIX_PATH}:/opt/ros/humble /usr/bin/cmake --install /home/robotica-dev/robotica_ws/build/serial
[0.608s] -- Install configuration: ""
[0.611s] -- Execute custom install script
[0.659s] -- Up-to-date symlink: /home/robotica-dev/robotica_ws/install/serial/lib/libserial.a
[0.693s] -- Up-to-date symlink: /home/robotica-dev/robotica_ws/install/serial/include/serial/serial.h
[0.694s] -- Up-to-date symlink: /home/robotica-dev/robotica_ws/install/serial/include/serial/v8stdint.h
[0.694s] -- Up-to-date symlink: /home/robotica-dev/robotica_ws/install/serial/share/serial/environment/library_path.sh
[0.695s] -- Up-to-date symlink: /home/robotica-dev/robotica_ws/install/serial/share/serial/environment/library_path.dsv
[0.696s] -- Up-to-date symlink: /home/robotica-dev/robotica_ws/install/serial/share/ament_index/resource_index/package_run_dependencies/serial
[0.718s] -- Up-to-date symlink: /home/robotica-dev/robotica_ws/install/serial/share/ament_index/resource_index/parent_prefix_path/serial
[0.719s] -- Up-to-date symlink: /home/robotica-dev/robotica_ws/install/serial/share/serial/environment/ament_prefix_path.sh
[0.720s] -- Up-to-date symlink: /home/robotica-dev/robotica_ws/install/serial/share/serial/environment/ament_prefix_path.dsv
[0.721s] -- Up-to-date symlink: /home/robotica-dev/robotica_ws/install/serial/share/serial/environment/path.sh
[0.722s] -- Up-to-date symlink: /home/robotica-dev/robotica_ws/install/serial/share/serial/environment/path.dsv
[0.722s] -- Up-to-date symlink: /home/robotica-dev/robotica_ws/install/serial/share/serial/local_setup.bash
[0.723s] -- Up-to-date symlink: /home/robotica-dev/robotica_ws/install/serial/share/serial/local_setup.sh
[0.724s] -- Up-to-date symlink: /home/robotica-dev/robotica_ws/install/serial/share/serial/local_setup.zsh
[0.725s] -- Up-to-date symlink: /home/robotica-dev/robotica_ws/install/serial/share/serial/local_setup.dsv
[0.725s] -- Symlinking: /home/robotica-dev/robotica_ws/install/serial/share/serial/package.dsv
[0.756s] -- Up-to-date symlink: /home/robotica-dev/robotica_ws/install/serial/share/ament_index/resource_index/packages/serial
[0.761s] -- Up-to-date symlink: /home/robotica-dev/robotica_ws/install/serial/share/serial/cmake/ament_cmake_export_include_directories-extras.cmake
[0.762s] -- Up-to-date symlink: /home/robotica-dev/robotica_ws/install/serial/share/serial/cmake/ament_cmake_export_libraries-extras.cmake
[0.763s] -- Up-to-date symlink: /home/robotica-dev/robotica_ws/install/serial/share/serial/cmake/serialConfig.cmake
[0.763s] -- Up-to-date symlink: /home/robotica-dev/robotica_ws/install/serial/share/serial/cmake/serialConfig-version.cmake
[0.764s] -- Up-to-date symlink: /home/robotica-dev/robotica_ws/install/serial/share/serial/package.xml
[0.772s] Invoked command in '/home/robotica-dev/robotica_ws/build/serial' returned '0': CMAKE_PREFIX_PATH=${CMAKE_PREFIX_PATH}:/opt/ros/humble /usr/bin/cmake --install /home/robotica-dev/robotica_ws/build/serial
