[0.015s] Invoking command in '/home/robotica-dev/robotica_ws/build/diffdrive_arduino': CMAKE_PREFIX_PATH=${CMAKE_PREFIX_PATH}:/home/robotica-dev/ros2_ws/install/ros_control:/home/robotica-dev/dev_ws/install/ros_control:/opt/ros/humble /usr/bin/cmake /home/robotica-dev/robotica_ws/src/diffdrive_arduino -DAMENT_CMAKE_SYMLINK_INSTALL=1 -DCMAKE_INSTALL_PREFIX=/home/robotica-dev/robotica_ws/install/diffdrive_arduino
[1.178s] -- The C compiler identification is GNU 11.3.0
[2.059s] -- The CXX compiler identification is GNU 11.3.0
[2.090s] -- Detecting C compiler ABI info
[2.334s] -- Detecting C compiler ABI info - done
[2.345s] -- Check for working C compiler: /usr/bin/cc - skipped
[2.346s] -- Detecting C compile features
[2.377s] -- Detecting C compile features - done
[2.384s] -- Detecting CXX compiler ABI info
[2.626s] -- Detecting CXX compiler ABI info - done
[2.634s] -- Check for working CXX compiler: /usr/bin/c++ - skipped
[2.634s] -- Detecting CXX compile features
[2.634s] -- Detecting CXX compile features - done
[2.692s] -- Found ament_cmake: 1.3.4 (/opt/ros/humble/share/ament_cmake/cmake)
[2.948s] -- Found Python3: /usr/bin/python3.10 (found version "3.10.6") found components: Interpreter 
[3.009s] -- Override CMake install command with custom implementation using symlinks instead of copying resources
[3.106s] [31mCMake Error at CMakeLists.txt:15 (find_package):
[3.106s]   By not providing "Findserial.cmake" in CMAKE_MODULE_PATH this project has
[3.106s]   asked CMake to find a package configuration file provided by "serial", but
[3.106s]   CMake did not find one.
[3.106s] 
[3.106s]   Could not find a package configuration file provided by "serial" with any
[3.106s]   of the following names:
[3.106s] 
[3.106s]     serialConfig.cmake
[3.106s]     serial-config.cmake
[3.106s] 
[3.106s]   Add the installation prefix of "serial" to CMAKE_PREFIX_PATH or set
[3.106s]   "serial_DIR" to a directory containing one of the above files.  If "serial"
[3.106s]   provides a separate development package or SDK, be sure it has been
[3.106s]   installed.
[3.107s] 
[3.107s] [0m
[3.107s] -- Configuring incomplete, errors occurred!
[3.107s] See also "/home/robotica-dev/robotica_ws/build/diffdrive_arduino/CMakeFiles/CMakeOutput.log".
[3.111s] Invoked command in '/home/robotica-dev/robotica_ws/build/diffdrive_arduino' returned '1': CMAKE_PREFIX_PATH=${CMAKE_PREFIX_PATH}:/home/robotica-dev/ros2_ws/install/ros_control:/home/robotica-dev/dev_ws/install/ros_control:/opt/ros/humble /usr/bin/cmake /home/robotica-dev/robotica_ws/src/diffdrive_arduino -DAMENT_CMAKE_SYMLINK_INSTALL=1 -DCMAKE_INSTALL_PREFIX=/home/robotica-dev/robotica_ws/install/diffdrive_arduino
