[0.016s] Invoking command in '/home/robotica-dev/robotica_ws/build/diffdrive_arduino': CMAKE_PREFIX_PATH=${CMAKE_PREFIX_PATH}:/home/robotica-dev/ros2_ws/install/ros_control:/home/robotica-dev/dev_ws/install/ros_control:/home/robotica-dev/dev_ws/install/pantilt_bot_description:/home/robotica-dev/dev_ws/install/open_manipulator_x_description:/opt/ros/humble /usr/bin/cmake /home/robotica-dev/robotica_ws/src/diffdrive_arduino -DCMAKE_INSTALL_PREFIX=/home/robotica-dev/robotica_ws/install/diffdrive_arduino
[0.031s] -- Found ament_cmake: 1.3.4 (/opt/ros/humble/share/ament_cmake/cmake)
[0.174s] -- Override CMake install command with custom implementation using symlinks instead of copying resources
[0.195s] [31mCMake Error at CMakeLists.txt:15 (find_package):
[0.195s]   By not providing "Findserial.cmake" in CMAKE_MODULE_PATH this project has
[0.195s]   asked CMake to find a package configuration file provided by "serial", but
[0.195s]   CMake did not find one.
[0.195s] 
[0.195s]   Could not find a package configuration file provided by "serial" with any
[0.195s]   of the following names:
[0.195s] 
[0.195s]     serialConfig.cmake
[0.196s]     serial-config.cmake
[0.196s] 
[0.196s]   Add the installation prefix of "serial" to CMAKE_PREFIX_PATH or set
[0.196s]   "serial_DIR" to a directory containing one of the above files.  If "serial"
[0.196s]   provides a separate development package or SDK, be sure it has been
[0.196s]   installed.
[0.196s] 
[0.196s] [0m
[0.196s] -- Configuring incomplete, errors occurred!
[0.196s] See also "/home/robotica-dev/robotica_ws/build/diffdrive_arduino/CMakeFiles/CMakeOutput.log".
[0.198s] Invoked command in '/home/robotica-dev/robotica_ws/build/diffdrive_arduino' returned '1': CMAKE_PREFIX_PATH=${CMAKE_PREFIX_PATH}:/home/robotica-dev/ros2_ws/install/ros_control:/home/robotica-dev/dev_ws/install/ros_control:/home/robotica-dev/dev_ws/install/pantilt_bot_description:/home/robotica-dev/dev_ws/install/open_manipulator_x_description:/opt/ros/humble /usr/bin/cmake /home/robotica-dev/robotica_ws/src/diffdrive_arduino -DCMAKE_INSTALL_PREFIX=/home/robotica-dev/robotica_ws/install/diffdrive_arduino
