[0.046s] Invoking command in '/home/robotica-dev/robotica_ws/build/robotica_control_servo': AMENT_PREFIX_PATH=/home/robotica-dev/robotica_ws/install/dynamixel_hardware:${AMENT_PREFIX_PATH} CMAKE_PREFIX_PATH=/home/robotica-dev/robotica_ws/install/dynamixel_hardware:/home/robotica-dev/robotica_ws/install/serial:/home/robotica-dev/robotica_ws/install/diffdrive_arduino:/opt/ros/humble LD_LIBRARY_PATH=/home/robotica-dev/robotica_ws/install/dynamixel_hardware/lib:${LD_LIBRARY_PATH} /usr/bin/cmake /home/robotica-dev/robotica_ws/src/robotica_control_servo -DAMENT_CMAKE_SYMLINK_INSTALL=1 -DCMAKE_INSTALL_PREFIX=/home/robotica-dev/robotica_ws/install/robotica_control_servo
[0.128s] -- The C compiler identification is GNU 11.3.0
[0.210s] -- The CXX compiler identification is GNU 11.3.0
[0.233s] -- Detecting C compiler ABI info
[0.357s] -- Detecting C compiler ABI info - done
[0.357s] -- Check for working C compiler: /usr/bin/cc - skipped
[0.357s] -- Detecting C compile features
[0.357s] -- Detecting C compile features - done
[0.363s] -- Detecting CXX compiler ABI info
[0.517s] -- Detecting CXX compiler ABI info - done
[0.525s] -- Check for working CXX compiler: /usr/bin/c++ - skipped
[0.525s] -- Detecting CXX compile features
[0.526s] -- Detecting CXX compile features - done
[0.529s] -- Found ament_cmake: 1.3.4 (/opt/ros/humble/share/ament_cmake/cmake)
[0.779s] -- Found Python3: /usr/bin/python3.10 (found version "3.10.6") found components: Interpreter 
[0.863s] -- Override CMake install command with custom implementation using symlinks instead of copying resources
[0.898s] -- Found robot_state_publisher: 3.0.2 (/opt/ros/humble/share/robot_state_publisher/cmake)
[0.957s] -- Found rosidl_generator_c: 3.1.4 (/opt/ros/humble/share/rosidl_generator_c/cmake)
[0.968s] -- Found rosidl_adapter: 3.1.4 (/opt/ros/humble/share/rosidl_adapter/cmake)
[0.977s] -- Found rosidl_generator_cpp: 3.1.4 (/opt/ros/humble/share/rosidl_generator_cpp/cmake)
[0.992s] -- Using all available rosidl_typesupport_c: rosidl_typesupport_fastrtps_c;rosidl_typesupport_introspection_c
[1.014s] -- Using all available rosidl_typesupport_cpp: rosidl_typesupport_fastrtps_cpp;rosidl_typesupport_introspection_cpp
[1.328s] -- Found eigen3_cmake_module: 0.1.1 (/opt/ros/humble/share/eigen3_cmake_module/cmake)
[1.337s] -- Found Eigen3: TRUE (found version "3.4.0") 
[1.338s] -- Ensuring Eigen3 include directory is part of orocos-kdl CMake target
[1.607s] -- Found rmw_implementation_cmake: 6.1.1 (/opt/ros/humble/share/rmw_implementation_cmake/cmake)
[1.610s] -- Found rmw_fastrtps_cpp: 6.2.2 (/opt/ros/humble/share/rmw_fastrtps_cpp/cmake)
[1.720s] -- Found OpenSSL: /usr/lib/x86_64-linux-gnu/libcrypto.so (found version "3.0.2")  
[1.750s] -- Found FastRTPS: /opt/ros/humble/include  
[1.804s] -- Using RMW implementation 'rmw_fastrtps_cpp' as default
[1.815s] -- Looking for pthread.h
[1.901s] -- Looking for pthread.h - found
[1.901s] -- Performing Test CMAKE_HAVE_LIBC_PTHREAD
[1.986s] -- Performing Test CMAKE_HAVE_LIBC_PTHREAD - Success
[1.988s] -- Found Threads: TRUE  
[3.058s] -- Found xacro: 2.0.8 (/opt/ros/humble/share/xacro/cmake)
[3.095s] -- Found rviz2: 11.2.5 (/opt/ros/humble/share/rviz2/cmake)
[3.142s] -- Found ros2_control: 2.26.0 (/opt/ros/humble/share/ros2_control/cmake)
[3.181s] -- Found ros2_controllers: 2.20.0 (/opt/ros/humble/share/ros2_controllers/cmake)
[3.188s] -- Found dynamixel_hardware: 0.0.0 (/home/robotica-dev/robotica_ws/install/dynamixel_hardware/share/dynamixel_hardware/cmake)
[3.826s] -- Configuring done
[3.833s] -- Generating done
[3.836s] -- Build files have been written to: /home/robotica-dev/robotica_ws/build/robotica_control_servo
[3.853s] Invoked command in '/home/robotica-dev/robotica_ws/build/robotica_control_servo' returned '0': AMENT_PREFIX_PATH=/home/robotica-dev/robotica_ws/install/dynamixel_hardware:${AMENT_PREFIX_PATH} CMAKE_PREFIX_PATH=/home/robotica-dev/robotica_ws/install/dynamixel_hardware:/home/robotica-dev/robotica_ws/install/serial:/home/robotica-dev/robotica_ws/install/diffdrive_arduino:/opt/ros/humble LD_LIBRARY_PATH=/home/robotica-dev/robotica_ws/install/dynamixel_hardware/lib:${LD_LIBRARY_PATH} /usr/bin/cmake /home/robotica-dev/robotica_ws/src/robotica_control_servo -DAMENT_CMAKE_SYMLINK_INSTALL=1 -DCMAKE_INSTALL_PREFIX=/home/robotica-dev/robotica_ws/install/robotica_control_servo
[3.854s] Invoking command in '/home/robotica-dev/robotica_ws/build/robotica_control_servo': AMENT_PREFIX_PATH=/home/robotica-dev/robotica_ws/install/dynamixel_hardware:${AMENT_PREFIX_PATH} CMAKE_PREFIX_PATH=/home/robotica-dev/robotica_ws/install/dynamixel_hardware:/home/robotica-dev/robotica_ws/install/serial:/home/robotica-dev/robotica_ws/install/diffdrive_arduino:/opt/ros/humble LD_LIBRARY_PATH=/home/robotica-dev/robotica_ws/install/dynamixel_hardware/lib:${LD_LIBRARY_PATH} /usr/bin/cmake --build /home/robotica-dev/robotica_ws/build/robotica_control_servo -- -j4 -l4
[3.897s] Invoked command in '/home/robotica-dev/robotica_ws/build/robotica_control_servo' returned '0': AMENT_PREFIX_PATH=/home/robotica-dev/robotica_ws/install/dynamixel_hardware:${AMENT_PREFIX_PATH} CMAKE_PREFIX_PATH=/home/robotica-dev/robotica_ws/install/dynamixel_hardware:/home/robotica-dev/robotica_ws/install/serial:/home/robotica-dev/robotica_ws/install/diffdrive_arduino:/opt/ros/humble LD_LIBRARY_PATH=/home/robotica-dev/robotica_ws/install/dynamixel_hardware/lib:${LD_LIBRARY_PATH} /usr/bin/cmake --build /home/robotica-dev/robotica_ws/build/robotica_control_servo -- -j4 -l4
[3.923s] Invoking command in '/home/robotica-dev/robotica_ws/build/robotica_control_servo': AMENT_PREFIX_PATH=/home/robotica-dev/robotica_ws/install/dynamixel_hardware:${AMENT_PREFIX_PATH} CMAKE_PREFIX_PATH=/home/robotica-dev/robotica_ws/install/dynamixel_hardware:/home/robotica-dev/robotica_ws/install/serial:/home/robotica-dev/robotica_ws/install/diffdrive_arduino:/opt/ros/humble LD_LIBRARY_PATH=/home/robotica-dev/robotica_ws/install/dynamixel_hardware/lib:${LD_LIBRARY_PATH} /usr/bin/cmake --install /home/robotica-dev/robotica_ws/build/robotica_control_servo
[3.930s] -- Install configuration: ""
[3.931s] -- Execute custom install script
[3.931s] -- Symlinking: /home/robotica-dev/robotica_ws/install/robotica_control_servo/share/robotica_control_servo/urdf/robot.urdf.xacro
[3.940s] -- Symlinking: /home/robotica-dev/robotica_ws/install/robotica_control_servo/share/robotica_control_servo/urdf/robot_core.xacro
[3.952s] -- Symlinking: /home/robotica-dev/robotica_ws/install/robotica_control_servo/share/robotica_control_servo/urdf/robotica.materials.xacro
[3.958s] -- Symlinking: /home/robotica-dev/robotica_ws/install/robotica_control_servo/share/robotica_control_servo/urdf/ros2_control.xacro
[3.967s] -- Symlinking: /home/robotica-dev/robotica_ws/install/robotica_control_servo/share/robotica_control_servo/launch/view_robot.launch.py
[3.975s] -- Symlinking: /home/robotica-dev/robotica_ws/install/robotica_control_servo/share/ament_index/resource_index/package_run_dependencies/robotica_control_servo
[3.984s] -- Symlinking: /home/robotica-dev/robotica_ws/install/robotica_control_servo/share/ament_index/resource_index/parent_prefix_path/robotica_control_servo
[3.993s] -- Symlinking: /home/robotica-dev/robotica_ws/install/robotica_control_servo/share/robotica_control_servo/environment/ament_prefix_path.sh
[4.002s] -- Symlinking: /home/robotica-dev/robotica_ws/install/robotica_control_servo/share/robotica_control_servo/environment/ament_prefix_path.dsv
[4.011s] -- Symlinking: /home/robotica-dev/robotica_ws/install/robotica_control_servo/share/robotica_control_servo/environment/path.sh
[4.020s] -- Symlinking: /home/robotica-dev/robotica_ws/install/robotica_control_servo/share/robotica_control_servo/environment/path.dsv
[4.029s] -- Symlinking: /home/robotica-dev/robotica_ws/install/robotica_control_servo/share/robotica_control_servo/local_setup.bash
[4.037s] -- Symlinking: /home/robotica-dev/robotica_ws/install/robotica_control_servo/share/robotica_control_servo/local_setup.sh
[4.046s] -- Symlinking: /home/robotica-dev/robotica_ws/install/robotica_control_servo/share/robotica_control_servo/local_setup.zsh
[4.054s] -- Symlinking: /home/robotica-dev/robotica_ws/install/robotica_control_servo/share/robotica_control_servo/local_setup.dsv
[4.063s] -- Symlinking: /home/robotica-dev/robotica_ws/install/robotica_control_servo/share/robotica_control_servo/package.dsv
[4.072s] -- Symlinking: /home/robotica-dev/robotica_ws/install/robotica_control_servo/share/ament_index/resource_index/packages/robotica_control_servo
[4.080s] -- Symlinking: /home/robotica-dev/robotica_ws/install/robotica_control_servo/share/robotica_control_servo/cmake/robotica_control_servoConfig.cmake
[4.114s] -- Symlinking: /home/robotica-dev/robotica_ws/install/robotica_control_servo/share/robotica_control_servo/cmake/robotica_control_servoConfig-version.cmake
[4.137s] -- Symlinking: /home/robotica-dev/robotica_ws/install/robotica_control_servo/share/robotica_control_servo/package.xml
[4.166s] Invoked command in '/home/robotica-dev/robotica_ws/build/robotica_control_servo' returned '0': AMENT_PREFIX_PATH=/home/robotica-dev/robotica_ws/install/dynamixel_hardware:${AMENT_PREFIX_PATH} CMAKE_PREFIX_PATH=/home/robotica-dev/robotica_ws/install/dynamixel_hardware:/home/robotica-dev/robotica_ws/install/serial:/home/robotica-dev/robotica_ws/install/diffdrive_arduino:/opt/ros/humble LD_LIBRARY_PATH=/home/robotica-dev/robotica_ws/install/dynamixel_hardware/lib:${LD_LIBRARY_PATH} /usr/bin/cmake --install /home/robotica-dev/robotica_ws/build/robotica_control_servo
