[0.021s] Invoking command in '/home/robotica-dev/robotica_ws/build/diffdrive_arduino': CMAKE_PREFIX_PATH=${CMAKE_PREFIX_PATH}:/home/robotica-dev/ros2_ws/install/ros_control:/home/robotica-dev/dev_ws/install/ros_control:/home/robotica-dev/dev_ws/install/pantilt_bot_description:/home/robotica-dev/dev_ws/install/open_manipulator_x_description:/opt/ros/humble /usr/bin/cmake --build /home/robotica-dev/robotica_ws/build/diffdrive_arduino -- -j4 -l4
[0.077s] [ 14%] [32mBuilding CXX object CMakeFiles/fake_robot.dir/src/fake_robot.cpp.o[0m
[0.086s] [ 28%] [32mBuilding CXX object CMakeFiles/diffdrive_arduino.dir/src/diffdrive_arduino.cpp.o[0m
[0.403s] In file included from [01m[K/home/robotica-dev/robotica_ws/src/diffdrive_arduino/src/fake_robot.cpp:1[m[K:
[0.403s] [01m[K/home/robotica-dev/robotica_ws/src/diffdrive_arduino/include/diffdrive_arduino/fake_robot.h:7:10:[m[K [01;31m[Kfatal error: [m[Khardware_interface/base_interface.hpp: No such file or directory
[0.404s]     7 | #include [01;31m[K"hardware_interface/base_interface.hpp"[m[K
[0.404s]       |          [01;31m[K^~~~~~~~~~~~~~~~~~~~~~~~~~~~~~~~~~~~~~~[m[K
[0.404s] compilation terminated.
[0.407s] gmake[2]: *** [CMakeFiles/fake_robot.dir/build.make:76: CMakeFiles/fake_robot.dir/src/fake_robot.cpp.o] Error 1
[0.407s] gmake[1]: *** [CMakeFiles/Makefile2:165: CMakeFiles/fake_robot.dir/all] Error 2
[0.407s] gmake[1]: *** Waiting for unfinished jobs....
[0.413s] In file included from [01m[K/home/robotica-dev/robotica_ws/src/diffdrive_arduino/src/diffdrive_arduino.cpp:1[m[K:
[0.413s] [01m[K/home/robotica-dev/robotica_ws/src/diffdrive_arduino/include/diffdrive_arduino/diffdrive_arduino.h:7:10:[m[K [01;31m[Kfatal error: [m[Khardware_interface/base_interface.hpp: No such file or directory
[0.413s]     7 | #include [01;31m[K"hardware_interface/base_interface.hpp"[m[K
[0.414s]       |          [01;31m[K^~~~~~~~~~~~~~~~~~~~~~~~~~~~~~~~~~~~~~~[m[K
[0.414s] compilation terminated.
[0.416s] gmake[2]: *** [CMakeFiles/diffdrive_arduino.dir/build.make:76: CMakeFiles/diffdrive_arduino.dir/src/diffdrive_arduino.cpp.o] Error 1
[0.417s] gmake[1]: *** [CMakeFiles/Makefile2:139: CMakeFiles/diffdrive_arduino.dir/all] Error 2
[0.417s] gmake: *** [Makefile:146: all] Error 2
[0.419s] Invoked command in '/home/robotica-dev/robotica_ws/build/diffdrive_arduino' returned '2': CMAKE_PREFIX_PATH=${CMAKE_PREFIX_PATH}:/home/robotica-dev/ros2_ws/install/ros_control:/home/robotica-dev/dev_ws/install/ros_control:/home/robotica-dev/dev_ws/install/pantilt_bot_description:/home/robotica-dev/dev_ws/install/open_manipulator_x_description:/opt/ros/humble /usr/bin/cmake --build /home/robotica-dev/robotica_ws/build/diffdrive_arduino -- -j4 -l4
