[0.015s] Invoking command in '/home/robotica-dev/robotica_ws/build/serial': CMAKE_PREFIX_PATH=${CMAKE_PREFIX_PATH}:/home/robotica-dev/ros2_ws/install/ros_control:/home/robotica-dev/dev_ws/install/ros_control:/home/robotica-dev/dev_ws/install/pantilt_bot_description:/home/robotica-dev/dev_ws/install/open_manipulator_x_description:/opt/ros/humble /usr/bin/cmake /home/robotica-dev/robotica_ws/src/serial -DCMAKE_INSTALL_PREFIX=/home/robotica-dev/robotica_ws/install/serial
[0.851s] -- The C compiler identification is GNU 11.3.0
[1.432s] -- The CXX compiler identification is GNU 11.3.0
[1.458s] -- Detecting C compiler ABI info
[1.776s] -- Detecting C compiler ABI info - done
[1.783s] -- Check for working C compiler: /usr/bin/cc - skipped
[1.783s] -- Detecting C compile features
[1.801s] -- Detecting C compile features - done
[1.805s] -- Detecting CXX compiler ABI info
[1.963s] -- Detecting CXX compiler ABI info - done
[1.970s] -- Check for working CXX compiler: /usr/bin/c++ - skipped
[1.970s] -- Detecting CXX compile features
[1.971s] -- Detecting CXX compile features - done
[2.002s] -- Found ament_cmake: 1.3.4 (/opt/ros/humble/share/ament_cmake/cmake)
[2.215s] -- Found Python3: /usr/bin/python3.10 (found version "3.10.6") found components: Interpreter 
[2.377s] -- Found ament_cmake_gtest: 1.3.4 (/opt/ros/humble/share/ament_cmake_gtest/cmake)
[2.494s] -- Found Boost: /usr/lib/x86_64-linux-gnu/cmake/Boost-1.74.0/BoostConfig.cmake (found version "1.74.0")  
[2.536s] -- Found gtest sources under '/opt/ros/humble/src/gtest_vendor': C++ tests using 'Google Test' will be built
[2.552s] -- Looking for pthread.h
[2.694s] -- Looking for pthread.h - found
[2.695s] -- Performing Test CMAKE_HAVE_LIBC_PTHREAD
[2.787s] -- Performing Test CMAKE_HAVE_LIBC_PTHREAD - Success
[2.788s] -- Found Threads: TRUE  
[2.857s] -- Configuring done
[2.868s] -- Generating done
[2.869s] -- Build files have been written to: /home/robotica-dev/robotica_ws/build/serial
[2.874s] Invoked command in '/home/robotica-dev/robotica_ws/build/serial' returned '0': CMAKE_PREFIX_PATH=${CMAKE_PREFIX_PATH}:/home/robotica-dev/ros2_ws/install/ros_control:/home/robotica-dev/dev_ws/install/ros_control:/home/robotica-dev/dev_ws/install/pantilt_bot_description:/home/robotica-dev/dev_ws/install/open_manipulator_x_description:/opt/ros/humble /usr/bin/cmake /home/robotica-dev/robotica_ws/src/serial -DCMAKE_INSTALL_PREFIX=/home/robotica-dev/robotica_ws/install/serial
[2.875s] Invoking command in '/home/robotica-dev/robotica_ws/build/serial': CMAKE_PREFIX_PATH=${CMAKE_PREFIX_PATH}:/home/robotica-dev/ros2_ws/install/ros_control:/home/robotica-dev/dev_ws/install/ros_control:/home/robotica-dev/dev_ws/install/pantilt_bot_description:/home/robotica-dev/dev_ws/install/open_manipulator_x_description:/opt/ros/humble /usr/bin/cmake --build /home/robotica-dev/robotica_ws/build/serial -- -j4 -l4
[2.927s] [ 21%] [32mBuilding CXX object gtest/CMakeFiles/gtest_main.dir/src/gtest_main.cc.o[0m
[2.927s] [ 21%] [32mBuilding CXX object CMakeFiles/serial.dir/src/serial.cc.o[0m
[2.927s] [ 21%] [32mBuilding CXX object gtest/CMakeFiles/gtest.dir/src/gtest-all.cc.o[0m
[2.928s] [ 28%] [32mBuilding CXX object CMakeFiles/serial.dir/src/impl/unix.cc.o[0m
[3.880s] [ 35%] [32mBuilding CXX object CMakeFiles/serial.dir/src/impl/list_ports/list_ports_linux.cc.o[0m
[4.020s] [ 42%] [32m[1mLinking CXX static library libgtest_main.a[0m
[4.105s] [ 42%] Built target gtest_main
[4.316s] [ 50%] [32m[1mLinking CXX static library libserial.a[0m
[4.355s] [ 50%] Built target serial
[4.378s] [ 57%] [32mBuilding CXX object CMakeFiles/serial_example.dir/examples/serial_example.cc.o[0m
[4.685s] [ 64%] [32m[1mLinking CXX executable serial_example[0m
[4.808s] [ 64%] Built target serial_example
[6.262s] [ 71%] [32m[1mLinking CXX static library libgtest.a[0m
[6.369s] [ 71%] Built target gtest
[6.400s] [ 85%] [32mBuilding CXX object tests/CMakeFiles/serial-test-timer.dir/unit/unix_timer_tests.cc.o[0m
[6.400s] [ 85%] [32mBuilding CXX object tests/CMakeFiles/serial-test.dir/unix_serial_tests.cc.o[0m
[7.180s] In file included from [01m[K/usr/include/boost/bind.hpp:30[m[K,
[7.180s]                  from [01m[K/home/robotica-dev/robotica_ws/src/serial/tests/unix_serial_tests.cc:23[m[K:
[7.180s] [01m[K/usr/include/boost/bind.hpp:36:1:[m[K [01;36m[Knote: [m[K‘[01m[K#pragma message: The practice of declaring the Bind placeholders (_1, _2, ...) in the global namespace is deprecated. Please use <boost/bind/bind.hpp> + using namespace boost::placeholders, or define BOOST_BIND_GLOBAL_PLACEHOLDERS to retain the current behavior.[m[K’
[7.180s]    36 | [01;36m[KBOOST_PRAGMA_MESSAGE[m[K(
[7.180s]       | [01;36m[K^~~~~~~~~~~~~~~~~~~~[m[K
[7.265s] [ 92%] [32m[1mLinking CXX executable serial-test-timer[0m
[7.384s] [100%] [32m[1mLinking CXX executable serial-test[0m
[7.417s] [100%] Built target serial-test-timer
[7.542s] [100%] Built target serial-test
[7.555s] Invoked command in '/home/robotica-dev/robotica_ws/build/serial' returned '0': CMAKE_PREFIX_PATH=${CMAKE_PREFIX_PATH}:/home/robotica-dev/ros2_ws/install/ros_control:/home/robotica-dev/dev_ws/install/ros_control:/home/robotica-dev/dev_ws/install/pantilt_bot_description:/home/robotica-dev/dev_ws/install/open_manipulator_x_description:/opt/ros/humble /usr/bin/cmake --build /home/robotica-dev/robotica_ws/build/serial -- -j4 -l4
[7.614s] Invoking command in '/home/robotica-dev/robotica_ws/build/serial': CMAKE_PREFIX_PATH=${CMAKE_PREFIX_PATH}:/home/robotica-dev/ros2_ws/install/ros_control:/home/robotica-dev/dev_ws/install/ros_control:/home/robotica-dev/dev_ws/install/pantilt_bot_description:/home/robotica-dev/dev_ws/install/open_manipulator_x_description:/opt/ros/humble /usr/bin/cmake --install /home/robotica-dev/robotica_ws/build/serial
[7.622s] -- Install configuration: ""
[7.622s] -- Installing: /home/robotica-dev/robotica_ws/install/serial/lib/libserial.a
[7.623s] -- Installing: /home/robotica-dev/robotica_ws/install/serial/include/serial/serial.h
[7.623s] -- Installing: /home/robotica-dev/robotica_ws/install/serial/include/serial/v8stdint.h
[7.623s] -- Installing: /home/robotica-dev/robotica_ws/install/serial/share/serial/environment/library_path.sh
[7.623s] -- Installing: /home/robotica-dev/robotica_ws/install/serial/share/serial/environment/library_path.dsv
[7.623s] -- Installing: /home/robotica-dev/robotica_ws/install/serial/share/ament_index/resource_index/package_run_dependencies/serial
[7.624s] -- Installing: /home/robotica-dev/robotica_ws/install/serial/share/ament_index/resource_index/parent_prefix_path/serial
[7.624s] -- Installing: /home/robotica-dev/robotica_ws/install/serial/share/serial/environment/ament_prefix_path.sh
[7.624s] -- Installing: /home/robotica-dev/robotica_ws/install/serial/share/serial/environment/ament_prefix_path.dsv
[7.624s] -- Installing: /home/robotica-dev/robotica_ws/install/serial/share/serial/environment/path.sh
[7.624s] -- Installing: /home/robotica-dev/robotica_ws/install/serial/share/serial/environment/path.dsv
[7.624s] -- Installing: /home/robotica-dev/robotica_ws/install/serial/share/serial/local_setup.bash
[7.624s] -- Installing: /home/robotica-dev/robotica_ws/install/serial/share/serial/local_setup.sh
[7.624s] -- Installing: /home/robotica-dev/robotica_ws/install/serial/share/serial/local_setup.zsh
[7.625s] -- Installing: /home/robotica-dev/robotica_ws/install/serial/share/serial/local_setup.dsv
[7.625s] -- Installing: /home/robotica-dev/robotica_ws/install/serial/share/serial/package.dsv
[7.625s] -- Installing: /home/robotica-dev/robotica_ws/install/serial/share/ament_index/resource_index/packages/serial
[7.625s] -- Installing: /home/robotica-dev/robotica_ws/install/serial/share/serial/cmake/ament_cmake_export_include_directories-extras.cmake
[7.625s] -- Installing: /home/robotica-dev/robotica_ws/install/serial/share/serial/cmake/ament_cmake_export_libraries-extras.cmake
[7.625s] -- Installing: /home/robotica-dev/robotica_ws/install/serial/share/serial/cmake/serialConfig.cmake
[7.626s] -- Installing: /home/robotica-dev/robotica_ws/install/serial/share/serial/cmake/serialConfig-version.cmake
[7.626s] -- Installing: /home/robotica-dev/robotica_ws/install/serial/share/serial/package.xml
[7.628s] Invoked command in '/home/robotica-dev/robotica_ws/build/serial' returned '0': CMAKE_PREFIX_PATH=${CMAKE_PREFIX_PATH}:/home/robotica-dev/ros2_ws/install/ros_control:/home/robotica-dev/dev_ws/install/ros_control:/home/robotica-dev/dev_ws/install/pantilt_bot_description:/home/robotica-dev/dev_ws/install/open_manipulator_x_description:/opt/ros/humble /usr/bin/cmake --install /home/robotica-dev/robotica_ws/build/serial
